[0.156s] Invoking command in '/workspaces/auto_sentry/build/pointcloud_to_laserscan': CMAKE_PREFIX_PATH=${CMAKE_PREFIX_PATH}:/opt/ros/humble /usr/bin/cmake /workspaces/auto_sentry/src/pb_rmsimulation/src/rm_perception/pointcloud_to_laserscan -DAMENT_CMAKE_SYMLINK_INSTALL=1 -DCMAKE_INSTALL_PREFIX=/workspaces/auto_sentry/install/pointcloud_to_laserscan
[0.246s] -- The C compiler identification is GNU 11.4.0
[0.341s] -- The CXX compiler identification is GNU 11.4.0
[0.353s] -- Detecting C compiler ABI info
[0.470s] -- Detecting C compiler ABI info - done
[0.481s] -- Check for working C compiler: /usr/bin/cc - skipped
[0.481s] -- Detecting C compile features
[0.481s] -- Detecting C compile features - done
[0.485s] -- Detecting CXX compiler ABI info
[0.613s] -- Detecting CXX compiler ABI info - done
[0.627s] -- Check for working CXX compiler: /usr/bin/c++ - skipped
[0.627s] -- Detecting CXX compile features
[0.628s] -- Detecting CXX compile features - done
[0.632s] -- Found ament_cmake_auto: 1.3.9 (/opt/ros/humble/share/ament_cmake_auto/cmake)
[0.830s] -- Found Python3: /usr/bin/python3 (found version "3.10.12") found components: Interpreter 
[0.933s] -- Override CMake install command with custom implementation using symlinks instead of copying resources
[1.183s] -- Found rosidl_generator_c: 3.1.5 (/opt/ros/humble/share/rosidl_generator_c/cmake)
[1.189s] -- Found rosidl_adapter: 3.1.5 (/opt/ros/humble/share/rosidl_adapter/cmake)
[1.207s] -- Found rosidl_generator_cpp: 3.1.5 (/opt/ros/humble/share/rosidl_generator_cpp/cmake)
[1.229s] -- Using all available rosidl_typesupport_c: rosidl_typesupport_fastrtps_c;rosidl_typesupport_introspection_c
[1.263s] -- Using all available rosidl_typesupport_cpp: rosidl_typesupport_fastrtps_cpp;rosidl_typesupport_introspection_cpp
[1.400s] -- Found rmw_implementation_cmake: 6.1.2 (/opt/ros/humble/share/rmw_implementation_cmake/cmake)
[1.405s] -- Found rmw_fastrtps_cpp: 6.2.6 (/opt/ros/humble/share/rmw_fastrtps_cpp/cmake)
[1.585s] -- Found OpenSSL: /usr/lib/x86_64-linux-gnu/libcrypto.so (found version "3.0.2")  
[1.637s] -- Found FastRTPS: /opt/ros/humble/include  
[1.734s] -- Using RMW implementation 'rmw_fastrtps_cpp' as default
[1.750s] -- Looking for pthread.h
[1.856s] -- Looking for pthread.h - found
[1.856s] -- Performing Test CMAKE_HAVE_LIBC_PTHREAD
[1.973s] -- Performing Test CMAKE_HAVE_LIBC_PTHREAD - Success
[1.975s] -- Found Threads: TRUE  
[3.157s] -- Found ament_lint_auto: 0.12.11 (/opt/ros/humble/share/ament_lint_auto/cmake)
[3.184s] -- Added test 'cppcheck' to perform static code analysis on C / C++ code
[3.184s] -- Configured cppcheck include dirs: /workspaces/auto_sentry/src/pb_rmsimulation/src/rm_perception/pointcloud_to_laserscan/include
[3.184s] -- Configured cppcheck exclude dirs and/or files: 
[3.186s] -- Added test 'cpplint' to check C / C++ code against the Google style
[3.186s] -- Configured cpplint exclude dirs and/or files: 
[3.187s] -- Added test 'flake8' to check Python code syntax and style conventions
[3.188s] -- Added test 'lint_cmake' to check CMake code style
[3.189s] -- Added test 'pep257' to check Python code against some of the docstring style conventions in PEP 257
[3.190s] -- Added test 'uncrustify' to check C / C++ code style
[3.190s] -- Configured uncrustify additional arguments: 
[3.191s] -- Added test 'xmllint' to check XML markup files
[3.195s] -- Configuring done
[3.231s] -- Generating done
[3.233s] -- Build files have been written to: /workspaces/auto_sentry/build/pointcloud_to_laserscan
