[0.007s] Invoking command in '/workspaces/auto_sentry/build/rm_decision_interfaces': CMAKE_PREFIX_PATH=/opt/ros/humble /usr/bin/cmake --build /workspaces/auto_sentry/build/rm_decision_interfaces -- -j28 -l28
[0.041s] -- Found ament_cmake: 1.3.9 (/opt/ros/humble/share/ament_cmake/cmake)
[0.126s] -- Override CMake install command with custom implementation using symlinks instead of copying resources
[0.130s] -- Found rosidl_default_generators: 1.2.0 (/opt/ros/humble/share/rosidl_default_generators/cmake)
[0.131s] -- Using all available rosidl_typesupport_c: rosidl_typesupport_fastrtps_c;rosidl_typesupport_introspection_c
[0.133s] -- Found rosidl_adapter: 3.1.5 (/opt/ros/humble/share/rosidl_adapter/cmake)
[0.153s] -- Using all available rosidl_typesupport_cpp: rosidl_typesupport_fastrtps_cpp;rosidl_typesupport_introspection_cpp
[0.171s] -- Found std_msgs: 4.2.3 (/opt/ros/humble/share/std_msgs/cmake)
[0.210s] -- Found nav_msgs: 4.2.3 (/opt/ros/humble/share/nav_msgs/cmake)
[0.528s] -- Found ament_cmake_ros: 0.10.0 (/opt/ros/humble/share/ament_cmake_ros/cmake)
[0.695s] -- Using all available rosidl_typesupport_c: rosidl_typesupport_fastrtps_c;rosidl_typesupport_introspection_c
[0.914s] -- Using all available rosidl_typesupport_cpp: rosidl_typesupport_fastrtps_cpp;rosidl_typesupport_introspection_cpp
[0.929s] -- Found python_cmake_module: 0.10.0 (/opt/ros/humble/share/python_cmake_module/cmake)
[0.942s] -- Using PYTHON_EXECUTABLE: /usr/bin/python3
[0.942s] -- Using PYTHON_INCLUDE_DIRS: /usr/include/python3.10
[0.942s] -- Using PYTHON_LIBRARIES: /usr/lib/x86_64-linux-gnu/libpython3.10.so
[0.973s] -- Configuring done
[1.006s] -- Generating done
[1.008s] -- Build files have been written to: /workspaces/auto_sentry/build/rm_decision_interfaces
[1.029s] [  1%] [34m[1mGenerating C code for ROS interfaces[0m
[1.038s] [  1%] [34m[1mGenerating C++ code for ROS interfaces[0m
[1.041s] [  1%] Built target ament_cmake_python_symlink_rm_decision_interfaces
[1.156s] running egg_info
[1.156s] writing rm_decision_interfaces.egg-info/PKG-INFO
[1.156s] writing dependency_links to rm_decision_interfaces.egg-info/dependency_links.txt
[1.156s] writing top-level names to rm_decision_interfaces.egg-info/top_level.txt
[1.158s] reading manifest file 'rm_decision_interfaces.egg-info/SOURCES.txt'
[1.158s] writing manifest file 'rm_decision_interfaces.egg-info/SOURCES.txt'
[1.175s] [  1%] Built target ament_cmake_python_build_rm_decision_interfaces_egg
[1.772s] [  1%] Built target rm_decision_interfaces__cpp
[1.783s] [  2%] [34m[1mGenerating C++ type support dispatch for ROS interfaces[0m
[1.784s] [  3%] [34m[1mGenerating C++ introspection for ROS interfaces[0m
[1.784s] [  3%] [34m[1mGenerating C++ type support for eProsima Fast-RTPS[0m
[1.790s] [35m[1mConsolidate compiler generated dependencies of target rm_decision_interfaces__rosidl_generator_c[0m
[1.802s] [  4%] [32mBuilding C object CMakeFiles/rm_decision_interfaces__rosidl_generator_c.dir/rosidl_generator_c/rm_decision_interfaces/msg/detail/robot_control__functions.c.o[0m
[1.802s] [  5%] [32mBuilding C object CMakeFiles/rm_decision_interfaces__rosidl_generator_c.dir/rosidl_generator_c/rm_decision_interfaces/msg/detail/event_data__functions.c.o[0m
[1.803s] [  6%] [32mBuilding C object CMakeFiles/rm_decision_interfaces__rosidl_generator_c.dir/rosidl_generator_c/rm_decision_interfaces/msg/detail/decision_num__functions.c.o[0m
[1.803s] [  8%] [32mBuilding C object CMakeFiles/rm_decision_interfaces__rosidl_generator_c.dir/rosidl_generator_c/rm_decision_interfaces/msg/detail/game_robot_hp__functions.c.o[0m
[1.803s] [  8%] [32mBuilding C object CMakeFiles/rm_decision_interfaces__rosidl_generator_c.dir/rosidl_generator_c/rm_decision_interfaces/msg/detail/all_robot_hp__functions.c.o[0m
[1.803s] [ 10%] [32mBuilding C object CMakeFiles/rm_decision_interfaces__rosidl_generator_c.dir/rosidl_generator_c/rm_decision_interfaces/msg/detail/ally_robot_hp__functions.c.o[0m
[1.803s] [ 10%] [32mBuilding C object CMakeFiles/rm_decision_interfaces__rosidl_generator_c.dir/rosidl_generator_c/rm_decision_interfaces/msg/detail/robot_status__functions.c.o[0m
[1.804s] [ 11%] [32mBuilding C object CMakeFiles/rm_decision_interfaces__rosidl_generator_c.dir/rosidl_generator_c/rm_decision_interfaces/msg/detail/game_status__functions.c.o[0m
[1.804s] [ 11%] [32mBuilding C object CMakeFiles/rm_decision_interfaces__rosidl_generator_c.dir/rosidl_generator_c/rm_decision_interfaces/msg/detail/friend_location__functions.c.o[0m
[1.804s] [ 12%] [32mBuilding C object CMakeFiles/rm_decision_interfaces__rosidl_generator_c.dir/rosidl_generator_c/rm_decision_interfaces/msg/detail/rfid__functions.c.o[0m
[1.805s] [ 12%] [32mBuilding C object CMakeFiles/rm_decision_interfaces__rosidl_generator_c.dir/rosidl_generator_c/rm_decision_interfaces/msg/detail/ground_robot_position__functions.c.o[0m
[1.806s] [ 13%] [32mBuilding C object CMakeFiles/rm_decision_interfaces__rosidl_generator_c.dir/rosidl_generator_c/rm_decision_interfaces/msg/detail/rfid_status__functions.c.o[0m
[1.852s] [ 14%] [32m[1mLinking C shared library librm_decision_interfaces__rosidl_generator_c.so[0m
[1.887s] [ 14%] Built target rm_decision_interfaces__rosidl_generator_c
[1.898s] [ 15%] [34m[1mGenerating C type support dispatch for ROS interfaces[0m
[1.898s] [ 17%] [34m[1mGenerating C type support for eProsima Fast-RTPS[0m
[1.898s] [ 17%] [34m[1mGenerating C introspection for ROS interfaces[0m
[2.344s] [35m[1mConsolidate compiler generated dependencies of target rm_decision_interfaces__rosidl_typesupport_cpp[0m
[2.360s] [ 18%] [32mBuilding CXX object CMakeFiles/rm_decision_interfaces__rosidl_typesupport_cpp.dir/rosidl_typesupport_cpp/rm_decision_interfaces/msg/rfid__type_support.cpp.o[0m
[2.361s] [ 19%] [32mBuilding CXX object CMakeFiles/rm_decision_interfaces__rosidl_typesupport_cpp.dir/rosidl_typesupport_cpp/rm_decision_interfaces/msg/event_data__type_support.cpp.o[0m
[2.361s] [ 21%] [32mBuilding CXX object CMakeFiles/rm_decision_interfaces__rosidl_typesupport_cpp.dir/rosidl_typesupport_cpp/rm_decision_interfaces/msg/all_robot_hp__type_support.cpp.o[0m
[2.362s] [ 21%] [32mBuilding CXX object CMakeFiles/rm_decision_interfaces__rosidl_typesupport_cpp.dir/rosidl_typesupport_cpp/rm_decision_interfaces/msg/ally_robot_hp__type_support.cpp.o[0m
[2.362s] [ 22%] [32mBuilding CXX object CMakeFiles/rm_decision_interfaces__rosidl_typesupport_cpp.dir/rosidl_typesupport_cpp/rm_decision_interfaces/msg/robot_status__type_support.cpp.o[0m
[2.362s] [ 22%] [32mBuilding CXX object CMakeFiles/rm_decision_interfaces__rosidl_typesupport_cpp.dir/rosidl_typesupport_cpp/rm_decision_interfaces/msg/game_robot_hp__type_support.cpp.o[0m
[2.362s] [ 23%] [32mBuilding CXX object CMakeFiles/rm_decision_interfaces__rosidl_typesupport_cpp.dir/rosidl_typesupport_cpp/rm_decision_interfaces/msg/friend_location__type_support.cpp.o[0m
[2.362s] [ 23%] [32mBuilding CXX object CMakeFiles/rm_decision_interfaces__rosidl_typesupport_cpp.dir/rosidl_typesupport_cpp/rm_decision_interfaces/msg/game_status__type_support.cpp.o[0m
[2.363s] [ 24%] [32mBuilding CXX object CMakeFiles/rm_decision_interfaces__rosidl_typesupport_cpp.dir/rosidl_typesupport_cpp/rm_decision_interfaces/msg/robot_control__type_support.cpp.o[0m
[2.363s] [ 25%] [32mBuilding CXX object CMakeFiles/rm_decision_interfaces__rosidl_typesupport_cpp.dir/rosidl_typesupport_cpp/rm_decision_interfaces/msg/decision_num__type_support.cpp.o[0m
[2.364s] [ 26%] [32mBuilding CXX object CMakeFiles/rm_decision_interfaces__rosidl_typesupport_cpp.dir/rosidl_typesupport_cpp/rm_decision_interfaces/msg/ground_robot_position__type_support.cpp.o[0m
[2.364s] [ 27%] [32mBuilding CXX object CMakeFiles/rm_decision_interfaces__rosidl_typesupport_cpp.dir/rosidl_typesupport_cpp/rm_decision_interfaces/msg/rfid_status__type_support.cpp.o[0m
[2.478s] [35m[1mConsolidate compiler generated dependencies of target rm_decision_interfaces__rosidl_typesupport_c[0m
[2.496s] [ 27%] [32mBuilding CXX object CMakeFiles/rm_decision_interfaces__rosidl_typesupport_c.dir/rosidl_typesupport_c/rm_decision_interfaces/msg/ally_robot_hp__type_support.cpp.o[0m
[2.496s] [ 28%] [32mBuilding CXX object CMakeFiles/rm_decision_interfaces__rosidl_typesupport_c.dir/rosidl_typesupport_c/rm_decision_interfaces/msg/friend_location__type_support.cpp.o[0m
[2.496s] [ 30%] [32mBuilding CXX object CMakeFiles/rm_decision_interfaces__rosidl_typesupport_c.dir/rosidl_typesupport_c/rm_decision_interfaces/msg/all_robot_hp__type_support.cpp.o[0m
[2.496s] [ 30%] [32mBuilding CXX object CMakeFiles/rm_decision_interfaces__rosidl_typesupport_c.dir/rosidl_typesupport_c/rm_decision_interfaces/msg/robot_status__type_support.cpp.o[0m
[2.497s] [ 31%] [32mBuilding CXX object CMakeFiles/rm_decision_interfaces__rosidl_typesupport_c.dir/rosidl_typesupport_c/rm_decision_interfaces/msg/rfid__type_support.cpp.o[0m
[2.497s] [ 32%] [32mBuilding CXX object CMakeFiles/rm_decision_interfaces__rosidl_typesupport_c.dir/rosidl_typesupport_c/rm_decision_interfaces/msg/decision_num__type_support.cpp.o[0m
[2.497s] [ 32%] [32mBuilding CXX object CMakeFiles/rm_decision_interfaces__rosidl_typesupport_c.dir/rosidl_typesupport_c/rm_decision_interfaces/msg/robot_control__type_support.cpp.o[0m
[2.497s] [ 33%] [32mBuilding CXX object CMakeFiles/rm_decision_interfaces__rosidl_typesupport_c.dir/rosidl_typesupport_c/rm_decision_interfaces/msg/game_status__type_support.cpp.o[0m
[2.497s] [ 34%] [32mBuilding CXX object CMakeFiles/rm_decision_interfaces__rosidl_typesupport_c.dir/rosidl_typesupport_c/rm_decision_interfaces/msg/event_data__type_support.cpp.o[0m
[2.499s] [ 35%] [32mBuilding CXX object CMakeFiles/rm_decision_interfaces__rosidl_typesupport_c.dir/rosidl_typesupport_c/rm_decision_interfaces/msg/ground_robot_position__type_support.cpp.o[0m
[2.500s] [ 36%] [32mBuilding CXX object CMakeFiles/rm_decision_interfaces__rosidl_typesupport_c.dir/rosidl_typesupport_c/rm_decision_interfaces/msg/rfid_status__type_support.cpp.o[0m
[2.500s] [ 37%] [32mBuilding CXX object CMakeFiles/rm_decision_interfaces__rosidl_typesupport_c.dir/rosidl_typesupport_c/rm_decision_interfaces/msg/game_robot_hp__type_support.cpp.o[0m
[2.561s] [ 38%] [32m[1mLinking CXX shared library librm_decision_interfaces__rosidl_typesupport_c.so[0m
[2.588s] [35m[1mConsolidate compiler generated dependencies of target rm_decision_interfaces__rosidl_typesupport_fastrtps_cpp[0m
[2.598s] [35m[1mConsolidate compiler generated dependencies of target rm_decision_interfaces__rosidl_typesupport_introspection_cpp[0m
[2.613s] [ 38%] Built target rm_decision_interfaces__rosidl_typesupport_c
[2.617s] [ 39%] [32mBuilding CXX object CMakeFiles/rm_decision_interfaces__rosidl_typesupport_fastrtps_cpp.dir/rosidl_typesupport_fastrtps_cpp/rm_decision_interfaces/msg/detail/dds_fastrtps/robot_status__type_support.cpp.o[0m
[2.618s] [ 40%] [32mBuilding CXX object CMakeFiles/rm_decision_interfaces__rosidl_typesupport_fastrtps_cpp.dir/rosidl_typesupport_fastrtps_cpp/rm_decision_interfaces/msg/detail/dds_fastrtps/friend_location__type_support.cpp.o[0m
[2.618s] [ 41%] [32mBuilding CXX object CMakeFiles/rm_decision_interfaces__rosidl_typesupport_fastrtps_cpp.dir/rosidl_typesupport_fastrtps_cpp/rm_decision_interfaces/msg/detail/dds_fastrtps/ally_robot_hp__type_support.cpp.o[0m
[2.619s] [ 42%] [32mBuilding CXX object CMakeFiles/rm_decision_interfaces__rosidl_typesupport_fastrtps_cpp.dir/rosidl_typesupport_fastrtps_cpp/rm_decision_interfaces/msg/detail/dds_fastrtps/game_status__type_support.cpp.o[0m
[2.622s] [ 43%] [32mBuilding CXX object CMakeFiles/rm_decision_interfaces__rosidl_typesupport_fastrtps_cpp.dir/rosidl_typesupport_fastrtps_cpp/rm_decision_interfaces/msg/detail/dds_fastrtps/all_robot_hp__type_support.cpp.o[0m
[2.623s] [ 44%] [32mBuilding CXX object CMakeFiles/rm_decision_interfaces__rosidl_typesupport_fastrtps_cpp.dir/rosidl_typesupport_fastrtps_cpp/rm_decision_interfaces/msg/detail/dds_fastrtps/decision_num__type_support.cpp.o[0m
[2.625s] [ 45%] [32mBuilding CXX object CMakeFiles/rm_decision_interfaces__rosidl_typesupport_fastrtps_cpp.dir/rosidl_typesupport_fastrtps_cpp/rm_decision_interfaces/msg/detail/dds_fastrtps/robot_control__type_support.cpp.o[0m
[2.625s] [ 45%] [32mBuilding CXX object CMakeFiles/rm_decision_interfaces__rosidl_typesupport_fastrtps_cpp.dir/rosidl_typesupport_fastrtps_cpp/rm_decision_interfaces/msg/detail/dds_fastrtps/rfid__type_support.cpp.o[0m
[2.625s] [ 45%] [32mBuilding CXX object CMakeFiles/rm_decision_interfaces__rosidl_typesupport_introspection_cpp.dir/rosidl_typesupport_introspection_cpp/rm_decision_interfaces/msg/detail/all_robot_hp__type_support.cpp.o[0m
[2.628s] [ 46%] [32mBuilding CXX object CMakeFiles/rm_decision_interfaces__rosidl_typesupport_introspection_cpp.dir/rosidl_typesupport_introspection_cpp/rm_decision_interfaces/msg/detail/robot_status__type_support.cpp.o[0m
[2.629s] [ 47%] [32mBuilding CXX object CMakeFiles/rm_decision_interfaces__rosidl_typesupport_introspection_cpp.dir/rosidl_typesupport_introspection_cpp/rm_decision_interfaces/msg/detail/ally_robot_hp__type_support.cpp.o[0m
[2.633s] [ 48%] [32mBuilding CXX object CMakeFiles/rm_decision_interfaces__rosidl_typesupport_introspection_cpp.dir/rosidl_typesupport_introspection_cpp/rm_decision_interfaces/msg/detail/game_status__type_support.cpp.o[0m
[2.638s] [ 49%] [32mBuilding CXX object CMakeFiles/rm_decision_interfaces__rosidl_typesupport_introspection_cpp.dir/rosidl_typesupport_introspection_cpp/rm_decision_interfaces/msg/detail/rfid__type_support.cpp.o[0m
[2.640s] [ 50%] [32mBuilding CXX object CMakeFiles/rm_decision_interfaces__rosidl_typesupport_fastrtps_cpp.dir/rosidl_typesupport_fastrtps_cpp/rm_decision_interfaces/msg/detail/dds_fastrtps/event_data__type_support.cpp.o[0m
[2.642s] [ 50%] [32mBuilding CXX object CMakeFiles/rm_decision_interfaces__rosidl_typesupport_introspection_cpp.dir/rosidl_typesupport_introspection_cpp/rm_decision_interfaces/msg/detail/robot_control__type_support.cpp.o[0m
[2.642s] [ 51%] [32mBuilding CXX object CMakeFiles/rm_decision_interfaces__rosidl_typesupport_fastrtps_cpp.dir/rosidl_typesupport_fastrtps_cpp/rm_decision_interfaces/msg/detail/dds_fastrtps/ground_robot_position__type_support.cpp.o[0m
[2.642s] [ 52%] [32mBuilding CXX object CMakeFiles/rm_decision_interfaces__rosidl_typesupport_introspection_cpp.dir/rosidl_typesupport_introspection_cpp/rm_decision_interfaces/msg/detail/friend_location__type_support.cpp.o[0m
[2.642s] [ 53%] [32mBuilding CXX object CMakeFiles/rm_decision_interfaces__rosidl_typesupport_introspection_cpp.dir/rosidl_typesupport_introspection_cpp/rm_decision_interfaces/msg/detail/decision_num__type_support.cpp.o[0m
[2.652s] [35m[1mConsolidate compiler generated dependencies of target rm_decision_interfaces__rosidl_typesupport_introspection_c[0m
[2.655s] [ 54%] [32mBuilding CXX object CMakeFiles/rm_decision_interfaces__rosidl_typesupport_fastrtps_cpp.dir/rosidl_typesupport_fastrtps_cpp/rm_decision_interfaces/msg/detail/dds_fastrtps/game_robot_hp__type_support.cpp.o[0m
[2.661s] [ 54%] [32mBuilding CXX object CMakeFiles/rm_decision_interfaces__rosidl_typesupport_fastrtps_cpp.dir/rosidl_typesupport_fastrtps_cpp/rm_decision_interfaces/msg/detail/dds_fastrtps/rfid_status__type_support.cpp.o[0m
[2.671s] [ 55%] [32mBuilding C object CMakeFiles/rm_decision_interfaces__rosidl_typesupport_introspection_c.dir/rosidl_typesupport_introspection_c/rm_decision_interfaces/msg/detail/all_robot_hp__type_support.c.o[0m
[2.702s] [ 56%] [32mBuilding C object CMakeFiles/rm_decision_interfaces__rosidl_typesupport_introspection_c.dir/rosidl_typesupport_introspection_c/rm_decision_interfaces/msg/detail/ally_robot_hp__type_support.c.o[0m
[2.713s] [ 57%] [32mBuilding CXX object CMakeFiles/rm_decision_interfaces__rosidl_typesupport_introspection_cpp.dir/rosidl_typesupport_introspection_cpp/rm_decision_interfaces/msg/detail/event_data__type_support.cpp.o[0m
[2.726s] [ 58%] [32mBuilding CXX object CMakeFiles/rm_decision_interfaces__rosidl_typesupport_introspection_cpp.dir/rosidl_typesupport_introspection_cpp/rm_decision_interfaces/msg/detail/ground_robot_position__type_support.cpp.o[0m
[2.729s] [ 59%] [32mBuilding CXX object CMakeFiles/rm_decision_interfaces__rosidl_typesupport_introspection_cpp.dir/rosidl_typesupport_introspection_cpp/rm_decision_interfaces/msg/detail/game_robot_hp__type_support.cpp.o[0m
[2.731s] [ 60%] [32mBuilding CXX object CMakeFiles/rm_decision_interfaces__rosidl_typesupport_introspection_cpp.dir/rosidl_typesupport_introspection_cpp/rm_decision_interfaces/msg/detail/rfid_status__type_support.cpp.o[0m
[2.738s] [ 61%] [32m[1mLinking CXX shared library librm_decision_interfaces__rosidl_typesupport_cpp.so[0m
[2.741s] [ 62%] [32mBuilding C object CMakeFiles/rm_decision_interfaces__rosidl_typesupport_introspection_c.dir/rosidl_typesupport_introspection_c/rm_decision_interfaces/msg/detail/robot_status__type_support.c.o[0m
[2.787s] [ 62%] [32mBuilding C object CMakeFiles/rm_decision_interfaces__rosidl_typesupport_introspection_c.dir/rosidl_typesupport_introspection_c/rm_decision_interfaces/msg/detail/friend_location__type_support.c.o[0m
[2.801s] [ 62%] Built target rm_decision_interfaces__rosidl_typesupport_cpp
[2.849s] [ 63%] [32mBuilding C object CMakeFiles/rm_decision_interfaces__rosidl_typesupport_introspection_c.dir/rosidl_typesupport_introspection_c/rm_decision_interfaces/msg/detail/game_status__type_support.c.o[0m
[2.861s] [ 64%] [32mBuilding C object CMakeFiles/rm_decision_interfaces__rosidl_typesupport_introspection_c.dir/rosidl_typesupport_introspection_c/rm_decision_interfaces/msg/detail/robot_control__type_support.c.o[0m
[2.879s] [ 65%] [32mBuilding C object CMakeFiles/rm_decision_interfaces__rosidl_typesupport_introspection_c.dir/rosidl_typesupport_introspection_c/rm_decision_interfaces/msg/detail/rfid__type_support.c.o[0m
[2.913s] [ 66%] [32mBuilding C object CMakeFiles/rm_decision_interfaces__rosidl_typesupport_introspection_c.dir/rosidl_typesupport_introspection_c/rm_decision_interfaces/msg/detail/decision_num__type_support.c.o[0m
[2.988s] [ 67%] [32mBuilding C object CMakeFiles/rm_decision_interfaces__rosidl_typesupport_introspection_c.dir/rosidl_typesupport_introspection_c/rm_decision_interfaces/msg/detail/event_data__type_support.c.o[0m
[3.001s] [ 67%] [32mBuilding C object CMakeFiles/rm_decision_interfaces__rosidl_typesupport_introspection_c.dir/rosidl_typesupport_introspection_c/rm_decision_interfaces/msg/detail/game_robot_hp__type_support.c.o[0m
[3.005s] [ 68%] [32mBuilding C object CMakeFiles/rm_decision_interfaces__rosidl_typesupport_introspection_c.dir/rosidl_typesupport_introspection_c/rm_decision_interfaces/msg/detail/rfid_status__type_support.c.o[0m
[3.007s] [ 69%] [32mBuilding C object CMakeFiles/rm_decision_interfaces__rosidl_typesupport_introspection_c.dir/rosidl_typesupport_introspection_c/rm_decision_interfaces/msg/detail/ground_robot_position__type_support.c.o[0m
[3.060s] [35m[1mConsolidate compiler generated dependencies of target rm_decision_interfaces__rosidl_typesupport_fastrtps_c[0m
[3.073s] [ 70%] [32m[1mLinking C shared library librm_decision_interfaces__rosidl_typesupport_introspection_c.so[0m
[3.099s] [ 71%] [32mBuilding CXX object CMakeFiles/rm_decision_interfaces__rosidl_typesupport_fastrtps_c.dir/rosidl_typesupport_fastrtps_c/rm_decision_interfaces/msg/detail/all_robot_hp__type_support_c.cpp.o[0m
[3.106s] [ 72%] [32mBuilding CXX object CMakeFiles/rm_decision_interfaces__rosidl_typesupport_fastrtps_c.dir/rosidl_typesupport_fastrtps_c/rm_decision_interfaces/msg/detail/ally_robot_hp__type_support_c.cpp.o[0m
[3.106s] [ 72%] [32mBuilding CXX object CMakeFiles/rm_decision_interfaces__rosidl_typesupport_fastrtps_c.dir/rosidl_typesupport_fastrtps_c/rm_decision_interfaces/msg/detail/robot_status__type_support_c.cpp.o[0m
[3.114s] [ 73%] [32mBuilding CXX object CMakeFiles/rm_decision_interfaces__rosidl_typesupport_fastrtps_c.dir/rosidl_typesupport_fastrtps_c/rm_decision_interfaces/msg/detail/friend_location__type_support_c.cpp.o[0m
[3.121s] [ 74%] [32mBuilding CXX object CMakeFiles/rm_decision_interfaces__rosidl_typesupport_fastrtps_c.dir/rosidl_typesupport_fastrtps_c/rm_decision_interfaces/msg/detail/game_status__type_support_c.cpp.o[0m
[3.121s] [ 74%] Built target rm_decision_interfaces__rosidl_typesupport_introspection_c
[3.121s] [ 75%] [32mBuilding CXX object CMakeFiles/rm_decision_interfaces__rosidl_typesupport_fastrtps_c.dir/rosidl_typesupport_fastrtps_c/rm_decision_interfaces/msg/detail/rfid__type_support_c.cpp.o[0m
[3.128s] [ 77%] [32mBuilding CXX object CMakeFiles/rm_decision_interfaces__rosidl_typesupport_fastrtps_c.dir/rosidl_typesupport_fastrtps_c/rm_decision_interfaces/msg/detail/robot_control__type_support_c.cpp.o[0m
[3.128s] [ 77%] [32mBuilding CXX object CMakeFiles/rm_decision_interfaces__rosidl_typesupport_fastrtps_c.dir/rosidl_typesupport_fastrtps_c/rm_decision_interfaces/msg/detail/decision_num__type_support_c.cpp.o[0m
[3.136s] [ 77%] [32mBuilding CXX object CMakeFiles/rm_decision_interfaces__rosidl_typesupport_fastrtps_c.dir/rosidl_typesupport_fastrtps_c/rm_decision_interfaces/msg/detail/event_data__type_support_c.cpp.o[0m
[3.150s] [ 78%] [32mBuilding CXX object CMakeFiles/rm_decision_interfaces__rosidl_typesupport_fastrtps_c.dir/rosidl_typesupport_fastrtps_c/rm_decision_interfaces/msg/detail/ground_robot_position__type_support_c.cpp.o[0m
[3.153s] [ 79%] [32mBuilding CXX object CMakeFiles/rm_decision_interfaces__rosidl_typesupport_fastrtps_c.dir/rosidl_typesupport_fastrtps_c/rm_decision_interfaces/msg/detail/game_robot_hp__type_support_c.cpp.o[0m
[3.189s] [ 80%] [32mBuilding CXX object CMakeFiles/rm_decision_interfaces__rosidl_typesupport_fastrtps_c.dir/rosidl_typesupport_fastrtps_c/rm_decision_interfaces/msg/detail/rfid_status__type_support_c.cpp.o[0m
[3.336s] [ 81%] [32m[1mLinking CXX shared library librm_decision_interfaces__rosidl_typesupport_introspection_cpp.so[0m
[3.339s] [ 82%] [32m[1mLinking CXX shared library librm_decision_interfaces__rosidl_typesupport_fastrtps_cpp.so[0m
[3.389s] [ 82%] Built target rm_decision_interfaces__rosidl_typesupport_introspection_cpp
[3.421s] [ 82%] Built target rm_decision_interfaces__rosidl_typesupport_fastrtps_cpp
[3.497s] [ 83%] [32m[1mLinking CXX shared library librm_decision_interfaces__rosidl_typesupport_fastrtps_c.so[0m
[3.559s] [ 83%] Built target rm_decision_interfaces__rosidl_typesupport_fastrtps_c
[3.578s] [ 83%] Built target rm_decision_interfaces
[3.607s] [ 84%] [34m[1mGenerating Python code for ROS interfaces[0m
[4.991s] [ 84%] Built target rm_decision_interfaces__py
[5.002s] [35m[1mConsolidate compiler generated dependencies of target rm_decision_interfaces__rosidl_generator_py[0m
[5.018s] [ 85%] [32mBuilding C object CMakeFiles/rm_decision_interfaces__rosidl_generator_py.dir/rosidl_generator_py/rm_decision_interfaces/msg/_all_robot_hp_s.c.o[0m
[5.021s] [ 86%] [32mBuilding C object CMakeFiles/rm_decision_interfaces__rosidl_generator_py.dir/rosidl_generator_py/rm_decision_interfaces/msg/_decision_num_s.c.o[0m
[5.022s] [ 87%] [32mBuilding C object CMakeFiles/rm_decision_interfaces__rosidl_generator_py.dir/rosidl_generator_py/rm_decision_interfaces/msg/_event_data_s.c.o[0m
[5.022s] [ 89%] [32mBuilding C object CMakeFiles/rm_decision_interfaces__rosidl_generator_py.dir/rosidl_generator_py/rm_decision_interfaces/msg/_game_status_s.c.o[0m
[5.022s] [ 89%] [32mBuilding C object CMakeFiles/rm_decision_interfaces__rosidl_generator_py.dir/rosidl_generator_py/rm_decision_interfaces/msg/_ally_robot_hp_s.c.o[0m
[5.023s] [ 90%] [32mBuilding C object CMakeFiles/rm_decision_interfaces__rosidl_generator_py.dir/rosidl_generator_py/rm_decision_interfaces/msg/_robot_status_s.c.o[0m
[5.023s] [ 90%] [32mBuilding C object CMakeFiles/rm_decision_interfaces__rosidl_generator_py.dir/rosidl_generator_py/rm_decision_interfaces/msg/_friend_location_s.c.o[0m
[5.023s] [ 91%] [32mBuilding C object CMakeFiles/rm_decision_interfaces__rosidl_generator_py.dir/rosidl_generator_py/rm_decision_interfaces/msg/_rfid_status_s.c.o[0m
[5.024s] [ 93%] [32mBuilding C object CMakeFiles/rm_decision_interfaces__rosidl_generator_py.dir/rosidl_generator_py/rm_decision_interfaces/msg/_game_robot_hp_s.c.o[0m
[5.024s] [ 93%] [32mBuilding C object CMakeFiles/rm_decision_interfaces__rosidl_generator_py.dir/rosidl_generator_py/rm_decision_interfaces/msg/_rfid_s.c.o[0m
[5.025s] [ 94%] [32mBuilding C object CMakeFiles/rm_decision_interfaces__rosidl_generator_py.dir/rosidl_generator_py/rm_decision_interfaces/msg/_robot_control_s.c.o[0m
[5.025s] [ 94%] [32mBuilding C object CMakeFiles/rm_decision_interfaces__rosidl_generator_py.dir/rosidl_generator_py/rm_decision_interfaces/msg/_ground_robot_position_s.c.o[0m
[5.138s] [ 95%] [32m[1mLinking C shared library rosidl_generator_py/rm_decision_interfaces/librm_decision_interfaces__rosidl_generator_py.so[0m
[5.171s] [ 95%] Built target rm_decision_interfaces__rosidl_generator_py
[5.184s] [35m[1mConsolidate compiler generated dependencies of target rm_decision_interfaces__rosidl_typesupport_introspection_c__pyext[0m
[5.184s] [35m[1mConsolidate compiler generated dependencies of target rm_decision_interfaces__rosidl_typesupport_c__pyext[0m
[5.184s] [35m[1mConsolidate compiler generated dependencies of target rm_decision_interfaces__rosidl_typesupport_fastrtps_c__pyext[0m
[5.198s] [ 96%] [32mBuilding C object CMakeFiles/rm_decision_interfaces__rosidl_typesupport_introspection_c__pyext.dir/rosidl_generator_py/rm_decision_interfaces/_rm_decision_interfaces_s.ep.rosidl_typesupport_introspection_c.c.o[0m
[5.199s] [ 97%] [32mBuilding C object CMakeFiles/rm_decision_interfaces__rosidl_typesupport_fastrtps_c__pyext.dir/rosidl_generator_py/rm_decision_interfaces/_rm_decision_interfaces_s.ep.rosidl_typesupport_fastrtps_c.c.o[0m
[5.200s] [ 97%] [32mBuilding C object CMakeFiles/rm_decision_interfaces__rosidl_typesupport_c__pyext.dir/rosidl_generator_py/rm_decision_interfaces/_rm_decision_interfaces_s.ep.rosidl_typesupport_c.c.o[0m
[5.284s] [ 98%] [32m[1mLinking C shared library rosidl_generator_py/rm_decision_interfaces/rm_decision_interfaces_s__rosidl_typesupport_fastrtps_c.cpython-310-x86_64-linux-gnu.so[0m
[5.284s] [ 99%] [32m[1mLinking C shared library rosidl_generator_py/rm_decision_interfaces/rm_decision_interfaces_s__rosidl_typesupport_c.cpython-310-x86_64-linux-gnu.so[0m
[5.285s] [100%] [32m[1mLinking C shared library rosidl_generator_py/rm_decision_interfaces/rm_decision_interfaces_s__rosidl_typesupport_introspection_c.cpython-310-x86_64-linux-gnu.so[0m
[5.314s] [100%] Built target rm_decision_interfaces__rosidl_typesupport_fastrtps_c__pyext
[5.314s] [100%] Built target rm_decision_interfaces__rosidl_typesupport_introspection_c__pyext
[5.316s] [100%] Built target rm_decision_interfaces__rosidl_typesupport_c__pyext
[5.326s] Invoked command in '/workspaces/auto_sentry/build/rm_decision_interfaces' returned '0': CMAKE_PREFIX_PATH=/opt/ros/humble /usr/bin/cmake --build /workspaces/auto_sentry/build/rm_decision_interfaces -- -j28 -l28
[5.734s] Invoking command in '/workspaces/auto_sentry/build/rm_decision_interfaces': CMAKE_PREFIX_PATH=/opt/ros/humble /usr/bin/cmake --install /workspaces/auto_sentry/build/rm_decision_interfaces
[5.745s] -- Install configuration: ""
[5.746s] -- Execute custom install script
[5.746s] -- Up-to-date symlink: /workspaces/auto_sentry/install/rm_decision_interfaces/share/ament_index/resource_index/rosidl_interfaces/rm_decision_interfaces
[5.747s] -- Up-to-date symlink: /workspaces/auto_sentry/install/rm_decision_interfaces/include/rm_decision_interfaces/rm_decision_interfaces/msg/all_robot_hp.h
[5.748s] -- Up-to-date symlink: /workspaces/auto_sentry/install/rm_decision_interfaces/include/rm_decision_interfaces/rm_decision_interfaces/msg/ally_robot_hp.h
[5.748s] -- Up-to-date symlink: /workspaces/auto_sentry/install/rm_decision_interfaces/include/rm_decision_interfaces/rm_decision_interfaces/msg/decision_num.h
[5.748s] -- Up-to-date symlink: /workspaces/auto_sentry/install/rm_decision_interfaces/include/rm_decision_interfaces/rm_decision_interfaces/msg/detail/all_robot_hp__functions.h
[5.748s] -- Up-to-date symlink: /workspaces/auto_sentry/install/rm_decision_interfaces/include/rm_decision_interfaces/rm_decision_interfaces/msg/detail/all_robot_hp__struct.h
[5.748s] -- Up-to-date symlink: /workspaces/auto_sentry/install/rm_decision_interfaces/include/rm_decision_interfaces/rm_decision_interfaces/msg/detail/all_robot_hp__type_support.h
[5.749s] -- Up-to-date symlink: /workspaces/auto_sentry/install/rm_decision_interfaces/include/rm_decision_interfaces/rm_decision_interfaces/msg/detail/ally_robot_hp__functions.h
[5.749s] -- Up-to-date symlink: /workspaces/auto_sentry/install/rm_decision_interfaces/include/rm_decision_interfaces/rm_decision_interfaces/msg/detail/ally_robot_hp__struct.h
[5.749s] -- Up-to-date symlink: /workspaces/auto_sentry/install/rm_decision_interfaces/include/rm_decision_interfaces/rm_decision_interfaces/msg/detail/ally_robot_hp__type_support.h
[5.749s] -- Up-to-date symlink: /workspaces/auto_sentry/install/rm_decision_interfaces/include/rm_decision_interfaces/rm_decision_interfaces/msg/detail/decision_num__functions.h
[5.749s] -- Up-to-date symlink: /workspaces/auto_sentry/install/rm_decision_interfaces/include/rm_decision_interfaces/rm_decision_interfaces/msg/detail/decision_num__struct.h
[5.749s] -- Up-to-date symlink: /workspaces/auto_sentry/install/rm_decision_interfaces/include/rm_decision_interfaces/rm_decision_interfaces/msg/detail/decision_num__type_support.h
[5.749s] -- Up-to-date symlink: /workspaces/auto_sentry/install/rm_decision_interfaces/include/rm_decision_interfaces/rm_decision_interfaces/msg/detail/event_data__functions.h
[5.749s] -- Up-to-date symlink: /workspaces/auto_sentry/install/rm_decision_interfaces/include/rm_decision_interfaces/rm_decision_interfaces/msg/detail/event_data__struct.h
[5.750s] -- Up-to-date symlink: /workspaces/auto_sentry/install/rm_decision_interfaces/include/rm_decision_interfaces/rm_decision_interfaces/msg/detail/event_data__type_support.h
[5.750s] -- Up-to-date symlink: /workspaces/auto_sentry/install/rm_decision_interfaces/include/rm_decision_interfaces/rm_decision_interfaces/msg/detail/friend_location__functions.h
[5.750s] -- Up-to-date symlink: /workspaces/auto_sentry/install/rm_decision_interfaces/include/rm_decision_interfaces/rm_decision_interfaces/msg/detail/friend_location__struct.h
[5.750s] -- Up-to-date symlink: /workspaces/auto_sentry/install/rm_decision_interfaces/include/rm_decision_interfaces/rm_decision_interfaces/msg/detail/friend_location__type_support.h
[5.750s] -- Up-to-date symlink: /workspaces/auto_sentry/install/rm_decision_interfaces/include/rm_decision_interfaces/rm_decision_interfaces/msg/detail/game_robot_hp__functions.h
[5.750s] -- Up-to-date symlink: /workspaces/auto_sentry/install/rm_decision_interfaces/include/rm_decision_interfaces/rm_decision_interfaces/msg/detail/game_robot_hp__struct.h
[5.750s] -- Up-to-date symlink: /workspaces/auto_sentry/install/rm_decision_interfaces/include/rm_decision_interfaces/rm_decision_interfaces/msg/detail/game_robot_hp__type_support.h
[5.750s] -- Up-to-date symlink: /workspaces/auto_sentry/install/rm_decision_interfaces/include/rm_decision_interfaces/rm_decision_interfaces/msg/detail/game_status__functions.h
[5.750s] -- Up-to-date symlink: /workspaces/auto_sentry/install/rm_decision_interfaces/include/rm_decision_interfaces/rm_decision_interfaces/msg/detail/game_status__struct.h
[5.750s] -- Up-to-date symlink: /workspaces/auto_sentry/install/rm_decision_interfaces/include/rm_decision_interfaces/rm_decision_interfaces/msg/detail/game_status__type_support.h
[5.750s] -- Up-to-date symlink: /workspaces/auto_sentry/install/rm_decision_interfaces/include/rm_decision_interfaces/rm_decision_interfaces/msg/detail/ground_robot_position__functions.h
[5.751s] -- Up-to-date symlink: /workspaces/auto_sentry/install/rm_decision_interfaces/include/rm_decision_interfaces/rm_decision_interfaces/msg/detail/ground_robot_position__struct.h
[5.751s] -- Up-to-date symlink: /workspaces/auto_sentry/install/rm_decision_interfaces/include/rm_decision_interfaces/rm_decision_interfaces/msg/detail/ground_robot_position__type_support.h
[5.751s] -- Up-to-date symlink: /workspaces/auto_sentry/install/rm_decision_interfaces/include/rm_decision_interfaces/rm_decision_interfaces/msg/detail/rfid__functions.h
[5.751s] -- Up-to-date symlink: /workspaces/auto_sentry/install/rm_decision_interfaces/include/rm_decision_interfaces/rm_decision_interfaces/msg/detail/rfid__struct.h
[5.751s] -- Up-to-date symlink: /workspaces/auto_sentry/install/rm_decision_interfaces/include/rm_decision_interfaces/rm_decision_interfaces/msg/detail/rfid__type_support.h
[5.751s] -- Symlinking: /workspaces/auto_sentry/install/rm_decision_interfaces/include/rm_decision_interfaces/rm_decision_interfaces/msg/detail/rfid_status__functions.h
[5.764s] -- Symlinking: /workspaces/auto_sentry/install/rm_decision_interfaces/include/rm_decision_interfaces/rm_decision_interfaces/msg/detail/rfid_status__struct.h
[5.775s] -- Symlinking: /workspaces/auto_sentry/install/rm_decision_interfaces/include/rm_decision_interfaces/rm_decision_interfaces/msg/detail/rfid_status__type_support.h
[5.786s] -- Up-to-date symlink: /workspaces/auto_sentry/install/rm_decision_interfaces/include/rm_decision_interfaces/rm_decision_interfaces/msg/detail/robot_control__functions.h
[5.786s] -- Up-to-date symlink: /workspaces/auto_sentry/install/rm_decision_interfaces/include/rm_decision_interfaces/rm_decision_interfaces/msg/detail/robot_control__struct.h
[5.786s] -- Up-to-date symlink: /workspaces/auto_sentry/install/rm_decision_interfaces/include/rm_decision_interfaces/rm_decision_interfaces/msg/detail/robot_control__type_support.h
[5.786s] -- Up-to-date symlink: /workspaces/auto_sentry/install/rm_decision_interfaces/include/rm_decision_interfaces/rm_decision_interfaces/msg/detail/robot_status__functions.h
[5.786s] -- Up-to-date symlink: /workspaces/auto_sentry/install/rm_decision_interfaces/include/rm_decision_interfaces/rm_decision_interfaces/msg/detail/robot_status__struct.h
[5.787s] -- Up-to-date symlink: /workspaces/auto_sentry/install/rm_decision_interfaces/include/rm_decision_interfaces/rm_decision_interfaces/msg/detail/robot_status__type_support.h
[5.787s] -- Up-to-date symlink: /workspaces/auto_sentry/install/rm_decision_interfaces/include/rm_decision_interfaces/rm_decision_interfaces/msg/event_data.h
[5.787s] -- Up-to-date symlink: /workspaces/auto_sentry/install/rm_decision_interfaces/include/rm_decision_interfaces/rm_decision_interfaces/msg/friend_location.h
[5.787s] -- Up-to-date symlink: /workspaces/auto_sentry/install/rm_decision_interfaces/include/rm_decision_interfaces/rm_decision_interfaces/msg/game_robot_hp.h
[5.787s] -- Up-to-date symlink: /workspaces/auto_sentry/install/rm_decision_interfaces/include/rm_decision_interfaces/rm_decision_interfaces/msg/game_status.h
[5.787s] -- Up-to-date symlink: /workspaces/auto_sentry/install/rm_decision_interfaces/include/rm_decision_interfaces/rm_decision_interfaces/msg/ground_robot_position.h
[5.787s] -- Up-to-date symlink: /workspaces/auto_sentry/install/rm_decision_interfaces/include/rm_decision_interfaces/rm_decision_interfaces/msg/rfid.h
[5.787s] -- Symlinking: /workspaces/auto_sentry/install/rm_decision_interfaces/include/rm_decision_interfaces/rm_decision_interfaces/msg/rfid_status.h
[5.798s] -- Up-to-date symlink: /workspaces/auto_sentry/install/rm_decision_interfaces/include/rm_decision_interfaces/rm_decision_interfaces/msg/robot_control.h
[5.798s] -- Up-to-date symlink: /workspaces/auto_sentry/install/rm_decision_interfaces/include/rm_decision_interfaces/rm_decision_interfaces/msg/robot_status.h
[5.798s] -- Up-to-date symlink: /workspaces/auto_sentry/install/rm_decision_interfaces/include/rm_decision_interfaces/rm_decision_interfaces/msg/rosidl_generator_c__visibility_control.h
[5.799s] -- Up-to-date symlink: /workspaces/auto_sentry/install/rm_decision_interfaces/share/rm_decision_interfaces/environment/library_path.sh
[5.799s] -- Up-to-date symlink: /workspaces/auto_sentry/install/rm_decision_interfaces/share/rm_decision_interfaces/environment/library_path.dsv
[5.799s] -- Up-to-date symlink: /workspaces/auto_sentry/install/rm_decision_interfaces/include/rm_decision_interfaces/rm_decision_interfaces/msg/detail/all_robot_hp__rosidl_typesupport_fastrtps_c.h
[5.800s] -- Up-to-date symlink: /workspaces/auto_sentry/install/rm_decision_interfaces/include/rm_decision_interfaces/rm_decision_interfaces/msg/detail/ally_robot_hp__rosidl_typesupport_fastrtps_c.h
[5.800s] -- Up-to-date symlink: /workspaces/auto_sentry/install/rm_decision_interfaces/include/rm_decision_interfaces/rm_decision_interfaces/msg/detail/decision_num__rosidl_typesupport_fastrtps_c.h
[5.800s] -- Up-to-date symlink: /workspaces/auto_sentry/install/rm_decision_interfaces/include/rm_decision_interfaces/rm_decision_interfaces/msg/detail/event_data__rosidl_typesupport_fastrtps_c.h
[5.800s] -- Up-to-date symlink: /workspaces/auto_sentry/install/rm_decision_interfaces/include/rm_decision_interfaces/rm_decision_interfaces/msg/detail/friend_location__rosidl_typesupport_fastrtps_c.h
[5.800s] -- Up-to-date symlink: /workspaces/auto_sentry/install/rm_decision_interfaces/include/rm_decision_interfaces/rm_decision_interfaces/msg/detail/game_robot_hp__rosidl_typesupport_fastrtps_c.h
[5.800s] -- Up-to-date symlink: /workspaces/auto_sentry/install/rm_decision_interfaces/include/rm_decision_interfaces/rm_decision_interfaces/msg/detail/game_status__rosidl_typesupport_fastrtps_c.h
[5.800s] -- Up-to-date symlink: /workspaces/auto_sentry/install/rm_decision_interfaces/include/rm_decision_interfaces/rm_decision_interfaces/msg/detail/ground_robot_position__rosidl_typesupport_fastrtps_c.h
[5.801s] -- Up-to-date symlink: /workspaces/auto_sentry/install/rm_decision_interfaces/include/rm_decision_interfaces/rm_decision_interfaces/msg/detail/rfid__rosidl_typesupport_fastrtps_c.h
[5.801s] -- Symlinking: /workspaces/auto_sentry/install/rm_decision_interfaces/include/rm_decision_interfaces/rm_decision_interfaces/msg/detail/rfid_status__rosidl_typesupport_fastrtps_c.h
[5.811s] -- Up-to-date symlink: /workspaces/auto_sentry/install/rm_decision_interfaces/include/rm_decision_interfaces/rm_decision_interfaces/msg/detail/robot_control__rosidl_typesupport_fastrtps_c.h
[5.811s] -- Up-to-date symlink: /workspaces/auto_sentry/install/rm_decision_interfaces/include/rm_decision_interfaces/rm_decision_interfaces/msg/detail/robot_status__rosidl_typesupport_fastrtps_c.h
[5.811s] -- Up-to-date symlink: /workspaces/auto_sentry/install/rm_decision_interfaces/include/rm_decision_interfaces/rm_decision_interfaces/msg/rosidl_typesupport_fastrtps_c__visibility_control.h
[5.812s] -- Up-to-date symlink: /workspaces/auto_sentry/install/rm_decision_interfaces/include/rm_decision_interfaces/rm_decision_interfaces/msg/detail/all_robot_hp__rosidl_typesupport_introspection_c.h
[5.812s] -- Up-to-date symlink: /workspaces/auto_sentry/install/rm_decision_interfaces/include/rm_decision_interfaces/rm_decision_interfaces/msg/detail/ally_robot_hp__rosidl_typesupport_introspection_c.h
[5.813s] -- Up-to-date symlink: /workspaces/auto_sentry/install/rm_decision_interfaces/include/rm_decision_interfaces/rm_decision_interfaces/msg/detail/decision_num__rosidl_typesupport_introspection_c.h
[5.813s] -- Up-to-date symlink: /workspaces/auto_sentry/install/rm_decision_interfaces/include/rm_decision_interfaces/rm_decision_interfaces/msg/detail/event_data__rosidl_typesupport_introspection_c.h
[5.813s] -- Up-to-date symlink: /workspaces/auto_sentry/install/rm_decision_interfaces/include/rm_decision_interfaces/rm_decision_interfaces/msg/detail/friend_location__rosidl_typesupport_introspection_c.h
[5.813s] -- Up-to-date symlink: /workspaces/auto_sentry/install/rm_decision_interfaces/include/rm_decision_interfaces/rm_decision_interfaces/msg/detail/game_robot_hp__rosidl_typesupport_introspection_c.h
[5.813s] -- Up-to-date symlink: /workspaces/auto_sentry/install/rm_decision_interfaces/include/rm_decision_interfaces/rm_decision_interfaces/msg/detail/game_status__rosidl_typesupport_introspection_c.h
[5.813s] -- Up-to-date symlink: /workspaces/auto_sentry/install/rm_decision_interfaces/include/rm_decision_interfaces/rm_decision_interfaces/msg/detail/ground_robot_position__rosidl_typesupport_introspection_c.h
[5.813s] -- Up-to-date symlink: /workspaces/auto_sentry/install/rm_decision_interfaces/include/rm_decision_interfaces/rm_decision_interfaces/msg/detail/rfid__rosidl_typesupport_introspection_c.h
[5.813s] -- Symlinking: /workspaces/auto_sentry/install/rm_decision_interfaces/include/rm_decision_interfaces/rm_decision_interfaces/msg/detail/rfid_status__rosidl_typesupport_introspection_c.h
[5.823s] -- Up-to-date symlink: /workspaces/auto_sentry/install/rm_decision_interfaces/include/rm_decision_interfaces/rm_decision_interfaces/msg/detail/robot_control__rosidl_typesupport_introspection_c.h
[5.823s] -- Up-to-date symlink: /workspaces/auto_sentry/install/rm_decision_interfaces/include/rm_decision_interfaces/rm_decision_interfaces/msg/detail/robot_status__rosidl_typesupport_introspection_c.h
[5.823s] -- Up-to-date symlink: /workspaces/auto_sentry/install/rm_decision_interfaces/include/rm_decision_interfaces/rm_decision_interfaces/msg/rosidl_typesupport_introspection_c__visibility_control.h
[5.824s] -- Up-to-date symlink: /workspaces/auto_sentry/install/rm_decision_interfaces/include/rm_decision_interfaces/rm_decision_interfaces/msg/all_robot_hp.hpp
[5.824s] -- Up-to-date symlink: /workspaces/auto_sentry/install/rm_decision_interfaces/include/rm_decision_interfaces/rm_decision_interfaces/msg/ally_robot_hp.hpp
[5.824s] -- Up-to-date symlink: /workspaces/auto_sentry/install/rm_decision_interfaces/include/rm_decision_interfaces/rm_decision_interfaces/msg/decision_num.hpp
[5.824s] -- Up-to-date symlink: /workspaces/auto_sentry/install/rm_decision_interfaces/include/rm_decision_interfaces/rm_decision_interfaces/msg/detail/all_robot_hp__builder.hpp
[5.825s] -- Up-to-date symlink: /workspaces/auto_sentry/install/rm_decision_interfaces/include/rm_decision_interfaces/rm_decision_interfaces/msg/detail/all_robot_hp__struct.hpp
[5.825s] -- Up-to-date symlink: /workspaces/auto_sentry/install/rm_decision_interfaces/include/rm_decision_interfaces/rm_decision_interfaces/msg/detail/all_robot_hp__traits.hpp
[5.825s] -- Up-to-date symlink: /workspaces/auto_sentry/install/rm_decision_interfaces/include/rm_decision_interfaces/rm_decision_interfaces/msg/detail/ally_robot_hp__builder.hpp
[5.825s] -- Up-to-date symlink: /workspaces/auto_sentry/install/rm_decision_interfaces/include/rm_decision_interfaces/rm_decision_interfaces/msg/detail/ally_robot_hp__struct.hpp
[5.825s] -- Up-to-date symlink: /workspaces/auto_sentry/install/rm_decision_interfaces/include/rm_decision_interfaces/rm_decision_interfaces/msg/detail/ally_robot_hp__traits.hpp
[5.826s] -- Up-to-date symlink: /workspaces/auto_sentry/install/rm_decision_interfaces/include/rm_decision_interfaces/rm_decision_interfaces/msg/detail/decision_num__builder.hpp
[5.826s] -- Up-to-date symlink: /workspaces/auto_sentry/install/rm_decision_interfaces/include/rm_decision_interfaces/rm_decision_interfaces/msg/detail/decision_num__struct.hpp
[5.826s] -- Up-to-date symlink: /workspaces/auto_sentry/install/rm_decision_interfaces/include/rm_decision_interfaces/rm_decision_interfaces/msg/detail/decision_num__traits.hpp
[5.826s] -- Up-to-date symlink: /workspaces/auto_sentry/install/rm_decision_interfaces/include/rm_decision_interfaces/rm_decision_interfaces/msg/detail/event_data__builder.hpp
[5.826s] -- Up-to-date symlink: /workspaces/auto_sentry/install/rm_decision_interfaces/include/rm_decision_interfaces/rm_decision_interfaces/msg/detail/event_data__struct.hpp
[5.826s] -- Up-to-date symlink: /workspaces/auto_sentry/install/rm_decision_interfaces/include/rm_decision_interfaces/rm_decision_interfaces/msg/detail/event_data__traits.hpp
[5.826s] -- Up-to-date symlink: /workspaces/auto_sentry/install/rm_decision_interfaces/include/rm_decision_interfaces/rm_decision_interfaces/msg/detail/friend_location__builder.hpp
[5.826s] -- Up-to-date symlink: /workspaces/auto_sentry/install/rm_decision_interfaces/include/rm_decision_interfaces/rm_decision_interfaces/msg/detail/friend_location__struct.hpp
[5.826s] -- Up-to-date symlink: /workspaces/auto_sentry/install/rm_decision_interfaces/include/rm_decision_interfaces/rm_decision_interfaces/msg/detail/friend_location__traits.hpp
[5.826s] -- Up-to-date symlink: /workspaces/auto_sentry/install/rm_decision_interfaces/include/rm_decision_interfaces/rm_decision_interfaces/msg/detail/game_robot_hp__builder.hpp
[5.827s] -- Up-to-date symlink: /workspaces/auto_sentry/install/rm_decision_interfaces/include/rm_decision_interfaces/rm_decision_interfaces/msg/detail/game_robot_hp__struct.hpp
[5.827s] -- Up-to-date symlink: /workspaces/auto_sentry/install/rm_decision_interfaces/include/rm_decision_interfaces/rm_decision_interfaces/msg/detail/game_robot_hp__traits.hpp
[5.827s] -- Up-to-date symlink: /workspaces/auto_sentry/install/rm_decision_interfaces/include/rm_decision_interfaces/rm_decision_interfaces/msg/detail/game_status__builder.hpp
[5.827s] -- Up-to-date symlink: /workspaces/auto_sentry/install/rm_decision_interfaces/include/rm_decision_interfaces/rm_decision_interfaces/msg/detail/game_status__struct.hpp
[5.827s] -- Up-to-date symlink: /workspaces/auto_sentry/install/rm_decision_interfaces/include/rm_decision_interfaces/rm_decision_interfaces/msg/detail/game_status__traits.hpp
[5.827s] -- Up-to-date symlink: /workspaces/auto_sentry/install/rm_decision_interfaces/include/rm_decision_interfaces/rm_decision_interfaces/msg/detail/ground_robot_position__builder.hpp
[5.827s] -- Up-to-date symlink: /workspaces/auto_sentry/install/rm_decision_interfaces/include/rm_decision_interfaces/rm_decision_interfaces/msg/detail/ground_robot_position__struct.hpp
[5.827s] -- Up-to-date symlink: /workspaces/auto_sentry/install/rm_decision_interfaces/include/rm_decision_interfaces/rm_decision_interfaces/msg/detail/ground_robot_position__traits.hpp
[5.827s] -- Up-to-date symlink: /workspaces/auto_sentry/install/rm_decision_interfaces/include/rm_decision_interfaces/rm_decision_interfaces/msg/detail/rfid__builder.hpp
[5.827s] -- Up-to-date symlink: /workspaces/auto_sentry/install/rm_decision_interfaces/include/rm_decision_interfaces/rm_decision_interfaces/msg/detail/rfid__struct.hpp
[5.827s] -- Up-to-date symlink: /workspaces/auto_sentry/install/rm_decision_interfaces/include/rm_decision_interfaces/rm_decision_interfaces/msg/detail/rfid__traits.hpp
[5.827s] -- Symlinking: /workspaces/auto_sentry/install/rm_decision_interfaces/include/rm_decision_interfaces/rm_decision_interfaces/msg/detail/rfid_status__builder.hpp
[5.837s] -- Symlinking: /workspaces/auto_sentry/install/rm_decision_interfaces/include/rm_decision_interfaces/rm_decision_interfaces/msg/detail/rfid_status__struct.hpp
[5.845s] -- Symlinking: /workspaces/auto_sentry/install/rm_decision_interfaces/include/rm_decision_interfaces/rm_decision_interfaces/msg/detail/rfid_status__traits.hpp
[5.850s] -- Up-to-date symlink: /workspaces/auto_sentry/install/rm_decision_interfaces/include/rm_decision_interfaces/rm_decision_interfaces/msg/detail/robot_control__builder.hpp
[5.850s] -- Up-to-date symlink: /workspaces/auto_sentry/install/rm_decision_interfaces/include/rm_decision_interfaces/rm_decision_interfaces/msg/detail/robot_control__struct.hpp
[5.850s] -- Up-to-date symlink: /workspaces/auto_sentry/install/rm_decision_interfaces/include/rm_decision_interfaces/rm_decision_interfaces/msg/detail/robot_control__traits.hpp
[5.850s] -- Up-to-date symlink: /workspaces/auto_sentry/install/rm_decision_interfaces/include/rm_decision_interfaces/rm_decision_interfaces/msg/detail/robot_status__builder.hpp
[5.850s] -- Up-to-date symlink: /workspaces/auto_sentry/install/rm_decision_interfaces/include/rm_decision_interfaces/rm_decision_interfaces/msg/detail/robot_status__struct.hpp
[5.850s] -- Up-to-date symlink: /workspaces/auto_sentry/install/rm_decision_interfaces/include/rm_decision_interfaces/rm_decision_interfaces/msg/detail/robot_status__traits.hpp
[5.850s] -- Up-to-date symlink: /workspaces/auto_sentry/install/rm_decision_interfaces/include/rm_decision_interfaces/rm_decision_interfaces/msg/event_data.hpp
[5.850s] -- Up-to-date symlink: /workspaces/auto_sentry/install/rm_decision_interfaces/include/rm_decision_interfaces/rm_decision_interfaces/msg/friend_location.hpp
[5.850s] -- Up-to-date symlink: /workspaces/auto_sentry/install/rm_decision_interfaces/include/rm_decision_interfaces/rm_decision_interfaces/msg/game_robot_hp.hpp
[5.850s] -- Up-to-date symlink: /workspaces/auto_sentry/install/rm_decision_interfaces/include/rm_decision_interfaces/rm_decision_interfaces/msg/game_status.hpp
[5.850s] -- Up-to-date symlink: /workspaces/auto_sentry/install/rm_decision_interfaces/include/rm_decision_interfaces/rm_decision_interfaces/msg/ground_robot_position.hpp
[5.851s] -- Up-to-date symlink: /workspaces/auto_sentry/install/rm_decision_interfaces/include/rm_decision_interfaces/rm_decision_interfaces/msg/rfid.hpp
[5.851s] -- Symlinking: /workspaces/auto_sentry/install/rm_decision_interfaces/include/rm_decision_interfaces/rm_decision_interfaces/msg/rfid_status.hpp
[5.857s] -- Up-to-date symlink: /workspaces/auto_sentry/install/rm_decision_interfaces/include/rm_decision_interfaces/rm_decision_interfaces/msg/robot_control.hpp
[5.857s] -- Up-to-date symlink: /workspaces/auto_sentry/install/rm_decision_interfaces/include/rm_decision_interfaces/rm_decision_interfaces/msg/robot_status.hpp
[5.858s] -- Up-to-date symlink: /workspaces/auto_sentry/install/rm_decision_interfaces/include/rm_decision_interfaces/rm_decision_interfaces/msg/detail/all_robot_hp__rosidl_typesupport_fastrtps_cpp.hpp
[5.858s] -- Up-to-date symlink: /workspaces/auto_sentry/install/rm_decision_interfaces/include/rm_decision_interfaces/rm_decision_interfaces/msg/detail/ally_robot_hp__rosidl_typesupport_fastrtps_cpp.hpp
[5.858s] -- Up-to-date symlink: /workspaces/auto_sentry/install/rm_decision_interfaces/include/rm_decision_interfaces/rm_decision_interfaces/msg/detail/decision_num__rosidl_typesupport_fastrtps_cpp.hpp
[5.858s] -- Up-to-date symlink: /workspaces/auto_sentry/install/rm_decision_interfaces/include/rm_decision_interfaces/rm_decision_interfaces/msg/detail/event_data__rosidl_typesupport_fastrtps_cpp.hpp
[5.858s] -- Up-to-date symlink: /workspaces/auto_sentry/install/rm_decision_interfaces/include/rm_decision_interfaces/rm_decision_interfaces/msg/detail/friend_location__rosidl_typesupport_fastrtps_cpp.hpp
[5.858s] -- Up-to-date symlink: /workspaces/auto_sentry/install/rm_decision_interfaces/include/rm_decision_interfaces/rm_decision_interfaces/msg/detail/game_robot_hp__rosidl_typesupport_fastrtps_cpp.hpp
[5.858s] -- Up-to-date symlink: /workspaces/auto_sentry/install/rm_decision_interfaces/include/rm_decision_interfaces/rm_decision_interfaces/msg/detail/game_status__rosidl_typesupport_fastrtps_cpp.hpp
[5.858s] -- Up-to-date symlink: /workspaces/auto_sentry/install/rm_decision_interfaces/include/rm_decision_interfaces/rm_decision_interfaces/msg/detail/ground_robot_position__rosidl_typesupport_fastrtps_cpp.hpp
[5.858s] -- Up-to-date symlink: /workspaces/auto_sentry/install/rm_decision_interfaces/include/rm_decision_interfaces/rm_decision_interfaces/msg/detail/rfid__rosidl_typesupport_fastrtps_cpp.hpp
[5.858s] -- Symlinking: /workspaces/auto_sentry/install/rm_decision_interfaces/include/rm_decision_interfaces/rm_decision_interfaces/msg/detail/rfid_status__rosidl_typesupport_fastrtps_cpp.hpp
[5.864s] -- Up-to-date symlink: /workspaces/auto_sentry/install/rm_decision_interfaces/include/rm_decision_interfaces/rm_decision_interfaces/msg/detail/robot_control__rosidl_typesupport_fastrtps_cpp.hpp
[5.864s] -- Up-to-date symlink: /workspaces/auto_sentry/install/rm_decision_interfaces/include/rm_decision_interfaces/rm_decision_interfaces/msg/detail/robot_status__rosidl_typesupport_fastrtps_cpp.hpp
[5.864s] -- Up-to-date symlink: /workspaces/auto_sentry/install/rm_decision_interfaces/include/rm_decision_interfaces/rm_decision_interfaces/msg/rosidl_typesupport_fastrtps_cpp__visibility_control.h
[5.865s] -- Up-to-date symlink: /workspaces/auto_sentry/install/rm_decision_interfaces/include/rm_decision_interfaces/rm_decision_interfaces/msg/detail/all_robot_hp__rosidl_typesupport_introspection_cpp.hpp
[5.865s] -- Up-to-date symlink: /workspaces/auto_sentry/install/rm_decision_interfaces/include/rm_decision_interfaces/rm_decision_interfaces/msg/detail/ally_robot_hp__rosidl_typesupport_introspection_cpp.hpp
[5.865s] -- Up-to-date symlink: /workspaces/auto_sentry/install/rm_decision_interfaces/include/rm_decision_interfaces/rm_decision_interfaces/msg/detail/decision_num__rosidl_typesupport_introspection_cpp.hpp
[5.865s] -- Up-to-date symlink: /workspaces/auto_sentry/install/rm_decision_interfaces/include/rm_decision_interfaces/rm_decision_interfaces/msg/detail/event_data__rosidl_typesupport_introspection_cpp.hpp
[5.865s] -- Up-to-date symlink: /workspaces/auto_sentry/install/rm_decision_interfaces/include/rm_decision_interfaces/rm_decision_interfaces/msg/detail/friend_location__rosidl_typesupport_introspection_cpp.hpp
[5.865s] -- Up-to-date symlink: /workspaces/auto_sentry/install/rm_decision_interfaces/include/rm_decision_interfaces/rm_decision_interfaces/msg/detail/game_robot_hp__rosidl_typesupport_introspection_cpp.hpp
[5.865s] -- Up-to-date symlink: /workspaces/auto_sentry/install/rm_decision_interfaces/include/rm_decision_interfaces/rm_decision_interfaces/msg/detail/game_status__rosidl_typesupport_introspection_cpp.hpp
[5.865s] -- Up-to-date symlink: /workspaces/auto_sentry/install/rm_decision_interfaces/include/rm_decision_interfaces/rm_decision_interfaces/msg/detail/ground_robot_position__rosidl_typesupport_introspection_cpp.hpp
[5.865s] -- Up-to-date symlink: /workspaces/auto_sentry/install/rm_decision_interfaces/include/rm_decision_interfaces/rm_decision_interfaces/msg/detail/rfid__rosidl_typesupport_introspection_cpp.hpp
[5.865s] -- Symlinking: /workspaces/auto_sentry/install/rm_decision_interfaces/include/rm_decision_interfaces/rm_decision_interfaces/msg/detail/rfid_status__rosidl_typesupport_introspection_cpp.hpp
[5.877s] -- Up-to-date symlink: /workspaces/auto_sentry/install/rm_decision_interfaces/include/rm_decision_interfaces/rm_decision_interfaces/msg/detail/robot_control__rosidl_typesupport_introspection_cpp.hpp
[5.877s] -- Up-to-date symlink: /workspaces/auto_sentry/install/rm_decision_interfaces/include/rm_decision_interfaces/rm_decision_interfaces/msg/detail/robot_status__rosidl_typesupport_introspection_cpp.hpp
[5.877s] -- Up-to-date symlink: /workspaces/auto_sentry/install/rm_decision_interfaces/share/rm_decision_interfaces/environment/pythonpath.sh
[5.877s] -- Up-to-date symlink: /workspaces/auto_sentry/install/rm_decision_interfaces/share/rm_decision_interfaces/environment/pythonpath.dsv
[5.877s] -- Up-to-date symlink: /workspaces/auto_sentry/install/rm_decision_interfaces/local/lib/python3.10/dist-packages/rm_decision_interfaces-0.0.0-py3.10.egg-info/PKG-INFO
[5.877s] -- Up-to-date symlink: /workspaces/auto_sentry/install/rm_decision_interfaces/local/lib/python3.10/dist-packages/rm_decision_interfaces-0.0.0-py3.10.egg-info/SOURCES.txt
[5.878s] -- Up-to-date symlink: /workspaces/auto_sentry/install/rm_decision_interfaces/local/lib/python3.10/dist-packages/rm_decision_interfaces-0.0.0-py3.10.egg-info/dependency_links.txt
[5.878s] -- Up-to-date symlink: /workspaces/auto_sentry/install/rm_decision_interfaces/local/lib/python3.10/dist-packages/rm_decision_interfaces-0.0.0-py3.10.egg-info/top_level.txt
[5.879s] -- Up-to-date symlink: /workspaces/auto_sentry/install/rm_decision_interfaces/local/lib/python3.10/dist-packages/rm_decision_interfaces/__init__.py
[5.879s] -- Up-to-date symlink: /workspaces/auto_sentry/install/rm_decision_interfaces/local/lib/python3.10/dist-packages/rm_decision_interfaces/_rm_decision_interfaces_s.ep.rosidl_typesupport_c.c
[5.879s] -- Up-to-date symlink: /workspaces/auto_sentry/install/rm_decision_interfaces/local/lib/python3.10/dist-packages/rm_decision_interfaces/_rm_decision_interfaces_s.ep.rosidl_typesupport_fastrtps_c.c
[5.879s] -- Up-to-date symlink: /workspaces/auto_sentry/install/rm_decision_interfaces/local/lib/python3.10/dist-packages/rm_decision_interfaces/_rm_decision_interfaces_s.ep.rosidl_typesupport_introspection_c.c
[5.879s] -- Up-to-date symlink: /workspaces/auto_sentry/install/rm_decision_interfaces/local/lib/python3.10/dist-packages/rm_decision_interfaces/librm_decision_interfaces__rosidl_generator_py.so
[5.879s] -- Up-to-date symlink: /workspaces/auto_sentry/install/rm_decision_interfaces/local/lib/python3.10/dist-packages/rm_decision_interfaces/msg/__init__.py
[5.879s] -- Up-to-date symlink: /workspaces/auto_sentry/install/rm_decision_interfaces/local/lib/python3.10/dist-packages/rm_decision_interfaces/msg/_all_robot_hp.py
[5.879s] -- Up-to-date symlink: /workspaces/auto_sentry/install/rm_decision_interfaces/local/lib/python3.10/dist-packages/rm_decision_interfaces/msg/_all_robot_hp_s.c
[5.880s] -- Up-to-date symlink: /workspaces/auto_sentry/install/rm_decision_interfaces/local/lib/python3.10/dist-packages/rm_decision_interfaces/msg/_ally_robot_hp.py
[5.880s] -- Up-to-date symlink: /workspaces/auto_sentry/install/rm_decision_interfaces/local/lib/python3.10/dist-packages/rm_decision_interfaces/msg/_ally_robot_hp_s.c
[5.880s] -- Up-to-date symlink: /workspaces/auto_sentry/install/rm_decision_interfaces/local/lib/python3.10/dist-packages/rm_decision_interfaces/msg/_decision_num.py
[5.880s] -- Up-to-date symlink: /workspaces/auto_sentry/install/rm_decision_interfaces/local/lib/python3.10/dist-packages/rm_decision_interfaces/msg/_decision_num_s.c
[5.880s] -- Up-to-date symlink: /workspaces/auto_sentry/install/rm_decision_interfaces/local/lib/python3.10/dist-packages/rm_decision_interfaces/msg/_event_data.py
[5.880s] -- Up-to-date symlink: /workspaces/auto_sentry/install/rm_decision_interfaces/local/lib/python3.10/dist-packages/rm_decision_interfaces/msg/_event_data_s.c
[5.881s] -- Up-to-date symlink: /workspaces/auto_sentry/install/rm_decision_interfaces/local/lib/python3.10/dist-packages/rm_decision_interfaces/msg/_friend_location.py
[5.881s] -- Up-to-date symlink: /workspaces/auto_sentry/install/rm_decision_interfaces/local/lib/python3.10/dist-packages/rm_decision_interfaces/msg/_friend_location_s.c
[5.881s] -- Up-to-date symlink: /workspaces/auto_sentry/install/rm_decision_interfaces/local/lib/python3.10/dist-packages/rm_decision_interfaces/msg/_game_robot_hp.py
[5.881s] -- Up-to-date symlink: /workspaces/auto_sentry/install/rm_decision_interfaces/local/lib/python3.10/dist-packages/rm_decision_interfaces/msg/_game_robot_hp_s.c
[5.881s] -- Up-to-date symlink: /workspaces/auto_sentry/install/rm_decision_interfaces/local/lib/python3.10/dist-packages/rm_decision_interfaces/msg/_game_status.py
[5.881s] -- Up-to-date symlink: /workspaces/auto_sentry/install/rm_decision_interfaces/local/lib/python3.10/dist-packages/rm_decision_interfaces/msg/_game_status_s.c
[5.881s] -- Up-to-date symlink: /workspaces/auto_sentry/install/rm_decision_interfaces/local/lib/python3.10/dist-packages/rm_decision_interfaces/msg/_ground_robot_position.py
[5.882s] -- Up-to-date symlink: /workspaces/auto_sentry/install/rm_decision_interfaces/local/lib/python3.10/dist-packages/rm_decision_interfaces/msg/_ground_robot_position_s.c
[5.882s] -- Up-to-date symlink: /workspaces/auto_sentry/install/rm_decision_interfaces/local/lib/python3.10/dist-packages/rm_decision_interfaces/msg/_rfid.py
[5.882s] -- Up-to-date symlink: /workspaces/auto_sentry/install/rm_decision_interfaces/local/lib/python3.10/dist-packages/rm_decision_interfaces/msg/_rfid_s.c
[5.882s] -- Symlinking: /workspaces/auto_sentry/install/rm_decision_interfaces/local/lib/python3.10/dist-packages/rm_decision_interfaces/msg/_rfid_status.py
[5.891s] -- Symlinking: /workspaces/auto_sentry/install/rm_decision_interfaces/local/lib/python3.10/dist-packages/rm_decision_interfaces/msg/_rfid_status_s.c
[5.902s] -- Up-to-date symlink: /workspaces/auto_sentry/install/rm_decision_interfaces/local/lib/python3.10/dist-packages/rm_decision_interfaces/msg/_robot_control.py
[5.902s] -- Up-to-date symlink: /workspaces/auto_sentry/install/rm_decision_interfaces/local/lib/python3.10/dist-packages/rm_decision_interfaces/msg/_robot_control_s.c
[5.902s] -- Up-to-date symlink: /workspaces/auto_sentry/install/rm_decision_interfaces/local/lib/python3.10/dist-packages/rm_decision_interfaces/msg/_robot_status.py
[5.902s] -- Up-to-date symlink: /workspaces/auto_sentry/install/rm_decision_interfaces/local/lib/python3.10/dist-packages/rm_decision_interfaces/msg/_robot_status_s.c
[5.902s] -- Up-to-date symlink: /workspaces/auto_sentry/install/rm_decision_interfaces/local/lib/python3.10/dist-packages/rm_decision_interfaces/rm_decision_interfaces_s__rosidl_typesupport_c.cpython-310-x86_64-linux-gnu.so
[5.902s] -- Up-to-date symlink: /workspaces/auto_sentry/install/rm_decision_interfaces/local/lib/python3.10/dist-packages/rm_decision_interfaces/rm_decision_interfaces_s__rosidl_typesupport_fastrtps_c.cpython-310-x86_64-linux-gnu.so
[5.902s] -- Up-to-date symlink: /workspaces/auto_sentry/install/rm_decision_interfaces/local/lib/python3.10/dist-packages/rm_decision_interfaces/rm_decision_interfaces_s__rosidl_typesupport_introspection_c.cpython-310-x86_64-linux-gnu.so
[5.902s] -- Up-to-date symlink: /workspaces/auto_sentry/install/rm_decision_interfaces/local/lib/python3.10/dist-packages/rm_decision_interfaces/rm_decision_interfaces_s__rosidl_typesupport_fastrtps_c.cpython-310-x86_64-linux-gnu.so
[5.902s] -- Up-to-date symlink: /workspaces/auto_sentry/install/rm_decision_interfaces/local/lib/python3.10/dist-packages/rm_decision_interfaces/rm_decision_interfaces_s__rosidl_typesupport_introspection_c.cpython-310-x86_64-linux-gnu.so
[5.902s] -- Up-to-date symlink: /workspaces/auto_sentry/install/rm_decision_interfaces/local/lib/python3.10/dist-packages/rm_decision_interfaces/rm_decision_interfaces_s__rosidl_typesupport_c.cpython-310-x86_64-linux-gnu.so
[5.902s] -- Up-to-date symlink: /workspaces/auto_sentry/install/rm_decision_interfaces/share/rm_decision_interfaces/msg/AllRobotHP.idl
[5.903s] -- Up-to-date symlink: /workspaces/auto_sentry/install/rm_decision_interfaces/share/rm_decision_interfaces/msg/AllyRobotHP.idl
[5.903s] -- Up-to-date symlink: /workspaces/auto_sentry/install/rm_decision_interfaces/share/rm_decision_interfaces/msg/RobotStatus.idl
[5.903s] -- Up-to-date symlink: /workspaces/auto_sentry/install/rm_decision_interfaces/share/rm_decision_interfaces/msg/FriendLocation.idl
[5.903s] -- Up-to-date symlink: /workspaces/auto_sentry/install/rm_decision_interfaces/share/rm_decision_interfaces/msg/GameStatus.idl
[5.903s] -- Up-to-date symlink: /workspaces/auto_sentry/install/rm_decision_interfaces/share/rm_decision_interfaces/msg/RFID.idl
[5.903s] -- Up-to-date symlink: /workspaces/auto_sentry/install/rm_decision_interfaces/share/rm_decision_interfaces/msg/RobotControl.idl
[5.903s] -- Up-to-date symlink: /workspaces/auto_sentry/install/rm_decision_interfaces/share/rm_decision_interfaces/msg/DecisionNum.idl
[5.903s] -- Up-to-date symlink: /workspaces/auto_sentry/install/rm_decision_interfaces/share/rm_decision_interfaces/msg/EventData.idl
[5.903s] -- Up-to-date symlink: /workspaces/auto_sentry/install/rm_decision_interfaces/share/rm_decision_interfaces/msg/GroundRobotPosition.idl
[5.903s] -- Up-to-date symlink: /workspaces/auto_sentry/install/rm_decision_interfaces/share/rm_decision_interfaces/msg/GameRobotHP.idl
[5.903s] -- Symlinking: /workspaces/auto_sentry/install/rm_decision_interfaces/share/rm_decision_interfaces/msg/RfidStatus.idl
[5.915s] -- Up-to-date symlink: /workspaces/auto_sentry/install/rm_decision_interfaces/share/rm_decision_interfaces/msg/AllRobotHP.msg
[5.915s] -- Up-to-date symlink: /workspaces/auto_sentry/install/rm_decision_interfaces/share/rm_decision_interfaces/msg/AllyRobotHP.msg
[5.915s] -- Up-to-date symlink: /workspaces/auto_sentry/install/rm_decision_interfaces/share/rm_decision_interfaces/msg/RobotStatus.msg
[5.915s] -- Up-to-date symlink: /workspaces/auto_sentry/install/rm_decision_interfaces/share/rm_decision_interfaces/msg/FriendLocation.msg
[5.915s] -- Up-to-date symlink: /workspaces/auto_sentry/install/rm_decision_interfaces/share/rm_decision_interfaces/msg/GameStatus.msg
[5.915s] -- Up-to-date symlink: /workspaces/auto_sentry/install/rm_decision_interfaces/share/rm_decision_interfaces/msg/RFID.msg
[5.915s] -- Up-to-date symlink: /workspaces/auto_sentry/install/rm_decision_interfaces/share/rm_decision_interfaces/msg/RobotControl.msg
[5.915s] -- Up-to-date symlink: /workspaces/auto_sentry/install/rm_decision_interfaces/share/rm_decision_interfaces/msg/DecisionNum.msg
[5.915s] -- Up-to-date symlink: /workspaces/auto_sentry/install/rm_decision_interfaces/share/rm_decision_interfaces/msg/EventData.msg
[5.915s] -- Up-to-date symlink: /workspaces/auto_sentry/install/rm_decision_interfaces/share/rm_decision_interfaces/msg/GroundRobotPosition.msg
[5.915s] -- Up-to-date symlink: /workspaces/auto_sentry/install/rm_decision_interfaces/share/rm_decision_interfaces/msg/GameRobotHP.msg
[5.915s] -- Symlinking: /workspaces/auto_sentry/install/rm_decision_interfaces/share/rm_decision_interfaces/msg/RfidStatus.msg
[5.926s] -- Up-to-date symlink: /workspaces/auto_sentry/install/rm_decision_interfaces/share/ament_index/resource_index/package_run_dependencies/rm_decision_interfaces
[5.926s] -- Up-to-date symlink: /workspaces/auto_sentry/install/rm_decision_interfaces/share/ament_index/resource_index/parent_prefix_path/rm_decision_interfaces
[5.926s] -- Up-to-date symlink: /workspaces/auto_sentry/install/rm_decision_interfaces/share/rm_decision_interfaces/environment/ament_prefix_path.sh
[5.926s] -- Up-to-date symlink: /workspaces/auto_sentry/install/rm_decision_interfaces/share/rm_decision_interfaces/environment/ament_prefix_path.dsv
[5.926s] -- Up-to-date symlink: /workspaces/auto_sentry/install/rm_decision_interfaces/share/rm_decision_interfaces/environment/path.sh
[5.927s] -- Up-to-date symlink: /workspaces/auto_sentry/install/rm_decision_interfaces/share/rm_decision_interfaces/environment/path.dsv
[5.927s] -- Up-to-date symlink: /workspaces/auto_sentry/install/rm_decision_interfaces/share/rm_decision_interfaces/local_setup.bash
[5.927s] -- Up-to-date symlink: /workspaces/auto_sentry/install/rm_decision_interfaces/share/rm_decision_interfaces/local_setup.sh
[5.927s] -- Up-to-date symlink: /workspaces/auto_sentry/install/rm_decision_interfaces/share/rm_decision_interfaces/local_setup.zsh
[5.927s] -- Up-to-date symlink: /workspaces/auto_sentry/install/rm_decision_interfaces/share/rm_decision_interfaces/local_setup.dsv
[5.927s] -- Symlinking: /workspaces/auto_sentry/install/rm_decision_interfaces/share/rm_decision_interfaces/package.dsv
[5.935s] -- Up-to-date symlink: /workspaces/auto_sentry/install/rm_decision_interfaces/share/ament_index/resource_index/packages/rm_decision_interfaces
[5.935s] -- Up-to-date symlink: /workspaces/auto_sentry/install/rm_decision_interfaces/share/rm_decision_interfaces/cmake/rosidl_cmake-extras.cmake
[5.935s] -- Up-to-date symlink: /workspaces/auto_sentry/install/rm_decision_interfaces/share/rm_decision_interfaces/cmake/ament_cmake_export_dependencies-extras.cmake
[5.936s] -- Up-to-date symlink: /workspaces/auto_sentry/install/rm_decision_interfaces/share/rm_decision_interfaces/cmake/ament_cmake_export_include_directories-extras.cmake
[5.936s] -- Up-to-date symlink: /workspaces/auto_sentry/install/rm_decision_interfaces/share/rm_decision_interfaces/cmake/ament_cmake_export_libraries-extras.cmake
[5.936s] -- Up-to-date symlink: /workspaces/auto_sentry/install/rm_decision_interfaces/share/rm_decision_interfaces/cmake/ament_cmake_export_targets-extras.cmake
[5.936s] -- Up-to-date symlink: /workspaces/auto_sentry/install/rm_decision_interfaces/share/rm_decision_interfaces/cmake/rosidl_cmake_export_typesupport_targets-extras.cmake
[5.936s] -- Up-to-date symlink: /workspaces/auto_sentry/install/rm_decision_interfaces/share/rm_decision_interfaces/cmake/rosidl_cmake_export_typesupport_libraries-extras.cmake
[5.936s] -- Up-to-date symlink: /workspaces/auto_sentry/install/rm_decision_interfaces/share/rm_decision_interfaces/cmake/rm_decision_interfacesConfig.cmake
[5.936s] -- Up-to-date symlink: /workspaces/auto_sentry/install/rm_decision_interfaces/share/rm_decision_interfaces/cmake/rm_decision_interfacesConfig-version.cmake
[5.936s] -- Up-to-date symlink: /workspaces/auto_sentry/install/rm_decision_interfaces/share/rm_decision_interfaces/package.xml
[5.936s] -- Installing: /workspaces/auto_sentry/install/rm_decision_interfaces/lib/librm_decision_interfaces__rosidl_generator_c.so
[5.937s] -- Set runtime path of "/workspaces/auto_sentry/install/rm_decision_interfaces/lib/librm_decision_interfaces__rosidl_generator_c.so" to ""
[5.937s] -- Installing: /workspaces/auto_sentry/install/rm_decision_interfaces/lib/librm_decision_interfaces__rosidl_typesupport_fastrtps_c.so
[5.937s] -- Set runtime path of "/workspaces/auto_sentry/install/rm_decision_interfaces/lib/librm_decision_interfaces__rosidl_typesupport_fastrtps_c.so" to ""
[5.937s] -- Installing: /workspaces/auto_sentry/install/rm_decision_interfaces/lib/librm_decision_interfaces__rosidl_typesupport_introspection_c.so
[5.937s] -- Set runtime path of "/workspaces/auto_sentry/install/rm_decision_interfaces/lib/librm_decision_interfaces__rosidl_typesupport_introspection_c.so" to ""
[5.937s] -- Installing: /workspaces/auto_sentry/install/rm_decision_interfaces/lib/librm_decision_interfaces__rosidl_typesupport_c.so
[5.937s] -- Set runtime path of "/workspaces/auto_sentry/install/rm_decision_interfaces/lib/librm_decision_interfaces__rosidl_typesupport_c.so" to ""
[5.937s] -- Installing: /workspaces/auto_sentry/install/rm_decision_interfaces/lib/librm_decision_interfaces__rosidl_typesupport_fastrtps_cpp.so
[5.937s] -- Set runtime path of "/workspaces/auto_sentry/install/rm_decision_interfaces/lib/librm_decision_interfaces__rosidl_typesupport_fastrtps_cpp.so" to ""
[5.937s] -- Installing: /workspaces/auto_sentry/install/rm_decision_interfaces/lib/librm_decision_interfaces__rosidl_typesupport_introspection_cpp.so
[5.937s] -- Set runtime path of "/workspaces/auto_sentry/install/rm_decision_interfaces/lib/librm_decision_interfaces__rosidl_typesupport_introspection_cpp.so" to ""
[5.937s] -- Installing: /workspaces/auto_sentry/install/rm_decision_interfaces/lib/librm_decision_interfaces__rosidl_typesupport_cpp.so
[5.937s] -- Set runtime path of "/workspaces/auto_sentry/install/rm_decision_interfaces/lib/librm_decision_interfaces__rosidl_typesupport_cpp.so" to ""
[5.971s] Listing '/workspaces/auto_sentry/install/rm_decision_interfaces/local/lib/python3.10/dist-packages/rm_decision_interfaces'...
[5.972s] Compiling '/workspaces/auto_sentry/install/rm_decision_interfaces/local/lib/python3.10/dist-packages/rm_decision_interfaces/__init__.py'...
[5.972s] Listing '/workspaces/auto_sentry/install/rm_decision_interfaces/local/lib/python3.10/dist-packages/rm_decision_interfaces/msg'...
[5.972s] Compiling '/workspaces/auto_sentry/install/rm_decision_interfaces/local/lib/python3.10/dist-packages/rm_decision_interfaces/msg/__init__.py'...
[5.972s] Compiling '/workspaces/auto_sentry/install/rm_decision_interfaces/local/lib/python3.10/dist-packages/rm_decision_interfaces/msg/_all_robot_hp.py'...
[5.972s] Compiling '/workspaces/auto_sentry/install/rm_decision_interfaces/local/lib/python3.10/dist-packages/rm_decision_interfaces/msg/_ally_robot_hp.py'...
[5.972s] Compiling '/workspaces/auto_sentry/install/rm_decision_interfaces/local/lib/python3.10/dist-packages/rm_decision_interfaces/msg/_decision_num.py'...
[5.972s] Compiling '/workspaces/auto_sentry/install/rm_decision_interfaces/local/lib/python3.10/dist-packages/rm_decision_interfaces/msg/_event_data.py'...
[5.972s] Compiling '/workspaces/auto_sentry/install/rm_decision_interfaces/local/lib/python3.10/dist-packages/rm_decision_interfaces/msg/_friend_location.py'...
[5.972s] Compiling '/workspaces/auto_sentry/install/rm_decision_interfaces/local/lib/python3.10/dist-packages/rm_decision_interfaces/msg/_game_robot_hp.py'...
[5.972s] Compiling '/workspaces/auto_sentry/install/rm_decision_interfaces/local/lib/python3.10/dist-packages/rm_decision_interfaces/msg/_game_status.py'...
[5.972s] Compiling '/workspaces/auto_sentry/install/rm_decision_interfaces/local/lib/python3.10/dist-packages/rm_decision_interfaces/msg/_ground_robot_position.py'...
[5.972s] Compiling '/workspaces/auto_sentry/install/rm_decision_interfaces/local/lib/python3.10/dist-packages/rm_decision_interfaces/msg/_rfid.py'...
[5.972s] Compiling '/workspaces/auto_sentry/install/rm_decision_interfaces/local/lib/python3.10/dist-packages/rm_decision_interfaces/msg/_rfid_status.py'...
[5.972s] Compiling '/workspaces/auto_sentry/install/rm_decision_interfaces/local/lib/python3.10/dist-packages/rm_decision_interfaces/msg/_robot_control.py'...
[5.972s] Compiling '/workspaces/auto_sentry/install/rm_decision_interfaces/local/lib/python3.10/dist-packages/rm_decision_interfaces/msg/_robot_status.py'...
[5.975s] -- Installing: /workspaces/auto_sentry/install/rm_decision_interfaces/lib/librm_decision_interfaces__rosidl_generator_py.so
[5.975s] -- Set runtime path of "/workspaces/auto_sentry/install/rm_decision_interfaces/lib/librm_decision_interfaces__rosidl_generator_py.so" to ""
[5.975s] -- Up-to-date: /workspaces/auto_sentry/install/rm_decision_interfaces/share/rm_decision_interfaces/cmake/export_rm_decision_interfaces__rosidl_generator_cExport.cmake
[5.975s] -- Up-to-date: /workspaces/auto_sentry/install/rm_decision_interfaces/share/rm_decision_interfaces/cmake/export_rm_decision_interfaces__rosidl_generator_cExport-noconfig.cmake
[5.975s] -- Up-to-date: /workspaces/auto_sentry/install/rm_decision_interfaces/share/rm_decision_interfaces/cmake/export_rm_decision_interfaces__rosidl_typesupport_fastrtps_cExport.cmake
[5.975s] -- Up-to-date: /workspaces/auto_sentry/install/rm_decision_interfaces/share/rm_decision_interfaces/cmake/export_rm_decision_interfaces__rosidl_typesupport_fastrtps_cExport-noconfig.cmake
[5.975s] -- Up-to-date: /workspaces/auto_sentry/install/rm_decision_interfaces/share/rm_decision_interfaces/cmake/rm_decision_interfaces__rosidl_typesupport_introspection_cExport.cmake
[5.975s] -- Up-to-date: /workspaces/auto_sentry/install/rm_decision_interfaces/share/rm_decision_interfaces/cmake/rm_decision_interfaces__rosidl_typesupport_introspection_cExport-noconfig.cmake
[5.975s] -- Up-to-date: /workspaces/auto_sentry/install/rm_decision_interfaces/share/rm_decision_interfaces/cmake/rm_decision_interfaces__rosidl_typesupport_cExport.cmake
[5.975s] -- Up-to-date: /workspaces/auto_sentry/install/rm_decision_interfaces/share/rm_decision_interfaces/cmake/rm_decision_interfaces__rosidl_typesupport_cExport-noconfig.cmake
[5.976s] -- Up-to-date: /workspaces/auto_sentry/install/rm_decision_interfaces/share/rm_decision_interfaces/cmake/export_rm_decision_interfaces__rosidl_generator_cppExport.cmake
[5.976s] -- Up-to-date: /workspaces/auto_sentry/install/rm_decision_interfaces/share/rm_decision_interfaces/cmake/export_rm_decision_interfaces__rosidl_typesupport_fastrtps_cppExport.cmake
[5.976s] -- Up-to-date: /workspaces/auto_sentry/install/rm_decision_interfaces/share/rm_decision_interfaces/cmake/export_rm_decision_interfaces__rosidl_typesupport_fastrtps_cppExport-noconfig.cmake
[5.976s] -- Up-to-date: /workspaces/auto_sentry/install/rm_decision_interfaces/share/rm_decision_interfaces/cmake/rm_decision_interfaces__rosidl_typesupport_introspection_cppExport.cmake
[5.976s] -- Up-to-date: /workspaces/auto_sentry/install/rm_decision_interfaces/share/rm_decision_interfaces/cmake/rm_decision_interfaces__rosidl_typesupport_introspection_cppExport-noconfig.cmake
[5.976s] -- Up-to-date: /workspaces/auto_sentry/install/rm_decision_interfaces/share/rm_decision_interfaces/cmake/rm_decision_interfaces__rosidl_typesupport_cppExport.cmake
[5.976s] -- Up-to-date: /workspaces/auto_sentry/install/rm_decision_interfaces/share/rm_decision_interfaces/cmake/rm_decision_interfaces__rosidl_typesupport_cppExport-noconfig.cmake
[5.976s] -- Up-to-date: /workspaces/auto_sentry/install/rm_decision_interfaces/share/rm_decision_interfaces/cmake/export_rm_decision_interfaces__rosidl_generator_pyExport.cmake
[5.976s] -- Up-to-date: /workspaces/auto_sentry/install/rm_decision_interfaces/share/rm_decision_interfaces/cmake/export_rm_decision_interfaces__rosidl_generator_pyExport-noconfig.cmake
[5.977s] Invoked command in '/workspaces/auto_sentry/build/rm_decision_interfaces' returned '0': CMAKE_PREFIX_PATH=/opt/ros/humble /usr/bin/cmake --install /workspaces/auto_sentry/build/rm_decision_interfaces
