[0.106s] Invoking command in '/workspaces/auto_sentry/build/costmap_converter_msgs': CMAKE_PREFIX_PATH=${CMAKE_PREFIX_PATH}:/opt/ros/humble /usr/bin/cmake /workspaces/auto_sentry/src/pb_rmsimulation/src/rm_navigation/costmap_converter/costmap_converter_msgs -DAMENT_CMAKE_SYMLINK_INSTALL=1 -DCMAKE_INSTALL_PREFIX=/workspaces/auto_sentry/install/costmap_converter_msgs
[0.234s] -- The C compiler identification is GNU 11.4.0
[0.333s] -- The CXX compiler identification is GNU 11.4.0
[0.345s] -- Detecting C compiler ABI info
[0.482s] -- Detecting C compiler ABI info - done
[0.496s] -- Check for working C compiler: /usr/bin/cc - skipped
[0.496s] -- Detecting C compile features
[0.498s] -- Detecting C compile features - done
[0.502s] -- Detecting CXX compiler ABI info
[0.629s] -- Detecting CXX compiler ABI info - done
[0.643s] -- Check for working CXX compiler: /usr/bin/c++ - skipped
[0.643s] -- Detecting CXX compile features
[0.644s] -- Detecting CXX compile features - done
[0.650s] -- Found ament_cmake: 1.3.9 (/opt/ros/humble/share/ament_cmake/cmake)
[0.857s] -- Found Python3: /usr/bin/python3 (found version "3.10.12") found components: Interpreter 
[0.968s] -- Override CMake install command with custom implementation using symlinks instead of copying resources
[1.035s] -- Found builtin_interfaces: 1.2.1 (/opt/ros/humble/share/builtin_interfaces/cmake)
[1.095s] -- Found rosidl_generator_c: 3.1.5 (/opt/ros/humble/share/rosidl_generator_c/cmake)
[1.105s] -- Found rosidl_adapter: 3.1.5 (/opt/ros/humble/share/rosidl_adapter/cmake)
[1.122s] -- Found rosidl_generator_cpp: 3.1.5 (/opt/ros/humble/share/rosidl_generator_cpp/cmake)
[1.150s] -- Using all available rosidl_typesupport_c: rosidl_typesupport_fastrtps_c;rosidl_typesupport_introspection_c
[1.190s] -- Using all available rosidl_typesupport_cpp: rosidl_typesupport_fastrtps_cpp;rosidl_typesupport_introspection_cpp
[1.221s] -- Found geometry_msgs: 4.2.3 (/opt/ros/humble/share/geometry_msgs/cmake)
[1.401s] -- Found rosidl_default_generators: 1.2.0 (/opt/ros/humble/share/rosidl_default_generators/cmake)
[1.790s] -- Found ament_cmake_ros: 0.10.0 (/opt/ros/humble/share/ament_cmake_ros/cmake)
[2.337s] -- Using all available rosidl_typesupport_c: rosidl_typesupport_fastrtps_c;rosidl_typesupport_introspection_c
[2.575s] -- Using all available rosidl_typesupport_cpp: rosidl_typesupport_fastrtps_cpp;rosidl_typesupport_introspection_cpp
[2.605s] -- Found PythonInterp: /usr/bin/python3 (found suitable version "3.10.12", minimum required is "3.6") 
[2.607s] -- Found python_cmake_module: 0.10.0 (/opt/ros/humble/share/python_cmake_module/cmake)
[2.633s] -- Found PythonLibs: /usr/lib/x86_64-linux-gnu/libpython3.10.so (found suitable version "3.10.12", minimum required is "3.5") 
[2.634s] -- Using PYTHON_EXECUTABLE: /usr/bin/python3
[2.634s] -- Using PYTHON_INCLUDE_DIRS: /usr/include/python3.10
[2.634s] -- Using PYTHON_LIBRARIES: /usr/lib/x86_64-linux-gnu/libpython3.10.so
[2.654s] -- Found PythonExtra: .so  
[2.769s] -- Configuring done
[2.809s] -- Generating done
[2.812s] -- Build files have been written to: /workspaces/auto_sentry/build/costmap_converter_msgs
