-- The C compiler identification is GNU 11.4.0
-- The CXX compiler identification is GNU 11.4.0
-- Detecting C compiler ABI info
-- Detecting C compiler ABI info - done
-- Check for working C compiler: /usr/bin/cc - skipped
-- Detecting C compile features
-- Detecting C compile features - done
-- Detecting CXX compiler ABI info
-- Detecting CXX compiler ABI info - done
-- Check for working CXX compiler: /usr/bin/c++ - skipped
-- Detecting CXX compile features
-- Detecting CXX compile features - done
-- Setting build type to 'Release' as none was specified.
-- Found Python3: /usr/bin/python3 (found version "3.10.12") found components: Interpreter 
-- Override CMake install command with custom implementation using symlinks instead of copying resources
-- ------------------------------------------
-- BehaviorTree is being built using AMENT.
-- ------------------------------------------
-- Found ament_index_cpp: 1.4.0 (/opt/ros/humble/share/ament_index_cpp/cmake)
-- Found tinyxml2_vendor: 0.7.6 (/opt/ros/humble/share/tinyxml2_vendor/cmake)
-- Found TinyXML2: /usr/lib/x86_64-linux-gnu/libtinyxml2.so  
-- Looking for pthread.h
-- Looking for pthread.h - found
-- Performing Test CMAKE_HAVE_LIBC_PTHREAD
-- Performing Test CMAKE_HAVE_LIBC_PTHREAD - Success
-- Found Threads: TRUE  
-- Found ZeroMQ: /usr/lib/x86_64-linux-gnu/libzmq.so  
-- Found SQLite3: /usr/include (found version "3.37.2") 
-- BTCPP_EXTRA_LIBRARIES: $<BUILD_INTERFACE:ament_index_cpp::ament_index_cpp>;$<BUILD_INTERFACE:>;$<BUILD_INTERFACE:>
-- BTCPP_LIB_DESTINATION:   lib 
-- BTCPP_INCLUDE_DESTINATION: include 
-- BUILD_TESTING:   ON 
-- Found ament_cmake_gtest: 1.3.9 (/opt/ros/humble/share/ament_cmake_gtest/cmake)
-- Found gtest sources under '/opt/ros/humble/src/gtest_vendor': C++ tests using 'Google Test' will be built
-- Configuring done
-- Generating done
-- Build files have been written to: /workspaces/auto_sentry/build/behaviortree_cpp
[  1%] [32mBuilding CXX object 3rdparty/minitrace/CMakeFiles/minitrace.dir/minitrace.cpp.o[0m
[  1%] [32mBuilding CXX object gtest/CMakeFiles/gtest.dir/src/gtest-all.cc.o[0m
[  2%] [32mBuilding CXX object 3rdparty/lexy/src/CMakeFiles/lexy_file.dir/input/file.cpp.o[0m
[  3%] [32mBuilding CXX object gtest/CMakeFiles/gtest_main.dir/src/gtest_main.cc.o[0m
[  4%] [32m[1mLinking CXX static library liblexy_file.a[0m
[  4%] [32m[1mLinking CXX static library libminitrace.a[0m
[  4%] Built target minitrace
[  4%] Built target lexy_file
[  4%] [32mBuilding CXX object CMakeFiles/behaviortree_cpp.dir/src/blackboard.cpp.o[0m
[  5%] [32mBuilding CXX object CMakeFiles/behaviortree_cpp.dir/src/condition_node.cpp.o[0m
[  5%] [32mBuilding CXX object CMakeFiles/behaviortree_cpp.dir/src/json_export.cpp.o[0m
[  5%] [32mBuilding CXX object CMakeFiles/behaviortree_cpp.dir/src/control_node.cpp.o[0m
[  5%] [32mBuilding CXX object CMakeFiles/behaviortree_cpp.dir/src/action_node.cpp.o[0m
[  6%] [32mBuilding CXX object CMakeFiles/behaviortree_cpp.dir/src/basic_types.cpp.o[0m
[  7%] [32mBuilding CXX object CMakeFiles/behaviortree_cpp.dir/src/behavior_tree.cpp.o[0m
[  8%] [32mBuilding CXX object CMakeFiles/behaviortree_cpp.dir/src/decorator_node.cpp.o[0m
[  9%] [32mBuilding CXX object CMakeFiles/behaviortree_cpp.dir/src/decorators/delay_node.cpp.o[0m
[ 10%] [32mBuilding CXX object CMakeFiles/behaviortree_cpp.dir/src/bt_factory.cpp.o[0m
[ 11%] [32mBuilding CXX object CMakeFiles/behaviortree_cpp.dir/src/decorators/retry_node.cpp.o[0m
[ 12%] [32mBuilding CXX object CMakeFiles/behaviortree_cpp.dir/src/script_parser.cpp.o[0m
[ 12%] [32mBuilding CXX object CMakeFiles/behaviortree_cpp.dir/src/decorators/repeat_node.cpp.o[0m
[ 13%] [32mBuilding CXX object CMakeFiles/behaviortree_cpp.dir/src/shared_library.cpp.o[0m
[ 14%] [32mBuilding CXX object CMakeFiles/behaviortree_cpp.dir/src/decorators/subtree_node.cpp.o[0m
[ 15%] [32mBuilding CXX object CMakeFiles/behaviortree_cpp.dir/src/tree_node.cpp.o[0m
[ 16%] [32mBuilding CXX object CMakeFiles/behaviortree_cpp.dir/src/xml_parsing.cpp.o[0m
[ 17%] [32mBuilding CXX object CMakeFiles/behaviortree_cpp.dir/src/decorators/timeout_node.cpp.o[0m
[ 17%] [32mBuilding CXX object CMakeFiles/behaviortree_cpp.dir/src/decorators/updated_decorator.cpp.o[0m
[ 17%] [32mBuilding CXX object CMakeFiles/behaviortree_cpp.dir/src/actions/sleep_node.cpp.o[0m
[ 18%] [32mBuilding CXX object CMakeFiles/behaviortree_cpp.dir/src/decorators/inverter_node.cpp.o[0m
[ 19%] [32mBuilding CXX object CMakeFiles/behaviortree_cpp.dir/src/controls/if_then_else_node.cpp.o[0m
[ 20%] [32mBuilding CXX object CMakeFiles/behaviortree_cpp.dir/src/controls/fallback_node.cpp.o[0m
[ 21%] [32mBuilding CXX object CMakeFiles/behaviortree_cpp.dir/src/actions/updated_action.cpp.o[0m
[ 21%] [32mBuilding CXX object CMakeFiles/behaviortree_cpp.dir/src/controls/parallel_node.cpp.o[0m
[ 22%] [32mBuilding CXX object CMakeFiles/behaviortree_cpp.dir/src/actions/test_node.cpp.o[0m
[ 22%] [32m[1mLinking CXX static library libgtest_main.a[0m
[ 22%] Built target gtest_main
[ 23%] [32mBuilding CXX object CMakeFiles/behaviortree_cpp.dir/src/controls/parallel_all_node.cpp.o[0m
[ 24%] [32mBuilding CXX object CMakeFiles/behaviortree_cpp.dir/src/controls/reactive_sequence.cpp.o[0m
[ 25%] [32mBuilding CXX object CMakeFiles/behaviortree_cpp.dir/src/controls/reactive_fallback.cpp.o[0m
[ 26%] [32m[1mLinking CXX static library libgtest.a[0m
[ 26%] Built target gtest
[ 27%] [32mBuilding CXX object CMakeFiles/behaviortree_cpp.dir/src/shared_library_UNIX.cpp.o[0m
[ 28%] [32mBuilding CXX object CMakeFiles/behaviortree_cpp.dir/src/loggers/bt_sqlite_logger.cpp.o[0m
[ 28%] [32mBuilding CXX object CMakeFiles/behaviortree_cpp.dir/src/loggers/groot2_publisher.cpp.o[0m
[ 29%] [32mBuilding CXX object CMakeFiles/behaviortree_cpp.dir/src/loggers/bt_observer.cpp.o[0m
[ 30%] [32mBuilding CXX object CMakeFiles/behaviortree_cpp.dir/src/loggers/bt_minitrace_logger.cpp.o[0m
[ 31%] [32mBuilding CXX object CMakeFiles/behaviortree_cpp.dir/src/controls/while_do_else_node.cpp.o[0m
[ 32%] [32mBuilding CXX object CMakeFiles/behaviortree_cpp.dir/src/loggers/bt_file_logger_v2.cpp.o[0m
[ 32%] [32mBuilding CXX object CMakeFiles/behaviortree_cpp.dir/src/loggers/bt_cout_logger.cpp.o[0m
[ 33%] [32mBuilding CXX object CMakeFiles/behaviortree_cpp.dir/src/controls/sequence_with_memory_node.cpp.o[0m
[ 34%] [32mBuilding CXX object CMakeFiles/behaviortree_cpp.dir/src/controls/switch_node.cpp.o[0m
[ 34%] [32mBuilding CXX object CMakeFiles/behaviortree_cpp.dir/src/controls/sequence_node.cpp.o[0m
[ 34%] [32m[1mLinking CXX shared library libbehaviortree_cpp.so[0m
[ 34%] Built target behaviortree_cpp
[ 36%] [32mBuilding CXX object sample_nodes/CMakeFiles/crossdoor_nodes_dyn.dir/crossdoor_nodes.cpp.o[0m
[ 36%] [32mBuilding CXX object sample_nodes/CMakeFiles/bt_sample_nodes.dir/dummy_nodes.cpp.o[0m
[ 36%] [32mBuilding CXX object sample_nodes/CMakeFiles/dummy_nodes_dyn.dir/dummy_nodes.cpp.o[0m
[ 37%] [32mBuilding CXX object sample_nodes/CMakeFiles/bt_sample_nodes.dir/crossdoor_nodes.cpp.o[0m
[ 38%] [32mBuilding CXX object tools/CMakeFiles/bt4_plugin_manifest.dir/bt_plugin_manifest.cpp.o[0m
[ 39%] [32mBuilding CXX object sample_nodes/CMakeFiles/movebase_node_dyn.dir/movebase_node.cpp.o[0m
[ 40%] [32mBuilding CXX object sample_nodes/CMakeFiles/bt_sample_nodes.dir/movebase_node.cpp.o[0m
[ 41%] [32m[1mLinking CXX shared library bin/libcrossdoor_nodes_dyn.so[0m
[ 41%] Built target crossdoor_nodes_dyn
[ 42%] [32mBuilding CXX object examples/CMakeFiles/test_plugin_executor.dir/plugin_example/plugin_executor.cpp.o[0m
[ 42%] [32mBuilding CXX object examples/CMakeFiles/test_plugin_action.dir/plugin_example/plugin_action.cpp.o[0m
[ 42%] [32m[1mLinking CXX executable bt4_plugin_manifest[0m
[ 42%] Built target bt4_plugin_manifest
[ 43%] [32mBuilding CXX object examples/CMakeFiles/t01_first_tree_dynamic.dir/t01_build_your_first_tree.cpp.o[0m
[ 43%] [32m[1mLinking CXX static library lib/libbt_sample_nodes.a[0m
[ 43%] Built target bt_sample_nodes
[ 44%] [32mBuilding CXX object tests/CMakeFiles/behaviortree_cpp_test.dir/src/action_test_node.cpp.o[0m
[ 45%] [32mBuilding CXX object examples/CMakeFiles/t01_first_tree_static.dir/t01_build_your_first_tree.cpp.o[0m
[ 46%] [32mBuilding CXX object tests/CMakeFiles/behaviortree_cpp_test.dir/src/condition_test_node.cpp.o[0m
[ 47%] [32m[1mLinking CXX shared library bin/libmovebase_node_dyn.so[0m
[ 47%] Built target movebase_node_dyn
[ 48%] [32mBuilding CXX object tests/CMakeFiles/behaviortree_cpp_test.dir/gtest_any.cpp.o[0m
[ 49%] [32mBuilding CXX object examples/CMakeFiles/ex03_sqlite_log.dir/ex03_sqlite_log.cpp.o[0m
[ 50%] [32m[1mLinking CXX shared library bin/libdummy_nodes_dyn.so[0m
[ 50%] Built target dummy_nodes_dyn
[ 50%] [32mBuilding CXX object tests/CMakeFiles/behaviortree_cpp_test.dir/gtest_blackboard.cpp.o[0m
[ 51%] [32mBuilding CXX object examples/CMakeFiles/ex01_wrap_legacy.dir/ex01_wrap_legacy.cpp.o[0m
[ 51%] [32mBuilding CXX object examples/CMakeFiles/ex02_runtime_ports.dir/ex02_runtime_ports.cpp.o[0m
[ 51%] [32m[1mLinking CXX executable t01_first_tree_dynamic[0m
[ 52%] [32m[1mLinking CXX executable test_plugin_executor[0m
[ 52%] Built target t01_first_tree_dynamic
[ 52%] Built target test_plugin_executor
[ 53%] [32m[1mLinking CXX shared library test_plugin_action.so[0m
[ 53%] Built target test_plugin_action
[ 54%] [32m[1mLinking CXX executable t01_first_tree_static[0m
[ 54%] Built target t01_first_tree_static
[ 55%] [32m[1mLinking CXX executable ex01_wrap_legacy[0m
[ 55%] Built target ex01_wrap_legacy
[ 56%] [32m[1mLinking CXX executable ex02_runtime_ports[0m
[ 56%] Built target ex02_runtime_ports
[ 57%] [32mBuilding CXX object tests/CMakeFiles/behaviortree_cpp_test.dir/gtest_postconditions.cpp.o[0m
[ 58%] [32mBuilding CXX object tests/CMakeFiles/behaviortree_cpp_test.dir/gtest_ports.cpp.o[0m
[ 59%] [32m[1mLinking CXX executable ex03_sqlite_log[0m
[ 59%] Built target ex03_sqlite_log
[ 60%] [32mBuilding CXX object tests/CMakeFiles/behaviortree_cpp_test.dir/gtest_match.cpp.o[0m
[ 61%] [32mBuilding CXX object examples/CMakeFiles/t17_blackboard_backup.dir/t17_blackboard_backup.cpp.o[0m
[ 61%] [32mBuilding CXX object examples/CMakeFiles/t18_waypoints.dir/t18_waypoints.cpp.o[0m
[ 61%] [32mBuilding CXX object tests/CMakeFiles/behaviortree_cpp_test.dir/gtest_preconditions.cpp.o[0m
[ 62%] [32mBuilding CXX object tests/CMakeFiles/behaviortree_cpp_test.dir/gtest_parallel.cpp.o[0m
[ 62%] [32mBuilding CXX object tests/CMakeFiles/behaviortree_cpp_test.dir/gtest_json.cpp.o[0m
[ 62%] [32mBuilding CXX object tests/CMakeFiles/behaviortree_cpp_test.dir/gtest_factory.cpp.o[0m
[ 63%] [32mBuilding CXX object tests/CMakeFiles/behaviortree_cpp_test.dir/gtest_fallback.cpp.o[0m
[ 64%] [32mBuilding CXX object tests/CMakeFiles/behaviortree_cpp_test.dir/gtest_enums.cpp.o[0m
[ 65%] [32m[1mLinking CXX executable t17_blackboard_backup[0m
[ 67%] [32mBuilding CXX object tests/CMakeFiles/behaviortree_cpp_test.dir/gtest_decorator.cpp.o[0m
[ 67%] [32mBuilding CXX object tests/CMakeFiles/behaviortree_cpp_test.dir/gtest_coroutines.cpp.o[0m
[ 68%] [32mBuilding CXX object tests/CMakeFiles/behaviortree_cpp_test.dir/gtest_reactive.cpp.o[0m
[ 68%] Built target t17_blackboard_backup
[ 69%] [32mBuilding CXX object tests/CMakeFiles/behaviortree_cpp_test.dir/gtest_reactive_backchaining.cpp.o[0m
[ 69%] [32mBuilding CXX object examples/CMakeFiles/t15_nodes_mocking.dir/t15_nodes_mocking.cpp.o[0m
[ 70%] [32mBuilding CXX object examples/CMakeFiles/t16_global_blackboard.dir/t16_global_blackboard.cpp.o[0m
[ 71%] [32mBuilding CXX object examples/CMakeFiles/t14_subtree_model.dir/t14_subtree_model.cpp.o[0m
[ 72%] [32mBuilding CXX object tests/CMakeFiles/behaviortree_cpp_test.dir/gtest_sequence.cpp.o[0m
[ 73%] [32m[1mLinking CXX executable t18_waypoints[0m
[ 73%] Built target t18_waypoints
[ 73%] [32mBuilding CXX object tests/CMakeFiles/behaviortree_cpp_test.dir/gtest_skipping.cpp.o[0m
[ 74%] [32mBuilding CXX object examples/CMakeFiles/t12_default_ports.dir/t12_default_ports.cpp.o[0m
[ 75%] [32mBuilding CXX object examples/CMakeFiles/t13_access_by_ref.dir/t13_access_by_ref.cpp.o[0m
[ 76%] [32mBuilding CXX object examples/CMakeFiles/t11_groot_howto.dir/t11_groot_howto.cpp.o[0m
[ 77%] [32m[1mLinking CXX executable t14_subtree_model[0m
[ 77%] Built target t14_subtree_model
[ 78%] [32m[1mLinking CXX executable t15_nodes_mocking[0m
[ 78%] Built target t15_nodes_mocking
[ 79%] [32m[1mLinking CXX executable t16_global_blackboard[0m
[ 79%] Built target t16_global_blackboard
[ 79%] [32m[1mLinking CXX executable t13_access_by_ref[0m
[ 79%] Built target t13_access_by_ref
[ 81%] [32mBuilding CXX object tests/CMakeFiles/behaviortree_cpp_test.dir/script_parser_test.cpp.o[0m
[ 81%] [32mBuilding CXX object tests/CMakeFiles/behaviortree_cpp_test.dir/gtest_interface.cpp.o[0m
[ 81%] [32mBuilding CXX object tests/CMakeFiles/behaviortree_cpp_test.dir/gtest_wakeup.cpp.o[0m
[ 82%] [32mBuilding CXX object tests/CMakeFiles/behaviortree_cpp_test.dir/gtest_updates.cpp.o[0m
[ 83%] [32mBuilding CXX object tests/CMakeFiles/behaviortree_cpp_test.dir/gtest_tree.cpp.o[0m
[ 84%] [32m[1mLinking CXX executable t12_default_ports[0m
[ 84%] Built target t12_default_ports
[ 84%] [32mBuilding CXX object examples/CMakeFiles/t08_additional_node_args.dir/t08_additional_node_args.cpp.o[0m
[ 86%] [32mBuilding CXX object examples/CMakeFiles/t10_observer.dir/t10_observer.cpp.o[0m
[ 86%] [32mBuilding CXX object examples/CMakeFiles/t09_scripting.dir/t09_scripting.cpp.o[0m
[ 86%] [32mBuilding CXX object tests/CMakeFiles/behaviortree_cpp_test.dir/gtest_switch.cpp.o[0m
[ 87%] [32mBuilding CXX object tests/CMakeFiles/behaviortree_cpp_test.dir/gtest_subtree.cpp.o[0m
[ 87%] [32m[1mLinking CXX executable t11_groot_howto[0m
[ 87%] Built target t11_groot_howto
[ 87%] [32mBuilding CXX object examples/CMakeFiles/t06_subtree_port_remapping.dir/t06_subtree_port_remapping.cpp.o[0m
[ 88%] [32mBuilding CXX object examples/CMakeFiles/t07_load_multiple_xml.dir/t07_load_multiple_xml.cpp.o[0m
[ 89%] [32mBuilding CXX object tests/CMakeFiles/behaviortree_cpp_test.dir/gtest_substitution.cpp.o[0m
[ 89%] [32m[1mLinking CXX executable t09_scripting[0m
[ 90%] [32m[1mLinking CXX executable t08_additional_node_args[0m
[ 90%] Built target t09_scripting
[ 90%] [32mBuilding CXX object examples/CMakeFiles/t02_basic_ports.dir/t02_basic_ports.cpp.o[0m
[ 90%] [32mBuilding CXX object examples/CMakeFiles/t04_reactive_sequence.dir/t04_reactive_sequence.cpp.o[0m
[ 91%] [32mBuilding CXX object examples/CMakeFiles/t05_crossdoor.dir/t05_crossdoor.cpp.o[0m
[ 92%] [32mBuilding CXX object examples/CMakeFiles/t03_generic_ports.dir/t03_generic_ports.cpp.o[0m
[ 92%] Built target t08_additional_node_args
[ 93%] [32m[1mLinking CXX executable t07_load_multiple_xml[0m
[ 93%] Built target t07_load_multiple_xml
[ 94%] [32m[1mLinking CXX executable t06_subtree_port_remapping[0m
[ 94%] Built target t06_subtree_port_remapping
[ 95%] [32m[1mLinking CXX executable t10_observer[0m
[ 95%] Built target t10_observer
[ 96%] [32m[1mLinking CXX executable t05_crossdoor[0m
[ 96%] Built target t05_crossdoor
[ 97%] [32m[1mLinking CXX executable t04_reactive_sequence[0m
[ 97%] Built target t04_reactive_sequence
[ 98%] [32m[1mLinking CXX executable t02_basic_ports[0m
[ 99%] [32m[1mLinking CXX executable t03_generic_ports[0m
[ 99%] Built target t02_basic_ports
[ 99%] Built target t03_generic_ports
[100%] [32m[1mLinking CXX executable behaviortree_cpp_test[0m
[100%] Built target behaviortree_cpp_test
-- Install configuration: "Release"
-- Execute custom install script
-- Symlinking: /workspaces/auto_sentry/install/behaviortree_cpp/share/behaviortree_cpp/bt_plugins/libcrossdoor_nodes_dyn.so
-- Symlinking: /workspaces/auto_sentry/install/behaviortree_cpp/share/behaviortree_cpp/bt_plugins/libdummy_nodes_dyn.so
-- Symlinking: /workspaces/auto_sentry/install/behaviortree_cpp/share/behaviortree_cpp/bt_plugins/libmovebase_node_dyn.so
-- Symlinking: /workspaces/auto_sentry/install/behaviortree_cpp/bin/bt4_plugin_manifest
-- Symlinking: /workspaces/auto_sentry/install/behaviortree_cpp/share/behaviortree_cpp/environment/library_path.sh
-- Symlinking: /workspaces/auto_sentry/install/behaviortree_cpp/share/behaviortree_cpp/environment/library_path.dsv
-- Symlinking: /workspaces/auto_sentry/install/behaviortree_cpp/share/ament_index/resource_index/package_run_dependencies/behaviortree_cpp
-- Symlinking: /workspaces/auto_sentry/install/behaviortree_cpp/share/ament_index/resource_index/parent_prefix_path/behaviortree_cpp
-- Symlinking: /workspaces/auto_sentry/install/behaviortree_cpp/share/behaviortree_cpp/environment/ament_prefix_path.sh
-- Symlinking: /workspaces/auto_sentry/install/behaviortree_cpp/share/behaviortree_cpp/environment/ament_prefix_path.dsv
-- Symlinking: /workspaces/auto_sentry/install/behaviortree_cpp/share/behaviortree_cpp/environment/path.sh
-- Symlinking: /workspaces/auto_sentry/install/behaviortree_cpp/share/behaviortree_cpp/environment/path.dsv
-- Symlinking: /workspaces/auto_sentry/install/behaviortree_cpp/share/behaviortree_cpp/local_setup.bash
-- Symlinking: /workspaces/auto_sentry/install/behaviortree_cpp/share/behaviortree_cpp/local_setup.sh
-- Symlinking: /workspaces/auto_sentry/install/behaviortree_cpp/share/behaviortree_cpp/local_setup.zsh
-- Symlinking: /workspaces/auto_sentry/install/behaviortree_cpp/share/behaviortree_cpp/local_setup.dsv
-- Symlinking: /workspaces/auto_sentry/install/behaviortree_cpp/share/behaviortree_cpp/package.dsv
-- Symlinking: /workspaces/auto_sentry/install/behaviortree_cpp/share/ament_index/resource_index/packages/behaviortree_cpp
-- Symlinking: /workspaces/auto_sentry/install/behaviortree_cpp/share/behaviortree_cpp/cmake/ament_cmake_export_dependencies-extras.cmake
-- Symlinking: /workspaces/auto_sentry/install/behaviortree_cpp/share/behaviortree_cpp/cmake/ament_cmake_export_include_directories-extras.cmake
-- Symlinking: /workspaces/auto_sentry/install/behaviortree_cpp/share/behaviortree_cpp/cmake/ament_cmake_export_libraries-extras.cmake
-- Symlinking: /workspaces/auto_sentry/install/behaviortree_cpp/share/behaviortree_cpp/cmake/ament_cmake_export_targets-extras.cmake
-- Symlinking: /workspaces/auto_sentry/install/behaviortree_cpp/share/behaviortree_cpp/cmake/behaviortree_cppConfig.cmake
-- Symlinking: /workspaces/auto_sentry/install/behaviortree_cpp/share/behaviortree_cpp/cmake/behaviortree_cppConfig-version.cmake
-- Symlinking: /workspaces/auto_sentry/install/behaviortree_cpp/share/behaviortree_cpp/package.xml
-- Installing: /workspaces/auto_sentry/install/behaviortree_cpp/lib/libbehaviortree_cpp.so
-- Set runtime path of "/workspaces/auto_sentry/install/behaviortree_cpp/lib/libbehaviortree_cpp.so" to ""
-- Installing: /workspaces/auto_sentry/install/behaviortree_cpp/include
-- Installing: /workspaces/auto_sentry/install/behaviortree_cpp/include/behaviortree_cpp
-- Installing: /workspaces/auto_sentry/install/behaviortree_cpp/include/behaviortree_cpp/decorators
-- Installing: /workspaces/auto_sentry/install/behaviortree_cpp/include/behaviortree_cpp/decorators/retry_node.h
-- Installing: /workspaces/auto_sentry/install/behaviortree_cpp/include/behaviortree_cpp/decorators/updated_decorator.h
-- Installing: /workspaces/auto_sentry/install/behaviortree_cpp/include/behaviortree_cpp/decorators/subtree_node.h
-- Installing: /workspaces/auto_sentry/install/behaviortree_cpp/include/behaviortree_cpp/decorators/inverter_node.h
-- Installing: /workspaces/auto_sentry/install/behaviortree_cpp/include/behaviortree_cpp/decorators/script_precondition.h
-- Installing: /workspaces/auto_sentry/install/behaviortree_cpp/include/behaviortree_cpp/decorators/keep_running_until_failure_node.h
-- Installing: /workspaces/auto_sentry/install/behaviortree_cpp/include/behaviortree_cpp/decorators/repeat_node.h
-- Installing: /workspaces/auto_sentry/install/behaviortree_cpp/include/behaviortree_cpp/decorators/force_success_node.h
-- Installing: /workspaces/auto_sentry/install/behaviortree_cpp/include/behaviortree_cpp/decorators/loop_node.h
-- Installing: /workspaces/auto_sentry/install/behaviortree_cpp/include/behaviortree_cpp/decorators/force_failure_node.h
-- Installing: /workspaces/auto_sentry/install/behaviortree_cpp/include/behaviortree_cpp/decorators/timeout_node.h
-- Installing: /workspaces/auto_sentry/install/behaviortree_cpp/include/behaviortree_cpp/decorators/run_once_node.h
-- Installing: /workspaces/auto_sentry/install/behaviortree_cpp/include/behaviortree_cpp/decorators/consume_queue.h
-- Installing: /workspaces/auto_sentry/install/behaviortree_cpp/include/behaviortree_cpp/decorators/delay_node.h
-- Installing: /workspaces/auto_sentry/install/behaviortree_cpp/include/behaviortree_cpp/tree_node.h
-- Installing: /workspaces/auto_sentry/install/behaviortree_cpp/include/behaviortree_cpp/behavior_tree.h
-- Installing: /workspaces/auto_sentry/install/behaviortree_cpp/include/behaviortree_cpp/condition_node.h
-- Installing: /workspaces/auto_sentry/install/behaviortree_cpp/include/behaviortree_cpp/contrib
-- Installing: /workspaces/auto_sentry/install/behaviortree_cpp/include/behaviortree_cpp/contrib/any.hpp
-- Installing: /workspaces/auto_sentry/install/behaviortree_cpp/include/behaviortree_cpp/contrib/expected.hpp
-- Installing: /workspaces/auto_sentry/install/behaviortree_cpp/include/behaviortree_cpp/contrib/json.hpp
-- Installing: /workspaces/auto_sentry/install/behaviortree_cpp/include/behaviortree_cpp/contrib/magic_enum.hpp
-- Installing: /workspaces/auto_sentry/install/behaviortree_cpp/include/behaviortree_cpp/json_export.h
-- Installing: /workspaces/auto_sentry/install/behaviortree_cpp/include/behaviortree_cpp/scripting
-- Installing: /workspaces/auto_sentry/install/behaviortree_cpp/include/behaviortree_cpp/scripting/operators.hpp
-- Installing: /workspaces/auto_sentry/install/behaviortree_cpp/include/behaviortree_cpp/scripting/script_parser.hpp
-- Installing: /workspaces/auto_sentry/install/behaviortree_cpp/include/behaviortree_cpp/scripting/any_types.hpp
-- Installing: /workspaces/auto_sentry/install/behaviortree_cpp/include/behaviortree_cpp/bt_factory.h
-- Installing: /workspaces/auto_sentry/install/behaviortree_cpp/include/behaviortree_cpp/exceptions.h
-- Installing: /workspaces/auto_sentry/install/behaviortree_cpp/include/behaviortree_cpp/actions
-- Installing: /workspaces/auto_sentry/install/behaviortree_cpp/include/behaviortree_cpp/actions/script_condition.h
-- Installing: /workspaces/auto_sentry/install/behaviortree_cpp/include/behaviortree_cpp/actions/updated_action.h
-- Installing: /workspaces/auto_sentry/install/behaviortree_cpp/include/behaviortree_cpp/actions/test_node.h
-- Installing: /workspaces/auto_sentry/install/behaviortree_cpp/include/behaviortree_cpp/actions/always_success_node.h
-- Installing: /workspaces/auto_sentry/install/behaviortree_cpp/include/behaviortree_cpp/actions/unset_blackboard_node.h
-- Installing: /workspaces/auto_sentry/install/behaviortree_cpp/include/behaviortree_cpp/actions/set_blackboard_node.h
-- Installing: /workspaces/auto_sentry/install/behaviortree_cpp/include/behaviortree_cpp/actions/pop_from_queue.hpp
-- Installing: /workspaces/auto_sentry/install/behaviortree_cpp/include/behaviortree_cpp/actions/script_node.h
-- Installing: /workspaces/auto_sentry/install/behaviortree_cpp/include/behaviortree_cpp/actions/always_failure_node.h
-- Installing: /workspaces/auto_sentry/install/behaviortree_cpp/include/behaviortree_cpp/actions/sleep_node.h
-- Installing: /workspaces/auto_sentry/install/behaviortree_cpp/include/behaviortree_cpp/flatbuffers
-- Installing: /workspaces/auto_sentry/install/behaviortree_cpp/include/behaviortree_cpp/flatbuffers/bt_flatbuffer_helper.h
-- Installing: /workspaces/auto_sentry/install/behaviortree_cpp/include/behaviortree_cpp/leaf_node.h
-- Installing: /workspaces/auto_sentry/install/behaviortree_cpp/include/behaviortree_cpp/blackboard.h
-- Installing: /workspaces/auto_sentry/install/behaviortree_cpp/include/behaviortree_cpp/bt_parser.h
-- Installing: /workspaces/auto_sentry/install/behaviortree_cpp/include/behaviortree_cpp/control_node.h
-- Installing: /workspaces/auto_sentry/install/behaviortree_cpp/include/behaviortree_cpp/basic_types.h
-- Installing: /workspaces/auto_sentry/install/behaviortree_cpp/include/behaviortree_cpp/xml_parsing.h
-- Installing: /workspaces/auto_sentry/install/behaviortree_cpp/include/behaviortree_cpp/utils
-- Installing: /workspaces/auto_sentry/install/behaviortree_cpp/include/behaviortree_cpp/utils/simple_string.hpp
-- Installing: /workspaces/auto_sentry/install/behaviortree_cpp/include/behaviortree_cpp/utils/strcat.hpp
-- Installing: /workspaces/auto_sentry/install/behaviortree_cpp/include/behaviortree_cpp/utils/signal.h
-- Installing: /workspaces/auto_sentry/install/behaviortree_cpp/include/behaviortree_cpp/utils/locked_reference.hpp
-- Installing: /workspaces/auto_sentry/install/behaviortree_cpp/include/behaviortree_cpp/utils/wakeup_signal.hpp
-- Installing: /workspaces/auto_sentry/install/behaviortree_cpp/include/behaviortree_cpp/utils/shared_library.h
-- Installing: /workspaces/auto_sentry/install/behaviortree_cpp/include/behaviortree_cpp/utils/safe_any.hpp
-- Installing: /workspaces/auto_sentry/install/behaviortree_cpp/include/behaviortree_cpp/utils/demangle_util.h
-- Installing: /workspaces/auto_sentry/install/behaviortree_cpp/include/behaviortree_cpp/utils/platform.hpp
-- Installing: /workspaces/auto_sentry/install/behaviortree_cpp/include/behaviortree_cpp/utils/wildcards.hpp
-- Installing: /workspaces/auto_sentry/install/behaviortree_cpp/include/behaviortree_cpp/utils/convert_impl.hpp
-- Installing: /workspaces/auto_sentry/install/behaviortree_cpp/include/behaviortree_cpp/utils/timer_queue.h
-- Installing: /workspaces/auto_sentry/install/behaviortree_cpp/include/behaviortree_cpp/loggers
-- Installing: /workspaces/auto_sentry/install/behaviortree_cpp/include/behaviortree_cpp/loggers/groot2_publisher.h
-- Installing: /workspaces/auto_sentry/install/behaviortree_cpp/include/behaviortree_cpp/loggers/bt_cout_logger.h
-- Installing: /workspaces/auto_sentry/install/behaviortree_cpp/include/behaviortree_cpp/loggers/groot2_protocol.h
-- Installing: /workspaces/auto_sentry/install/behaviortree_cpp/include/behaviortree_cpp/loggers/bt_minitrace_logger.h
-- Installing: /workspaces/auto_sentry/install/behaviortree_cpp/include/behaviortree_cpp/loggers/bt_sqlite_logger.h
-- Installing: /workspaces/auto_sentry/install/behaviortree_cpp/include/behaviortree_cpp/loggers/bt_observer.h
-- Installing: /workspaces/auto_sentry/install/behaviortree_cpp/include/behaviortree_cpp/loggers/bt_file_logger_v2.h
-- Installing: /workspaces/auto_sentry/install/behaviortree_cpp/include/behaviortree_cpp/loggers/abstract_logger.h
-- Installing: /workspaces/auto_sentry/install/behaviortree_cpp/include/behaviortree_cpp/controls
-- Installing: /workspaces/auto_sentry/install/behaviortree_cpp/include/behaviortree_cpp/controls/sequence_with_memory_node.h
-- Installing: /workspaces/auto_sentry/install/behaviortree_cpp/include/behaviortree_cpp/controls/reactive_sequence.h
-- Installing: /workspaces/auto_sentry/install/behaviortree_cpp/include/behaviortree_cpp/controls/while_do_else_node.h
-- Installing: /workspaces/auto_sentry/install/behaviortree_cpp/include/behaviortree_cpp/controls/fallback_node.h
-- Installing: /workspaces/auto_sentry/install/behaviortree_cpp/include/behaviortree_cpp/controls/manual_node.h
-- Installing: /workspaces/auto_sentry/install/behaviortree_cpp/include/behaviortree_cpp/controls/switch_node.h
-- Installing: /workspaces/auto_sentry/install/behaviortree_cpp/include/behaviortree_cpp/controls/parallel_all_node.h
-- Installing: /workspaces/auto_sentry/install/behaviortree_cpp/include/behaviortree_cpp/controls/parallel_node.h
-- Installing: /workspaces/auto_sentry/install/behaviortree_cpp/include/behaviortree_cpp/controls/sequence_node.h
-- Installing: /workspaces/auto_sentry/install/behaviortree_cpp/include/behaviortree_cpp/controls/reactive_fallback.h
-- Installing: /workspaces/auto_sentry/install/behaviortree_cpp/include/behaviortree_cpp/controls/if_then_else_node.h
-- Installing: /workspaces/auto_sentry/install/behaviortree_cpp/include/behaviortree_cpp/decorator_node.h
-- Installing: /workspaces/auto_sentry/install/behaviortree_cpp/include/behaviortree_cpp/action_node.h
-- Installing: /workspaces/auto_sentry/install/behaviortree_cpp/share/behaviortree_cpp/cmake/behaviortree_cppTargetsExport.cmake
-- Installing: /workspaces/auto_sentry/install/behaviortree_cpp/share/behaviortree_cpp/cmake/behaviortree_cppTargetsExport-release.cmake
