[0.117s] Invoking command in '/workspaces/auto_sentry/build/behaviortree_cpp': CMAKE_PREFIX_PATH=${CMAKE_PREFIX_PATH}:/opt/ros/humble /usr/bin/cmake /workspaces/auto_sentry/src/standard_robot_pp_ros2-master/src/BehaviorTree.CPP -DAMENT_CMAKE_SYMLINK_INSTALL=1 -DCMAKE_INSTALL_PREFIX=/workspaces/auto_sentry/install/behaviortree_cpp
[0.297s] -- The C compiler identification is GNU 11.4.0
[0.461s] -- The CXX compiler identification is GNU 11.4.0
[0.491s] -- Detecting C compiler ABI info
[0.791s] -- Detecting C compiler ABI info - done
[0.835s] -- Check for working C compiler: /usr/bin/cc - skipped
[0.835s] -- Detecting C compile features
[0.838s] -- Detecting C compile features - done
[0.848s] -- Detecting CXX compiler ABI info
[1.153s] -- Detecting CXX compiler ABI info - done
[1.182s] -- Check for working CXX compiler: /usr/bin/c++ - skipped
[1.190s] -- Detecting CXX compile features
[1.190s] -- Detecting CXX compile features - done
[1.191s] -- Setting build type to 'Release' as none was specified.
[1.625s] -- Found Python3: /usr/bin/python3 (found version "3.10.12") found components: Interpreter 
[1.990s] -- Override CMake install command with custom implementation using symlinks instead of copying resources
[2.264s] -- ------------------------------------------
[2.265s] -- BehaviorTree is being built using AMENT.
[2.265s] -- ------------------------------------------
[2.279s] -- Found ament_index_cpp: 1.4.0 (/opt/ros/humble/share/ament_index_cpp/cmake)
[2.298s] -- Found tinyxml2_vendor: 0.7.6 (/opt/ros/humble/share/tinyxml2_vendor/cmake)
[2.398s] -- Found TinyXML2: /usr/lib/x86_64-linux-gnu/libtinyxml2.so  
[2.404s] -- Looking for pthread.h
[2.872s] -- Looking for pthread.h - found
[2.872s] -- Performing Test CMAKE_HAVE_LIBC_PTHREAD
[3.418s] -- Performing Test CMAKE_HAVE_LIBC_PTHREAD - Success
[3.432s] -- Found Threads: TRUE  
[3.432s] -- Found ZeroMQ: /usr/lib/x86_64-linux-gnu/libzmq.so  
[3.447s] -- Found SQLite3: /usr/include (found version "3.37.2") 
[3.468s] -- BTCPP_EXTRA_LIBRARIES: $<BUILD_INTERFACE:ament_index_cpp::ament_index_cpp>;$<BUILD_INTERFACE:>;$<BUILD_INTERFACE:>
[3.469s] -- BTCPP_LIB_DESTINATION:   lib 
[3.469s] -- BTCPP_INCLUDE_DESTINATION: include 
[3.568s] -- BUILD_TESTING:   ON 
[3.568s] -- Found ament_cmake_gtest: 1.3.9 (/opt/ros/humble/share/ament_cmake_gtest/cmake)
[3.581s] -- Found gtest sources under '/opt/ros/humble/src/gtest_vendor': C++ tests using 'Google Test' will be built
[3.931s] -- Configuring done
[4.296s] -- Generating done
[4.311s] -- Build files have been written to: /workspaces/auto_sentry/build/behaviortree_cpp
[4.352s] Invoked command in '/workspaces/auto_sentry/build/behaviortree_cpp' returned '0': CMAKE_PREFIX_PATH=${CMAKE_PREFIX_PATH}:/opt/ros/humble /usr/bin/cmake /workspaces/auto_sentry/src/standard_robot_pp_ros2-master/src/BehaviorTree.CPP -DAMENT_CMAKE_SYMLINK_INSTALL=1 -DCMAKE_INSTALL_PREFIX=/workspaces/auto_sentry/install/behaviortree_cpp
[4.355s] Invoking command in '/workspaces/auto_sentry/build/behaviortree_cpp': CMAKE_PREFIX_PATH=${CMAKE_PREFIX_PATH}:/opt/ros/humble /usr/bin/cmake --build /workspaces/auto_sentry/build/behaviortree_cpp -- -j28 -l28
[4.625s] [  1%] [32mBuilding CXX object 3rdparty/minitrace/CMakeFiles/minitrace.dir/minitrace.cpp.o[0m
[4.652s] [  1%] [32mBuilding CXX object gtest/CMakeFiles/gtest.dir/src/gtest-all.cc.o[0m
[4.654s] [  2%] [32mBuilding CXX object 3rdparty/lexy/src/CMakeFiles/lexy_file.dir/input/file.cpp.o[0m
[4.751s] [  3%] [32mBuilding CXX object gtest/CMakeFiles/gtest_main.dir/src/gtest_main.cc.o[0m
[5.216s] [  4%] [32m[1mLinking CXX static library liblexy_file.a[0m
[5.281s] [  4%] [32m[1mLinking CXX static library libminitrace.a[0m
[5.710s] [  4%] Built target minitrace
[5.764s] [  4%] Built target lexy_file
[5.912s] [  4%] [32mBuilding CXX object CMakeFiles/behaviortree_cpp.dir/src/blackboard.cpp.o[0m
[5.957s] [  5%] [32mBuilding CXX object CMakeFiles/behaviortree_cpp.dir/src/condition_node.cpp.o[0m
[5.960s] [  5%] [32mBuilding CXX object CMakeFiles/behaviortree_cpp.dir/src/json_export.cpp.o[0m
[5.960s] [  5%] [32mBuilding CXX object CMakeFiles/behaviortree_cpp.dir/src/control_node.cpp.o[0m
[5.967s] [  5%] [32mBuilding CXX object CMakeFiles/behaviortree_cpp.dir/src/action_node.cpp.o[0m
[5.967s] [  6%] [32mBuilding CXX object CMakeFiles/behaviortree_cpp.dir/src/basic_types.cpp.o[0m
[5.971s] [  7%] [32mBuilding CXX object CMakeFiles/behaviortree_cpp.dir/src/behavior_tree.cpp.o[0m
[5.971s] [  8%] [32mBuilding CXX object CMakeFiles/behaviortree_cpp.dir/src/decorator_node.cpp.o[0m
[5.976s] [  9%] [32mBuilding CXX object CMakeFiles/behaviortree_cpp.dir/src/decorators/delay_node.cpp.o[0m
[5.978s] [ 10%] [32mBuilding CXX object CMakeFiles/behaviortree_cpp.dir/src/bt_factory.cpp.o[0m
[5.982s] [ 11%] [32mBuilding CXX object CMakeFiles/behaviortree_cpp.dir/src/decorators/retry_node.cpp.o[0m
[5.987s] [ 12%] [32mBuilding CXX object CMakeFiles/behaviortree_cpp.dir/src/script_parser.cpp.o[0m
[5.988s] [ 12%] [32mBuilding CXX object CMakeFiles/behaviortree_cpp.dir/src/decorators/repeat_node.cpp.o[0m
[6.011s] [ 13%] [32mBuilding CXX object CMakeFiles/behaviortree_cpp.dir/src/shared_library.cpp.o[0m
[6.023s] [ 14%] [32mBuilding CXX object CMakeFiles/behaviortree_cpp.dir/src/decorators/subtree_node.cpp.o[0m
[6.040s] [ 15%] [32mBuilding CXX object CMakeFiles/behaviortree_cpp.dir/src/tree_node.cpp.o[0m
[6.066s] [ 16%] [32mBuilding CXX object CMakeFiles/behaviortree_cpp.dir/src/xml_parsing.cpp.o[0m
[6.075s] [ 17%] [32mBuilding CXX object CMakeFiles/behaviortree_cpp.dir/src/decorators/timeout_node.cpp.o[0m
[6.088s] [ 17%] [32mBuilding CXX object CMakeFiles/behaviortree_cpp.dir/src/decorators/updated_decorator.cpp.o[0m
[6.091s] [ 17%] [32mBuilding CXX object CMakeFiles/behaviortree_cpp.dir/src/actions/sleep_node.cpp.o[0m
[6.109s] [ 18%] [32mBuilding CXX object CMakeFiles/behaviortree_cpp.dir/src/decorators/inverter_node.cpp.o[0m
[6.161s] [ 19%] [32mBuilding CXX object CMakeFiles/behaviortree_cpp.dir/src/controls/if_then_else_node.cpp.o[0m
[6.180s] [ 20%] [32mBuilding CXX object CMakeFiles/behaviortree_cpp.dir/src/controls/fallback_node.cpp.o[0m
[6.194s] [ 21%] [32mBuilding CXX object CMakeFiles/behaviortree_cpp.dir/src/actions/updated_action.cpp.o[0m
[6.264s] [ 21%] [32mBuilding CXX object CMakeFiles/behaviortree_cpp.dir/src/controls/parallel_node.cpp.o[0m
[6.264s] [ 22%] [32mBuilding CXX object CMakeFiles/behaviortree_cpp.dir/src/actions/test_node.cpp.o[0m
[10.849s] [ 22%] [32m[1mLinking CXX static library libgtest_main.a[0m
[11.194s] [ 22%] Built target gtest_main
[11.226s] [ 23%] [32mBuilding CXX object CMakeFiles/behaviortree_cpp.dir/src/controls/parallel_all_node.cpp.o[0m
[12.753s] [ 24%] [32mBuilding CXX object CMakeFiles/behaviortree_cpp.dir/src/controls/reactive_sequence.cpp.o[0m
[14.798s] [ 25%] [32mBuilding CXX object CMakeFiles/behaviortree_cpp.dir/src/controls/reactive_fallback.cpp.o[0m
[29.414s] [ 26%] [32m[1mLinking CXX static library libgtest.a[0m
[29.592s] [ 26%] Built target gtest
[39.515s] [ 27%] [32mBuilding CXX object CMakeFiles/behaviortree_cpp.dir/src/shared_library_UNIX.cpp.o[0m
[40.386s] [ 28%] [32mBuilding CXX object CMakeFiles/behaviortree_cpp.dir/src/loggers/bt_sqlite_logger.cpp.o[0m
[47.335s] [ 28%] [32mBuilding CXX object CMakeFiles/behaviortree_cpp.dir/src/loggers/groot2_publisher.cpp.o[0m
[57.813s] [ 29%] [32mBuilding CXX object CMakeFiles/behaviortree_cpp.dir/src/loggers/bt_observer.cpp.o[0m
[64.647s] [ 30%] [32mBuilding CXX object CMakeFiles/behaviortree_cpp.dir/src/loggers/bt_minitrace_logger.cpp.o[0m
[64.648s] [ 31%] [32mBuilding CXX object CMakeFiles/behaviortree_cpp.dir/src/controls/while_do_else_node.cpp.o[0m
[64.652s] [ 32%] [32mBuilding CXX object CMakeFiles/behaviortree_cpp.dir/src/loggers/bt_file_logger_v2.cpp.o[0m
[64.654s] [ 32%] [32mBuilding CXX object CMakeFiles/behaviortree_cpp.dir/src/loggers/bt_cout_logger.cpp.o[0m
[68.012s] [ 33%] [32mBuilding CXX object CMakeFiles/behaviortree_cpp.dir/src/controls/sequence_with_memory_node.cpp.o[0m
[68.013s] [ 34%] [32mBuilding CXX object CMakeFiles/behaviortree_cpp.dir/src/controls/switch_node.cpp.o[0m
[68.018s] [ 34%] [32mBuilding CXX object CMakeFiles/behaviortree_cpp.dir/src/controls/sequence_node.cpp.o[0m
[71.466s] [ 34%] [32m[1mLinking CXX shared library libbehaviortree_cpp.so[0m
[71.814s] [ 34%] Built target behaviortree_cpp
[71.858s] [ 36%] [32mBuilding CXX object sample_nodes/CMakeFiles/crossdoor_nodes_dyn.dir/crossdoor_nodes.cpp.o[0m
[71.858s] [ 36%] [32mBuilding CXX object sample_nodes/CMakeFiles/bt_sample_nodes.dir/dummy_nodes.cpp.o[0m
[71.858s] [ 36%] [32mBuilding CXX object sample_nodes/CMakeFiles/dummy_nodes_dyn.dir/dummy_nodes.cpp.o[0m
[71.858s] [ 37%] [32mBuilding CXX object sample_nodes/CMakeFiles/bt_sample_nodes.dir/crossdoor_nodes.cpp.o[0m
[71.859s] [ 38%] [32mBuilding CXX object tools/CMakeFiles/bt4_plugin_manifest.dir/bt_plugin_manifest.cpp.o[0m
[71.864s] [ 39%] [32mBuilding CXX object sample_nodes/CMakeFiles/movebase_node_dyn.dir/movebase_node.cpp.o[0m
[71.865s] [ 40%] [32mBuilding CXX object sample_nodes/CMakeFiles/bt_sample_nodes.dir/movebase_node.cpp.o[0m
[76.390s] [ 41%] [32m[1mLinking CXX shared library bin/libcrossdoor_nodes_dyn.so[0m
[76.595s] [ 41%] Built target crossdoor_nodes_dyn
[76.654s] [ 42%] [32mBuilding CXX object examples/CMakeFiles/test_plugin_executor.dir/plugin_example/plugin_executor.cpp.o[0m
[76.670s] [ 42%] [32mBuilding CXX object examples/CMakeFiles/test_plugin_action.dir/plugin_example/plugin_action.cpp.o[0m
[76.915s] [ 42%] [32m[1mLinking CXX executable bt4_plugin_manifest[0m
[77.150s] [ 42%] Built target bt4_plugin_manifest
[77.203s] [ 43%] [32mBuilding CXX object examples/CMakeFiles/t01_first_tree_dynamic.dir/t01_build_your_first_tree.cpp.o[0m
[77.856s] [ 43%] [32m[1mLinking CXX static library lib/libbt_sample_nodes.a[0m
[77.978s] [ 43%] Built target bt_sample_nodes
[78.019s] [ 44%] [32mBuilding CXX object tests/CMakeFiles/behaviortree_cpp_test.dir/src/action_test_node.cpp.o[0m
[78.022s] [ 45%] [32mBuilding CXX object examples/CMakeFiles/t01_first_tree_static.dir/t01_build_your_first_tree.cpp.o[0m
[78.027s] [ 46%] [32mBuilding CXX object tests/CMakeFiles/behaviortree_cpp_test.dir/src/condition_test_node.cpp.o[0m
[78.264s] [ 47%] [32m[1mLinking CXX shared library bin/libmovebase_node_dyn.so[0m
[78.471s] [ 47%] Built target movebase_node_dyn
[78.491s] [ 48%] [32mBuilding CXX object tests/CMakeFiles/behaviortree_cpp_test.dir/gtest_any.cpp.o[0m
[78.507s] [ 49%] [32mBuilding CXX object examples/CMakeFiles/ex03_sqlite_log.dir/ex03_sqlite_log.cpp.o[0m
[78.927s] [ 50%] [32m[1mLinking CXX shared library bin/libdummy_nodes_dyn.so[0m
[79.100s] [ 50%] Built target dummy_nodes_dyn
[79.129s] [ 50%] [32mBuilding CXX object tests/CMakeFiles/behaviortree_cpp_test.dir/gtest_blackboard.cpp.o[0m
[79.141s] [ 51%] [32mBuilding CXX object examples/CMakeFiles/ex01_wrap_legacy.dir/ex01_wrap_legacy.cpp.o[0m
[79.148s] [ 51%] [32mBuilding CXX object examples/CMakeFiles/ex02_runtime_ports.dir/ex02_runtime_ports.cpp.o[0m
[81.621s] [ 51%] [32m[1mLinking CXX executable t01_first_tree_dynamic[0m
[81.668s] [ 52%] [32m[1mLinking CXX executable test_plugin_executor[0m
[81.822s] [ 52%] Built target t01_first_tree_dynamic
[81.826s] [ 52%] Built target test_plugin_executor
[82.380s] [ 53%] [32m[1mLinking CXX shared library test_plugin_action.so[0m
[82.554s] [ 53%] Built target test_plugin_action
[84.216s] [ 54%] [32m[1mLinking CXX executable t01_first_tree_static[0m
[84.348s] [ 54%] Built target t01_first_tree_static
[84.415s] [ 55%] [32m[1mLinking CXX executable ex01_wrap_legacy[0m
[84.596s] [ 55%] Built target ex01_wrap_legacy
[85.210s] [ 56%] [32m[1mLinking CXX executable ex02_runtime_ports[0m
[85.352s] [ 56%] Built target ex02_runtime_ports
[86.371s] [ 57%] [32mBuilding CXX object tests/CMakeFiles/behaviortree_cpp_test.dir/gtest_postconditions.cpp.o[0m
[86.371s] [ 58%] [32mBuilding CXX object tests/CMakeFiles/behaviortree_cpp_test.dir/gtest_ports.cpp.o[0m
[86.990s] [ 59%] [32m[1mLinking CXX executable ex03_sqlite_log[0m
[87.175s] [ 59%] Built target ex03_sqlite_log
[87.192s] [ 60%] [32mBuilding CXX object tests/CMakeFiles/behaviortree_cpp_test.dir/gtest_match.cpp.o[0m
[87.216s] [ 61%] [32mBuilding CXX object examples/CMakeFiles/t17_blackboard_backup.dir/t17_blackboard_backup.cpp.o[0m
[87.217s] [ 61%] [32mBuilding CXX object examples/CMakeFiles/t18_waypoints.dir/t18_waypoints.cpp.o[0m
[88.212s] [ 61%] [32mBuilding CXX object tests/CMakeFiles/behaviortree_cpp_test.dir/gtest_preconditions.cpp.o[0m
[88.543s] [ 62%] [32mBuilding CXX object tests/CMakeFiles/behaviortree_cpp_test.dir/gtest_parallel.cpp.o[0m
[89.558s] [ 62%] [32mBuilding CXX object tests/CMakeFiles/behaviortree_cpp_test.dir/gtest_json.cpp.o[0m
[90.572s] [ 62%] [32mBuilding CXX object tests/CMakeFiles/behaviortree_cpp_test.dir/gtest_factory.cpp.o[0m
[90.572s] [ 63%] [32mBuilding CXX object tests/CMakeFiles/behaviortree_cpp_test.dir/gtest_fallback.cpp.o[0m
[90.577s] [ 64%] [32mBuilding CXX object tests/CMakeFiles/behaviortree_cpp_test.dir/gtest_enums.cpp.o[0m
[91.578s] [ 65%] [32m[1mLinking CXX executable t17_blackboard_backup[0m
[91.597s] [ 67%] [32mBuilding CXX object tests/CMakeFiles/behaviortree_cpp_test.dir/gtest_decorator.cpp.o[0m
[91.598s] [ 67%] [32mBuilding CXX object tests/CMakeFiles/behaviortree_cpp_test.dir/gtest_coroutines.cpp.o[0m
[91.747s] [ 68%] [32mBuilding CXX object tests/CMakeFiles/behaviortree_cpp_test.dir/gtest_reactive.cpp.o[0m
[91.754s] [ 68%] Built target t17_blackboard_backup
[91.774s] [ 69%] [32mBuilding CXX object tests/CMakeFiles/behaviortree_cpp_test.dir/gtest_reactive_backchaining.cpp.o[0m
[91.795s] [ 69%] [32mBuilding CXX object examples/CMakeFiles/t15_nodes_mocking.dir/t15_nodes_mocking.cpp.o[0m
[91.797s] [ 70%] [32mBuilding CXX object examples/CMakeFiles/t16_global_blackboard.dir/t16_global_blackboard.cpp.o[0m
[91.798s] [ 71%] [32mBuilding CXX object examples/CMakeFiles/t14_subtree_model.dir/t14_subtree_model.cpp.o[0m
[92.307s] [ 72%] [32mBuilding CXX object tests/CMakeFiles/behaviortree_cpp_test.dir/gtest_sequence.cpp.o[0m
[93.873s] [ 73%] [32m[1mLinking CXX executable t18_waypoints[0m
[94.107s] [ 73%] Built target t18_waypoints
[94.147s] [ 73%] [32mBuilding CXX object tests/CMakeFiles/behaviortree_cpp_test.dir/gtest_skipping.cpp.o[0m
[94.179s] [ 74%] [32mBuilding CXX object examples/CMakeFiles/t12_default_ports.dir/t12_default_ports.cpp.o[0m
[94.181s] [ 75%] [32mBuilding CXX object examples/CMakeFiles/t13_access_by_ref.dir/t13_access_by_ref.cpp.o[0m
[94.184s] [ 76%] [32mBuilding CXX object examples/CMakeFiles/t11_groot_howto.dir/t11_groot_howto.cpp.o[0m
[95.929s] [ 77%] [32m[1mLinking CXX executable t14_subtree_model[0m
[96.131s] [ 77%] Built target t14_subtree_model
[97.994s] [ 78%] [32m[1mLinking CXX executable t15_nodes_mocking[0m
[98.161s] [ 78%] Built target t15_nodes_mocking
[99.065s] [ 79%] [32m[1mLinking CXX executable t16_global_blackboard[0m
[99.265s] [ 79%] Built target t16_global_blackboard
[100.119s] [ 79%] [32m[1mLinking CXX executable t13_access_by_ref[0m
[100.246s] [ 79%] Built target t13_access_by_ref
[100.747s] [ 81%] [32mBuilding CXX object tests/CMakeFiles/behaviortree_cpp_test.dir/script_parser_test.cpp.o[0m
[100.747s] [ 81%] [32mBuilding CXX object tests/CMakeFiles/behaviortree_cpp_test.dir/gtest_interface.cpp.o[0m
[100.747s] [ 81%] [32mBuilding CXX object tests/CMakeFiles/behaviortree_cpp_test.dir/gtest_wakeup.cpp.o[0m
[100.765s] [ 82%] [32mBuilding CXX object tests/CMakeFiles/behaviortree_cpp_test.dir/gtest_updates.cpp.o[0m
[101.146s] [ 83%] [32mBuilding CXX object tests/CMakeFiles/behaviortree_cpp_test.dir/gtest_tree.cpp.o[0m
[101.953s] [ 84%] [32m[1mLinking CXX executable t12_default_ports[0m
[102.114s] [ 84%] Built target t12_default_ports
[102.157s] [ 84%] [32mBuilding CXX object examples/CMakeFiles/t08_additional_node_args.dir/t08_additional_node_args.cpp.o[0m
[102.158s] [ 86%] [32mBuilding CXX object examples/CMakeFiles/t10_observer.dir/t10_observer.cpp.o[0m
[102.158s] [ 86%] [32mBuilding CXX object examples/CMakeFiles/t09_scripting.dir/t09_scripting.cpp.o[0m
[102.233s] [ 86%] [32mBuilding CXX object tests/CMakeFiles/behaviortree_cpp_test.dir/gtest_switch.cpp.o[0m
[102.233s] [ 87%] [32mBuilding CXX object tests/CMakeFiles/behaviortree_cpp_test.dir/gtest_subtree.cpp.o[0m
[102.860s] [ 87%] [32m[1mLinking CXX executable t11_groot_howto[0m
[103.014s] [ 87%] Built target t11_groot_howto
[103.047s] [ 87%] [32mBuilding CXX object examples/CMakeFiles/t06_subtree_port_remapping.dir/t06_subtree_port_remapping.cpp.o[0m
[103.055s] [ 88%] [32mBuilding CXX object examples/CMakeFiles/t07_load_multiple_xml.dir/t07_load_multiple_xml.cpp.o[0m
[104.382s] [ 89%] [32mBuilding CXX object tests/CMakeFiles/behaviortree_cpp_test.dir/gtest_substitution.cpp.o[0m
[105.751s] [ 89%] [32m[1mLinking CXX executable t09_scripting[0m
[105.799s] [ 90%] [32m[1mLinking CXX executable t08_additional_node_args[0m
[105.874s] [ 90%] Built target t09_scripting
[105.907s] [ 90%] [32mBuilding CXX object examples/CMakeFiles/t02_basic_ports.dir/t02_basic_ports.cpp.o[0m
[105.908s] [ 90%] [32mBuilding CXX object examples/CMakeFiles/t04_reactive_sequence.dir/t04_reactive_sequence.cpp.o[0m
[105.914s] [ 91%] [32mBuilding CXX object examples/CMakeFiles/t05_crossdoor.dir/t05_crossdoor.cpp.o[0m
[105.917s] [ 92%] [32mBuilding CXX object examples/CMakeFiles/t03_generic_ports.dir/t03_generic_ports.cpp.o[0m
[105.932s] [ 92%] Built target t08_additional_node_args
[106.685s] [ 93%] [32m[1mLinking CXX executable t07_load_multiple_xml[0m
[106.844s] [ 93%] Built target t07_load_multiple_xml
[107.013s] [ 94%] [32m[1mLinking CXX executable t06_subtree_port_remapping[0m
[107.143s] [ 94%] Built target t06_subtree_port_remapping
[107.443s] [ 95%] [32m[1mLinking CXX executable t10_observer[0m
[107.607s] [ 95%] Built target t10_observer
[108.924s] [ 96%] [32m[1mLinking CXX executable t05_crossdoor[0m
[109.094s] [ 96%] Built target t05_crossdoor
[110.440s] [ 97%] [32m[1mLinking CXX executable t04_reactive_sequence[0m
[110.567s] [ 97%] Built target t04_reactive_sequence
[110.872s] [ 98%] [32m[1mLinking CXX executable t02_basic_ports[0m
[110.881s] [ 99%] [32m[1mLinking CXX executable t03_generic_ports[0m
[111.006s] [ 99%] Built target t02_basic_ports
[111.011s] [ 99%] Built target t03_generic_ports
[122.795s] [100%] [32m[1mLinking CXX executable behaviortree_cpp_test[0m
[123.210s] [100%] Built target behaviortree_cpp_test
[123.249s] Invoked command in '/workspaces/auto_sentry/build/behaviortree_cpp' returned '0': CMAKE_PREFIX_PATH=${CMAKE_PREFIX_PATH}:/opt/ros/humble /usr/bin/cmake --build /workspaces/auto_sentry/build/behaviortree_cpp -- -j28 -l28
[123.686s] Invoking command in '/workspaces/auto_sentry/build/behaviortree_cpp': CMAKE_PREFIX_PATH=${CMAKE_PREFIX_PATH}:/opt/ros/humble /usr/bin/cmake --install /workspaces/auto_sentry/build/behaviortree_cpp
[123.696s] -- Install configuration: "Release"
[123.697s] -- Execute custom install script
[123.697s] -- Symlinking: /workspaces/auto_sentry/install/behaviortree_cpp/share/behaviortree_cpp/bt_plugins/libcrossdoor_nodes_dyn.so
[123.713s] -- Symlinking: /workspaces/auto_sentry/install/behaviortree_cpp/share/behaviortree_cpp/bt_plugins/libdummy_nodes_dyn.so
[123.730s] -- Symlinking: /workspaces/auto_sentry/install/behaviortree_cpp/share/behaviortree_cpp/bt_plugins/libmovebase_node_dyn.so
[123.746s] -- Symlinking: /workspaces/auto_sentry/install/behaviortree_cpp/bin/bt4_plugin_manifest
[123.757s] -- Symlinking: /workspaces/auto_sentry/install/behaviortree_cpp/share/behaviortree_cpp/environment/library_path.sh
[123.768s] -- Symlinking: /workspaces/auto_sentry/install/behaviortree_cpp/share/behaviortree_cpp/environment/library_path.dsv
[123.781s] -- Symlinking: /workspaces/auto_sentry/install/behaviortree_cpp/share/ament_index/resource_index/package_run_dependencies/behaviortree_cpp
[123.793s] -- Symlinking: /workspaces/auto_sentry/install/behaviortree_cpp/share/ament_index/resource_index/parent_prefix_path/behaviortree_cpp
[123.809s] -- Symlinking: /workspaces/auto_sentry/install/behaviortree_cpp/share/behaviortree_cpp/environment/ament_prefix_path.sh
[123.820s] -- Symlinking: /workspaces/auto_sentry/install/behaviortree_cpp/share/behaviortree_cpp/environment/ament_prefix_path.dsv
[123.831s] -- Symlinking: /workspaces/auto_sentry/install/behaviortree_cpp/share/behaviortree_cpp/environment/path.sh
[123.847s] -- Symlinking: /workspaces/auto_sentry/install/behaviortree_cpp/share/behaviortree_cpp/environment/path.dsv
[123.864s] -- Symlinking: /workspaces/auto_sentry/install/behaviortree_cpp/share/behaviortree_cpp/local_setup.bash
[123.881s] -- Symlinking: /workspaces/auto_sentry/install/behaviortree_cpp/share/behaviortree_cpp/local_setup.sh
[123.897s] -- Symlinking: /workspaces/auto_sentry/install/behaviortree_cpp/share/behaviortree_cpp/local_setup.zsh
[123.915s] -- Symlinking: /workspaces/auto_sentry/install/behaviortree_cpp/share/behaviortree_cpp/local_setup.dsv
[123.932s] -- Symlinking: /workspaces/auto_sentry/install/behaviortree_cpp/share/behaviortree_cpp/package.dsv
[123.944s] -- Symlinking: /workspaces/auto_sentry/install/behaviortree_cpp/share/ament_index/resource_index/packages/behaviortree_cpp
[123.956s] -- Symlinking: /workspaces/auto_sentry/install/behaviortree_cpp/share/behaviortree_cpp/cmake/ament_cmake_export_dependencies-extras.cmake
[123.971s] -- Symlinking: /workspaces/auto_sentry/install/behaviortree_cpp/share/behaviortree_cpp/cmake/ament_cmake_export_include_directories-extras.cmake
[123.988s] -- Symlinking: /workspaces/auto_sentry/install/behaviortree_cpp/share/behaviortree_cpp/cmake/ament_cmake_export_libraries-extras.cmake
[123.998s] -- Symlinking: /workspaces/auto_sentry/install/behaviortree_cpp/share/behaviortree_cpp/cmake/ament_cmake_export_targets-extras.cmake
[124.015s] -- Symlinking: /workspaces/auto_sentry/install/behaviortree_cpp/share/behaviortree_cpp/cmake/behaviortree_cppConfig.cmake
[124.031s] -- Symlinking: /workspaces/auto_sentry/install/behaviortree_cpp/share/behaviortree_cpp/cmake/behaviortree_cppConfig-version.cmake
[124.044s] -- Symlinking: /workspaces/auto_sentry/install/behaviortree_cpp/share/behaviortree_cpp/package.xml
[124.059s] -- Installing: /workspaces/auto_sentry/install/behaviortree_cpp/lib/libbehaviortree_cpp.so
[124.064s] -- Set runtime path of "/workspaces/auto_sentry/install/behaviortree_cpp/lib/libbehaviortree_cpp.so" to ""
[124.064s] -- Installing: /workspaces/auto_sentry/install/behaviortree_cpp/include
[124.064s] -- Installing: /workspaces/auto_sentry/install/behaviortree_cpp/include/behaviortree_cpp
[124.064s] -- Installing: /workspaces/auto_sentry/install/behaviortree_cpp/include/behaviortree_cpp/decorators
[124.064s] -- Installing: /workspaces/auto_sentry/install/behaviortree_cpp/include/behaviortree_cpp/decorators/retry_node.h
[124.064s] -- Installing: /workspaces/auto_sentry/install/behaviortree_cpp/include/behaviortree_cpp/decorators/updated_decorator.h
[124.065s] -- Installing: /workspaces/auto_sentry/install/behaviortree_cpp/include/behaviortree_cpp/decorators/subtree_node.h
[124.065s] -- Installing: /workspaces/auto_sentry/install/behaviortree_cpp/include/behaviortree_cpp/decorators/inverter_node.h
[124.065s] -- Installing: /workspaces/auto_sentry/install/behaviortree_cpp/include/behaviortree_cpp/decorators/script_precondition.h
[124.065s] -- Installing: /workspaces/auto_sentry/install/behaviortree_cpp/include/behaviortree_cpp/decorators/keep_running_until_failure_node.h
[124.065s] -- Installing: /workspaces/auto_sentry/install/behaviortree_cpp/include/behaviortree_cpp/decorators/repeat_node.h
[124.065s] -- Installing: /workspaces/auto_sentry/install/behaviortree_cpp/include/behaviortree_cpp/decorators/force_success_node.h
[124.066s] -- Installing: /workspaces/auto_sentry/install/behaviortree_cpp/include/behaviortree_cpp/decorators/loop_node.h
[124.066s] -- Installing: /workspaces/auto_sentry/install/behaviortree_cpp/include/behaviortree_cpp/decorators/force_failure_node.h
[124.066s] -- Installing: /workspaces/auto_sentry/install/behaviortree_cpp/include/behaviortree_cpp/decorators/timeout_node.h
[124.066s] -- Installing: /workspaces/auto_sentry/install/behaviortree_cpp/include/behaviortree_cpp/decorators/run_once_node.h
[124.066s] -- Installing: /workspaces/auto_sentry/install/behaviortree_cpp/include/behaviortree_cpp/decorators/consume_queue.h
[124.066s] -- Installing: /workspaces/auto_sentry/install/behaviortree_cpp/include/behaviortree_cpp/decorators/delay_node.h
[124.067s] -- Installing: /workspaces/auto_sentry/install/behaviortree_cpp/include/behaviortree_cpp/tree_node.h
[124.067s] -- Installing: /workspaces/auto_sentry/install/behaviortree_cpp/include/behaviortree_cpp/behavior_tree.h
[124.067s] -- Installing: /workspaces/auto_sentry/install/behaviortree_cpp/include/behaviortree_cpp/condition_node.h
[124.067s] -- Installing: /workspaces/auto_sentry/install/behaviortree_cpp/include/behaviortree_cpp/contrib
[124.067s] -- Installing: /workspaces/auto_sentry/install/behaviortree_cpp/include/behaviortree_cpp/contrib/any.hpp
[124.067s] -- Installing: /workspaces/auto_sentry/install/behaviortree_cpp/include/behaviortree_cpp/contrib/expected.hpp
[124.067s] -- Installing: /workspaces/auto_sentry/install/behaviortree_cpp/include/behaviortree_cpp/contrib/json.hpp
[124.069s] -- Installing: /workspaces/auto_sentry/install/behaviortree_cpp/include/behaviortree_cpp/contrib/magic_enum.hpp
[124.069s] -- Installing: /workspaces/auto_sentry/install/behaviortree_cpp/include/behaviortree_cpp/json_export.h
[124.069s] -- Installing: /workspaces/auto_sentry/install/behaviortree_cpp/include/behaviortree_cpp/scripting
[124.069s] -- Installing: /workspaces/auto_sentry/install/behaviortree_cpp/include/behaviortree_cpp/scripting/operators.hpp
[124.070s] -- Installing: /workspaces/auto_sentry/install/behaviortree_cpp/include/behaviortree_cpp/scripting/script_parser.hpp
[124.070s] -- Installing: /workspaces/auto_sentry/install/behaviortree_cpp/include/behaviortree_cpp/scripting/any_types.hpp
[124.070s] -- Installing: /workspaces/auto_sentry/install/behaviortree_cpp/include/behaviortree_cpp/bt_factory.h
[124.070s] -- Installing: /workspaces/auto_sentry/install/behaviortree_cpp/include/behaviortree_cpp/exceptions.h
[124.070s] -- Installing: /workspaces/auto_sentry/install/behaviortree_cpp/include/behaviortree_cpp/actions
[124.070s] -- Installing: /workspaces/auto_sentry/install/behaviortree_cpp/include/behaviortree_cpp/actions/script_condition.h
[124.071s] -- Installing: /workspaces/auto_sentry/install/behaviortree_cpp/include/behaviortree_cpp/actions/updated_action.h
[124.071s] -- Installing: /workspaces/auto_sentry/install/behaviortree_cpp/include/behaviortree_cpp/actions/test_node.h
[124.071s] -- Installing: /workspaces/auto_sentry/install/behaviortree_cpp/include/behaviortree_cpp/actions/always_success_node.h
[124.071s] -- Installing: /workspaces/auto_sentry/install/behaviortree_cpp/include/behaviortree_cpp/actions/unset_blackboard_node.h
[124.071s] -- Installing: /workspaces/auto_sentry/install/behaviortree_cpp/include/behaviortree_cpp/actions/set_blackboard_node.h
[124.071s] -- Installing: /workspaces/auto_sentry/install/behaviortree_cpp/include/behaviortree_cpp/actions/pop_from_queue.hpp
[124.071s] -- Installing: /workspaces/auto_sentry/install/behaviortree_cpp/include/behaviortree_cpp/actions/script_node.h
[124.072s] -- Installing: /workspaces/auto_sentry/install/behaviortree_cpp/include/behaviortree_cpp/actions/always_failure_node.h
[124.072s] -- Installing: /workspaces/auto_sentry/install/behaviortree_cpp/include/behaviortree_cpp/actions/sleep_node.h
[124.072s] -- Installing: /workspaces/auto_sentry/install/behaviortree_cpp/include/behaviortree_cpp/flatbuffers
[124.072s] -- Installing: /workspaces/auto_sentry/install/behaviortree_cpp/include/behaviortree_cpp/flatbuffers/bt_flatbuffer_helper.h
[124.072s] -- Installing: /workspaces/auto_sentry/install/behaviortree_cpp/include/behaviortree_cpp/leaf_node.h
[124.072s] -- Installing: /workspaces/auto_sentry/install/behaviortree_cpp/include/behaviortree_cpp/blackboard.h
[124.073s] -- Installing: /workspaces/auto_sentry/install/behaviortree_cpp/include/behaviortree_cpp/bt_parser.h
[124.073s] -- Installing: /workspaces/auto_sentry/install/behaviortree_cpp/include/behaviortree_cpp/control_node.h
[124.073s] -- Installing: /workspaces/auto_sentry/install/behaviortree_cpp/include/behaviortree_cpp/basic_types.h
[124.073s] -- Installing: /workspaces/auto_sentry/install/behaviortree_cpp/include/behaviortree_cpp/xml_parsing.h
[124.073s] -- Installing: /workspaces/auto_sentry/install/behaviortree_cpp/include/behaviortree_cpp/utils
[124.074s] -- Installing: /workspaces/auto_sentry/install/behaviortree_cpp/include/behaviortree_cpp/utils/simple_string.hpp
[124.074s] -- Installing: /workspaces/auto_sentry/install/behaviortree_cpp/include/behaviortree_cpp/utils/strcat.hpp
[124.074s] -- Installing: /workspaces/auto_sentry/install/behaviortree_cpp/include/behaviortree_cpp/utils/signal.h
[124.074s] -- Installing: /workspaces/auto_sentry/install/behaviortree_cpp/include/behaviortree_cpp/utils/locked_reference.hpp
[124.074s] -- Installing: /workspaces/auto_sentry/install/behaviortree_cpp/include/behaviortree_cpp/utils/wakeup_signal.hpp
[124.074s] -- Installing: /workspaces/auto_sentry/install/behaviortree_cpp/include/behaviortree_cpp/utils/shared_library.h
[124.074s] -- Installing: /workspaces/auto_sentry/install/behaviortree_cpp/include/behaviortree_cpp/utils/safe_any.hpp
[124.075s] -- Installing: /workspaces/auto_sentry/install/behaviortree_cpp/include/behaviortree_cpp/utils/demangle_util.h
[124.075s] -- Installing: /workspaces/auto_sentry/install/behaviortree_cpp/include/behaviortree_cpp/utils/platform.hpp
[124.075s] -- Installing: /workspaces/auto_sentry/install/behaviortree_cpp/include/behaviortree_cpp/utils/wildcards.hpp
[124.075s] -- Installing: /workspaces/auto_sentry/install/behaviortree_cpp/include/behaviortree_cpp/utils/convert_impl.hpp
[124.075s] -- Installing: /workspaces/auto_sentry/install/behaviortree_cpp/include/behaviortree_cpp/utils/timer_queue.h
[124.075s] -- Installing: /workspaces/auto_sentry/install/behaviortree_cpp/include/behaviortree_cpp/loggers
[124.075s] -- Installing: /workspaces/auto_sentry/install/behaviortree_cpp/include/behaviortree_cpp/loggers/groot2_publisher.h
[124.076s] -- Installing: /workspaces/auto_sentry/install/behaviortree_cpp/include/behaviortree_cpp/loggers/bt_cout_logger.h
[124.076s] -- Installing: /workspaces/auto_sentry/install/behaviortree_cpp/include/behaviortree_cpp/loggers/groot2_protocol.h
[124.076s] -- Installing: /workspaces/auto_sentry/install/behaviortree_cpp/include/behaviortree_cpp/loggers/bt_minitrace_logger.h
[124.076s] -- Installing: /workspaces/auto_sentry/install/behaviortree_cpp/include/behaviortree_cpp/loggers/bt_sqlite_logger.h
[124.076s] -- Installing: /workspaces/auto_sentry/install/behaviortree_cpp/include/behaviortree_cpp/loggers/bt_observer.h
[124.076s] -- Installing: /workspaces/auto_sentry/install/behaviortree_cpp/include/behaviortree_cpp/loggers/bt_file_logger_v2.h
[124.077s] -- Installing: /workspaces/auto_sentry/install/behaviortree_cpp/include/behaviortree_cpp/loggers/abstract_logger.h
[124.077s] -- Installing: /workspaces/auto_sentry/install/behaviortree_cpp/include/behaviortree_cpp/controls
[124.077s] -- Installing: /workspaces/auto_sentry/install/behaviortree_cpp/include/behaviortree_cpp/controls/sequence_with_memory_node.h
[124.077s] -- Installing: /workspaces/auto_sentry/install/behaviortree_cpp/include/behaviortree_cpp/controls/reactive_sequence.h
[124.077s] -- Installing: /workspaces/auto_sentry/install/behaviortree_cpp/include/behaviortree_cpp/controls/while_do_else_node.h
[124.077s] -- Installing: /workspaces/auto_sentry/install/behaviortree_cpp/include/behaviortree_cpp/controls/fallback_node.h
[124.077s] -- Installing: /workspaces/auto_sentry/install/behaviortree_cpp/include/behaviortree_cpp/controls/manual_node.h
[124.078s] -- Installing: /workspaces/auto_sentry/install/behaviortree_cpp/include/behaviortree_cpp/controls/switch_node.h
[124.078s] -- Installing: /workspaces/auto_sentry/install/behaviortree_cpp/include/behaviortree_cpp/controls/parallel_all_node.h
[124.078s] -- Installing: /workspaces/auto_sentry/install/behaviortree_cpp/include/behaviortree_cpp/controls/parallel_node.h
[124.078s] -- Installing: /workspaces/auto_sentry/install/behaviortree_cpp/include/behaviortree_cpp/controls/sequence_node.h
[124.078s] -- Installing: /workspaces/auto_sentry/install/behaviortree_cpp/include/behaviortree_cpp/controls/reactive_fallback.h
[124.078s] -- Installing: /workspaces/auto_sentry/install/behaviortree_cpp/include/behaviortree_cpp/controls/if_then_else_node.h
[124.078s] -- Installing: /workspaces/auto_sentry/install/behaviortree_cpp/include/behaviortree_cpp/decorator_node.h
[124.078s] -- Installing: /workspaces/auto_sentry/install/behaviortree_cpp/include/behaviortree_cpp/action_node.h
[124.079s] -- Installing: /workspaces/auto_sentry/install/behaviortree_cpp/share/behaviortree_cpp/cmake/behaviortree_cppTargetsExport.cmake
[124.079s] -- Installing: /workspaces/auto_sentry/install/behaviortree_cpp/share/behaviortree_cpp/cmake/behaviortree_cppTargetsExport-release.cmake
[124.083s] Invoked command in '/workspaces/auto_sentry/build/behaviortree_cpp' returned '0': CMAKE_PREFIX_PATH=${CMAKE_PREFIX_PATH}:/opt/ros/humble /usr/bin/cmake --install /workspaces/auto_sentry/build/behaviortree_cpp
