[0.106s] Invoking command in '/workspaces/auto_sentry/build/udp_msgs': CMAKE_PREFIX_PATH=${CMAKE_PREFIX_PATH}:/opt/ros/humble /usr/bin/cmake /workspaces/auto_sentry/src/transport_drivers/udp_msgs -DAMENT_CMAKE_SYMLINK_INSTALL=1 -DCMAKE_INSTALL_PREFIX=/workspaces/auto_sentry/install/udp_msgs
[0.242s] -- The C compiler identification is GNU 11.4.0
[0.334s] -- The CXX compiler identification is GNU 11.4.0
[0.346s] -- Detecting C compiler ABI info
[0.463s] -- Detecting C compiler ABI info - done
[0.477s] -- Check for working C compiler: /usr/bin/cc - skipped
[0.478s] -- Detecting C compile features
[0.479s] -- Detecting C compile features - done
[0.484s] -- Detecting CXX compiler ABI info
[0.619s] -- Detecting CXX compiler ABI info - done
[0.633s] -- Check for working CXX compiler: /usr/bin/c++ - skipped
[0.634s] -- Detecting CXX compile features
[0.635s] -- Detecting CXX compile features - done
[0.643s] -- Found ament_cmake: 1.3.9 (/opt/ros/humble/share/ament_cmake/cmake)
[0.845s] -- Found Python3: /usr/bin/python3 (found version "3.10.12") found components: Interpreter 
[0.938s] -- Override CMake install command with custom implementation using symlinks instead of copying resources
[0.999s] -- Found std_msgs: 4.2.3 (/opt/ros/humble/share/std_msgs/cmake)
[1.073s] -- Found rosidl_generator_c: 3.1.5 (/opt/ros/humble/share/rosidl_generator_c/cmake)
[1.084s] -- Found rosidl_adapter: 3.1.5 (/opt/ros/humble/share/rosidl_adapter/cmake)
[1.101s] -- Found rosidl_generator_cpp: 3.1.5 (/opt/ros/humble/share/rosidl_generator_cpp/cmake)
[1.133s] -- Using all available rosidl_typesupport_c: rosidl_typesupport_fastrtps_c;rosidl_typesupport_introspection_c
[1.176s] -- Using all available rosidl_typesupport_cpp: rosidl_typesupport_fastrtps_cpp;rosidl_typesupport_introspection_cpp
[1.270s] -- Found rosidl_default_generators: 1.2.0 (/opt/ros/humble/share/rosidl_default_generators/cmake)
[1.666s] -- Found ament_cmake_ros: 0.10.0 (/opt/ros/humble/share/ament_cmake_ros/cmake)
[2.195s] -- Using all available rosidl_typesupport_c: rosidl_typesupport_fastrtps_c;rosidl_typesupport_introspection_c
[2.369s] -- Using all available rosidl_typesupport_cpp: rosidl_typesupport_fastrtps_cpp;rosidl_typesupport_introspection_cpp
[2.393s] -- Found PythonInterp: /usr/bin/python3 (found suitable version "3.10.12", minimum required is "3.6") 
[2.395s] -- Found python_cmake_module: 0.10.0 (/opt/ros/humble/share/python_cmake_module/cmake)
[2.420s] -- Found PythonLibs: /usr/lib/x86_64-linux-gnu/libpython3.10.so (found suitable version "3.10.12", minimum required is "3.5") 
[2.420s] -- Using PYTHON_EXECUTABLE: /usr/bin/python3
[2.420s] -- Using PYTHON_INCLUDE_DIRS: /usr/include/python3.10
[2.420s] -- Using PYTHON_LIBRARIES: /usr/lib/x86_64-linux-gnu/libpython3.10.so
[2.439s] -- Found PythonExtra: .so  
[2.522s] -- Found ament_lint_auto: 0.12.11 (/opt/ros/humble/share/ament_lint_auto/cmake)
[2.562s] -- Added test 'copyright' to check source files copyright and LICENSE
[2.565s] -- Added test 'lint_cmake' to check CMake code style
[2.567s] -- Added test 'xmllint' to check XML markup files
[2.571s] -- Configuring done
[2.612s] -- Generating done
[2.617s] -- Build files have been written to: /workspaces/auto_sentry/build/udp_msgs
