-- The C compiler identification is GNU 11.4.0
-- The CXX compiler identification is GNU 11.4.0
-- Detecting C compiler ABI info
-- Detecting C compiler ABI info - done
-- Check for working C compiler: /usr/bin/cc - skipped
-- Detecting C compile features
-- Detecting C compile features - done
-- Detecting CXX compiler ABI info
-- Detecting CXX compiler ABI info - done
-- Check for working CXX compiler: /usr/bin/c++ - skipped
-- Detecting CXX compile features
-- Detecting CXX compile features - done
-- Found ament_cmake_auto: 1.3.9 (/opt/ros/humble/share/ament_cmake_auto/cmake)
-- Found Python3: /usr/bin/python3 (found version "3.10.12") found components: Interpreter 
-- Override CMake install command with custom implementation using symlinks instead of copying resources
-- Found rosidl_generator_c: 3.1.5 (/opt/ros/humble/share/rosidl_generator_c/cmake)
-- Found rosidl_adapter: 3.1.5 (/opt/ros/humble/share/rosidl_adapter/cmake)
-- Found rosidl_generator_cpp: 3.1.5 (/opt/ros/humble/share/rosidl_generator_cpp/cmake)
-- Using all available rosidl_typesupport_c: rosidl_typesupport_fastrtps_c;rosidl_typesupport_introspection_c
-- Using all available rosidl_typesupport_cpp: rosidl_typesupport_fastrtps_cpp;rosidl_typesupport_introspection_cpp
-- Found rmw_implementation_cmake: 6.1.2 (/opt/ros/humble/share/rmw_implementation_cmake/cmake)
-- Found rmw_fastrtps_cpp: 6.2.6 (/opt/ros/humble/share/rmw_fastrtps_cpp/cmake)
-- Found OpenSSL: /usr/lib/x86_64-linux-gnu/libcrypto.so (found version "3.0.2")  
-- Found FastRTPS: /opt/ros/humble/include  
-- Using RMW implementation 'rmw_fastrtps_cpp' as default
-- Looking for pthread.h
-- Looking for pthread.h - found
-- Performing Test CMAKE_HAVE_LIBC_PTHREAD
-- Performing Test CMAKE_HAVE_LIBC_PTHREAD - Success
-- Found Threads: TRUE  
-- Configuring done
-- Generating done
-- Build files have been written to: /workspaces/auto_sentry/build/rm_behavior_tree
[  2%] [32mBuilding CXX object CMakeFiles/decision_switch.dir/plugins/control/decision_switch.cpp.o[0m
[  5%] [32mBuilding CXX object CMakeFiles/rm_behavior_tree.dir/src/rm_behavior_tree.cpp.o[0m
[  7%] [32m[1mLinking CXX shared library libdecision_switch.so[0m
[  7%] Built target decision_switch
[ 10%] [32mBuilding CXX object CMakeFiles/rate_controller.dir/plugins/decorator/rate_controller.cpp.o[0m
[ 13%] [32m[1mLinking CXX executable rm_behavior_tree[0m
[ 13%] Built target rm_behavior_tree
[ 15%] [32m[1mLinking CXX shared library librate_controller.so[0m
[ 15%] Built target rate_controller
[ 18%] [32mBuilding CXX object CMakeFiles/is_game_time.dir/plugins/condition/is_game_time.cpp.o[0m
[ 21%] [32m[1mLinking CXX shared library libis_game_time.so[0m
[ 21%] Built target is_game_time
[ 23%] [32mBuilding CXX object CMakeFiles/is_status_ok.dir/plugins/condition/is_status_ok.cpp.o[0m
[ 26%] [32m[1mLinking CXX shared library libis_status_ok.so[0m
[ 26%] Built target is_status_ok
[ 28%] [32mBuilding CXX object CMakeFiles/is_attacked.dir/plugins/condition/is_attacked.cpp.o[0m
[ 31%] [32m[1mLinking CXX shared library libis_attacked.so[0m
[ 31%] Built target is_attacked
[ 34%] [32mBuilding CXX object CMakeFiles/is_friend_ok.dir/plugins/condition/is_friend_ok.cpp.o[0m
[ 36%] [32m[1mLinking CXX shared library libis_friend_ok.so[0m
[ 36%] Built target is_friend_ok
[ 39%] [32mBuilding CXX object CMakeFiles/is_outpost_ok.dir/plugins/condition/is_outpost_ok.cpp.o[0m
[ 42%] [32m[1mLinking CXX shared library libis_outpost_ok.so[0m
[ 42%] Built target is_outpost_ok
[ 44%] [32mBuilding CXX object CMakeFiles/is_detect_enemy.dir/plugins/condition/is_detect_enemy.cpp.o[0m
[ 47%] [32m[1mLinking CXX shared library libis_detect_enemy.so[0m
[ 47%] Built target is_detect_enemy
[ 50%] [32mBuilding CXX object CMakeFiles/send_goal.dir/plugins/action/send_goal.cpp.o[0m
[ 52%] [32m[1mLinking CXX shared library libsend_goal.so[0m
[ 52%] Built target send_goal
[ 55%] [32mBuilding CXX object CMakeFiles/sub_all_robot_hp.dir/plugins/action/sub_all_robot_hp.cpp.o[0m
[ 57%] [32m[1mLinking CXX shared library libsub_all_robot_hp.so[0m
[ 57%] Built target sub_all_robot_hp
[ 60%] [32mBuilding CXX object CMakeFiles/sub_robot_status.dir/plugins/action/sub_robot_status.cpp.o[0m
[ 63%] [32m[1mLinking CXX shared library libsub_robot_status.so[0m
[ 63%] Built target sub_robot_status
[ 65%] [32mBuilding CXX object CMakeFiles/sub_game_status.dir/plugins/action/sub_game_status.cpp.o[0m
[ 68%] [32m[1mLinking CXX shared library libsub_game_status.so[0m
[ 68%] Built target sub_game_status
[ 71%] [32mBuilding CXX object CMakeFiles/sub_armors.dir/plugins/action/sub_armors.cpp.o[0m
[ 73%] [32m[1mLinking CXX shared library libsub_armors.so[0m
[ 73%] Built target sub_armors
[ 76%] [32mBuilding CXX object CMakeFiles/sub_decision_num.dir/plugins/action/sub_decision_num.cpp.o[0m
[ 78%] [32m[1mLinking CXX shared library libsub_decision_num.so[0m
[ 78%] Built target sub_decision_num
[ 81%] [32mBuilding CXX object CMakeFiles/get_current_location.dir/plugins/action/get_current_location.cpp.o[0m
[ 84%] [32m[1mLinking CXX shared library libget_current_location.so[0m
[ 84%] Built target get_current_location
[ 86%] [32mBuilding CXX object CMakeFiles/move_around.dir/plugins/action/move_around.cpp.o[0m
[ 89%] [32m[1mLinking CXX shared library libmove_around.so[0m
[ 89%] Built target move_around
[ 92%] [32mBuilding CXX object CMakeFiles/robot_control.dir/plugins/action/robot_control.cpp.o[0m
[ 94%] [32m[1mLinking CXX shared library librobot_control.so[0m
[ 94%] Built target robot_control
[ 97%] [32mBuilding CXX object CMakeFiles/print_message.dir/plugins/action/print_message.cpp.o[0m
[100%] [32m[1mLinking CXX shared library libprint_message.so[0m
[100%] Built target print_message
-- Install configuration: ""
-- Execute custom install script
-- Symlinking: /workspaces/auto_sentry/install/rm_behavior_tree/include/rm_behavior_tree/bt_conversions.hpp
-- Symlinking: /workspaces/auto_sentry/install/rm_behavior_tree/include/rm_behavior_tree/plugins/action/get_current_location.hpp
-- Symlinking: /workspaces/auto_sentry/install/rm_behavior_tree/include/rm_behavior_tree/plugins/action/move_around.hpp
-- Symlinking: /workspaces/auto_sentry/install/rm_behavior_tree/include/rm_behavior_tree/plugins/action/print_message.hpp
-- Symlinking: /workspaces/auto_sentry/install/rm_behavior_tree/include/rm_behavior_tree/plugins/action/robot_control.hpp
-- Symlinking: /workspaces/auto_sentry/install/rm_behavior_tree/include/rm_behavior_tree/plugins/action/send_goal.hpp
-- Symlinking: /workspaces/auto_sentry/install/rm_behavior_tree/include/rm_behavior_tree/plugins/action/sub_all_robot_hp.hpp
-- Symlinking: /workspaces/auto_sentry/install/rm_behavior_tree/include/rm_behavior_tree/plugins/action/sub_armors.hpp
-- Symlinking: /workspaces/auto_sentry/install/rm_behavior_tree/include/rm_behavior_tree/plugins/action/sub_decision_num.hpp
-- Symlinking: /workspaces/auto_sentry/install/rm_behavior_tree/include/rm_behavior_tree/plugins/action/sub_game_status.hpp
-- Symlinking: /workspaces/auto_sentry/install/rm_behavior_tree/include/rm_behavior_tree/plugins/action/sub_robot_status.hpp
-- Symlinking: /workspaces/auto_sentry/install/rm_behavior_tree/include/rm_behavior_tree/plugins/condition/is_attacked.hpp
-- Symlinking: /workspaces/auto_sentry/install/rm_behavior_tree/include/rm_behavior_tree/plugins/condition/is_detect_enemy.hpp
-- Symlinking: /workspaces/auto_sentry/install/rm_behavior_tree/include/rm_behavior_tree/plugins/condition/is_friend_ok.hpp
-- Symlinking: /workspaces/auto_sentry/install/rm_behavior_tree/include/rm_behavior_tree/plugins/condition/is_game_time.hpp
-- Symlinking: /workspaces/auto_sentry/install/rm_behavior_tree/include/rm_behavior_tree/plugins/condition/is_outpost_ok.hpp
-- Symlinking: /workspaces/auto_sentry/install/rm_behavior_tree/include/rm_behavior_tree/plugins/condition/is_status_ok.hpp
-- Symlinking: /workspaces/auto_sentry/install/rm_behavior_tree/include/rm_behavior_tree/plugins/control/decision_switch.hpp
-- Symlinking: /workspaces/auto_sentry/install/rm_behavior_tree/include/rm_behavior_tree/plugins/decorator/rate_controller.hpp
-- Symlinking: /workspaces/auto_sentry/install/rm_behavior_tree/include/rm_behavior_tree/rm_behavior_tree.h
-- Symlinking: /workspaces/auto_sentry/install/rm_behavior_tree/share/rm_behavior_tree/environment/library_path.sh
-- Symlinking: /workspaces/auto_sentry/install/rm_behavior_tree/share/rm_behavior_tree/environment/library_path.dsv
-- Symlinking: /workspaces/auto_sentry/install/rm_behavior_tree/lib/libdecision_switch.so
-- Symlinking: /workspaces/auto_sentry/install/rm_behavior_tree/lib/librate_controller.so
-- Symlinking: /workspaces/auto_sentry/install/rm_behavior_tree/lib/libis_game_time.so
-- Symlinking: /workspaces/auto_sentry/install/rm_behavior_tree/lib/libis_status_ok.so
-- Symlinking: /workspaces/auto_sentry/install/rm_behavior_tree/lib/libis_attacked.so
-- Symlinking: /workspaces/auto_sentry/install/rm_behavior_tree/lib/libis_friend_ok.so
-- Symlinking: /workspaces/auto_sentry/install/rm_behavior_tree/lib/libis_outpost_ok.so
-- Symlinking: /workspaces/auto_sentry/install/rm_behavior_tree/lib/libis_detect_enemy.so
-- Symlinking: /workspaces/auto_sentry/install/rm_behavior_tree/lib/libsend_goal.so
-- Symlinking: /workspaces/auto_sentry/install/rm_behavior_tree/lib/libsub_all_robot_hp.so
-- Symlinking: /workspaces/auto_sentry/install/rm_behavior_tree/lib/libsub_robot_status.so
-- Symlinking: /workspaces/auto_sentry/install/rm_behavior_tree/lib/libsub_game_status.so
-- Symlinking: /workspaces/auto_sentry/install/rm_behavior_tree/lib/libsub_armors.so
-- Symlinking: /workspaces/auto_sentry/install/rm_behavior_tree/lib/libsub_decision_num.so
-- Symlinking: /workspaces/auto_sentry/install/rm_behavior_tree/lib/libget_current_location.so
-- Symlinking: /workspaces/auto_sentry/install/rm_behavior_tree/lib/libmove_around.so
-- Symlinking: /workspaces/auto_sentry/install/rm_behavior_tree/lib/librobot_control.so
-- Symlinking: /workspaces/auto_sentry/install/rm_behavior_tree/lib/libprint_message.so
-- Symlinking: /workspaces/auto_sentry/install/rm_behavior_tree/lib/rm_behavior_tree/rm_behavior_tree
-- Symlinking: /workspaces/auto_sentry/install/rm_behavior_tree/share/rm_behavior_tree/launch/rm_behavior_tree.launch.py
-- Symlinking: /workspaces/auto_sentry/install/rm_behavior_tree/share/rm_behavior_tree/config/Project.btproj
-- Symlinking: /workspaces/auto_sentry/install/rm_behavior_tree/share/rm_behavior_tree/config/attack_left.xml
-- Symlinking: /workspaces/auto_sentry/install/rm_behavior_tree/share/rm_behavior_tree/config/attack_right.xml
-- Symlinking: /workspaces/auto_sentry/install/rm_behavior_tree/share/rm_behavior_tree/config/decision_switch_test.xml
-- Symlinking: /workspaces/auto_sentry/install/rm_behavior_tree/share/rm_behavior_tree/config/protect_supply.xml
-- Symlinking: /workspaces/auto_sentry/install/rm_behavior_tree/share/rm_behavior_tree/config/retreat_attack_left.xml
-- Symlinking: /workspaces/auto_sentry/install/rm_behavior_tree/share/rm_behavior_tree/config/rmuc_01.xml
-- Symlinking: /workspaces/auto_sentry/install/rm_behavior_tree/share/ament_index/resource_index/package_run_dependencies/rm_behavior_tree
-- Symlinking: /workspaces/auto_sentry/install/rm_behavior_tree/share/ament_index/resource_index/parent_prefix_path/rm_behavior_tree
-- Symlinking: /workspaces/auto_sentry/install/rm_behavior_tree/share/rm_behavior_tree/environment/ament_prefix_path.sh
-- Symlinking: /workspaces/auto_sentry/install/rm_behavior_tree/share/rm_behavior_tree/environment/ament_prefix_path.dsv
-- Symlinking: /workspaces/auto_sentry/install/rm_behavior_tree/share/rm_behavior_tree/environment/path.sh
-- Symlinking: /workspaces/auto_sentry/install/rm_behavior_tree/share/rm_behavior_tree/environment/path.dsv
-- Symlinking: /workspaces/auto_sentry/install/rm_behavior_tree/share/rm_behavior_tree/local_setup.bash
-- Symlinking: /workspaces/auto_sentry/install/rm_behavior_tree/share/rm_behavior_tree/local_setup.sh
-- Symlinking: /workspaces/auto_sentry/install/rm_behavior_tree/share/rm_behavior_tree/local_setup.zsh
-- Symlinking: /workspaces/auto_sentry/install/rm_behavior_tree/share/rm_behavior_tree/local_setup.dsv
-- Symlinking: /workspaces/auto_sentry/install/rm_behavior_tree/share/rm_behavior_tree/package.dsv
-- Symlinking: /workspaces/auto_sentry/install/rm_behavior_tree/share/ament_index/resource_index/packages/rm_behavior_tree
-- Symlinking: /workspaces/auto_sentry/install/rm_behavior_tree/share/rm_behavior_tree/cmake/ament_cmake_export_dependencies-extras.cmake
-- Symlinking: /workspaces/auto_sentry/install/rm_behavior_tree/share/rm_behavior_tree/cmake/ament_cmake_export_include_directories-extras.cmake
-- Symlinking: /workspaces/auto_sentry/install/rm_behavior_tree/share/rm_behavior_tree/cmake/ament_cmake_export_libraries-extras.cmake
-- Symlinking: /workspaces/auto_sentry/install/rm_behavior_tree/share/rm_behavior_tree/cmake/rm_behavior_treeConfig.cmake
-- Symlinking: /workspaces/auto_sentry/install/rm_behavior_tree/share/rm_behavior_tree/cmake/rm_behavior_treeConfig-version.cmake
-- Symlinking: /workspaces/auto_sentry/install/rm_behavior_tree/share/rm_behavior_tree/package.xml
