[0.050s] Invoking command in '/workspaces/auto_sentry/build/point_lio': CMAKE_PREFIX_PATH=/workspaces/auto_sentry/install/livox_ros_driver2:/workspaces/auto_sentry/install/udp_driver:/workspaces/auto_sentry/install/standard_robot_pp_ros2:/workspaces/auto_sentry/install/rm_vision_bringup:/workspaces/auto_sentry/install/rm_serial_driver:/workspaces/auto_sentry/install/serial_driver:/workspaces/auto_sentry/install/io_context:/workspaces/auto_sentry/install/udp_msgs:/workspaces/auto_sentry/install/teb_local_planner:/workspaces/auto_sentry/install/teb_msgs:/workspaces/auto_sentry/install/ros2_livox_simulation:/workspaces/auto_sentry/install/rm_rune_detector:/workspaces/auto_sentry/install/rm_navigation:/workspaces/auto_sentry/install/rm_nav_bringup:/workspaces/auto_sentry/install/rm_gimbal_description:/workspaces/auto_sentry/install/rm_behavior_tree:/workspaces/auto_sentry/install/rm_decision_interfaces:/workspaces/auto_sentry/install/rm_auto_aim:/workspaces/auto_sentry/install/pointcloud_to_laserscan:/workspaces/auto_sentry/install/point_lio:/workspaces/auto_sentry/install/pb_rm_simulation:/workspaces/auto_sentry/install/game_status_tester:/workspaces/auto_sentry/install/pb_rm_interfaces:/workspaces/auto_sentry/install/icp_registration:/workspaces/auto_sentry/install/fast_lio:/workspaces/auto_sentry/install/linefit_ground_segmentation_ros:/workspaces/auto_sentry/install/linefit_ground_segmentation:/workspaces/auto_sentry/install/imu_complementary_filter:/workspaces/auto_sentry/install/hik_camera:/workspaces/auto_sentry/install/fake_vel_transform:/workspaces/auto_sentry/install/costmap_converter:/workspaces/auto_sentry/install/costmap_converter_msgs:/workspaces/auto_sentry/install/btcpp_ros2_samples:/workspaces/auto_sentry/install/btcpp_ros2_interfaces:/workspaces/auto_sentry/install/behaviortree_ros2:/workspaces/auto_sentry/install/behaviortree_cpp:/workspaces/auto_sentry/install/armor_tracker:/workspaces/auto_sentry/install/armor_detector:/workspaces/auto_sentry/install/auto_aim_interfaces:/workspaces/auto_sentry/install/asio_cmake_module:/opt/ros/humble LD_LIBRARY_PATH=/workspaces/auto_sentry/install/livox_ros_driver2/lib:/workspaces/auto_sentry/install/udp_driver/lib:/workspaces/auto_sentry/install/standard_robot_pp_ros2/lib:/workspaces/auto_sentry/install/rm_serial_driver/lib:/workspaces/auto_sentry/install/serial_driver/lib:/workspaces/auto_sentry/install/io_context/lib:/workspaces/auto_sentry/install/udp_msgs/lib:/workspaces/auto_sentry/install/teb_local_planner/lib:/workspaces/auto_sentry/install/teb_msgs/lib:/workspaces/auto_sentry/install/ros2_livox_simulation/lib:/workspaces/auto_sentry/install/rm_rune_detector/lib:/workspaces/auto_sentry/install/rm_behavior_tree/lib:/workspaces/auto_sentry/install/rm_decision_interfaces/lib:/workspaces/auto_sentry/install/pointcloud_to_laserscan/lib:/workspaces/auto_sentry/install/pb_rm_interfaces/lib:/workspaces/auto_sentry/install/icp_registration/lib:/workspaces/auto_sentry/install/fast_lio/lib:/workspaces/auto_sentry/install/linefit_ground_segmentation/lib:/workspaces/auto_sentry/install/imu_complementary_filter/lib:/workspaces/auto_sentry/install/hik_camera/lib:/workspaces/auto_sentry/install/fake_vel_transform/lib:/workspaces/auto_sentry/install/costmap_converter/lib:/workspaces/auto_sentry/install/costmap_converter_msgs/lib:/workspaces/auto_sentry/install/btcpp_ros2_interfaces/lib:/workspaces/auto_sentry/install/behaviortree_cpp/lib:/workspaces/auto_sentry/install/armor_tracker/lib:/workspaces/auto_sentry/install/armor_detector/lib:/workspaces/auto_sentry/install/auto_aim_interfaces/lib:/usr/lib/x86_64-linux-gnu/gazebo-11/plugins:/opt/ros/humble/opt/rviz_ogre_vendor/lib:/opt/ros/humble/lib/x86_64-linux-gnu:/opt/ros/humble/opt/openvdb_vendor/lib:/opt/ros/humble/lib /usr/bin/cmake /workspaces/auto_sentry/src/pb_rmsimulation/src/rm_localization/point_lio -DAMENT_CMAKE_SYMLINK_INSTALL=1 -DCMAKE_INSTALL_PREFIX=/workspaces/auto_sentry/install/point_lio
[0.128s] -- The C compiler identification is GNU 11.4.0
[0.220s] -- The CXX compiler identification is GNU 11.4.0
[0.230s] -- Detecting C compiler ABI info
[0.331s] -- Detecting C compiler ABI info - done
[0.346s] -- Check for working C compiler: /usr/bin/cc - skipped
[0.346s] -- Detecting C compile features
[0.347s] -- Detecting C compile features - done
[0.352s] -- Detecting CXX compiler ABI info
[0.485s] -- Detecting CXX compiler ABI info - done
[0.499s] -- Check for working CXX compiler: /usr/bin/c++ - skipped
[0.499s] -- Detecting CXX compile features
[0.500s] -- Detecting CXX compile features - done
[0.515s] -- Found ament_cmake: 1.3.9 (/opt/ros/humble/share/ament_cmake/cmake)
[0.727s] -- Found Python3: /usr/bin/python3 (found version "3.10.12") found components: Interpreter 
[0.843s] -- Override CMake install command with custom implementation using symlinks instead of copying resources
[0.928s] -- Found rclcpp: 16.0.9 (/opt/ros/humble/share/rclcpp/cmake)
[1.006s] -- Found rosidl_generator_c: 3.1.5 (/opt/ros/humble/share/rosidl_generator_c/cmake)
[1.023s] -- Found rosidl_adapter: 3.1.5 (/opt/ros/humble/share/rosidl_adapter/cmake)
[1.042s] -- Found rosidl_generator_cpp: 3.1.5 (/opt/ros/humble/share/rosidl_generator_cpp/cmake)
[1.065s] -- Using all available rosidl_typesupport_c: rosidl_typesupport_fastrtps_c;rosidl_typesupport_introspection_c
[1.095s] -- Using all available rosidl_typesupport_cpp: rosidl_typesupport_fastrtps_cpp;rosidl_typesupport_introspection_cpp
[1.199s] -- Found rmw_implementation_cmake: 6.1.2 (/opt/ros/humble/share/rmw_implementation_cmake/cmake)
[1.205s] -- Found rmw_fastrtps_cpp: 6.2.6 (/opt/ros/humble/share/rmw_fastrtps_cpp/cmake)
[1.384s] -- Found OpenSSL: /usr/lib/x86_64-linux-gnu/libcrypto.so (found version "3.0.2")  
[1.429s] -- Found FastRTPS: /opt/ros/humble/include  
[1.514s] -- Using RMW implementation 'rmw_fastrtps_cpp' as default
[1.531s] -- Looking for pthread.h
[1.628s] -- Looking for pthread.h - found
[1.628s] -- Performing Test CMAKE_HAVE_LIBC_PTHREAD
[1.750s] -- Performing Test CMAKE_HAVE_LIBC_PTHREAD - Success
[1.752s] -- Found Threads: TRUE  
[2.063s] -- Found rclpy: 3.3.13 (/opt/ros/humble/share/rclpy/cmake)
[2.068s] -- Found geometry_msgs: 4.2.3 (/opt/ros/humble/share/geometry_msgs/cmake)
[2.154s] -- Found nav_msgs: 4.2.3 (/opt/ros/humble/share/nav_msgs/cmake)
[2.321s] -- Found sensor_msgs: 4.2.3 (/opt/ros/humble/share/sensor_msgs/cmake)
[2.486s] -- Found visualization_msgs: 4.2.3 (/opt/ros/humble/share/visualization_msgs/cmake)
[2.730s] -- Found pcl_ros: 2.4.0 (/opt/ros/humble/share/pcl_ros/cmake)
[3.305s] -- Found eigen3_cmake_module: 0.1.1 (/opt/ros/humble/share/eigen3_cmake_module/cmake)
[3.307s] -- Found Eigen3: TRUE (found version "3.4.0") 
[3.308s] -- Ensuring Eigen3 include directory is part of orocos-kdl CMake target
[3.811s] -- Checking for module 'eigen3'
[3.834s] --   Found eigen3, version 3.4.0
[3.885s] -- Found Eigen: /usr/include/eigen3 (Required is at least version "3.1") 
[3.885s] -- Eigen found (include: /usr/include/eigen3, version: 3.4.0)
[3.965s] -- Checking for module 'flann'
[3.993s] --   Found flann, version 1.9.1
[4.069s] -- Found FLANN: /usr/lib/x86_64-linux-gnu/libflann_cpp.so  
[4.069s] -- FLANN found (include: /usr/include, lib: /usr/lib/x86_64-linux-gnu/libflann_cpp.so)
[5.478s] -- Checking for module 'libusb-1.0'
[5.507s] --   Found libusb-1.0, version 1.0.25
[5.569s] -- Found libusb: /usr/lib/x86_64-linux-gnu/libusb-1.0.so  
[5.571s] -- OpenNI found (version: 1.5.4.0, include: /usr/include/ni, lib: /usr/lib/libOpenNI.so;libusb::libusb)
[5.674s] -- OpenNI2 found (version: 2.2.0.33, include: /usr/include/openni2, lib: /usr/lib/x86_64-linux-gnu/libOpenNI2.so;libusb::libusb)
[5.926s] -- Eigen found (include: /usr/include/eigen3, version: 3.4.0)
[5.935s] -- OpenNI found (version: 1.5.4.0, include: /usr/include/ni, lib: /usr/lib/libOpenNI.so;libusb::libusb)
[5.944s] -- OpenNI2 found (version: 2.2.0.33, include: /usr/include/openni2, lib: /usr/lib/x86_64-linux-gnu/libOpenNI2.so;libusb::libusb)
[6.186s] -- Found Qhull version 8.0.2
[6.405s] -- OpenNI found (version: 1.5.4.0, include: /usr/include/ni, lib: /usr/lib/libOpenNI.so;libusb::libusb)
[6.658s] -- Found PCL_COMMON: /usr/lib/x86_64-linux-gnu/libpcl_common.so  
[6.659s] -- Found PCL_KDTREE: /usr/lib/x86_64-linux-gnu/libpcl_kdtree.so  
[6.660s] -- Found PCL_OCTREE: /usr/lib/x86_64-linux-gnu/libpcl_octree.so  
[6.661s] -- Found PCL_SEARCH: /usr/lib/x86_64-linux-gnu/libpcl_search.so  
[6.662s] -- Found PCL_SAMPLE_CONSENSUS: /usr/lib/x86_64-linux-gnu/libpcl_sample_consensus.so  
[6.663s] -- Found PCL_FILTERS: /usr/lib/x86_64-linux-gnu/libpcl_filters.so  
[6.663s] -- Found PCL_2D: /usr/include/pcl-1.12  
[6.665s] -- Found PCL_GEOMETRY: /usr/include/pcl-1.12  
[6.665s] -- Found PCL_IO: /usr/lib/x86_64-linux-gnu/libpcl_io.so  
[6.666s] -- Found PCL_FEATURES: /usr/lib/x86_64-linux-gnu/libpcl_features.so  
[6.667s] -- Found PCL_ML: /usr/lib/x86_64-linux-gnu/libpcl_ml.so  
[6.668s] -- Found PCL_SEGMENTATION: /usr/lib/x86_64-linux-gnu/libpcl_segmentation.so  
[6.669s] -- Found PCL_VISUALIZATION: /usr/lib/x86_64-linux-gnu/libpcl_visualization.so  
[6.670s] -- Found PCL_SURFACE: /usr/lib/x86_64-linux-gnu/libpcl_surface.so  
[6.671s] -- Found PCL_REGISTRATION: /usr/lib/x86_64-linux-gnu/libpcl_registration.so  
[6.672s] -- Found PCL_KEYPOINTS: /usr/lib/x86_64-linux-gnu/libpcl_keypoints.so  
[6.674s] -- Found PCL_TRACKING: /usr/lib/x86_64-linux-gnu/libpcl_tracking.so  
[6.675s] -- Found PCL_RECOGNITION: /usr/lib/x86_64-linux-gnu/libpcl_recognition.so  
[6.676s] -- Found PCL_STEREO: /usr/lib/x86_64-linux-gnu/libpcl_stereo.so  
[6.677s] -- Found PCL_APPS: /usr/lib/x86_64-linux-gnu/libpcl_apps.so  
[6.678s] -- Found PCL_IN_HAND_SCANNER: /usr/include/pcl-1.12  
[6.679s] -- Found PCL_MODELER: /usr/include/pcl-1.12  
[6.679s] -- Found PCL_POINT_CLOUD_EDITOR: /usr/include/pcl-1.12  
[6.680s] -- Found PCL_OUTOFCORE: /usr/lib/x86_64-linux-gnu/libpcl_outofcore.so  
[6.682s] -- Found PCL_PEOPLE: /usr/lib/x86_64-linux-gnu/libpcl_people.so  
[6.700s] -- Found livox_ros_driver2: 1.0.0 (/workspaces/auto_sentry/install/livox_ros_driver2/share/livox_ros_driver2/cmake)
[7.439s] -- Found PythonLibs: /usr/lib/x86_64-linux-gnu/libpython3.10.so (found version "3.10.12") 
[7.677s] -- Configuring done
[7.728s] -- Generating done
[7.732s] -- Build files have been written to: /workspaces/auto_sentry/build/point_lio
[7.755s] Invoked command in '/workspaces/auto_sentry/build/point_lio' returned '0': CMAKE_PREFIX_PATH=/workspaces/auto_sentry/install/livox_ros_driver2:/workspaces/auto_sentry/install/udp_driver:/workspaces/auto_sentry/install/standard_robot_pp_ros2:/workspaces/auto_sentry/install/rm_vision_bringup:/workspaces/auto_sentry/install/rm_serial_driver:/workspaces/auto_sentry/install/serial_driver:/workspaces/auto_sentry/install/io_context:/workspaces/auto_sentry/install/udp_msgs:/workspaces/auto_sentry/install/teb_local_planner:/workspaces/auto_sentry/install/teb_msgs:/workspaces/auto_sentry/install/ros2_livox_simulation:/workspaces/auto_sentry/install/rm_rune_detector:/workspaces/auto_sentry/install/rm_navigation:/workspaces/auto_sentry/install/rm_nav_bringup:/workspaces/auto_sentry/install/rm_gimbal_description:/workspaces/auto_sentry/install/rm_behavior_tree:/workspaces/auto_sentry/install/rm_decision_interfaces:/workspaces/auto_sentry/install/rm_auto_aim:/workspaces/auto_sentry/install/pointcloud_to_laserscan:/workspaces/auto_sentry/install/point_lio:/workspaces/auto_sentry/install/pb_rm_simulation:/workspaces/auto_sentry/install/game_status_tester:/workspaces/auto_sentry/install/pb_rm_interfaces:/workspaces/auto_sentry/install/icp_registration:/workspaces/auto_sentry/install/fast_lio:/workspaces/auto_sentry/install/linefit_ground_segmentation_ros:/workspaces/auto_sentry/install/linefit_ground_segmentation:/workspaces/auto_sentry/install/imu_complementary_filter:/workspaces/auto_sentry/install/hik_camera:/workspaces/auto_sentry/install/fake_vel_transform:/workspaces/auto_sentry/install/costmap_converter:/workspaces/auto_sentry/install/costmap_converter_msgs:/workspaces/auto_sentry/install/btcpp_ros2_samples:/workspaces/auto_sentry/install/btcpp_ros2_interfaces:/workspaces/auto_sentry/install/behaviortree_ros2:/workspaces/auto_sentry/install/behaviortree_cpp:/workspaces/auto_sentry/install/armor_tracker:/workspaces/auto_sentry/install/armor_detector:/workspaces/auto_sentry/install/auto_aim_interfaces:/workspaces/auto_sentry/install/asio_cmake_module:/opt/ros/humble LD_LIBRARY_PATH=/workspaces/auto_sentry/install/livox_ros_driver2/lib:/workspaces/auto_sentry/install/udp_driver/lib:/workspaces/auto_sentry/install/standard_robot_pp_ros2/lib:/workspaces/auto_sentry/install/rm_serial_driver/lib:/workspaces/auto_sentry/install/serial_driver/lib:/workspaces/auto_sentry/install/io_context/lib:/workspaces/auto_sentry/install/udp_msgs/lib:/workspaces/auto_sentry/install/teb_local_planner/lib:/workspaces/auto_sentry/install/teb_msgs/lib:/workspaces/auto_sentry/install/ros2_livox_simulation/lib:/workspaces/auto_sentry/install/rm_rune_detector/lib:/workspaces/auto_sentry/install/rm_behavior_tree/lib:/workspaces/auto_sentry/install/rm_decision_interfaces/lib:/workspaces/auto_sentry/install/pointcloud_to_laserscan/lib:/workspaces/auto_sentry/install/pb_rm_interfaces/lib:/workspaces/auto_sentry/install/icp_registration/lib:/workspaces/auto_sentry/install/fast_lio/lib:/workspaces/auto_sentry/install/linefit_ground_segmentation/lib:/workspaces/auto_sentry/install/imu_complementary_filter/lib:/workspaces/auto_sentry/install/hik_camera/lib:/workspaces/auto_sentry/install/fake_vel_transform/lib:/workspaces/auto_sentry/install/costmap_converter/lib:/workspaces/auto_sentry/install/costmap_converter_msgs/lib:/workspaces/auto_sentry/install/btcpp_ros2_interfaces/lib:/workspaces/auto_sentry/install/behaviortree_cpp/lib:/workspaces/auto_sentry/install/armor_tracker/lib:/workspaces/auto_sentry/install/armor_detector/lib:/workspaces/auto_sentry/install/auto_aim_interfaces/lib:/usr/lib/x86_64-linux-gnu/gazebo-11/plugins:/opt/ros/humble/opt/rviz_ogre_vendor/lib:/opt/ros/humble/lib/x86_64-linux-gnu:/opt/ros/humble/opt/openvdb_vendor/lib:/opt/ros/humble/lib /usr/bin/cmake /workspaces/auto_sentry/src/pb_rmsimulation/src/rm_localization/point_lio -DAMENT_CMAKE_SYMLINK_INSTALL=1 -DCMAKE_INSTALL_PREFIX=/workspaces/auto_sentry/install/point_lio
[7.758s] Invoking command in '/workspaces/auto_sentry/build/point_lio': CMAKE_PREFIX_PATH=/workspaces/auto_sentry/install/livox_ros_driver2:/workspaces/auto_sentry/install/udp_driver:/workspaces/auto_sentry/install/standard_robot_pp_ros2:/workspaces/auto_sentry/install/rm_vision_bringup:/workspaces/auto_sentry/install/rm_serial_driver:/workspaces/auto_sentry/install/serial_driver:/workspaces/auto_sentry/install/io_context:/workspaces/auto_sentry/install/udp_msgs:/workspaces/auto_sentry/install/teb_local_planner:/workspaces/auto_sentry/install/teb_msgs:/workspaces/auto_sentry/install/ros2_livox_simulation:/workspaces/auto_sentry/install/rm_rune_detector:/workspaces/auto_sentry/install/rm_navigation:/workspaces/auto_sentry/install/rm_nav_bringup:/workspaces/auto_sentry/install/rm_gimbal_description:/workspaces/auto_sentry/install/rm_behavior_tree:/workspaces/auto_sentry/install/rm_decision_interfaces:/workspaces/auto_sentry/install/rm_auto_aim:/workspaces/auto_sentry/install/pointcloud_to_laserscan:/workspaces/auto_sentry/install/point_lio:/workspaces/auto_sentry/install/pb_rm_simulation:/workspaces/auto_sentry/install/game_status_tester:/workspaces/auto_sentry/install/pb_rm_interfaces:/workspaces/auto_sentry/install/icp_registration:/workspaces/auto_sentry/install/fast_lio:/workspaces/auto_sentry/install/linefit_ground_segmentation_ros:/workspaces/auto_sentry/install/linefit_ground_segmentation:/workspaces/auto_sentry/install/imu_complementary_filter:/workspaces/auto_sentry/install/hik_camera:/workspaces/auto_sentry/install/fake_vel_transform:/workspaces/auto_sentry/install/costmap_converter:/workspaces/auto_sentry/install/costmap_converter_msgs:/workspaces/auto_sentry/install/btcpp_ros2_samples:/workspaces/auto_sentry/install/btcpp_ros2_interfaces:/workspaces/auto_sentry/install/behaviortree_ros2:/workspaces/auto_sentry/install/behaviortree_cpp:/workspaces/auto_sentry/install/armor_tracker:/workspaces/auto_sentry/install/armor_detector:/workspaces/auto_sentry/install/auto_aim_interfaces:/workspaces/auto_sentry/install/asio_cmake_module:/opt/ros/humble LD_LIBRARY_PATH=/workspaces/auto_sentry/install/livox_ros_driver2/lib:/workspaces/auto_sentry/install/udp_driver/lib:/workspaces/auto_sentry/install/standard_robot_pp_ros2/lib:/workspaces/auto_sentry/install/rm_serial_driver/lib:/workspaces/auto_sentry/install/serial_driver/lib:/workspaces/auto_sentry/install/io_context/lib:/workspaces/auto_sentry/install/udp_msgs/lib:/workspaces/auto_sentry/install/teb_local_planner/lib:/workspaces/auto_sentry/install/teb_msgs/lib:/workspaces/auto_sentry/install/ros2_livox_simulation/lib:/workspaces/auto_sentry/install/rm_rune_detector/lib:/workspaces/auto_sentry/install/rm_behavior_tree/lib:/workspaces/auto_sentry/install/rm_decision_interfaces/lib:/workspaces/auto_sentry/install/pointcloud_to_laserscan/lib:/workspaces/auto_sentry/install/pb_rm_interfaces/lib:/workspaces/auto_sentry/install/icp_registration/lib:/workspaces/auto_sentry/install/fast_lio/lib:/workspaces/auto_sentry/install/linefit_ground_segmentation/lib:/workspaces/auto_sentry/install/imu_complementary_filter/lib:/workspaces/auto_sentry/install/hik_camera/lib:/workspaces/auto_sentry/install/fake_vel_transform/lib:/workspaces/auto_sentry/install/costmap_converter/lib:/workspaces/auto_sentry/install/costmap_converter_msgs/lib:/workspaces/auto_sentry/install/btcpp_ros2_interfaces/lib:/workspaces/auto_sentry/install/behaviortree_cpp/lib:/workspaces/auto_sentry/install/armor_tracker/lib:/workspaces/auto_sentry/install/armor_detector/lib:/workspaces/auto_sentry/install/auto_aim_interfaces/lib:/usr/lib/x86_64-linux-gnu/gazebo-11/plugins:/opt/ros/humble/opt/rviz_ogre_vendor/lib:/opt/ros/humble/lib/x86_64-linux-gnu:/opt/ros/humble/opt/openvdb_vendor/lib:/opt/ros/humble/lib /usr/bin/cmake --build /workspaces/auto_sentry/build/point_lio -- -j28 -l28
[7.854s] [ 14%] [32mBuilding CXX object CMakeFiles/pointlio_mapping.dir/src/laserMapping.cpp.o[0m
[89.167s] [ 28%] [32mBuilding CXX object CMakeFiles/pointlio_mapping.dir/src/Estimator.cpp.o[0m
[89.168s] [ 42%] [32mBuilding CXX object CMakeFiles/pointlio_mapping.dir/src/IMU_Processing.cpp.o[0m
[89.170s] [ 71%] [32mBuilding CXX object CMakeFiles/pointlio_mapping.dir/src/preprocess.cpp.o[0m
[89.170s] [ 71%] [32mBuilding CXX object CMakeFiles/pointlio_mapping.dir/src/parameters.cpp.o[0m
[89.170s] [ 85%] [32mBuilding CXX object CMakeFiles/pointlio_mapping.dir/src/li_initialization.cpp.o[0m
[109.107s] [100%] [32m[1mLinking CXX executable pointlio_mapping[0m
[110.253s] [100%] Built target pointlio_mapping
[110.291s] Invoked command in '/workspaces/auto_sentry/build/point_lio' returned '0': CMAKE_PREFIX_PATH=/workspaces/auto_sentry/install/livox_ros_driver2:/workspaces/auto_sentry/install/udp_driver:/workspaces/auto_sentry/install/standard_robot_pp_ros2:/workspaces/auto_sentry/install/rm_vision_bringup:/workspaces/auto_sentry/install/rm_serial_driver:/workspaces/auto_sentry/install/serial_driver:/workspaces/auto_sentry/install/io_context:/workspaces/auto_sentry/install/udp_msgs:/workspaces/auto_sentry/install/teb_local_planner:/workspaces/auto_sentry/install/teb_msgs:/workspaces/auto_sentry/install/ros2_livox_simulation:/workspaces/auto_sentry/install/rm_rune_detector:/workspaces/auto_sentry/install/rm_navigation:/workspaces/auto_sentry/install/rm_nav_bringup:/workspaces/auto_sentry/install/rm_gimbal_description:/workspaces/auto_sentry/install/rm_behavior_tree:/workspaces/auto_sentry/install/rm_decision_interfaces:/workspaces/auto_sentry/install/rm_auto_aim:/workspaces/auto_sentry/install/pointcloud_to_laserscan:/workspaces/auto_sentry/install/point_lio:/workspaces/auto_sentry/install/pb_rm_simulation:/workspaces/auto_sentry/install/game_status_tester:/workspaces/auto_sentry/install/pb_rm_interfaces:/workspaces/auto_sentry/install/icp_registration:/workspaces/auto_sentry/install/fast_lio:/workspaces/auto_sentry/install/linefit_ground_segmentation_ros:/workspaces/auto_sentry/install/linefit_ground_segmentation:/workspaces/auto_sentry/install/imu_complementary_filter:/workspaces/auto_sentry/install/hik_camera:/workspaces/auto_sentry/install/fake_vel_transform:/workspaces/auto_sentry/install/costmap_converter:/workspaces/auto_sentry/install/costmap_converter_msgs:/workspaces/auto_sentry/install/btcpp_ros2_samples:/workspaces/auto_sentry/install/btcpp_ros2_interfaces:/workspaces/auto_sentry/install/behaviortree_ros2:/workspaces/auto_sentry/install/behaviortree_cpp:/workspaces/auto_sentry/install/armor_tracker:/workspaces/auto_sentry/install/armor_detector:/workspaces/auto_sentry/install/auto_aim_interfaces:/workspaces/auto_sentry/install/asio_cmake_module:/opt/ros/humble LD_LIBRARY_PATH=/workspaces/auto_sentry/install/livox_ros_driver2/lib:/workspaces/auto_sentry/install/udp_driver/lib:/workspaces/auto_sentry/install/standard_robot_pp_ros2/lib:/workspaces/auto_sentry/install/rm_serial_driver/lib:/workspaces/auto_sentry/install/serial_driver/lib:/workspaces/auto_sentry/install/io_context/lib:/workspaces/auto_sentry/install/udp_msgs/lib:/workspaces/auto_sentry/install/teb_local_planner/lib:/workspaces/auto_sentry/install/teb_msgs/lib:/workspaces/auto_sentry/install/ros2_livox_simulation/lib:/workspaces/auto_sentry/install/rm_rune_detector/lib:/workspaces/auto_sentry/install/rm_behavior_tree/lib:/workspaces/auto_sentry/install/rm_decision_interfaces/lib:/workspaces/auto_sentry/install/pointcloud_to_laserscan/lib:/workspaces/auto_sentry/install/pb_rm_interfaces/lib:/workspaces/auto_sentry/install/icp_registration/lib:/workspaces/auto_sentry/install/fast_lio/lib:/workspaces/auto_sentry/install/linefit_ground_segmentation/lib:/workspaces/auto_sentry/install/imu_complementary_filter/lib:/workspaces/auto_sentry/install/hik_camera/lib:/workspaces/auto_sentry/install/fake_vel_transform/lib:/workspaces/auto_sentry/install/costmap_converter/lib:/workspaces/auto_sentry/install/costmap_converter_msgs/lib:/workspaces/auto_sentry/install/btcpp_ros2_interfaces/lib:/workspaces/auto_sentry/install/behaviortree_cpp/lib:/workspaces/auto_sentry/install/armor_tracker/lib:/workspaces/auto_sentry/install/armor_detector/lib:/workspaces/auto_sentry/install/auto_aim_interfaces/lib:/usr/lib/x86_64-linux-gnu/gazebo-11/plugins:/opt/ros/humble/opt/rviz_ogre_vendor/lib:/opt/ros/humble/lib/x86_64-linux-gnu:/opt/ros/humble/opt/openvdb_vendor/lib:/opt/ros/humble/lib /usr/bin/cmake --build /workspaces/auto_sentry/build/point_lio -- -j28 -l28
[110.380s] Invoking command in '/workspaces/auto_sentry/build/point_lio': CMAKE_PREFIX_PATH=/workspaces/auto_sentry/install/livox_ros_driver2:/workspaces/auto_sentry/install/udp_driver:/workspaces/auto_sentry/install/standard_robot_pp_ros2:/workspaces/auto_sentry/install/rm_vision_bringup:/workspaces/auto_sentry/install/rm_serial_driver:/workspaces/auto_sentry/install/serial_driver:/workspaces/auto_sentry/install/io_context:/workspaces/auto_sentry/install/udp_msgs:/workspaces/auto_sentry/install/teb_local_planner:/workspaces/auto_sentry/install/teb_msgs:/workspaces/auto_sentry/install/ros2_livox_simulation:/workspaces/auto_sentry/install/rm_rune_detector:/workspaces/auto_sentry/install/rm_navigation:/workspaces/auto_sentry/install/rm_nav_bringup:/workspaces/auto_sentry/install/rm_gimbal_description:/workspaces/auto_sentry/install/rm_behavior_tree:/workspaces/auto_sentry/install/rm_decision_interfaces:/workspaces/auto_sentry/install/rm_auto_aim:/workspaces/auto_sentry/install/pointcloud_to_laserscan:/workspaces/auto_sentry/install/point_lio:/workspaces/auto_sentry/install/pb_rm_simulation:/workspaces/auto_sentry/install/game_status_tester:/workspaces/auto_sentry/install/pb_rm_interfaces:/workspaces/auto_sentry/install/icp_registration:/workspaces/auto_sentry/install/fast_lio:/workspaces/auto_sentry/install/linefit_ground_segmentation_ros:/workspaces/auto_sentry/install/linefit_ground_segmentation:/workspaces/auto_sentry/install/imu_complementary_filter:/workspaces/auto_sentry/install/hik_camera:/workspaces/auto_sentry/install/fake_vel_transform:/workspaces/auto_sentry/install/costmap_converter:/workspaces/auto_sentry/install/costmap_converter_msgs:/workspaces/auto_sentry/install/btcpp_ros2_samples:/workspaces/auto_sentry/install/btcpp_ros2_interfaces:/workspaces/auto_sentry/install/behaviortree_ros2:/workspaces/auto_sentry/install/behaviortree_cpp:/workspaces/auto_sentry/install/armor_tracker:/workspaces/auto_sentry/install/armor_detector:/workspaces/auto_sentry/install/auto_aim_interfaces:/workspaces/auto_sentry/install/asio_cmake_module:/opt/ros/humble LD_LIBRARY_PATH=/workspaces/auto_sentry/install/livox_ros_driver2/lib:/workspaces/auto_sentry/install/udp_driver/lib:/workspaces/auto_sentry/install/standard_robot_pp_ros2/lib:/workspaces/auto_sentry/install/rm_serial_driver/lib:/workspaces/auto_sentry/install/serial_driver/lib:/workspaces/auto_sentry/install/io_context/lib:/workspaces/auto_sentry/install/udp_msgs/lib:/workspaces/auto_sentry/install/teb_local_planner/lib:/workspaces/auto_sentry/install/teb_msgs/lib:/workspaces/auto_sentry/install/ros2_livox_simulation/lib:/workspaces/auto_sentry/install/rm_rune_detector/lib:/workspaces/auto_sentry/install/rm_behavior_tree/lib:/workspaces/auto_sentry/install/rm_decision_interfaces/lib:/workspaces/auto_sentry/install/pointcloud_to_laserscan/lib:/workspaces/auto_sentry/install/pb_rm_interfaces/lib:/workspaces/auto_sentry/install/icp_registration/lib:/workspaces/auto_sentry/install/fast_lio/lib:/workspaces/auto_sentry/install/linefit_ground_segmentation/lib:/workspaces/auto_sentry/install/imu_complementary_filter/lib:/workspaces/auto_sentry/install/hik_camera/lib:/workspaces/auto_sentry/install/fake_vel_transform/lib:/workspaces/auto_sentry/install/costmap_converter/lib:/workspaces/auto_sentry/install/costmap_converter_msgs/lib:/workspaces/auto_sentry/install/btcpp_ros2_interfaces/lib:/workspaces/auto_sentry/install/behaviortree_cpp/lib:/workspaces/auto_sentry/install/armor_tracker/lib:/workspaces/auto_sentry/install/armor_detector/lib:/workspaces/auto_sentry/install/auto_aim_interfaces/lib:/usr/lib/x86_64-linux-gnu/gazebo-11/plugins:/opt/ros/humble/opt/rviz_ogre_vendor/lib:/opt/ros/humble/lib/x86_64-linux-gnu:/opt/ros/humble/opt/openvdb_vendor/lib:/opt/ros/humble/lib /usr/bin/cmake --install /workspaces/auto_sentry/build/point_lio
[110.395s] -- Install configuration: "Release"
[110.396s] -- Execute custom install script
[110.397s] -- Symlinking: /workspaces/auto_sentry/install/point_lio/lib/point_lio/pointlio_mapping
[110.410s] -- Symlinking: /workspaces/auto_sentry/install/point_lio/share/point_lio/config/avia.yaml
[110.426s] -- Symlinking: /workspaces/auto_sentry/install/point_lio/share/point_lio/config/horizon.yaml
[110.444s] -- Symlinking: /workspaces/auto_sentry/install/point_lio/share/point_lio/config/mid360.yaml
[110.454s] -- Symlinking: /workspaces/auto_sentry/install/point_lio/share/point_lio/config/ouster64.yaml
[110.468s] -- Symlinking: /workspaces/auto_sentry/install/point_lio/share/point_lio/config/velody16.yaml
[110.484s] -- Symlinking: /workspaces/auto_sentry/install/point_lio/share/point_lio/launch/gdb_debug_example.launch.py
[110.497s] -- Symlinking: /workspaces/auto_sentry/install/point_lio/share/point_lio/launch/mapping_avia.launch.py
[110.515s] -- Symlinking: /workspaces/auto_sentry/install/point_lio/share/point_lio/launch/mapping_horizon.launch.py
[110.531s] -- Symlinking: /workspaces/auto_sentry/install/point_lio/share/point_lio/launch/mapping_mid360.launch.py
[110.548s] -- Symlinking: /workspaces/auto_sentry/install/point_lio/share/point_lio/launch/mapping_ouster64.launch.py
[110.565s] -- Symlinking: /workspaces/auto_sentry/install/point_lio/share/point_lio/launch/mapping_velody16.launch.py
[110.582s] -- Symlinking: /workspaces/auto_sentry/install/point_lio/share/point_lio/rviz_cfg/.gitignore
[110.599s] -- Symlinking: /workspaces/auto_sentry/install/point_lio/share/point_lio/rviz_cfg/loam_livox.rviz
[110.611s] -- Symlinking: /workspaces/auto_sentry/install/point_lio/share/ament_index/resource_index/package_run_dependencies/point_lio
[110.625s] -- Symlinking: /workspaces/auto_sentry/install/point_lio/share/ament_index/resource_index/parent_prefix_path/point_lio
[110.640s] -- Symlinking: /workspaces/auto_sentry/install/point_lio/share/point_lio/environment/ament_prefix_path.sh
[110.656s] -- Symlinking: /workspaces/auto_sentry/install/point_lio/share/point_lio/environment/ament_prefix_path.dsv
[110.668s] -- Symlinking: /workspaces/auto_sentry/install/point_lio/share/point_lio/environment/path.sh
[110.681s] -- Symlinking: /workspaces/auto_sentry/install/point_lio/share/point_lio/environment/path.dsv
[110.699s] -- Symlinking: /workspaces/auto_sentry/install/point_lio/share/point_lio/local_setup.bash
[110.710s] -- Symlinking: /workspaces/auto_sentry/install/point_lio/share/point_lio/local_setup.sh
[110.727s] -- Symlinking: /workspaces/auto_sentry/install/point_lio/share/point_lio/local_setup.zsh
[110.739s] -- Symlinking: /workspaces/auto_sentry/install/point_lio/share/point_lio/local_setup.dsv
[110.756s] -- Symlinking: /workspaces/auto_sentry/install/point_lio/share/point_lio/package.dsv
[110.771s] -- Symlinking: /workspaces/auto_sentry/install/point_lio/share/ament_index/resource_index/packages/point_lio
[110.787s] -- Symlinking: /workspaces/auto_sentry/install/point_lio/share/point_lio/cmake/ament_cmake_export_dependencies-extras.cmake
[110.804s] -- Symlinking: /workspaces/auto_sentry/install/point_lio/share/point_lio/cmake/point_lioConfig.cmake
[110.816s] -- Symlinking: /workspaces/auto_sentry/install/point_lio/share/point_lio/cmake/point_lioConfig-version.cmake
[110.832s] -- Symlinking: /workspaces/auto_sentry/install/point_lio/share/point_lio/package.xml
[110.852s] Invoked command in '/workspaces/auto_sentry/build/point_lio' returned '0': CMAKE_PREFIX_PATH=/workspaces/auto_sentry/install/livox_ros_driver2:/workspaces/auto_sentry/install/udp_driver:/workspaces/auto_sentry/install/standard_robot_pp_ros2:/workspaces/auto_sentry/install/rm_vision_bringup:/workspaces/auto_sentry/install/rm_serial_driver:/workspaces/auto_sentry/install/serial_driver:/workspaces/auto_sentry/install/io_context:/workspaces/auto_sentry/install/udp_msgs:/workspaces/auto_sentry/install/teb_local_planner:/workspaces/auto_sentry/install/teb_msgs:/workspaces/auto_sentry/install/ros2_livox_simulation:/workspaces/auto_sentry/install/rm_rune_detector:/workspaces/auto_sentry/install/rm_navigation:/workspaces/auto_sentry/install/rm_nav_bringup:/workspaces/auto_sentry/install/rm_gimbal_description:/workspaces/auto_sentry/install/rm_behavior_tree:/workspaces/auto_sentry/install/rm_decision_interfaces:/workspaces/auto_sentry/install/rm_auto_aim:/workspaces/auto_sentry/install/pointcloud_to_laserscan:/workspaces/auto_sentry/install/point_lio:/workspaces/auto_sentry/install/pb_rm_simulation:/workspaces/auto_sentry/install/game_status_tester:/workspaces/auto_sentry/install/pb_rm_interfaces:/workspaces/auto_sentry/install/icp_registration:/workspaces/auto_sentry/install/fast_lio:/workspaces/auto_sentry/install/linefit_ground_segmentation_ros:/workspaces/auto_sentry/install/linefit_ground_segmentation:/workspaces/auto_sentry/install/imu_complementary_filter:/workspaces/auto_sentry/install/hik_camera:/workspaces/auto_sentry/install/fake_vel_transform:/workspaces/auto_sentry/install/costmap_converter:/workspaces/auto_sentry/install/costmap_converter_msgs:/workspaces/auto_sentry/install/btcpp_ros2_samples:/workspaces/auto_sentry/install/btcpp_ros2_interfaces:/workspaces/auto_sentry/install/behaviortree_ros2:/workspaces/auto_sentry/install/behaviortree_cpp:/workspaces/auto_sentry/install/armor_tracker:/workspaces/auto_sentry/install/armor_detector:/workspaces/auto_sentry/install/auto_aim_interfaces:/workspaces/auto_sentry/install/asio_cmake_module:/opt/ros/humble LD_LIBRARY_PATH=/workspaces/auto_sentry/install/livox_ros_driver2/lib:/workspaces/auto_sentry/install/udp_driver/lib:/workspaces/auto_sentry/install/standard_robot_pp_ros2/lib:/workspaces/auto_sentry/install/rm_serial_driver/lib:/workspaces/auto_sentry/install/serial_driver/lib:/workspaces/auto_sentry/install/io_context/lib:/workspaces/auto_sentry/install/udp_msgs/lib:/workspaces/auto_sentry/install/teb_local_planner/lib:/workspaces/auto_sentry/install/teb_msgs/lib:/workspaces/auto_sentry/install/ros2_livox_simulation/lib:/workspaces/auto_sentry/install/rm_rune_detector/lib:/workspaces/auto_sentry/install/rm_behavior_tree/lib:/workspaces/auto_sentry/install/rm_decision_interfaces/lib:/workspaces/auto_sentry/install/pointcloud_to_laserscan/lib:/workspaces/auto_sentry/install/pb_rm_interfaces/lib:/workspaces/auto_sentry/install/icp_registration/lib:/workspaces/auto_sentry/install/fast_lio/lib:/workspaces/auto_sentry/install/linefit_ground_segmentation/lib:/workspaces/auto_sentry/install/imu_complementary_filter/lib:/workspaces/auto_sentry/install/hik_camera/lib:/workspaces/auto_sentry/install/fake_vel_transform/lib:/workspaces/auto_sentry/install/costmap_converter/lib:/workspaces/auto_sentry/install/costmap_converter_msgs/lib:/workspaces/auto_sentry/install/btcpp_ros2_interfaces/lib:/workspaces/auto_sentry/install/behaviortree_cpp/lib:/workspaces/auto_sentry/install/armor_tracker/lib:/workspaces/auto_sentry/install/armor_detector/lib:/workspaces/auto_sentry/install/auto_aim_interfaces/lib:/usr/lib/x86_64-linux-gnu/gazebo-11/plugins:/opt/ros/humble/opt/rviz_ogre_vendor/lib:/opt/ros/humble/lib/x86_64-linux-gnu:/opt/ros/humble/opt/openvdb_vendor/lib:/opt/ros/humble/lib /usr/bin/cmake --install /workspaces/auto_sentry/build/point_lio
