[0.021s] Invoking command in '/workspaces/auto_sentry/build/standard_robot_pp_ros2': AMENT_PREFIX_PATH=/workspaces/auto_sentry/install/serial_driver:/workspaces/auto_sentry/install/io_context:/workspaces/auto_sentry/install/udp_msgs:/workspaces/auto_sentry/install/rm_decision_interfaces:/workspaces/auto_sentry/install/pb_rm_interfaces:${AMENT_PREFIX_PATH} CMAKE_PREFIX_PATH=/workspaces/auto_sentry/install/serial_driver:/workspaces/auto_sentry/install/io_context:/workspaces/auto_sentry/install/udp_msgs:/workspaces/auto_sentry/install/rm_decision_interfaces:/workspaces/auto_sentry/install/pb_rm_interfaces:/opt/ros/humble LD_LIBRARY_PATH=/workspaces/auto_sentry/install/serial_driver/lib:/workspaces/auto_sentry/install/io_context/lib:/workspaces/auto_sentry/install/udp_msgs/lib:/workspaces/auto_sentry/install/rm_decision_interfaces/lib:/workspaces/auto_sentry/install/pb_rm_interfaces/lib:${LD_LIBRARY_PATH} PYTHONPATH=/workspaces/auto_sentry/install/udp_msgs/local/lib/python3.10/dist-packages:/workspaces/auto_sentry/install/rm_decision_interfaces/local/lib/python3.10/dist-packages:/workspaces/auto_sentry/install/pb_rm_interfaces/local/lib/python3.10/dist-packages:${PYTHONPATH} /usr/bin/cmake --build /workspaces/auto_sentry/build/standard_robot_pp_ros2 -- -j28 -l28
[0.054s] [35m[1mConsolidate compiler generated dependencies of target standard_robot_pp_ros2[0m
[0.061s] [ 40%] Built target standard_robot_pp_ros2_node
[0.074s] [ 60%] [32mBuilding CXX object CMakeFiles/standard_robot_pp_ros2.dir/src/standard_robot_pp_ros2.cpp.o[0m
[2.019s] [01m[K/workspaces/auto_sentry/src/standard_robot_pp_ros2-master/src/standard_robot_pp_ros2/src/standard_robot_pp_ros2.cpp:[m[K In member function ‘[01m[Kvoid standard_robot_pp_ros2::StandardRobotPpRos2Node::publishRobotStatus(standard_robot_pp_ros2::ReceiveRobotStatus&)[m[K’:
[2.019s] [01m[K/workspaces/auto_sentry/src/standard_robot_pp_ros2-master/src/standard_robot_pp_ros2/src/standard_robot_pp_ros2.cpp:562:71:[m[K [01;35m[Kwarning: [m[Kunused parameter ‘[01m[Krobot_status[m[K’ [[01;35m[K]8;;https://gcc.gnu.org/onlinedocs/gcc/Warning-Options.html#index-Wunused-parameter-Wunused-parameter]8;;[m[K]
[2.019s]   562 | void StandardRobotPpRos2Node::publishRobotStatus([01;35m[KReceiveRobotStatus & robot_status[m[K)
[2.019s]       |                                                  [01;35m[K~~~~~~~~~~~~~~~~~~~~~^~~~~~~~~~~~[m[K
[6.922s] [ 80%] [32m[1mLinking CXX shared library libstandard_robot_pp_ros2.so[0m
[7.394s] [100%] Built target standard_robot_pp_ros2
[7.403s] Invoked command in '/workspaces/auto_sentry/build/standard_robot_pp_ros2' returned '0': AMENT_PREFIX_PATH=/workspaces/auto_sentry/install/serial_driver:/workspaces/auto_sentry/install/io_context:/workspaces/auto_sentry/install/udp_msgs:/workspaces/auto_sentry/install/rm_decision_interfaces:/workspaces/auto_sentry/install/pb_rm_interfaces:${AMENT_PREFIX_PATH} CMAKE_PREFIX_PATH=/workspaces/auto_sentry/install/serial_driver:/workspaces/auto_sentry/install/io_context:/workspaces/auto_sentry/install/udp_msgs:/workspaces/auto_sentry/install/rm_decision_interfaces:/workspaces/auto_sentry/install/pb_rm_interfaces:/opt/ros/humble LD_LIBRARY_PATH=/workspaces/auto_sentry/install/serial_driver/lib:/workspaces/auto_sentry/install/io_context/lib:/workspaces/auto_sentry/install/udp_msgs/lib:/workspaces/auto_sentry/install/rm_decision_interfaces/lib:/workspaces/auto_sentry/install/pb_rm_interfaces/lib:${LD_LIBRARY_PATH} PYTHONPATH=/workspaces/auto_sentry/install/udp_msgs/local/lib/python3.10/dist-packages:/workspaces/auto_sentry/install/rm_decision_interfaces/local/lib/python3.10/dist-packages:/workspaces/auto_sentry/install/pb_rm_interfaces/local/lib/python3.10/dist-packages:${PYTHONPATH} /usr/bin/cmake --build /workspaces/auto_sentry/build/standard_robot_pp_ros2 -- -j28 -l28
[7.461s] Invoking command in '/workspaces/auto_sentry/build/standard_robot_pp_ros2': AMENT_PREFIX_PATH=/workspaces/auto_sentry/install/serial_driver:/workspaces/auto_sentry/install/io_context:/workspaces/auto_sentry/install/udp_msgs:/workspaces/auto_sentry/install/rm_decision_interfaces:/workspaces/auto_sentry/install/pb_rm_interfaces:${AMENT_PREFIX_PATH} CMAKE_PREFIX_PATH=/workspaces/auto_sentry/install/serial_driver:/workspaces/auto_sentry/install/io_context:/workspaces/auto_sentry/install/udp_msgs:/workspaces/auto_sentry/install/rm_decision_interfaces:/workspaces/auto_sentry/install/pb_rm_interfaces:/opt/ros/humble LD_LIBRARY_PATH=/workspaces/auto_sentry/install/serial_driver/lib:/workspaces/auto_sentry/install/io_context/lib:/workspaces/auto_sentry/install/udp_msgs/lib:/workspaces/auto_sentry/install/rm_decision_interfaces/lib:/workspaces/auto_sentry/install/pb_rm_interfaces/lib:${LD_LIBRARY_PATH} PYTHONPATH=/workspaces/auto_sentry/install/udp_msgs/local/lib/python3.10/dist-packages:/workspaces/auto_sentry/install/rm_decision_interfaces/local/lib/python3.10/dist-packages:/workspaces/auto_sentry/install/pb_rm_interfaces/local/lib/python3.10/dist-packages:${PYTHONPATH} /usr/bin/cmake --install /workspaces/auto_sentry/build/standard_robot_pp_ros2
[7.467s] -- Install configuration: ""
[7.467s] -- Execute custom install script
[7.467s] -- Up-to-date symlink: /workspaces/auto_sentry/install/standard_robot_pp_ros2/lib/standard_robot_pp_ros2/standard_robot_pp_ros2_node
[7.467s] -- Up-to-date symlink: /workspaces/auto_sentry/install/standard_robot_pp_ros2/lib/libstandard_robot_pp_ros2.so
[7.467s] -- Up-to-date symlink: /workspaces/auto_sentry/install/standard_robot_pp_ros2/lib/standard_robot_pp_ros2/standard_robot_pp_ros2_node
[7.468s] -- Up-to-date symlink: /workspaces/auto_sentry/install/standard_robot_pp_ros2/include/crc_func.h
[7.468s] -- Up-to-date symlink: /workspaces/auto_sentry/install/standard_robot_pp_ros2/include/debug_for_pb_rm.hpp
[7.468s] -- Up-to-date symlink: /workspaces/auto_sentry/install/standard_robot_pp_ros2/include/packet_typedef.hpp
[7.468s] -- Up-to-date symlink: /workspaces/auto_sentry/install/standard_robot_pp_ros2/include/robot_info.hpp
[7.468s] -- Up-to-date symlink: /workspaces/auto_sentry/install/standard_robot_pp_ros2/include/standard_robot_pp_ros2.hpp
[7.468s] -- Up-to-date symlink: /workspaces/auto_sentry/install/standard_robot_pp_ros2/share/standard_robot_pp_ros2/config/standard_robot_pp_ros2.yaml
[7.468s] -- Up-to-date symlink: /workspaces/auto_sentry/install/standard_robot_pp_ros2/share/standard_robot_pp_ros2/launch/standard_robot_pp_ros2.launch.py
[7.468s] -- Up-to-date symlink: /workspaces/auto_sentry/install/standard_robot_pp_ros2/share/ament_index/resource_index/package_run_dependencies/standard_robot_pp_ros2
[7.469s] -- Up-to-date symlink: /workspaces/auto_sentry/install/standard_robot_pp_ros2/share/ament_index/resource_index/parent_prefix_path/standard_robot_pp_ros2
[7.469s] -- Up-to-date symlink: /workspaces/auto_sentry/install/standard_robot_pp_ros2/share/standard_robot_pp_ros2/environment/ament_prefix_path.sh
[7.469s] -- Up-to-date symlink: /workspaces/auto_sentry/install/standard_robot_pp_ros2/share/standard_robot_pp_ros2/environment/ament_prefix_path.dsv
[7.469s] -- Up-to-date symlink: /workspaces/auto_sentry/install/standard_robot_pp_ros2/share/standard_robot_pp_ros2/environment/path.sh
[7.469s] -- Up-to-date symlink: /workspaces/auto_sentry/install/standard_robot_pp_ros2/share/standard_robot_pp_ros2/environment/path.dsv
[7.469s] -- Up-to-date symlink: /workspaces/auto_sentry/install/standard_robot_pp_ros2/share/standard_robot_pp_ros2/local_setup.bash
[7.469s] -- Up-to-date symlink: /workspaces/auto_sentry/install/standard_robot_pp_ros2/share/standard_robot_pp_ros2/local_setup.sh
[7.469s] -- Up-to-date symlink: /workspaces/auto_sentry/install/standard_robot_pp_ros2/share/standard_robot_pp_ros2/local_setup.zsh
[7.469s] -- Up-to-date symlink: /workspaces/auto_sentry/install/standard_robot_pp_ros2/share/standard_robot_pp_ros2/local_setup.dsv
[7.469s] -- Symlinking: /workspaces/auto_sentry/install/standard_robot_pp_ros2/share/standard_robot_pp_ros2/package.dsv
[7.480s] -- Up-to-date symlink: /workspaces/auto_sentry/install/standard_robot_pp_ros2/share/ament_index/resource_index/packages/standard_robot_pp_ros2
[7.480s] -- Up-to-date symlink: /workspaces/auto_sentry/install/standard_robot_pp_ros2/share/ament_index/resource_index/rclcpp_components/standard_robot_pp_ros2
[7.481s] -- Up-to-date symlink: /workspaces/auto_sentry/install/standard_robot_pp_ros2/share/standard_robot_pp_ros2/cmake/standard_robot_pp_ros2Config.cmake
[7.481s] -- Up-to-date symlink: /workspaces/auto_sentry/install/standard_robot_pp_ros2/share/standard_robot_pp_ros2/cmake/standard_robot_pp_ros2Config-version.cmake
[7.481s] -- Up-to-date symlink: /workspaces/auto_sentry/install/standard_robot_pp_ros2/share/standard_robot_pp_ros2/package.xml
[7.483s] Invoked command in '/workspaces/auto_sentry/build/standard_robot_pp_ros2' returned '0': AMENT_PREFIX_PATH=/workspaces/auto_sentry/install/serial_driver:/workspaces/auto_sentry/install/io_context:/workspaces/auto_sentry/install/udp_msgs:/workspaces/auto_sentry/install/rm_decision_interfaces:/workspaces/auto_sentry/install/pb_rm_interfaces:${AMENT_PREFIX_PATH} CMAKE_PREFIX_PATH=/workspaces/auto_sentry/install/serial_driver:/workspaces/auto_sentry/install/io_context:/workspaces/auto_sentry/install/udp_msgs:/workspaces/auto_sentry/install/rm_decision_interfaces:/workspaces/auto_sentry/install/pb_rm_interfaces:/opt/ros/humble LD_LIBRARY_PATH=/workspaces/auto_sentry/install/serial_driver/lib:/workspaces/auto_sentry/install/io_context/lib:/workspaces/auto_sentry/install/udp_msgs/lib:/workspaces/auto_sentry/install/rm_decision_interfaces/lib:/workspaces/auto_sentry/install/pb_rm_interfaces/lib:${LD_LIBRARY_PATH} PYTHONPATH=/workspaces/auto_sentry/install/udp_msgs/local/lib/python3.10/dist-packages:/workspaces/auto_sentry/install/rm_decision_interfaces/local/lib/python3.10/dist-packages:/workspaces/auto_sentry/install/pb_rm_interfaces/local/lib/python3.10/dist-packages:${PYTHONPATH} /usr/bin/cmake --install /workspaces/auto_sentry/build/standard_robot_pp_ros2
