[0.117s] Invoking command in '/workspaces/auto_sentry/build/asio_cmake_module': CMAKE_PREFIX_PATH=${CMAKE_PREFIX_PATH}:/opt/ros/humble /usr/bin/cmake --build /workspaces/auto_sentry/build/asio_cmake_module -- -j28 -l28
[0.355s] Invoked command in '/workspaces/auto_sentry/build/asio_cmake_module' returned '0': CMAKE_PREFIX_PATH=${CMAKE_PREFIX_PATH}:/opt/ros/humble /usr/bin/cmake --build /workspaces/auto_sentry/build/asio_cmake_module -- -j28 -l28
[0.516s] Invoking command in '/workspaces/auto_sentry/build/asio_cmake_module': CMAKE_PREFIX_PATH=${CMAKE_PREFIX_PATH}:/opt/ros/humble /usr/bin/cmake --install /workspaces/auto_sentry/build/asio_cmake_module
[0.543s] -- Install configuration: ""
[0.543s] -- Execute custom install script
[0.543s] -- Up-to-date symlink: /workspaces/auto_sentry/install/asio_cmake_module/share/ament_index/resource_index/package_run_dependencies/asio_cmake_module
[0.543s] -- Up-to-date symlink: /workspaces/auto_sentry/install/asio_cmake_module/share/ament_index/resource_index/parent_prefix_path/asio_cmake_module
[0.543s] -- Up-to-date symlink: /workspaces/auto_sentry/install/asio_cmake_module/share/asio_cmake_module/environment/ament_prefix_path.sh
[0.543s] -- Up-to-date symlink: /workspaces/auto_sentry/install/asio_cmake_module/share/asio_cmake_module/environment/ament_prefix_path.dsv
[0.544s] -- Up-to-date symlink: /workspaces/auto_sentry/install/asio_cmake_module/share/asio_cmake_module/environment/path.sh
[0.544s] -- Up-to-date symlink: /workspaces/auto_sentry/install/asio_cmake_module/share/asio_cmake_module/environment/path.dsv
[0.544s] -- Up-to-date symlink: /workspaces/auto_sentry/install/asio_cmake_module/share/asio_cmake_module/local_setup.bash
[0.544s] -- Up-to-date symlink: /workspaces/auto_sentry/install/asio_cmake_module/share/asio_cmake_module/local_setup.sh
[0.544s] -- Up-to-date symlink: /workspaces/auto_sentry/install/asio_cmake_module/share/asio_cmake_module/local_setup.zsh
[0.544s] -- Up-to-date symlink: /workspaces/auto_sentry/install/asio_cmake_module/share/asio_cmake_module/local_setup.dsv
[0.546s] -- Symlinking: /workspaces/auto_sentry/install/asio_cmake_module/share/asio_cmake_module/package.dsv
[0.574s] -- Up-to-date symlink: /workspaces/auto_sentry/install/asio_cmake_module/share/ament_index/resource_index/packages/asio_cmake_module
[0.574s] -- Up-to-date symlink: /workspaces/auto_sentry/install/asio_cmake_module/share/asio_cmake_module/cmake/asio_cmake_module-extras.cmake
[0.574s] -- Up-to-date symlink: /workspaces/auto_sentry/install/asio_cmake_module/share/asio_cmake_module/cmake/asio_cmake_moduleConfig.cmake
[0.575s] -- Up-to-date symlink: /workspaces/auto_sentry/install/asio_cmake_module/share/asio_cmake_module/cmake/asio_cmake_moduleConfig-version.cmake
[0.575s] -- Up-to-date symlink: /workspaces/auto_sentry/install/asio_cmake_module/share/asio_cmake_module/package.xml
[0.575s] -- Up-to-date symlink: /workspaces/auto_sentry/install/asio_cmake_module/share/asio_cmake_module/cmake/Modules/FindASIO.cmake
[0.618s] Invoked command in '/workspaces/auto_sentry/build/asio_cmake_module' returned '0': CMAKE_PREFIX_PATH=${CMAKE_PREFIX_PATH}:/opt/ros/humble /usr/bin/cmake --install /workspaces/auto_sentry/build/asio_cmake_module
