[0.160s] Invoking command in '/workspaces/auto_sentry/build/rm_navigation': CMAKE_PREFIX_PATH=${CMAKE_PREFIX_PATH}:/opt/ros/humble /usr/bin/cmake /workspaces/auto_sentry/src/pb_rmsimulation/src/rm_navigation/rm_navigation -DAMENT_CMAKE_SYMLINK_INSTALL=1 -DCMAKE_INSTALL_PREFIX=/workspaces/auto_sentry/install/rm_navigation
[1.098s] -- The C compiler identification is GNU 11.4.0
[1.098s] -- The CXX compiler identification is GNU 11.4.0
[1.098s] -- Detecting C compiler ABI info
[1.098s] -- Detecting C compiler ABI info - done
[1.098s] -- Check for working C compiler: /usr/bin/cc - skipped
[1.099s] -- Detecting C compile features
[1.099s] -- Detecting C compile features - done
[1.099s] -- Detecting CXX compiler ABI info
[1.099s] -- Detecting CXX compiler ABI info - done
[1.099s] -- Check for working CXX compiler: /usr/bin/c++ - skipped
[1.099s] -- Detecting CXX compile features
[1.099s] -- Detecting CXX compile features - done
[1.099s] -- Found ament_cmake_auto: 1.3.9 (/opt/ros/humble/share/ament_cmake_auto/cmake)
[1.099s] -- Found Python3: /usr/bin/python3 (found version "3.10.12") found components: Interpreter 
[1.099s] -- Override CMake install command with custom implementation using symlinks instead of copying resources
[1.100s] -- Found ament_lint_auto: 0.12.11 (/opt/ros/humble/share/ament_lint_auto/cmake)
[1.122s] -- Added test 'flake8' to check Python code syntax and style conventions
[1.123s] -- Added test 'lint_cmake' to check CMake code style
[1.124s] -- Added test 'pep257' to check Python code against some of the docstring style conventions in PEP 257
[1.127s] -- Added test 'xmllint' to check XML markup files
[1.131s] -- Configuring done
[1.141s] -- Generating done
[1.142s] -- Build files have been written to: /workspaces/auto_sentry/build/rm_navigation
[1.150s] Invoked command in '/workspaces/auto_sentry/build/rm_navigation' returned '0': CMAKE_PREFIX_PATH=${CMAKE_PREFIX_PATH}:/opt/ros/humble /usr/bin/cmake /workspaces/auto_sentry/src/pb_rmsimulation/src/rm_navigation/rm_navigation -DAMENT_CMAKE_SYMLINK_INSTALL=1 -DCMAKE_INSTALL_PREFIX=/workspaces/auto_sentry/install/rm_navigation
[1.151s] Invoking command in '/workspaces/auto_sentry/build/rm_navigation': CMAKE_PREFIX_PATH=${CMAKE_PREFIX_PATH}:/opt/ros/humble /usr/bin/cmake --build /workspaces/auto_sentry/build/rm_navigation -- -j28 -l28
[1.216s] Invoked command in '/workspaces/auto_sentry/build/rm_navigation' returned '0': CMAKE_PREFIX_PATH=${CMAKE_PREFIX_PATH}:/opt/ros/humble /usr/bin/cmake --build /workspaces/auto_sentry/build/rm_navigation -- -j28 -l28
[1.259s] Invoking command in '/workspaces/auto_sentry/build/rm_navigation': CMAKE_PREFIX_PATH=${CMAKE_PREFIX_PATH}:/opt/ros/humble /usr/bin/cmake --install /workspaces/auto_sentry/build/rm_navigation
[1.788s] -- Install configuration: ""
[1.788s] -- Execute custom install script
[1.789s] -- Symlinking: /workspaces/auto_sentry/install/rm_navigation/share/rm_navigation/params/mapper_params_online_async.yaml
[1.790s] -- Symlinking: /workspaces/auto_sentry/install/rm_navigation/share/rm_navigation/params/nav2_params.yaml
[1.790s] -- Symlinking: /workspaces/auto_sentry/install/rm_navigation/share/rm_navigation/rviz/nav2.rviz
[1.791s] -- Symlinking: /workspaces/auto_sentry/install/rm_navigation/share/rm_navigation/launch/bringup_rm_navigation.py
[1.792s] -- Symlinking: /workspaces/auto_sentry/install/rm_navigation/share/rm_navigation/launch/localization_amcl_launch.py
[1.792s] -- Symlinking: /workspaces/auto_sentry/install/rm_navigation/share/rm_navigation/launch/map_server_launch.py
[1.792s] -- Symlinking: /workspaces/auto_sentry/install/rm_navigation/share/rm_navigation/launch/navigation_launch.py
[1.792s] -- Symlinking: /workspaces/auto_sentry/install/rm_navigation/share/rm_navigation/launch/rviz_launch.py
[1.792s] -- Symlinking: /workspaces/auto_sentry/install/rm_navigation/share/ament_index/resource_index/package_run_dependencies/rm_navigation
[1.792s] -- Symlinking: /workspaces/auto_sentry/install/rm_navigation/share/ament_index/resource_index/parent_prefix_path/rm_navigation
[1.792s] -- Symlinking: /workspaces/auto_sentry/install/rm_navigation/share/rm_navigation/environment/ament_prefix_path.sh
[1.792s] -- Symlinking: /workspaces/auto_sentry/install/rm_navigation/share/rm_navigation/environment/ament_prefix_path.dsv
[1.792s] -- Symlinking: /workspaces/auto_sentry/install/rm_navigation/share/rm_navigation/environment/path.sh
[1.792s] -- Symlinking: /workspaces/auto_sentry/install/rm_navigation/share/rm_navigation/environment/path.dsv
[1.793s] -- Symlinking: /workspaces/auto_sentry/install/rm_navigation/share/rm_navigation/local_setup.bash
[1.793s] -- Symlinking: /workspaces/auto_sentry/install/rm_navigation/share/rm_navigation/local_setup.sh
[1.794s] -- Symlinking: /workspaces/auto_sentry/install/rm_navigation/share/rm_navigation/local_setup.zsh
[1.795s] -- Symlinking: /workspaces/auto_sentry/install/rm_navigation/share/rm_navigation/local_setup.dsv
[1.797s] -- Symlinking: /workspaces/auto_sentry/install/rm_navigation/share/rm_navigation/package.dsv
[1.798s] -- Symlinking: /workspaces/auto_sentry/install/rm_navigation/share/ament_index/resource_index/packages/rm_navigation
[1.800s] -- Symlinking: /workspaces/auto_sentry/install/rm_navigation/share/rm_navigation/cmake/rm_navigationConfig.cmake
[1.801s] -- Symlinking: /workspaces/auto_sentry/install/rm_navigation/share/rm_navigation/cmake/rm_navigationConfig-version.cmake
[1.802s] -- Symlinking: /workspaces/auto_sentry/install/rm_navigation/share/rm_navigation/package.xml
[1.837s] Invoked command in '/workspaces/auto_sentry/build/rm_navigation' returned '0': CMAKE_PREFIX_PATH=${CMAKE_PREFIX_PATH}:/opt/ros/humble /usr/bin/cmake --install /workspaces/auto_sentry/build/rm_navigation
