[0.136s] Invoking command in '/workspaces/auto_sentry/build/fake_vel_transform': CMAKE_PREFIX_PATH=${CMAKE_PREFIX_PATH}:/opt/ros/humble /usr/bin/cmake /workspaces/auto_sentry/src/pb_rmsimulation/src/rm_navigation/fake_vel_transform -DAMENT_CMAKE_SYMLINK_INSTALL=1 -DCMAKE_INSTALL_PREFIX=/workspaces/auto_sentry/install/fake_vel_transform
[0.245s] -- The C compiler identification is GNU 11.4.0
[0.340s] -- The CXX compiler identification is GNU 11.4.0
[0.354s] -- Detecting C compiler ABI info
[0.462s] -- Detecting C compiler ABI info - done
[0.476s] -- Check for working C compiler: /usr/bin/cc - skipped
[0.479s] -- Detecting C compile features
[0.479s] -- Detecting C compile features - done
[0.483s] -- Detecting CXX compiler ABI info
[0.612s] -- Detecting CXX compiler ABI info - done
[0.624s] -- Check for working CXX compiler: /usr/bin/c++ - skipped
[0.625s] -- Detecting CXX compile features
[0.625s] -- Detecting CXX compile features - done
[0.630s] -- Found ament_cmake_auto: 1.3.9 (/opt/ros/humble/share/ament_cmake_auto/cmake)
[0.860s] -- Found Python3: /usr/bin/python3 (found version "3.10.12") found components: Interpreter 
[0.946s] -- Override CMake install command with custom implementation using symlinks instead of copying resources
[1.169s] -- Found rosidl_generator_c: 3.1.5 (/opt/ros/humble/share/rosidl_generator_c/cmake)
[1.178s] -- Found rosidl_adapter: 3.1.5 (/opt/ros/humble/share/rosidl_adapter/cmake)
[1.192s] -- Found rosidl_generator_cpp: 3.1.5 (/opt/ros/humble/share/rosidl_generator_cpp/cmake)
[1.220s] -- Using all available rosidl_typesupport_c: rosidl_typesupport_fastrtps_c;rosidl_typesupport_introspection_c
[1.259s] -- Using all available rosidl_typesupport_cpp: rosidl_typesupport_fastrtps_cpp;rosidl_typesupport_introspection_cpp
[1.402s] -- Found rmw_implementation_cmake: 6.1.2 (/opt/ros/humble/share/rmw_implementation_cmake/cmake)
[1.408s] -- Found rmw_fastrtps_cpp: 6.2.6 (/opt/ros/humble/share/rmw_fastrtps_cpp/cmake)
[1.571s] -- Found OpenSSL: /usr/lib/x86_64-linux-gnu/libcrypto.so (found version "3.0.2")  
[1.625s] -- Found FastRTPS: /opt/ros/humble/include  
[1.721s] -- Using RMW implementation 'rmw_fastrtps_cpp' as default
[1.743s] -- Looking for pthread.h
[1.850s] -- Looking for pthread.h - found
[1.851s] -- Performing Test CMAKE_HAVE_LIBC_PTHREAD
[1.949s] -- Performing Test CMAKE_HAVE_LIBC_PTHREAD - Success
[1.951s] -- Found Threads: TRUE  
[2.865s] -- Found eigen3_cmake_module: 0.1.1 (/opt/ros/humble/share/eigen3_cmake_module/cmake)
[2.867s] -- Found Eigen3: TRUE (found version "3.4.0") 
[2.867s] -- Ensuring Eigen3 include directory is part of orocos-kdl CMake target
[2.897s] -- Found ament_lint_auto: 0.12.11 (/opt/ros/humble/share/ament_lint_auto/cmake)
[2.941s] -- Added test 'cppcheck' to perform static code analysis on C / C++ code
[2.941s] -- Configured cppcheck include dirs: /workspaces/auto_sentry/src/pb_rmsimulation/src/rm_navigation/fake_vel_transform/include
[2.941s] -- Configured cppcheck exclude dirs and/or files: 
[2.942s] -- Added test 'cpplint' to check C / C++ code against the Google style
[2.943s] -- Configured cpplint exclude dirs and/or files: 
[2.943s] -- Added test 'flake8' to check Python code syntax and style conventions
[2.944s] -- Added test 'lint_cmake' to check CMake code style
[2.945s] -- Added test 'pep257' to check Python code against some of the docstring style conventions in PEP 257
[2.946s] -- Added test 'xmllint' to check XML markup files
[2.948s] -- Added test 'clang_format' to check C / C++ code style
[2.952s] -- Configuring done
[2.967s] -- Generating done
[2.969s] -- Build files have been written to: /workspaces/auto_sentry/build/fake_vel_transform
