[0.155s] Invoking command in '/workspaces/auto_sentry/build/rm_nav_bringup': CMAKE_PREFIX_PATH=${CMAKE_PREFIX_PATH}:/opt/ros/humble /usr/bin/cmake /workspaces/auto_sentry/src/pb_rmsimulation/src/rm_nav_bringup -DAMENT_CMAKE_SYMLINK_INSTALL=1 -DCMAKE_INSTALL_PREFIX=/workspaces/auto_sentry/install/rm_nav_bringup
[1.094s] -- The C compiler identification is GNU 11.4.0
[1.095s] -- The CXX compiler identification is GNU 11.4.0
[1.098s] -- Detecting C compiler ABI info
[1.099s] -- Detecting C compiler ABI info - done
[1.099s] -- Check for working C compiler: /usr/bin/cc - skipped
[1.101s] -- Detecting C compile features
[1.101s] -- Detecting C compile features - done
[1.101s] -- Detecting CXX compiler ABI info
[1.101s] -- Detecting CXX compiler ABI info - done
[1.101s] -- Check for working CXX compiler: /usr/bin/c++ - skipped
[1.102s] -- Detecting CXX compile features
[1.102s] -- Detecting CXX compile features - done
[1.102s] -- Found ament_cmake_auto: 1.3.9 (/opt/ros/humble/share/ament_cmake_auto/cmake)
[1.102s] -- Found Python3: /usr/bin/python3 (found version "3.10.12") found components: Interpreter 
[1.102s] -- Override CMake install command with custom implementation using symlinks instead of copying resources
[1.102s] -- Found ament_lint_auto: 0.12.11 (/opt/ros/humble/share/ament_lint_auto/cmake)
[1.102s] -- Configuring done
[1.102s] -- Generating done
[1.102s] -- Build files have been written to: /workspaces/auto_sentry/build/rm_nav_bringup
[1.105s] Invoked command in '/workspaces/auto_sentry/build/rm_nav_bringup' returned '0': CMAKE_PREFIX_PATH=${CMAKE_PREFIX_PATH}:/opt/ros/humble /usr/bin/cmake /workspaces/auto_sentry/src/pb_rmsimulation/src/rm_nav_bringup -DAMENT_CMAKE_SYMLINK_INSTALL=1 -DCMAKE_INSTALL_PREFIX=/workspaces/auto_sentry/install/rm_nav_bringup
[1.106s] Invoking command in '/workspaces/auto_sentry/build/rm_nav_bringup': CMAKE_PREFIX_PATH=${CMAKE_PREFIX_PATH}:/opt/ros/humble /usr/bin/cmake --build /workspaces/auto_sentry/build/rm_nav_bringup -- -j28 -l28
[1.156s] Invoked command in '/workspaces/auto_sentry/build/rm_nav_bringup' returned '0': CMAKE_PREFIX_PATH=${CMAKE_PREFIX_PATH}:/opt/ros/humble /usr/bin/cmake --build /workspaces/auto_sentry/build/rm_nav_bringup -- -j28 -l28
[1.215s] Invoking command in '/workspaces/auto_sentry/build/rm_nav_bringup': CMAKE_PREFIX_PATH=${CMAKE_PREFIX_PATH}:/opt/ros/humble /usr/bin/cmake --install /workspaces/auto_sentry/build/rm_nav_bringup
[1.224s] -- Install configuration: ""
[1.224s] -- Execute custom install script
[1.224s] -- Symlinking: /workspaces/auto_sentry/install/rm_nav_bringup/share/rm_nav_bringup/launch/bringup_real.launch.py
[1.235s] -- Symlinking: /workspaces/auto_sentry/install/rm_nav_bringup/share/rm_nav_bringup/launch/bringup_sim.launch.py
[1.244s] -- Symlinking: /workspaces/auto_sentry/install/rm_nav_bringup/share/rm_nav_bringup/config/reality/MID360_config.json
[1.254s] -- Symlinking: /workspaces/auto_sentry/install/rm_nav_bringup/share/rm_nav_bringup/config/reality/fastlio_mid360_real.yaml
[1.265s] -- Symlinking: /workspaces/auto_sentry/install/rm_nav_bringup/share/rm_nav_bringup/config/reality/icp_registration_real.yaml
[1.274s] -- Symlinking: /workspaces/auto_sentry/install/rm_nav_bringup/share/rm_nav_bringup/config/reality/mapper_params_localization_real.yaml
[1.283s] -- Symlinking: /workspaces/auto_sentry/install/rm_nav_bringup/share/rm_nav_bringup/config/reality/mapper_params_online_async_real.yaml
[1.295s] -- Symlinking: /workspaces/auto_sentry/install/rm_nav_bringup/share/rm_nav_bringup/config/reality/measurement_params_real.yaml
[1.308s] -- Symlinking: /workspaces/auto_sentry/install/rm_nav_bringup/share/rm_nav_bringup/config/reality/nav2_params_real.yaml
[1.317s] -- Symlinking: /workspaces/auto_sentry/install/rm_nav_bringup/share/rm_nav_bringup/config/reality/pointlio_mid360_real.yaml
[1.327s] -- Symlinking: /workspaces/auto_sentry/install/rm_nav_bringup/share/rm_nav_bringup/config/reality/segmentation_real.yaml
[1.339s] -- Symlinking: /workspaces/auto_sentry/install/rm_nav_bringup/share/rm_nav_bringup/config/simulation/fastlio_mid360_sim.yaml
[1.352s] -- Symlinking: /workspaces/auto_sentry/install/rm_nav_bringup/share/rm_nav_bringup/config/simulation/icp_registration_sim.yaml
[1.367s] -- Symlinking: /workspaces/auto_sentry/install/rm_nav_bringup/share/rm_nav_bringup/config/simulation/mapper_params_localization_sim.yaml
[1.378s] -- Symlinking: /workspaces/auto_sentry/install/rm_nav_bringup/share/rm_nav_bringup/config/simulation/mapper_params_online_async_sim.yaml
[1.387s] -- Symlinking: /workspaces/auto_sentry/install/rm_nav_bringup/share/rm_nav_bringup/config/simulation/measurement_params_sim.yaml
[1.395s] -- Symlinking: /workspaces/auto_sentry/install/rm_nav_bringup/share/rm_nav_bringup/config/simulation/nav2_params_sim.yaml
[1.409s] -- Symlinking: /workspaces/auto_sentry/install/rm_nav_bringup/share/rm_nav_bringup/config/simulation/pointlio_mid360_sim.yaml
[1.422s] -- Symlinking: /workspaces/auto_sentry/install/rm_nav_bringup/share/rm_nav_bringup/config/simulation/segmentation_sim.yaml
[1.436s] -- Symlinking: /workspaces/auto_sentry/install/rm_nav_bringup/share/rm_nav_bringup/map/RMUC.data
[1.449s] -- Symlinking: /workspaces/auto_sentry/install/rm_nav_bringup/share/rm_nav_bringup/map/RMUC.pgm
[1.459s] -- Symlinking: /workspaces/auto_sentry/install/rm_nav_bringup/share/rm_nav_bringup/map/RMUC.posegraph
[1.473s] -- Symlinking: /workspaces/auto_sentry/install/rm_nav_bringup/share/rm_nav_bringup/map/RMUC.yaml
[1.487s] -- Symlinking: /workspaces/auto_sentry/install/rm_nav_bringup/share/rm_nav_bringup/map/RMUL.data
[1.502s] -- Symlinking: /workspaces/auto_sentry/install/rm_nav_bringup/share/rm_nav_bringup/map/RMUL.pgm
[1.512s] -- Symlinking: /workspaces/auto_sentry/install/rm_nav_bringup/share/rm_nav_bringup/map/RMUL.posegraph
[1.521s] -- Symlinking: /workspaces/auto_sentry/install/rm_nav_bringup/share/rm_nav_bringup/map/RMUL.yaml
[1.537s] -- Symlinking: /workspaces/auto_sentry/install/rm_nav_bringup/share/rm_nav_bringup/PCD/RMUC.pcd
[1.548s] -- Symlinking: /workspaces/auto_sentry/install/rm_nav_bringup/share/rm_nav_bringup/PCD/RMUL.pcd
[1.561s] -- Symlinking: /workspaces/auto_sentry/install/rm_nav_bringup/share/rm_nav_bringup/rviz/fastlio.rviz
[1.575s] -- Symlinking: /workspaces/auto_sentry/install/rm_nav_bringup/share/rm_nav_bringup/rviz/pointlio.rviz
[1.590s] -- Symlinking: /workspaces/auto_sentry/install/rm_nav_bringup/share/rm_nav_bringup/urdf/sentry_robot_real.xacro
[1.600s] -- Symlinking: /workspaces/auto_sentry/install/rm_nav_bringup/share/rm_nav_bringup/urdf/sentry_robot_sim.xacro
[1.611s] -- Symlinking: /workspaces/auto_sentry/install/rm_nav_bringup/share/ament_index/resource_index/package_run_dependencies/rm_nav_bringup
[1.626s] -- Symlinking: /workspaces/auto_sentry/install/rm_nav_bringup/share/ament_index/resource_index/parent_prefix_path/rm_nav_bringup
[1.640s] -- Symlinking: /workspaces/auto_sentry/install/rm_nav_bringup/share/rm_nav_bringup/environment/ament_prefix_path.sh
[1.651s] -- Symlinking: /workspaces/auto_sentry/install/rm_nav_bringup/share/rm_nav_bringup/environment/ament_prefix_path.dsv
[1.661s] -- Symlinking: /workspaces/auto_sentry/install/rm_nav_bringup/share/rm_nav_bringup/environment/path.sh
[1.670s] -- Symlinking: /workspaces/auto_sentry/install/rm_nav_bringup/share/rm_nav_bringup/environment/path.dsv
[1.681s] -- Symlinking: /workspaces/auto_sentry/install/rm_nav_bringup/share/rm_nav_bringup/local_setup.bash
[1.691s] -- Symlinking: /workspaces/auto_sentry/install/rm_nav_bringup/share/rm_nav_bringup/local_setup.sh
[1.700s] -- Symlinking: /workspaces/auto_sentry/install/rm_nav_bringup/share/rm_nav_bringup/local_setup.zsh
[1.714s] -- Symlinking: /workspaces/auto_sentry/install/rm_nav_bringup/share/rm_nav_bringup/local_setup.dsv
[1.723s] -- Symlinking: /workspaces/auto_sentry/install/rm_nav_bringup/share/rm_nav_bringup/package.dsv
[1.732s] -- Symlinking: /workspaces/auto_sentry/install/rm_nav_bringup/share/ament_index/resource_index/packages/rm_nav_bringup
[1.742s] -- Symlinking: /workspaces/auto_sentry/install/rm_nav_bringup/share/rm_nav_bringup/cmake/rm_nav_bringupConfig.cmake
[1.751s] -- Symlinking: /workspaces/auto_sentry/install/rm_nav_bringup/share/rm_nav_bringup/cmake/rm_nav_bringupConfig-version.cmake
[1.761s] -- Symlinking: /workspaces/auto_sentry/install/rm_nav_bringup/share/rm_nav_bringup/package.xml
[1.788s] Invoked command in '/workspaces/auto_sentry/build/rm_nav_bringup' returned '0': CMAKE_PREFIX_PATH=${CMAKE_PREFIX_PATH}:/opt/ros/humble /usr/bin/cmake --install /workspaces/auto_sentry/build/rm_nav_bringup
