[ 20%] [32mBuilding CXX object CMakeFiles/linefit_ground_segmentation.dir/src/bin.cc.o[0m
[ 40%] [32mBuilding CXX object CMakeFiles/linefit_ground_segmentation.dir/src/viewer.cc.o[0m
[ 60%] [32mBuilding CXX object CMakeFiles/linefit_ground_segmentation.dir/src/ground_segmentation.cc.o[0m
[ 80%] [32mBuilding CXX object CMakeFiles/linefit_ground_segmentation.dir/src/segment.cc.o[0m
[100%] [32m[1mLinking CXX shared library liblinefit_ground_segmentation.so[0m
[100%] Built target linefit_ground_segmentation
-- Install configuration: ""
-- Execute custom install script
-- Symlinking: /workspaces/auto_sentry/install/linefit_ground_segmentation/include/ground_segmentation/bin.h
-- Symlinking: /workspaces/auto_sentry/install/linefit_ground_segmentation/include/ground_segmentation/ground_segmentation.h
-- Symlinking: /workspaces/auto_sentry/install/linefit_ground_segmentation/include/ground_segmentation/segment.h
-- Symlinking: /workspaces/auto_sentry/install/linefit_ground_segmentation/include/ground_segmentation/typedefs.h
-- Symlinking: /workspaces/auto_sentry/install/linefit_ground_segmentation/include/ground_segmentation/viewer.h
-- Symlinking: /workspaces/auto_sentry/install/linefit_ground_segmentation/share/linefit_ground_segmentation/environment/library_path.sh
-- Symlinking: /workspaces/auto_sentry/install/linefit_ground_segmentation/share/linefit_ground_segmentation/environment/library_path.dsv
-- Symlinking: /workspaces/auto_sentry/install/linefit_ground_segmentation/lib/liblinefit_ground_segmentation.so
-- Symlinking: /workspaces/auto_sentry/install/linefit_ground_segmentation/share/ament_index/resource_index/package_run_dependencies/linefit_ground_segmentation
-- Symlinking: /workspaces/auto_sentry/install/linefit_ground_segmentation/share/ament_index/resource_index/parent_prefix_path/linefit_ground_segmentation
-- Symlinking: /workspaces/auto_sentry/install/linefit_ground_segmentation/share/linefit_ground_segmentation/environment/ament_prefix_path.sh
-- Symlinking: /workspaces/auto_sentry/install/linefit_ground_segmentation/share/linefit_ground_segmentation/environment/ament_prefix_path.dsv
-- Symlinking: /workspaces/auto_sentry/install/linefit_ground_segmentation/share/linefit_ground_segmentation/environment/path.sh
-- Symlinking: /workspaces/auto_sentry/install/linefit_ground_segmentation/share/linefit_ground_segmentation/environment/path.dsv
-- Symlinking: /workspaces/auto_sentry/install/linefit_ground_segmentation/share/linefit_ground_segmentation/local_setup.bash
-- Symlinking: /workspaces/auto_sentry/install/linefit_ground_segmentation/share/linefit_ground_segmentation/local_setup.sh
-- Symlinking: /workspaces/auto_sentry/install/linefit_ground_segmentation/share/linefit_ground_segmentation/local_setup.zsh
-- Symlinking: /workspaces/auto_sentry/install/linefit_ground_segmentation/share/linefit_ground_segmentation/local_setup.dsv
-- Symlinking: /workspaces/auto_sentry/install/linefit_ground_segmentation/share/linefit_ground_segmentation/package.dsv
-- Symlinking: /workspaces/auto_sentry/install/linefit_ground_segmentation/share/ament_index/resource_index/packages/linefit_ground_segmentation
-- Symlinking: /workspaces/auto_sentry/install/linefit_ground_segmentation/share/linefit_ground_segmentation/cmake/ament_cmake_export_dependencies-extras.cmake
-- Symlinking: /workspaces/auto_sentry/install/linefit_ground_segmentation/share/linefit_ground_segmentation/cmake/ament_cmake_export_include_directories-extras.cmake
-- Symlinking: /workspaces/auto_sentry/install/linefit_ground_segmentation/share/linefit_ground_segmentation/cmake/ament_cmake_export_libraries-extras.cmake
-- Symlinking: /workspaces/auto_sentry/install/linefit_ground_segmentation/share/linefit_ground_segmentation/cmake/linefit_ground_segmentationConfig.cmake
-- Symlinking: /workspaces/auto_sentry/install/linefit_ground_segmentation/share/linefit_ground_segmentation/cmake/linefit_ground_segmentationConfig-version.cmake
-- Symlinking: /workspaces/auto_sentry/install/linefit_ground_segmentation/share/linefit_ground_segmentation/package.xml
