[0.021s] Invoking command in '/workspaces/auto_sentry/build/rm_nav_bringup': CMAKE_PREFIX_PATH=${CMAKE_PREFIX_PATH}:/opt/ros/humble /usr/bin/cmake --build /workspaces/auto_sentry/build/rm_nav_bringup -- -j28 -l28
[0.100s] Invoked command in '/workspaces/auto_sentry/build/rm_nav_bringup' returned '0': CMAKE_PREFIX_PATH=${CMAKE_PREFIX_PATH}:/opt/ros/humble /usr/bin/cmake --build /workspaces/auto_sentry/build/rm_nav_bringup -- -j28 -l28
[0.182s] Invoking command in '/workspaces/auto_sentry/build/rm_nav_bringup': CMAKE_PREFIX_PATH=${CMAKE_PREFIX_PATH}:/opt/ros/humble /usr/bin/cmake --install /workspaces/auto_sentry/build/rm_nav_bringup
[0.198s] -- Install configuration: ""
[0.199s] -- Execute custom install script
[0.201s] -- Up-to-date symlink: /workspaces/auto_sentry/install/rm_nav_bringup/share/rm_nav_bringup/launch/bringup_real.launch.py
[0.201s] -- Up-to-date symlink: /workspaces/auto_sentry/install/rm_nav_bringup/share/rm_nav_bringup/launch/bringup_sim.launch.py
[0.202s] -- Up-to-date symlink: /workspaces/auto_sentry/install/rm_nav_bringup/share/rm_nav_bringup/config/reality/MID360_config.json
[0.202s] -- Up-to-date symlink: /workspaces/auto_sentry/install/rm_nav_bringup/share/rm_nav_bringup/config/reality/fastlio_mid360_real.yaml
[0.203s] -- Up-to-date symlink: /workspaces/auto_sentry/install/rm_nav_bringup/share/rm_nav_bringup/config/reality/icp_registration_real.yaml
[0.203s] -- Up-to-date symlink: /workspaces/auto_sentry/install/rm_nav_bringup/share/rm_nav_bringup/config/reality/mapper_params_localization_real.yaml
[0.203s] -- Up-to-date symlink: /workspaces/auto_sentry/install/rm_nav_bringup/share/rm_nav_bringup/config/reality/mapper_params_online_async_real.yaml
[0.204s] -- Up-to-date symlink: /workspaces/auto_sentry/install/rm_nav_bringup/share/rm_nav_bringup/config/reality/measurement_params_real.yaml
[0.204s] -- Up-to-date symlink: /workspaces/auto_sentry/install/rm_nav_bringup/share/rm_nav_bringup/config/reality/nav2_params_real.yaml
[0.204s] -- Up-to-date symlink: /workspaces/auto_sentry/install/rm_nav_bringup/share/rm_nav_bringup/config/reality/pointlio_mid360_real.yaml
[0.204s] -- Up-to-date symlink: /workspaces/auto_sentry/install/rm_nav_bringup/share/rm_nav_bringup/config/reality/segmentation_real.yaml
[0.204s] -- Up-to-date symlink: /workspaces/auto_sentry/install/rm_nav_bringup/share/rm_nav_bringup/config/simulation/fastlio_mid360_sim.yaml
[0.204s] -- Up-to-date symlink: /workspaces/auto_sentry/install/rm_nav_bringup/share/rm_nav_bringup/config/simulation/icp_registration_sim.yaml
[0.205s] -- Up-to-date symlink: /workspaces/auto_sentry/install/rm_nav_bringup/share/rm_nav_bringup/config/simulation/mapper_params_localization_sim.yaml
[0.205s] -- Up-to-date symlink: /workspaces/auto_sentry/install/rm_nav_bringup/share/rm_nav_bringup/config/simulation/mapper_params_online_async_sim.yaml
[0.205s] -- Up-to-date symlink: /workspaces/auto_sentry/install/rm_nav_bringup/share/rm_nav_bringup/config/simulation/measurement_params_sim.yaml
[0.205s] -- Up-to-date symlink: /workspaces/auto_sentry/install/rm_nav_bringup/share/rm_nav_bringup/config/simulation/nav2_params_sim.yaml
[0.205s] -- Up-to-date symlink: /workspaces/auto_sentry/install/rm_nav_bringup/share/rm_nav_bringup/config/simulation/pointlio_mid360_sim.yaml
[0.206s] -- Up-to-date symlink: /workspaces/auto_sentry/install/rm_nav_bringup/share/rm_nav_bringup/config/simulation/segmentation_sim.yaml
[0.206s] -- Up-to-date symlink: /workspaces/auto_sentry/install/rm_nav_bringup/share/rm_nav_bringup/map/RMUC.data
[0.206s] -- Up-to-date symlink: /workspaces/auto_sentry/install/rm_nav_bringup/share/rm_nav_bringup/map/RMUC.pgm
[0.206s] -- Up-to-date symlink: /workspaces/auto_sentry/install/rm_nav_bringup/share/rm_nav_bringup/map/RMUC.posegraph
[0.206s] -- Up-to-date symlink: /workspaces/auto_sentry/install/rm_nav_bringup/share/rm_nav_bringup/map/RMUC.yaml
[0.206s] -- Up-to-date symlink: /workspaces/auto_sentry/install/rm_nav_bringup/share/rm_nav_bringup/map/RMUL.data
[0.207s] -- Up-to-date symlink: /workspaces/auto_sentry/install/rm_nav_bringup/share/rm_nav_bringup/map/RMUL.pgm
[0.207s] -- Up-to-date symlink: /workspaces/auto_sentry/install/rm_nav_bringup/share/rm_nav_bringup/map/RMUL.posegraph
[0.207s] -- Up-to-date symlink: /workspaces/auto_sentry/install/rm_nav_bringup/share/rm_nav_bringup/map/RMUL.yaml
[0.207s] -- Symlinking: /workspaces/auto_sentry/install/rm_nav_bringup/share/rm_nav_bringup/map/corner.data
[0.222s] -- Symlinking: /workspaces/auto_sentry/install/rm_nav_bringup/share/rm_nav_bringup/map/corner.pgm
[0.240s] -- Symlinking: /workspaces/auto_sentry/install/rm_nav_bringup/share/rm_nav_bringup/map/corner.posegraph
[0.257s] -- Symlinking: /workspaces/auto_sentry/install/rm_nav_bringup/share/rm_nav_bringup/map/corner.yaml
[0.275s] -- Up-to-date symlink: /workspaces/auto_sentry/install/rm_nav_bringup/share/rm_nav_bringup/map/secret.data
[0.276s] -- Up-to-date symlink: /workspaces/auto_sentry/install/rm_nav_bringup/share/rm_nav_bringup/map/secret.pgm
[0.276s] -- Up-to-date symlink: /workspaces/auto_sentry/install/rm_nav_bringup/share/rm_nav_bringup/map/secret.posegraph
[0.276s] -- Up-to-date symlink: /workspaces/auto_sentry/install/rm_nav_bringup/share/rm_nav_bringup/map/secret.yaml
[0.276s] -- Up-to-date symlink: /workspaces/auto_sentry/install/rm_nav_bringup/share/rm_nav_bringup/PCD/RMUC.pcd
[0.277s] -- Up-to-date symlink: /workspaces/auto_sentry/install/rm_nav_bringup/share/rm_nav_bringup/PCD/RMUL.pcd
[0.277s] -- Up-to-date symlink: /workspaces/auto_sentry/install/rm_nav_bringup/share/rm_nav_bringup/rviz/fastlio.rviz
[0.277s] -- Up-to-date symlink: /workspaces/auto_sentry/install/rm_nav_bringup/share/rm_nav_bringup/rviz/pointlio.rviz
[0.277s] -- Up-to-date symlink: /workspaces/auto_sentry/install/rm_nav_bringup/share/rm_nav_bringup/urdf/sentry_robot_real.xacro
[0.277s] -- Up-to-date symlink: /workspaces/auto_sentry/install/rm_nav_bringup/share/rm_nav_bringup/urdf/sentry_robot_sim.xacro
[0.277s] -- Up-to-date symlink: /workspaces/auto_sentry/install/rm_nav_bringup/share/ament_index/resource_index/package_run_dependencies/rm_nav_bringup
[0.278s] -- Up-to-date symlink: /workspaces/auto_sentry/install/rm_nav_bringup/share/ament_index/resource_index/parent_prefix_path/rm_nav_bringup
[0.278s] -- Up-to-date symlink: /workspaces/auto_sentry/install/rm_nav_bringup/share/rm_nav_bringup/environment/ament_prefix_path.sh
[0.278s] -- Up-to-date symlink: /workspaces/auto_sentry/install/rm_nav_bringup/share/rm_nav_bringup/environment/ament_prefix_path.dsv
[0.279s] -- Up-to-date symlink: /workspaces/auto_sentry/install/rm_nav_bringup/share/rm_nav_bringup/environment/path.sh
[0.279s] -- Up-to-date symlink: /workspaces/auto_sentry/install/rm_nav_bringup/share/rm_nav_bringup/environment/path.dsv
[0.279s] -- Up-to-date symlink: /workspaces/auto_sentry/install/rm_nav_bringup/share/rm_nav_bringup/local_setup.bash
[0.279s] -- Up-to-date symlink: /workspaces/auto_sentry/install/rm_nav_bringup/share/rm_nav_bringup/local_setup.sh
[0.280s] -- Up-to-date symlink: /workspaces/auto_sentry/install/rm_nav_bringup/share/rm_nav_bringup/local_setup.zsh
[0.280s] -- Up-to-date symlink: /workspaces/auto_sentry/install/rm_nav_bringup/share/rm_nav_bringup/local_setup.dsv
[0.280s] -- Symlinking: /workspaces/auto_sentry/install/rm_nav_bringup/share/rm_nav_bringup/package.dsv
[0.304s] -- Up-to-date symlink: /workspaces/auto_sentry/install/rm_nav_bringup/share/ament_index/resource_index/packages/rm_nav_bringup
[0.304s] -- Up-to-date symlink: /workspaces/auto_sentry/install/rm_nav_bringup/share/rm_nav_bringup/cmake/rm_nav_bringupConfig.cmake
[0.304s] -- Up-to-date symlink: /workspaces/auto_sentry/install/rm_nav_bringup/share/rm_nav_bringup/cmake/rm_nav_bringupConfig-version.cmake
[0.304s] -- Up-to-date symlink: /workspaces/auto_sentry/install/rm_nav_bringup/share/rm_nav_bringup/package.xml
[0.309s] Invoked command in '/workspaces/auto_sentry/build/rm_nav_bringup' returned '0': CMAKE_PREFIX_PATH=${CMAKE_PREFIX_PATH}:/opt/ros/humble /usr/bin/cmake --install /workspaces/auto_sentry/build/rm_nav_bringup
