[0.000000] (-) TimerEvent: {}
[0.000166] (-) JobUnselected: {'identifier': 'armor_detector'}
[0.000184] (-) JobUnselected: {'identifier': 'armor_tracker'}
[0.000195] (-) JobUnselected: {'identifier': 'asio_cmake_module'}
[0.000206] (-) JobUnselected: {'identifier': 'auto_aim_interfaces'}
[0.000215] (-) JobUnselected: {'identifier': 'behaviortree_cpp'}
[0.000251] (-) JobUnselected: {'identifier': 'behaviortree_ros2'}
[0.000270] (-) JobUnselected: {'identifier': 'btcpp_ros2_interfaces'}
[0.000284] (-) JobUnselected: {'identifier': 'btcpp_ros2_samples'}
[0.000340] (-) JobUnselected: {'identifier': 'costmap_converter'}
[0.000376] (-) JobUnselected: {'identifier': 'costmap_converter_msgs'}
[0.000419] (-) JobUnselected: {'identifier': 'fake_vel_transform'}
[0.000439] (-) JobUnselected: {'identifier': 'fast_lio'}
[0.000448] (-) JobUnselected: {'identifier': 'game_status_tester'}
[0.000456] (-) JobUnselected: {'identifier': 'hik_camera'}
[0.000465] (-) JobUnselected: {'identifier': 'icp_registration'}
[0.000473] (-) JobUnselected: {'identifier': 'imu_complementary_filter'}
[0.000482] (-) JobUnselected: {'identifier': 'io_context'}
[0.000491] (-) JobUnselected: {'identifier': 'linefit_ground_segmentation'}
[0.000500] (-) JobUnselected: {'identifier': 'linefit_ground_segmentation_ros'}
[0.000509] (-) JobUnselected: {'identifier': 'livox_ros_driver2'}
[0.000518] (-) JobUnselected: {'identifier': 'pb_rm_interfaces'}
[0.000527] (-) JobUnselected: {'identifier': 'pb_rm_simulation'}
[0.000535] (-) JobUnselected: {'identifier': 'point_lio'}
[0.000548] (-) JobUnselected: {'identifier': 'pointcloud_to_laserscan'}
[0.000557] (-) JobUnselected: {'identifier': 'rm_auto_aim'}
[0.000566] (-) JobUnselected: {'identifier': 'rm_behavior_tree'}
[0.000574] (-) JobUnselected: {'identifier': 'rm_decision_interfaces'}
[0.000583] (-) JobUnselected: {'identifier': 'rm_gimbal_description'}
[0.000592] (-) JobUnselected: {'identifier': 'rm_nav_bringup'}
[0.000600] (-) JobUnselected: {'identifier': 'rm_navigation'}
[0.000609] (-) JobUnselected: {'identifier': 'rm_rune_detector'}
[0.000618] (-) JobUnselected: {'identifier': 'rm_serial_driver'}
[0.000627] (-) JobUnselected: {'identifier': 'rm_vision_bringup'}
[0.000635] (-) JobUnselected: {'identifier': 'ros2_livox_simulation'}
[0.000644] (-) JobUnselected: {'identifier': 'serial_driver'}
[0.000652] (-) JobUnselected: {'identifier': 'standard_robot_pp_ros2'}
[0.000661] (-) JobUnselected: {'identifier': 'teb_local_planner'}
[0.000669] (-) JobUnselected: {'identifier': 'teb_msgs'}
[0.000678] (-) JobUnselected: {'identifier': 'udp_driver'}
[0.000686] (-) JobUnselected: {'identifier': 'udp_msgs'}
[0.000696] (-) EventReactorShutdown: {}
