[0.156s] Invoking command in '/workspaces/auto_sentry/build/rm_rune_detector': CMAKE_PREFIX_PATH=${CMAKE_PREFIX_PATH}:/opt/ros/humble /usr/bin/cmake /workspaces/auto_sentry/src/PB_RM_Vision-master/src/rm_rune_detector -DAMENT_CMAKE_SYMLINK_INSTALL=1 -DCMAKE_INSTALL_PREFIX=/workspaces/auto_sentry/install/rm_rune_detector
[1.130s] -- The C compiler identification is GNU 11.4.0
[1.132s] -- The CXX compiler identification is GNU 11.4.0
[1.132s] -- Detecting C compiler ABI info
[1.132s] -- Detecting C compiler ABI info - done
[1.132s] -- Check for working C compiler: /usr/bin/cc - skipped
[1.132s] -- Detecting C compile features
[1.133s] -- Detecting C compile features - done
[1.133s] -- Detecting CXX compiler ABI info
[1.133s] -- Detecting CXX compiler ABI info - done
[1.133s] -- Check for working CXX compiler: /usr/bin/c++ - skipped
[1.133s] -- Detecting CXX compile features
[1.133s] -- Detecting CXX compile features - done
[1.133s] -- Found ament_cmake_auto: 1.3.9 (/opt/ros/humble/share/ament_cmake_auto/cmake)
[1.133s] -- Found Python3: /usr/bin/python3 (found version "3.10.12") found components: Interpreter 
[1.134s] -- Override CMake install command with custom implementation using symlinks instead of copying resources
[1.134s] -- Found OpenCV: /usr (found version "4.5.4") 
[1.203s] -- Found rosidl_generator_c: 3.1.5 (/opt/ros/humble/share/rosidl_generator_c/cmake)
[1.211s] -- Found rosidl_adapter: 3.1.5 (/opt/ros/humble/share/rosidl_adapter/cmake)
[1.228s] -- Found rosidl_generator_cpp: 3.1.5 (/opt/ros/humble/share/rosidl_generator_cpp/cmake)
[1.257s] -- Using all available rosidl_typesupport_c: rosidl_typesupport_fastrtps_c;rosidl_typesupport_introspection_c
[1.296s] -- Using all available rosidl_typesupport_cpp: rosidl_typesupport_fastrtps_cpp;rosidl_typesupport_introspection_cpp
[1.435s] -- Found rmw_implementation_cmake: 6.1.2 (/opt/ros/humble/share/rmw_implementation_cmake/cmake)
[1.444s] -- Found rmw_fastrtps_cpp: 6.2.6 (/opt/ros/humble/share/rmw_fastrtps_cpp/cmake)
[1.637s] -- Found OpenSSL: /usr/lib/x86_64-linux-gnu/libcrypto.so (found version "3.0.2")  
[1.686s] -- Found FastRTPS: /opt/ros/humble/include  
[1.760s] -- Using RMW implementation 'rmw_fastrtps_cpp' as default
[1.797s] -- Looking for pthread.h
[1.892s] -- Looking for pthread.h - found
[1.893s] -- Performing Test CMAKE_HAVE_LIBC_PTHREAD
[1.992s] -- Performing Test CMAKE_HAVE_LIBC_PTHREAD - Success
[1.994s] -- Found Threads: TRUE  
[2.792s] -- Found ament_lint_auto: 0.12.11 (/opt/ros/humble/share/ament_lint_auto/cmake)
[2.840s] -- Added test 'cppcheck' to perform static code analysis on C / C++ code
[2.840s] -- Configured cppcheck include dirs: /workspaces/auto_sentry/src/PB_RM_Vision-master/src/rm_rune_detector/include
[2.840s] -- Configured cppcheck exclude dirs and/or files: 
[2.842s] -- Added test 'cpplint' to check C / C++ code against the Google style
[2.842s] -- Configured cpplint exclude dirs and/or files: 
[2.843s] -- Added test 'flake8' to check Python code syntax and style conventions
[2.844s] -- Added test 'lint_cmake' to check CMake code style
[2.845s] -- Added test 'pep257' to check Python code against some of the docstring style conventions in PEP 257
[2.846s] -- Added test 'xmllint' to check XML markup files
[2.849s] -- Added test 'clang_format' to check C / C++ code style
[2.852s] -- Configuring done
[2.868s] -- Generating done
[2.870s] -- Build files have been written to: /workspaces/auto_sentry/build/rm_rune_detector
