-- Install configuration: ""
-- Execute custom install script
-- Up-to-date symlink: /workspaces/auto_sentry/install/rm_nav_bringup/share/rm_nav_bringup/launch/bringup_real.launch.py
-- Up-to-date symlink: /workspaces/auto_sentry/install/rm_nav_bringup/share/rm_nav_bringup/launch/bringup_sim.launch.py
-- Up-to-date symlink: /workspaces/auto_sentry/install/rm_nav_bringup/share/rm_nav_bringup/config/reality/MID360_config.json
-- Up-to-date symlink: /workspaces/auto_sentry/install/rm_nav_bringup/share/rm_nav_bringup/config/reality/fastlio_mid360_real.yaml
-- Up-to-date symlink: /workspaces/auto_sentry/install/rm_nav_bringup/share/rm_nav_bringup/config/reality/icp_registration_real.yaml
-- Up-to-date symlink: /workspaces/auto_sentry/install/rm_nav_bringup/share/rm_nav_bringup/config/reality/mapper_params_localization_real.yaml
-- Up-to-date symlink: /workspaces/auto_sentry/install/rm_nav_bringup/share/rm_nav_bringup/config/reality/mapper_params_online_async_real.yaml
-- Up-to-date symlink: /workspaces/auto_sentry/install/rm_nav_bringup/share/rm_nav_bringup/config/reality/measurement_params_real.yaml
-- Up-to-date symlink: /workspaces/auto_sentry/install/rm_nav_bringup/share/rm_nav_bringup/config/reality/nav2_params_real.yaml
-- Up-to-date symlink: /workspaces/auto_sentry/install/rm_nav_bringup/share/rm_nav_bringup/config/reality/pointlio_mid360_real.yaml
-- Up-to-date symlink: /workspaces/auto_sentry/install/rm_nav_bringup/share/rm_nav_bringup/config/reality/segmentation_real.yaml
-- Up-to-date symlink: /workspaces/auto_sentry/install/rm_nav_bringup/share/rm_nav_bringup/config/simulation/fastlio_mid360_sim.yaml
-- Up-to-date symlink: /workspaces/auto_sentry/install/rm_nav_bringup/share/rm_nav_bringup/config/simulation/icp_registration_sim.yaml
-- Up-to-date symlink: /workspaces/auto_sentry/install/rm_nav_bringup/share/rm_nav_bringup/config/simulation/mapper_params_localization_sim.yaml
-- Up-to-date symlink: /workspaces/auto_sentry/install/rm_nav_bringup/share/rm_nav_bringup/config/simulation/mapper_params_online_async_sim.yaml
-- Up-to-date symlink: /workspaces/auto_sentry/install/rm_nav_bringup/share/rm_nav_bringup/config/simulation/measurement_params_sim.yaml
-- Up-to-date symlink: /workspaces/auto_sentry/install/rm_nav_bringup/share/rm_nav_bringup/config/simulation/nav2_params_sim.yaml
-- Up-to-date symlink: /workspaces/auto_sentry/install/rm_nav_bringup/share/rm_nav_bringup/config/simulation/pointlio_mid360_sim.yaml
-- Up-to-date symlink: /workspaces/auto_sentry/install/rm_nav_bringup/share/rm_nav_bringup/config/simulation/segmentation_sim.yaml
-- Up-to-date symlink: /workspaces/auto_sentry/install/rm_nav_bringup/share/rm_nav_bringup/map/RMUC.data
-- Up-to-date symlink: /workspaces/auto_sentry/install/rm_nav_bringup/share/rm_nav_bringup/map/RMUC.pgm
-- Up-to-date symlink: /workspaces/auto_sentry/install/rm_nav_bringup/share/rm_nav_bringup/map/RMUC.posegraph
-- Up-to-date symlink: /workspaces/auto_sentry/install/rm_nav_bringup/share/rm_nav_bringup/map/RMUC.yaml
-- Up-to-date symlink: /workspaces/auto_sentry/install/rm_nav_bringup/share/rm_nav_bringup/map/RMUL.data
-- Up-to-date symlink: /workspaces/auto_sentry/install/rm_nav_bringup/share/rm_nav_bringup/map/RMUL.pgm
-- Up-to-date symlink: /workspaces/auto_sentry/install/rm_nav_bringup/share/rm_nav_bringup/map/RMUL.posegraph
-- Up-to-date symlink: /workspaces/auto_sentry/install/rm_nav_bringup/share/rm_nav_bringup/map/RMUL.yaml
-- Symlinking: /workspaces/auto_sentry/install/rm_nav_bringup/share/rm_nav_bringup/map/secret.data
-- Symlinking: /workspaces/auto_sentry/install/rm_nav_bringup/share/rm_nav_bringup/map/secret.pgm
-- Symlinking: /workspaces/auto_sentry/install/rm_nav_bringup/share/rm_nav_bringup/map/secret.posegraph
-- Symlinking: /workspaces/auto_sentry/install/rm_nav_bringup/share/rm_nav_bringup/map/secret.yaml
-- Up-to-date symlink: /workspaces/auto_sentry/install/rm_nav_bringup/share/rm_nav_bringup/PCD/RMUC.pcd
-- Up-to-date symlink: /workspaces/auto_sentry/install/rm_nav_bringup/share/rm_nav_bringup/PCD/RMUL.pcd
-- Up-to-date symlink: /workspaces/auto_sentry/install/rm_nav_bringup/share/rm_nav_bringup/rviz/fastlio.rviz
-- Up-to-date symlink: /workspaces/auto_sentry/install/rm_nav_bringup/share/rm_nav_bringup/rviz/pointlio.rviz
-- Up-to-date symlink: /workspaces/auto_sentry/install/rm_nav_bringup/share/rm_nav_bringup/urdf/sentry_robot_real.xacro
-- Up-to-date symlink: /workspaces/auto_sentry/install/rm_nav_bringup/share/rm_nav_bringup/urdf/sentry_robot_sim.xacro
-- Up-to-date symlink: /workspaces/auto_sentry/install/rm_nav_bringup/share/ament_index/resource_index/package_run_dependencies/rm_nav_bringup
-- Up-to-date symlink: /workspaces/auto_sentry/install/rm_nav_bringup/share/ament_index/resource_index/parent_prefix_path/rm_nav_bringup
-- Up-to-date symlink: /workspaces/auto_sentry/install/rm_nav_bringup/share/rm_nav_bringup/environment/ament_prefix_path.sh
-- Up-to-date symlink: /workspaces/auto_sentry/install/rm_nav_bringup/share/rm_nav_bringup/environment/ament_prefix_path.dsv
-- Up-to-date symlink: /workspaces/auto_sentry/install/rm_nav_bringup/share/rm_nav_bringup/environment/path.sh
-- Up-to-date symlink: /workspaces/auto_sentry/install/rm_nav_bringup/share/rm_nav_bringup/environment/path.dsv
-- Up-to-date symlink: /workspaces/auto_sentry/install/rm_nav_bringup/share/rm_nav_bringup/local_setup.bash
-- Up-to-date symlink: /workspaces/auto_sentry/install/rm_nav_bringup/share/rm_nav_bringup/local_setup.sh
-- Up-to-date symlink: /workspaces/auto_sentry/install/rm_nav_bringup/share/rm_nav_bringup/local_setup.zsh
-- Up-to-date symlink: /workspaces/auto_sentry/install/rm_nav_bringup/share/rm_nav_bringup/local_setup.dsv
-- Symlinking: /workspaces/auto_sentry/install/rm_nav_bringup/share/rm_nav_bringup/package.dsv
-- Up-to-date symlink: /workspaces/auto_sentry/install/rm_nav_bringup/share/ament_index/resource_index/packages/rm_nav_bringup
-- Up-to-date symlink: /workspaces/auto_sentry/install/rm_nav_bringup/share/rm_nav_bringup/cmake/rm_nav_bringupConfig.cmake
-- Up-to-date symlink: /workspaces/auto_sentry/install/rm_nav_bringup/share/rm_nav_bringup/cmake/rm_nav_bringupConfig-version.cmake
-- Up-to-date symlink: /workspaces/auto_sentry/install/rm_nav_bringup/share/rm_nav_bringup/package.xml
