[0.148s] Invoking command in '/workspaces/auto_sentry/build/pb_rm_interfaces': CMAKE_PREFIX_PATH=${CMAKE_PREFIX_PATH}:/opt/ros/humble /usr/bin/cmake --build /workspaces/auto_sentry/build/pb_rm_interfaces -- -j28 -l28
[0.297s] [  1%] [34m[1mGenerating C code for ROS interfaces[0m
[0.297s] [  2%] [34m[1mGenerating C++ code for ROS interfaces[0m
[0.297s] [  2%] Built target ament_cmake_python_symlink_pb_rm_interfaces
[0.994s] running egg_info
[0.995s] creating pb_rm_interfaces.egg-info
[0.995s] writing pb_rm_interfaces.egg-info/PKG-INFO
[0.996s] writing dependency_links to pb_rm_interfaces.egg-info/dependency_links.txt
[0.996s] writing top-level names to pb_rm_interfaces.egg-info/top_level.txt
[0.996s] writing manifest file 'pb_rm_interfaces.egg-info/SOURCES.txt'
[1.000s] reading manifest file 'pb_rm_interfaces.egg-info/SOURCES.txt'
[1.004s] writing manifest file 'pb_rm_interfaces.egg-info/SOURCES.txt'
[1.101s] [  2%] Built target ament_cmake_python_build_pb_rm_interfaces_egg
[3.089s] [  3%] [32mBuilding C object CMakeFiles/pb_rm_interfaces__rosidl_generator_c.dir/rosidl_generator_c/pb_rm_interfaces/msg/detail/event_data__functions.c.o[0m
[3.107s] [  5%] [32mBuilding C object CMakeFiles/pb_rm_interfaces__rosidl_generator_c.dir/rosidl_generator_c/pb_rm_interfaces/msg/detail/game_status__functions.c.o[0m
[3.131s] [  7%] [32mBuilding C object CMakeFiles/pb_rm_interfaces__rosidl_generator_c.dir/rosidl_generator_c/pb_rm_interfaces/msg/detail/ally_robot_hp__functions.c.o[0m
[3.133s] [  8%] [32mBuilding C object CMakeFiles/pb_rm_interfaces__rosidl_generator_c.dir/rosidl_generator_c/pb_rm_interfaces/msg/detail/robot_status__functions.c.o[0m
[3.141s] [  8%] [32mBuilding C object CMakeFiles/pb_rm_interfaces__rosidl_generator_c.dir/rosidl_generator_c/pb_rm_interfaces/msg/detail/ground_robot_position__functions.c.o[0m
[3.142s] [ 10%] [32mBuilding C object CMakeFiles/pb_rm_interfaces__rosidl_generator_c.dir/rosidl_generator_c/pb_rm_interfaces/msg/detail/rfid_status__functions.c.o[0m
[3.147s] [ 11%] [32mBuilding C object CMakeFiles/pb_rm_interfaces__rosidl_generator_c.dir/rosidl_generator_c/pb_rm_interfaces/msg/detail/game_robot_hp__functions.c.o[0m
[3.546s] [ 12%] [32m[1mLinking C shared library libpb_rm_interfaces__rosidl_generator_c.so[0m
[3.549s] [ 12%] Built target pb_rm_interfaces__cpp
[3.561s] [ 13%] [34m[1mGenerating C++ type support for eProsima Fast-RTPS[0m
[3.562s] [ 15%] [34m[1mGenerating C++ introspection for ROS interfaces[0m
[3.592s] [ 16%] [34m[1mGenerating C++ type support dispatch for ROS interfaces[0m
[3.692s] [ 16%] Built target pb_rm_interfaces__rosidl_generator_c
[3.772s] [ 17%] [34m[1mGenerating C type support dispatch for ROS interfaces[0m
[3.798s] [ 18%] [34m[1mGenerating C type support for eProsima Fast-RTPS[0m
[3.849s] [ 20%] [34m[1mGenerating C introspection for ROS interfaces[0m
[6.360s] [ 21%] [32mBuilding CXX object CMakeFiles/pb_rm_interfaces__rosidl_typesupport_c.dir/rosidl_typesupport_c/pb_rm_interfaces/msg/game_robot_hp__type_support.cpp.o[0m
[6.367s] [ 22%] [32mBuilding CXX object CMakeFiles/pb_rm_interfaces__rosidl_typesupport_c.dir/rosidl_typesupport_c/pb_rm_interfaces/msg/event_data__type_support.cpp.o[0m
[6.368s] [ 24%] [32mBuilding CXX object CMakeFiles/pb_rm_interfaces__rosidl_typesupport_c.dir/rosidl_typesupport_c/pb_rm_interfaces/msg/ground_robot_position__type_support.cpp.o[0m
[6.369s] [ 25%] [32mBuilding CXX object CMakeFiles/pb_rm_interfaces__rosidl_typesupport_c.dir/rosidl_typesupport_c/pb_rm_interfaces/msg/ally_robot_hp__type_support.cpp.o[0m
[6.379s] [ 26%] [32mBuilding CXX object CMakeFiles/pb_rm_interfaces__rosidl_typesupport_c.dir/rosidl_typesupport_c/pb_rm_interfaces/msg/rfid_status__type_support.cpp.o[0m
[6.403s] [ 27%] [32mBuilding CXX object CMakeFiles/pb_rm_interfaces__rosidl_typesupport_c.dir/rosidl_typesupport_c/pb_rm_interfaces/msg/game_status__type_support.cpp.o[0m
[6.404s] [ 29%] [32mBuilding CXX object CMakeFiles/pb_rm_interfaces__rosidl_typesupport_c.dir/rosidl_typesupport_c/pb_rm_interfaces/msg/robot_status__type_support.cpp.o[0m
[6.892s] [ 30%] [32m[1mLinking CXX shared library libpb_rm_interfaces__rosidl_typesupport_c.so[0m
[7.232s] [ 30%] Built target pb_rm_interfaces__rosidl_typesupport_c
[8.497s] [ 31%] [32mBuilding CXX object CMakeFiles/pb_rm_interfaces__rosidl_typesupport_cpp.dir/rosidl_typesupport_cpp/pb_rm_interfaces/msg/ground_robot_position__type_support.cpp.o[0m
[8.497s] [ 32%] [32mBuilding CXX object CMakeFiles/pb_rm_interfaces__rosidl_typesupport_cpp.dir/rosidl_typesupport_cpp/pb_rm_interfaces/msg/event_data__type_support.cpp.o[0m
[8.497s] [ 34%] [32mBuilding CXX object CMakeFiles/pb_rm_interfaces__rosidl_typesupport_cpp.dir/rosidl_typesupport_cpp/pb_rm_interfaces/msg/game_robot_hp__type_support.cpp.o[0m
[8.499s] [ 35%] [32mBuilding CXX object CMakeFiles/pb_rm_interfaces__rosidl_typesupport_cpp.dir/rosidl_typesupport_cpp/pb_rm_interfaces/msg/robot_status__type_support.cpp.o[0m
[8.537s] [ 36%] [32mBuilding CXX object CMakeFiles/pb_rm_interfaces__rosidl_typesupport_cpp.dir/rosidl_typesupport_cpp/pb_rm_interfaces/msg/game_status__type_support.cpp.o[0m
[8.556s] [ 37%] [32mBuilding CXX object CMakeFiles/pb_rm_interfaces__rosidl_typesupport_cpp.dir/rosidl_typesupport_cpp/pb_rm_interfaces/msg/rfid_status__type_support.cpp.o[0m
[8.596s] [ 39%] [32mBuilding CXX object CMakeFiles/pb_rm_interfaces__rosidl_typesupport_cpp.dir/rosidl_typesupport_cpp/pb_rm_interfaces/msg/ally_robot_hp__type_support.cpp.o[0m
[8.752s] [ 40%] [32mBuilding C object CMakeFiles/pb_rm_interfaces__rosidl_typesupport_introspection_c.dir/rosidl_typesupport_introspection_c/pb_rm_interfaces/msg/detail/event_data__type_support.c.o[0m
[8.767s] [ 41%] [32mBuilding C object CMakeFiles/pb_rm_interfaces__rosidl_typesupport_introspection_c.dir/rosidl_typesupport_introspection_c/pb_rm_interfaces/msg/detail/game_status__type_support.c.o[0m
[8.773s] [ 43%] [32mBuilding C object CMakeFiles/pb_rm_interfaces__rosidl_typesupport_introspection_c.dir/rosidl_typesupport_introspection_c/pb_rm_interfaces/msg/detail/game_robot_hp__type_support.c.o[0m
[8.792s] [ 44%] [32mBuilding C object CMakeFiles/pb_rm_interfaces__rosidl_typesupport_introspection_c.dir/rosidl_typesupport_introspection_c/pb_rm_interfaces/msg/detail/rfid_status__type_support.c.o[0m
[8.836s] [ 45%] [32mBuilding C object CMakeFiles/pb_rm_interfaces__rosidl_typesupport_introspection_c.dir/rosidl_typesupport_introspection_c/pb_rm_interfaces/msg/detail/ally_robot_hp__type_support.c.o[0m
[8.854s] [ 46%] [32mBuilding C object CMakeFiles/pb_rm_interfaces__rosidl_typesupport_introspection_c.dir/rosidl_typesupport_introspection_c/pb_rm_interfaces/msg/detail/ground_robot_position__type_support.c.o[0m
[8.869s] [ 48%] [32mBuilding C object CMakeFiles/pb_rm_interfaces__rosidl_typesupport_introspection_c.dir/rosidl_typesupport_introspection_c/pb_rm_interfaces/msg/detail/robot_status__type_support.c.o[0m
[9.400s] [ 49%] [32m[1mLinking C shared library libpb_rm_interfaces__rosidl_typesupport_introspection_c.so[0m
[9.572s] [ 49%] Built target pb_rm_interfaces__rosidl_typesupport_introspection_c
[11.285s] [ 50%] [32mBuilding CXX object CMakeFiles/pb_rm_interfaces__rosidl_typesupport_fastrtps_cpp.dir/rosidl_typesupport_fastrtps_cpp/pb_rm_interfaces/msg/detail/dds_fastrtps/game_robot_hp__type_support.cpp.o[0m
[11.288s] [ 51%] [32mBuilding CXX object CMakeFiles/pb_rm_interfaces__rosidl_typesupport_fastrtps_cpp.dir/rosidl_typesupport_fastrtps_cpp/pb_rm_interfaces/msg/detail/dds_fastrtps/event_data__type_support.cpp.o[0m
[11.291s] [ 53%] [32mBuilding CXX object CMakeFiles/pb_rm_interfaces__rosidl_typesupport_fastrtps_cpp.dir/rosidl_typesupport_fastrtps_cpp/pb_rm_interfaces/msg/detail/dds_fastrtps/game_status__type_support.cpp.o[0m
[11.294s] [ 54%] [32mBuilding CXX object CMakeFiles/pb_rm_interfaces__rosidl_typesupport_fastrtps_cpp.dir/rosidl_typesupport_fastrtps_cpp/pb_rm_interfaces/msg/detail/dds_fastrtps/robot_status__type_support.cpp.o[0m
[11.301s] [ 55%] [32mBuilding CXX object CMakeFiles/pb_rm_interfaces__rosidl_typesupport_fastrtps_cpp.dir/rosidl_typesupport_fastrtps_cpp/pb_rm_interfaces/msg/detail/dds_fastrtps/rfid_status__type_support.cpp.o[0m
[11.327s] [ 56%] [32mBuilding CXX object CMakeFiles/pb_rm_interfaces__rosidl_typesupport_fastrtps_cpp.dir/rosidl_typesupport_fastrtps_cpp/pb_rm_interfaces/msg/detail/dds_fastrtps/ground_robot_position__type_support.cpp.o[0m
[11.328s] [ 58%] [32mBuilding CXX object CMakeFiles/pb_rm_interfaces__rosidl_typesupport_fastrtps_cpp.dir/rosidl_typesupport_fastrtps_cpp/pb_rm_interfaces/msg/detail/dds_fastrtps/ally_robot_hp__type_support.cpp.o[0m
[12.437s] [ 62%] [32mBuilding CXX object CMakeFiles/pb_rm_interfaces__rosidl_typesupport_fastrtps_c.dir/rosidl_typesupport_fastrtps_c/pb_rm_interfaces/msg/detail/event_data__type_support_c.cpp.o[0m
[12.437s] [ 63%] [32mBuilding CXX object CMakeFiles/pb_rm_interfaces__rosidl_typesupport_fastrtps_c.dir/rosidl_typesupport_fastrtps_c/pb_rm_interfaces/msg/detail/rfid_status__type_support_c.cpp.o[0m
[12.438s] [ 63%] [32mBuilding CXX object CMakeFiles/pb_rm_interfaces__rosidl_typesupport_fastrtps_c.dir/rosidl_typesupport_fastrtps_c/pb_rm_interfaces/msg/detail/game_status__type_support_c.cpp.o[0m
[12.439s] [ 63%] [32mBuilding CXX object CMakeFiles/pb_rm_interfaces__rosidl_typesupport_fastrtps_c.dir/rosidl_typesupport_fastrtps_c/pb_rm_interfaces/msg/detail/ground_robot_position__type_support_c.cpp.o[0m
[12.463s] [ 64%] [32mBuilding CXX object CMakeFiles/pb_rm_interfaces__rosidl_typesupport_fastrtps_c.dir/rosidl_typesupport_fastrtps_c/pb_rm_interfaces/msg/detail/game_robot_hp__type_support_c.cpp.o[0m
[12.484s] [ 65%] [32mBuilding CXX object CMakeFiles/pb_rm_interfaces__rosidl_typesupport_fastrtps_c.dir/rosidl_typesupport_fastrtps_c/pb_rm_interfaces/msg/detail/robot_status__type_support_c.cpp.o[0m
[12.497s] [ 67%] [32m[1mLinking CXX shared library libpb_rm_interfaces__rosidl_typesupport_cpp.so[0m
[12.507s] [ 68%] [32mBuilding CXX object CMakeFiles/pb_rm_interfaces__rosidl_typesupport_fastrtps_c.dir/rosidl_typesupport_fastrtps_c/pb_rm_interfaces/msg/detail/ally_robot_hp__type_support_c.cpp.o[0m
[12.757s] [ 68%] Built target pb_rm_interfaces__rosidl_typesupport_cpp
[14.301s] [ 69%] [32m[1mLinking CXX shared library libpb_rm_interfaces__rosidl_typesupport_fastrtps_cpp.so[0m
[14.592s] [ 70%] [32m[1mLinking CXX shared library libpb_rm_interfaces__rosidl_typesupport_fastrtps_c.so[0m
[14.722s] [ 70%] Built target pb_rm_interfaces__rosidl_typesupport_fastrtps_cpp
[14.896s] [ 70%] Built target pb_rm_interfaces__rosidl_typesupport_fastrtps_c
[15.075s] [ 72%] [32mBuilding CXX object CMakeFiles/pb_rm_interfaces__rosidl_typesupport_introspection_cpp.dir/rosidl_typesupport_introspection_cpp/pb_rm_interfaces/msg/detail/event_data__type_support.cpp.o[0m
[15.075s] [ 73%] [32mBuilding CXX object CMakeFiles/pb_rm_interfaces__rosidl_typesupport_introspection_cpp.dir/rosidl_typesupport_introspection_cpp/pb_rm_interfaces/msg/detail/game_status__type_support.cpp.o[0m
[15.076s] [ 74%] [32mBuilding CXX object CMakeFiles/pb_rm_interfaces__rosidl_typesupport_introspection_cpp.dir/rosidl_typesupport_introspection_cpp/pb_rm_interfaces/msg/detail/ground_robot_position__type_support.cpp.o[0m
[15.080s] [ 77%] [32mBuilding CXX object CMakeFiles/pb_rm_interfaces__rosidl_typesupport_introspection_cpp.dir/rosidl_typesupport_introspection_cpp/pb_rm_interfaces/msg/detail/ally_robot_hp__type_support.cpp.o[0m
[15.081s] [ 78%] [32mBuilding CXX object CMakeFiles/pb_rm_interfaces__rosidl_typesupport_introspection_cpp.dir/rosidl_typesupport_introspection_cpp/pb_rm_interfaces/msg/detail/rfid_status__type_support.cpp.o[0m
[15.083s] [ 75%] [32mBuilding CXX object CMakeFiles/pb_rm_interfaces__rosidl_typesupport_introspection_cpp.dir/rosidl_typesupport_introspection_cpp/pb_rm_interfaces/msg/detail/game_robot_hp__type_support.cpp.o[0m
[15.096s] [ 79%] [32mBuilding CXX object CMakeFiles/pb_rm_interfaces__rosidl_typesupport_introspection_cpp.dir/rosidl_typesupport_introspection_cpp/pb_rm_interfaces/msg/detail/robot_status__type_support.cpp.o[0m
[17.245s] [ 81%] [32m[1mLinking CXX shared library libpb_rm_interfaces__rosidl_typesupport_introspection_cpp.so[0m
[17.418s] [ 81%] Built target pb_rm_interfaces__rosidl_typesupport_introspection_cpp
[17.486s] [ 81%] Built target pb_rm_interfaces
[17.558s] [ 82%] [34m[1mGenerating Python code for ROS interfaces[0m
[22.735s] [ 82%] Built target pb_rm_interfaces__py
[22.783s] [ 83%] [32mBuilding C object CMakeFiles/pb_rm_interfaces__rosidl_generator_py.dir/rosidl_generator_py/pb_rm_interfaces/msg/_event_data_s.c.o[0m
[22.987s] [ 84%] [32mBuilding C object CMakeFiles/pb_rm_interfaces__rosidl_generator_py.dir/rosidl_generator_py/pb_rm_interfaces/msg/_ally_robot_hp_s.c.o[0m
[23.179s] [ 86%] [32mBuilding C object CMakeFiles/pb_rm_interfaces__rosidl_generator_py.dir/rosidl_generator_py/pb_rm_interfaces/msg/_robot_status_s.c.o[0m
[23.371s] [ 87%] [32mBuilding C object CMakeFiles/pb_rm_interfaces__rosidl_generator_py.dir/rosidl_generator_py/pb_rm_interfaces/msg/_rfid_status_s.c.o[0m
[23.590s] [ 88%] [32mBuilding C object CMakeFiles/pb_rm_interfaces__rosidl_generator_py.dir/rosidl_generator_py/pb_rm_interfaces/msg/_ground_robot_position_s.c.o[0m
[23.792s] [ 89%] [32mBuilding C object CMakeFiles/pb_rm_interfaces__rosidl_generator_py.dir/rosidl_generator_py/pb_rm_interfaces/msg/_game_status_s.c.o[0m
[23.951s] [ 91%] [32mBuilding C object CMakeFiles/pb_rm_interfaces__rosidl_generator_py.dir/rosidl_generator_py/pb_rm_interfaces/msg/_game_robot_hp_s.c.o[0m
[24.136s] [ 92%] [32m[1mLinking C shared library rosidl_generator_py/pb_rm_interfaces/libpb_rm_interfaces__rosidl_generator_py.so[0m
[24.216s] [ 92%] Built target pb_rm_interfaces__rosidl_generator_py
[24.257s] [ 93%] [32mBuilding C object CMakeFiles/pb_rm_interfaces__rosidl_typesupport_fastrtps_c__pyext.dir/rosidl_generator_py/pb_rm_interfaces/_pb_rm_interfaces_s.ep.rosidl_typesupport_fastrtps_c.c.o[0m
[24.459s] [ 94%] [32m[1mLinking C shared library rosidl_generator_py/pb_rm_interfaces/pb_rm_interfaces_s__rosidl_typesupport_fastrtps_c.cpython-310-x86_64-linux-gnu.so[0m
[24.520s] [ 94%] Built target pb_rm_interfaces__rosidl_typesupport_fastrtps_c__pyext
[24.555s] [ 96%] [32mBuilding C object CMakeFiles/pb_rm_interfaces__rosidl_typesupport_c__pyext.dir/rosidl_generator_py/pb_rm_interfaces/_pb_rm_interfaces_s.ep.rosidl_typesupport_c.c.o[0m
[24.746s] [ 97%] [32m[1mLinking C shared library rosidl_generator_py/pb_rm_interfaces/pb_rm_interfaces_s__rosidl_typesupport_c.cpython-310-x86_64-linux-gnu.so[0m
[24.811s] [ 97%] Built target pb_rm_interfaces__rosidl_typesupport_c__pyext
[24.843s] [ 98%] [32mBuilding C object CMakeFiles/pb_rm_interfaces__rosidl_typesupport_introspection_c__pyext.dir/rosidl_generator_py/pb_rm_interfaces/_pb_rm_interfaces_s.ep.rosidl_typesupport_introspection_c.c.o[0m
[25.025s] [100%] [32m[1mLinking C shared library rosidl_generator_py/pb_rm_interfaces/pb_rm_interfaces_s__rosidl_typesupport_introspection_c.cpython-310-x86_64-linux-gnu.so[0m
[25.106s] [100%] Built target pb_rm_interfaces__rosidl_typesupport_introspection_c__pyext
[25.155s] Invoked command in '/workspaces/auto_sentry/build/pb_rm_interfaces' returned '0': CMAKE_PREFIX_PATH=${CMAKE_PREFIX_PATH}:/opt/ros/humble /usr/bin/cmake --build /workspaces/auto_sentry/build/pb_rm_interfaces -- -j28 -l28
[25.644s] Invoking command in '/workspaces/auto_sentry/build/pb_rm_interfaces': CMAKE_PREFIX_PATH=${CMAKE_PREFIX_PATH}:/opt/ros/humble /usr/bin/cmake --install /workspaces/auto_sentry/build/pb_rm_interfaces
[25.660s] -- Install configuration: ""
[25.661s] -- Execute custom install script
[25.663s] -- Symlinking: /workspaces/auto_sentry/install/pb_rm_interfaces/share/ament_index/resource_index/rosidl_interfaces/pb_rm_interfaces
[25.681s] -- Symlinking: /workspaces/auto_sentry/install/pb_rm_interfaces/include/pb_rm_interfaces/pb_rm_interfaces/msg/ally_robot_hp.h
[25.694s] -- Symlinking: /workspaces/auto_sentry/install/pb_rm_interfaces/include/pb_rm_interfaces/pb_rm_interfaces/msg/detail/ally_robot_hp__functions.h
[25.711s] -- Symlinking: /workspaces/auto_sentry/install/pb_rm_interfaces/include/pb_rm_interfaces/pb_rm_interfaces/msg/detail/ally_robot_hp__struct.h
[25.727s] -- Symlinking: /workspaces/auto_sentry/install/pb_rm_interfaces/include/pb_rm_interfaces/pb_rm_interfaces/msg/detail/ally_robot_hp__type_support.h
[25.744s] -- Symlinking: /workspaces/auto_sentry/install/pb_rm_interfaces/include/pb_rm_interfaces/pb_rm_interfaces/msg/detail/event_data__functions.h
[25.761s] -- Symlinking: /workspaces/auto_sentry/install/pb_rm_interfaces/include/pb_rm_interfaces/pb_rm_interfaces/msg/detail/event_data__struct.h
[25.775s] -- Symlinking: /workspaces/auto_sentry/install/pb_rm_interfaces/include/pb_rm_interfaces/pb_rm_interfaces/msg/detail/event_data__type_support.h
[25.793s] -- Symlinking: /workspaces/auto_sentry/install/pb_rm_interfaces/include/pb_rm_interfaces/pb_rm_interfaces/msg/detail/game_robot_hp__functions.h
[25.809s] -- Symlinking: /workspaces/auto_sentry/install/pb_rm_interfaces/include/pb_rm_interfaces/pb_rm_interfaces/msg/detail/game_robot_hp__struct.h
[25.825s] -- Symlinking: /workspaces/auto_sentry/install/pb_rm_interfaces/include/pb_rm_interfaces/pb_rm_interfaces/msg/detail/game_robot_hp__type_support.h
[25.842s] -- Symlinking: /workspaces/auto_sentry/install/pb_rm_interfaces/include/pb_rm_interfaces/pb_rm_interfaces/msg/detail/game_status__functions.h
[25.859s] -- Symlinking: /workspaces/auto_sentry/install/pb_rm_interfaces/include/pb_rm_interfaces/pb_rm_interfaces/msg/detail/game_status__struct.h
[25.877s] -- Symlinking: /workspaces/auto_sentry/install/pb_rm_interfaces/include/pb_rm_interfaces/pb_rm_interfaces/msg/detail/game_status__type_support.h
[25.895s] -- Symlinking: /workspaces/auto_sentry/install/pb_rm_interfaces/include/pb_rm_interfaces/pb_rm_interfaces/msg/detail/ground_robot_position__functions.h
[25.913s] -- Symlinking: /workspaces/auto_sentry/install/pb_rm_interfaces/include/pb_rm_interfaces/pb_rm_interfaces/msg/detail/ground_robot_position__struct.h
[25.932s] -- Symlinking: /workspaces/auto_sentry/install/pb_rm_interfaces/include/pb_rm_interfaces/pb_rm_interfaces/msg/detail/ground_robot_position__type_support.h
[25.946s] -- Symlinking: /workspaces/auto_sentry/install/pb_rm_interfaces/include/pb_rm_interfaces/pb_rm_interfaces/msg/detail/rfid_status__functions.h
[25.968s] -- Symlinking: /workspaces/auto_sentry/install/pb_rm_interfaces/include/pb_rm_interfaces/pb_rm_interfaces/msg/detail/rfid_status__struct.h
[25.980s] -- Symlinking: /workspaces/auto_sentry/install/pb_rm_interfaces/include/pb_rm_interfaces/pb_rm_interfaces/msg/detail/rfid_status__type_support.h
[26.002s] -- Symlinking: /workspaces/auto_sentry/install/pb_rm_interfaces/include/pb_rm_interfaces/pb_rm_interfaces/msg/detail/robot_status__functions.h
[26.018s] -- Symlinking: /workspaces/auto_sentry/install/pb_rm_interfaces/include/pb_rm_interfaces/pb_rm_interfaces/msg/detail/robot_status__struct.h
[26.035s] -- Symlinking: /workspaces/auto_sentry/install/pb_rm_interfaces/include/pb_rm_interfaces/pb_rm_interfaces/msg/detail/robot_status__type_support.h
[26.052s] -- Symlinking: /workspaces/auto_sentry/install/pb_rm_interfaces/include/pb_rm_interfaces/pb_rm_interfaces/msg/event_data.h
[26.074s] -- Symlinking: /workspaces/auto_sentry/install/pb_rm_interfaces/include/pb_rm_interfaces/pb_rm_interfaces/msg/game_robot_hp.h
[26.090s] -- Symlinking: /workspaces/auto_sentry/install/pb_rm_interfaces/include/pb_rm_interfaces/pb_rm_interfaces/msg/game_status.h
[26.103s] -- Symlinking: /workspaces/auto_sentry/install/pb_rm_interfaces/include/pb_rm_interfaces/pb_rm_interfaces/msg/ground_robot_position.h
[26.115s] -- Symlinking: /workspaces/auto_sentry/install/pb_rm_interfaces/include/pb_rm_interfaces/pb_rm_interfaces/msg/rfid_status.h
[26.129s] -- Symlinking: /workspaces/auto_sentry/install/pb_rm_interfaces/include/pb_rm_interfaces/pb_rm_interfaces/msg/robot_status.h
[26.141s] -- Symlinking: /workspaces/auto_sentry/install/pb_rm_interfaces/include/pb_rm_interfaces/pb_rm_interfaces/msg/rosidl_generator_c__visibility_control.h
[26.157s] -- Symlinking: /workspaces/auto_sentry/install/pb_rm_interfaces/share/pb_rm_interfaces/environment/library_path.sh
[26.175s] -- Symlinking: /workspaces/auto_sentry/install/pb_rm_interfaces/share/pb_rm_interfaces/environment/library_path.dsv
[26.192s] -- Symlinking: /workspaces/auto_sentry/install/pb_rm_interfaces/include/pb_rm_interfaces/pb_rm_interfaces/msg/detail/ally_robot_hp__rosidl_typesupport_fastrtps_c.h
[26.209s] -- Symlinking: /workspaces/auto_sentry/install/pb_rm_interfaces/include/pb_rm_interfaces/pb_rm_interfaces/msg/detail/event_data__rosidl_typesupport_fastrtps_c.h
[26.227s] -- Symlinking: /workspaces/auto_sentry/install/pb_rm_interfaces/include/pb_rm_interfaces/pb_rm_interfaces/msg/detail/game_robot_hp__rosidl_typesupport_fastrtps_c.h
[26.246s] -- Symlinking: /workspaces/auto_sentry/install/pb_rm_interfaces/include/pb_rm_interfaces/pb_rm_interfaces/msg/detail/game_status__rosidl_typesupport_fastrtps_c.h
[26.261s] -- Symlinking: /workspaces/auto_sentry/install/pb_rm_interfaces/include/pb_rm_interfaces/pb_rm_interfaces/msg/detail/ground_robot_position__rosidl_typesupport_fastrtps_c.h
[26.278s] -- Symlinking: /workspaces/auto_sentry/install/pb_rm_interfaces/include/pb_rm_interfaces/pb_rm_interfaces/msg/detail/rfid_status__rosidl_typesupport_fastrtps_c.h
[26.293s] -- Symlinking: /workspaces/auto_sentry/install/pb_rm_interfaces/include/pb_rm_interfaces/pb_rm_interfaces/msg/detail/robot_status__rosidl_typesupport_fastrtps_c.h
[26.306s] -- Symlinking: /workspaces/auto_sentry/install/pb_rm_interfaces/include/pb_rm_interfaces/pb_rm_interfaces/msg/rosidl_typesupport_fastrtps_c__visibility_control.h
[26.320s] -- Symlinking: /workspaces/auto_sentry/install/pb_rm_interfaces/include/pb_rm_interfaces/pb_rm_interfaces/msg/detail/ally_robot_hp__rosidl_typesupport_introspection_c.h
[26.336s] -- Symlinking: /workspaces/auto_sentry/install/pb_rm_interfaces/include/pb_rm_interfaces/pb_rm_interfaces/msg/detail/event_data__rosidl_typesupport_introspection_c.h
[26.355s] -- Symlinking: /workspaces/auto_sentry/install/pb_rm_interfaces/include/pb_rm_interfaces/pb_rm_interfaces/msg/detail/game_robot_hp__rosidl_typesupport_introspection_c.h
[26.372s] -- Symlinking: /workspaces/auto_sentry/install/pb_rm_interfaces/include/pb_rm_interfaces/pb_rm_interfaces/msg/detail/game_status__rosidl_typesupport_introspection_c.h
[26.389s] -- Symlinking: /workspaces/auto_sentry/install/pb_rm_interfaces/include/pb_rm_interfaces/pb_rm_interfaces/msg/detail/ground_robot_position__rosidl_typesupport_introspection_c.h
[26.402s] -- Symlinking: /workspaces/auto_sentry/install/pb_rm_interfaces/include/pb_rm_interfaces/pb_rm_interfaces/msg/detail/rfid_status__rosidl_typesupport_introspection_c.h
[26.415s] -- Symlinking: /workspaces/auto_sentry/install/pb_rm_interfaces/include/pb_rm_interfaces/pb_rm_interfaces/msg/detail/robot_status__rosidl_typesupport_introspection_c.h
[26.427s] -- Symlinking: /workspaces/auto_sentry/install/pb_rm_interfaces/include/pb_rm_interfaces/pb_rm_interfaces/msg/rosidl_typesupport_introspection_c__visibility_control.h
[26.440s] -- Symlinking: /workspaces/auto_sentry/install/pb_rm_interfaces/include/pb_rm_interfaces/pb_rm_interfaces/msg/ally_robot_hp.hpp
[26.456s] -- Symlinking: /workspaces/auto_sentry/install/pb_rm_interfaces/include/pb_rm_interfaces/pb_rm_interfaces/msg/detail/ally_robot_hp__builder.hpp
[26.467s] -- Symlinking: /workspaces/auto_sentry/install/pb_rm_interfaces/include/pb_rm_interfaces/pb_rm_interfaces/msg/detail/ally_robot_hp__struct.hpp
[26.480s] -- Symlinking: /workspaces/auto_sentry/install/pb_rm_interfaces/include/pb_rm_interfaces/pb_rm_interfaces/msg/detail/ally_robot_hp__traits.hpp
[26.495s] -- Symlinking: /workspaces/auto_sentry/install/pb_rm_interfaces/include/pb_rm_interfaces/pb_rm_interfaces/msg/detail/event_data__builder.hpp
[26.517s] -- Symlinking: /workspaces/auto_sentry/install/pb_rm_interfaces/include/pb_rm_interfaces/pb_rm_interfaces/msg/detail/event_data__struct.hpp
[26.537s] -- Symlinking: /workspaces/auto_sentry/install/pb_rm_interfaces/include/pb_rm_interfaces/pb_rm_interfaces/msg/detail/event_data__traits.hpp
[26.555s] -- Symlinking: /workspaces/auto_sentry/install/pb_rm_interfaces/include/pb_rm_interfaces/pb_rm_interfaces/msg/detail/game_robot_hp__builder.hpp
[26.571s] -- Symlinking: /workspaces/auto_sentry/install/pb_rm_interfaces/include/pb_rm_interfaces/pb_rm_interfaces/msg/detail/game_robot_hp__struct.hpp
[26.587s] -- Symlinking: /workspaces/auto_sentry/install/pb_rm_interfaces/include/pb_rm_interfaces/pb_rm_interfaces/msg/detail/game_robot_hp__traits.hpp
[26.605s] -- Symlinking: /workspaces/auto_sentry/install/pb_rm_interfaces/include/pb_rm_interfaces/pb_rm_interfaces/msg/detail/game_status__builder.hpp
[26.624s] -- Symlinking: /workspaces/auto_sentry/install/pb_rm_interfaces/include/pb_rm_interfaces/pb_rm_interfaces/msg/detail/game_status__struct.hpp
[26.639s] -- Symlinking: /workspaces/auto_sentry/install/pb_rm_interfaces/include/pb_rm_interfaces/pb_rm_interfaces/msg/detail/game_status__traits.hpp
[26.657s] -- Symlinking: /workspaces/auto_sentry/install/pb_rm_interfaces/include/pb_rm_interfaces/pb_rm_interfaces/msg/detail/ground_robot_position__builder.hpp
[26.675s] -- Symlinking: /workspaces/auto_sentry/install/pb_rm_interfaces/include/pb_rm_interfaces/pb_rm_interfaces/msg/detail/ground_robot_position__struct.hpp
[26.692s] -- Symlinking: /workspaces/auto_sentry/install/pb_rm_interfaces/include/pb_rm_interfaces/pb_rm_interfaces/msg/detail/ground_robot_position__traits.hpp
[26.706s] -- Symlinking: /workspaces/auto_sentry/install/pb_rm_interfaces/include/pb_rm_interfaces/pb_rm_interfaces/msg/detail/rfid_status__builder.hpp
[26.719s] -- Symlinking: /workspaces/auto_sentry/install/pb_rm_interfaces/include/pb_rm_interfaces/pb_rm_interfaces/msg/detail/rfid_status__struct.hpp
[26.732s] -- Symlinking: /workspaces/auto_sentry/install/pb_rm_interfaces/include/pb_rm_interfaces/pb_rm_interfaces/msg/detail/rfid_status__traits.hpp
[26.749s] -- Symlinking: /workspaces/auto_sentry/install/pb_rm_interfaces/include/pb_rm_interfaces/pb_rm_interfaces/msg/detail/robot_status__builder.hpp
[26.761s] -- Symlinking: /workspaces/auto_sentry/install/pb_rm_interfaces/include/pb_rm_interfaces/pb_rm_interfaces/msg/detail/robot_status__struct.hpp
[26.776s] -- Symlinking: /workspaces/auto_sentry/install/pb_rm_interfaces/include/pb_rm_interfaces/pb_rm_interfaces/msg/detail/robot_status__traits.hpp
[26.791s] -- Symlinking: /workspaces/auto_sentry/install/pb_rm_interfaces/include/pb_rm_interfaces/pb_rm_interfaces/msg/event_data.hpp
[26.805s] -- Symlinking: /workspaces/auto_sentry/install/pb_rm_interfaces/include/pb_rm_interfaces/pb_rm_interfaces/msg/game_robot_hp.hpp
[26.820s] -- Symlinking: /workspaces/auto_sentry/install/pb_rm_interfaces/include/pb_rm_interfaces/pb_rm_interfaces/msg/game_status.hpp
[26.834s] -- Symlinking: /workspaces/auto_sentry/install/pb_rm_interfaces/include/pb_rm_interfaces/pb_rm_interfaces/msg/ground_robot_position.hpp
[26.851s] -- Symlinking: /workspaces/auto_sentry/install/pb_rm_interfaces/include/pb_rm_interfaces/pb_rm_interfaces/msg/rfid_status.hpp
[26.866s] -- Symlinking: /workspaces/auto_sentry/install/pb_rm_interfaces/include/pb_rm_interfaces/pb_rm_interfaces/msg/robot_status.hpp
[26.883s] -- Symlinking: /workspaces/auto_sentry/install/pb_rm_interfaces/include/pb_rm_interfaces/pb_rm_interfaces/msg/detail/ally_robot_hp__rosidl_typesupport_fastrtps_cpp.hpp
[26.899s] -- Symlinking: /workspaces/auto_sentry/install/pb_rm_interfaces/include/pb_rm_interfaces/pb_rm_interfaces/msg/detail/event_data__rosidl_typesupport_fastrtps_cpp.hpp
[26.916s] -- Symlinking: /workspaces/auto_sentry/install/pb_rm_interfaces/include/pb_rm_interfaces/pb_rm_interfaces/msg/detail/game_robot_hp__rosidl_typesupport_fastrtps_cpp.hpp
[26.928s] -- Symlinking: /workspaces/auto_sentry/install/pb_rm_interfaces/include/pb_rm_interfaces/pb_rm_interfaces/msg/detail/game_status__rosidl_typesupport_fastrtps_cpp.hpp
[26.940s] -- Symlinking: /workspaces/auto_sentry/install/pb_rm_interfaces/include/pb_rm_interfaces/pb_rm_interfaces/msg/detail/ground_robot_position__rosidl_typesupport_fastrtps_cpp.hpp
[26.954s] -- Symlinking: /workspaces/auto_sentry/install/pb_rm_interfaces/include/pb_rm_interfaces/pb_rm_interfaces/msg/detail/rfid_status__rosidl_typesupport_fastrtps_cpp.hpp
[26.966s] -- Symlinking: /workspaces/auto_sentry/install/pb_rm_interfaces/include/pb_rm_interfaces/pb_rm_interfaces/msg/detail/robot_status__rosidl_typesupport_fastrtps_cpp.hpp
[26.978s] -- Symlinking: /workspaces/auto_sentry/install/pb_rm_interfaces/include/pb_rm_interfaces/pb_rm_interfaces/msg/rosidl_typesupport_fastrtps_cpp__visibility_control.h
[26.995s] -- Symlinking: /workspaces/auto_sentry/install/pb_rm_interfaces/include/pb_rm_interfaces/pb_rm_interfaces/msg/detail/ally_robot_hp__rosidl_typesupport_introspection_cpp.hpp
[27.012s] -- Symlinking: /workspaces/auto_sentry/install/pb_rm_interfaces/include/pb_rm_interfaces/pb_rm_interfaces/msg/detail/event_data__rosidl_typesupport_introspection_cpp.hpp
[27.028s] -- Symlinking: /workspaces/auto_sentry/install/pb_rm_interfaces/include/pb_rm_interfaces/pb_rm_interfaces/msg/detail/game_robot_hp__rosidl_typesupport_introspection_cpp.hpp
[27.045s] -- Symlinking: /workspaces/auto_sentry/install/pb_rm_interfaces/include/pb_rm_interfaces/pb_rm_interfaces/msg/detail/game_status__rosidl_typesupport_introspection_cpp.hpp
[27.056s] -- Symlinking: /workspaces/auto_sentry/install/pb_rm_interfaces/include/pb_rm_interfaces/pb_rm_interfaces/msg/detail/ground_robot_position__rosidl_typesupport_introspection_cpp.hpp
[27.067s] -- Symlinking: /workspaces/auto_sentry/install/pb_rm_interfaces/include/pb_rm_interfaces/pb_rm_interfaces/msg/detail/rfid_status__rosidl_typesupport_introspection_cpp.hpp
[27.077s] -- Symlinking: /workspaces/auto_sentry/install/pb_rm_interfaces/include/pb_rm_interfaces/pb_rm_interfaces/msg/detail/robot_status__rosidl_typesupport_introspection_cpp.hpp
[27.091s] -- Symlinking: /workspaces/auto_sentry/install/pb_rm_interfaces/share/pb_rm_interfaces/environment/pythonpath.sh
[27.102s] -- Symlinking: /workspaces/auto_sentry/install/pb_rm_interfaces/share/pb_rm_interfaces/environment/pythonpath.dsv
[27.114s] -- Symlinking: /workspaces/auto_sentry/install/pb_rm_interfaces/local/lib/python3.10/dist-packages/pb_rm_interfaces-0.1.0-py3.10.egg-info/PKG-INFO
[27.128s] -- Symlinking: /workspaces/auto_sentry/install/pb_rm_interfaces/local/lib/python3.10/dist-packages/pb_rm_interfaces-0.1.0-py3.10.egg-info/SOURCES.txt
[27.139s] -- Symlinking: /workspaces/auto_sentry/install/pb_rm_interfaces/local/lib/python3.10/dist-packages/pb_rm_interfaces-0.1.0-py3.10.egg-info/dependency_links.txt
[27.150s] -- Symlinking: /workspaces/auto_sentry/install/pb_rm_interfaces/local/lib/python3.10/dist-packages/pb_rm_interfaces-0.1.0-py3.10.egg-info/top_level.txt
[27.166s] -- Symlinking: /workspaces/auto_sentry/install/pb_rm_interfaces/local/lib/python3.10/dist-packages/pb_rm_interfaces/__init__.py
[27.179s] -- Symlinking: /workspaces/auto_sentry/install/pb_rm_interfaces/local/lib/python3.10/dist-packages/pb_rm_interfaces/_pb_rm_interfaces_s.ep.rosidl_typesupport_c.c
[27.190s] -- Symlinking: /workspaces/auto_sentry/install/pb_rm_interfaces/local/lib/python3.10/dist-packages/pb_rm_interfaces/_pb_rm_interfaces_s.ep.rosidl_typesupport_fastrtps_c.c
[27.201s] -- Symlinking: /workspaces/auto_sentry/install/pb_rm_interfaces/local/lib/python3.10/dist-packages/pb_rm_interfaces/_pb_rm_interfaces_s.ep.rosidl_typesupport_introspection_c.c
[27.214s] -- Symlinking: /workspaces/auto_sentry/install/pb_rm_interfaces/local/lib/python3.10/dist-packages/pb_rm_interfaces/libpb_rm_interfaces__rosidl_generator_py.so
[27.230s] -- Symlinking: /workspaces/auto_sentry/install/pb_rm_interfaces/local/lib/python3.10/dist-packages/pb_rm_interfaces/msg/__init__.py
[27.242s] -- Symlinking: /workspaces/auto_sentry/install/pb_rm_interfaces/local/lib/python3.10/dist-packages/pb_rm_interfaces/msg/_ally_robot_hp.py
[27.254s] -- Symlinking: /workspaces/auto_sentry/install/pb_rm_interfaces/local/lib/python3.10/dist-packages/pb_rm_interfaces/msg/_ally_robot_hp_s.c
[27.266s] -- Symlinking: /workspaces/auto_sentry/install/pb_rm_interfaces/local/lib/python3.10/dist-packages/pb_rm_interfaces/msg/_event_data.py
[27.279s] -- Symlinking: /workspaces/auto_sentry/install/pb_rm_interfaces/local/lib/python3.10/dist-packages/pb_rm_interfaces/msg/_event_data_s.c
[27.290s] -- Symlinking: /workspaces/auto_sentry/install/pb_rm_interfaces/local/lib/python3.10/dist-packages/pb_rm_interfaces/msg/_game_robot_hp.py
[27.306s] -- Symlinking: /workspaces/auto_sentry/install/pb_rm_interfaces/local/lib/python3.10/dist-packages/pb_rm_interfaces/msg/_game_robot_hp_s.c
[27.317s] -- Symlinking: /workspaces/auto_sentry/install/pb_rm_interfaces/local/lib/python3.10/dist-packages/pb_rm_interfaces/msg/_game_status.py
[27.332s] -- Symlinking: /workspaces/auto_sentry/install/pb_rm_interfaces/local/lib/python3.10/dist-packages/pb_rm_interfaces/msg/_game_status_s.c
[27.345s] -- Symlinking: /workspaces/auto_sentry/install/pb_rm_interfaces/local/lib/python3.10/dist-packages/pb_rm_interfaces/msg/_ground_robot_position.py
[27.360s] -- Symlinking: /workspaces/auto_sentry/install/pb_rm_interfaces/local/lib/python3.10/dist-packages/pb_rm_interfaces/msg/_ground_robot_position_s.c
[27.373s] -- Symlinking: /workspaces/auto_sentry/install/pb_rm_interfaces/local/lib/python3.10/dist-packages/pb_rm_interfaces/msg/_rfid_status.py
[27.391s] -- Symlinking: /workspaces/auto_sentry/install/pb_rm_interfaces/local/lib/python3.10/dist-packages/pb_rm_interfaces/msg/_rfid_status_s.c
[27.407s] -- Symlinking: /workspaces/auto_sentry/install/pb_rm_interfaces/local/lib/python3.10/dist-packages/pb_rm_interfaces/msg/_robot_status.py
[27.428s] -- Symlinking: /workspaces/auto_sentry/install/pb_rm_interfaces/local/lib/python3.10/dist-packages/pb_rm_interfaces/msg/_robot_status_s.c
[27.443s] -- Symlinking: /workspaces/auto_sentry/install/pb_rm_interfaces/local/lib/python3.10/dist-packages/pb_rm_interfaces/pb_rm_interfaces_s__rosidl_typesupport_c.cpython-310-x86_64-linux-gnu.so
[27.455s] -- Symlinking: /workspaces/auto_sentry/install/pb_rm_interfaces/local/lib/python3.10/dist-packages/pb_rm_interfaces/pb_rm_interfaces_s__rosidl_typesupport_fastrtps_c.cpython-310-x86_64-linux-gnu.so
[27.466s] -- Symlinking: /workspaces/auto_sentry/install/pb_rm_interfaces/local/lib/python3.10/dist-packages/pb_rm_interfaces/pb_rm_interfaces_s__rosidl_typesupport_introspection_c.cpython-310-x86_64-linux-gnu.so
[27.483s] -- Up-to-date symlink: /workspaces/auto_sentry/install/pb_rm_interfaces/local/lib/python3.10/dist-packages/pb_rm_interfaces/pb_rm_interfaces_s__rosidl_typesupport_fastrtps_c.cpython-310-x86_64-linux-gnu.so
[27.484s] -- Up-to-date symlink: /workspaces/auto_sentry/install/pb_rm_interfaces/local/lib/python3.10/dist-packages/pb_rm_interfaces/pb_rm_interfaces_s__rosidl_typesupport_introspection_c.cpython-310-x86_64-linux-gnu.so
[27.484s] -- Up-to-date symlink: /workspaces/auto_sentry/install/pb_rm_interfaces/local/lib/python3.10/dist-packages/pb_rm_interfaces/pb_rm_interfaces_s__rosidl_typesupport_c.cpython-310-x86_64-linux-gnu.so
[27.485s] -- Symlinking: /workspaces/auto_sentry/install/pb_rm_interfaces/share/pb_rm_interfaces/msg/EventData.idl
[27.503s] -- Symlinking: /workspaces/auto_sentry/install/pb_rm_interfaces/share/pb_rm_interfaces/msg/GameRobotHP.idl
[27.520s] -- Symlinking: /workspaces/auto_sentry/install/pb_rm_interfaces/share/pb_rm_interfaces/msg/GameStatus.idl
[27.533s] -- Symlinking: /workspaces/auto_sentry/install/pb_rm_interfaces/share/pb_rm_interfaces/msg/GroundRobotPosition.idl
[27.549s] -- Symlinking: /workspaces/auto_sentry/install/pb_rm_interfaces/share/pb_rm_interfaces/msg/RfidStatus.idl
[27.565s] -- Symlinking: /workspaces/auto_sentry/install/pb_rm_interfaces/share/pb_rm_interfaces/msg/RobotStatus.idl
[27.576s] -- Symlinking: /workspaces/auto_sentry/install/pb_rm_interfaces/share/pb_rm_interfaces/msg/AllyRobotHP.idl
[27.587s] -- Symlinking: /workspaces/auto_sentry/install/pb_rm_interfaces/share/pb_rm_interfaces/msg/EventData.msg
[27.600s] -- Symlinking: /workspaces/auto_sentry/install/pb_rm_interfaces/share/pb_rm_interfaces/msg/GameRobotHP.msg
[27.612s] -- Symlinking: /workspaces/auto_sentry/install/pb_rm_interfaces/share/pb_rm_interfaces/msg/GameStatus.msg
[27.629s] -- Symlinking: /workspaces/auto_sentry/install/pb_rm_interfaces/share/pb_rm_interfaces/msg/GroundRobotPosition.msg
[27.645s] -- Symlinking: /workspaces/auto_sentry/install/pb_rm_interfaces/share/pb_rm_interfaces/msg/RfidStatus.msg
[27.660s] -- Symlinking: /workspaces/auto_sentry/install/pb_rm_interfaces/share/pb_rm_interfaces/msg/RobotStatus.msg
[27.671s] -- Symlinking: /workspaces/auto_sentry/install/pb_rm_interfaces/share/pb_rm_interfaces/msg/AllyRobotHP.msg
[27.682s] -- Symlinking: /workspaces/auto_sentry/install/pb_rm_interfaces/share/ament_index/resource_index/package_run_dependencies/pb_rm_interfaces
[27.693s] -- Symlinking: /workspaces/auto_sentry/install/pb_rm_interfaces/share/ament_index/resource_index/parent_prefix_path/pb_rm_interfaces
[27.705s] -- Symlinking: /workspaces/auto_sentry/install/pb_rm_interfaces/share/pb_rm_interfaces/environment/ament_prefix_path.sh
[27.721s] -- Symlinking: /workspaces/auto_sentry/install/pb_rm_interfaces/share/pb_rm_interfaces/environment/ament_prefix_path.dsv
[27.732s] -- Symlinking: /workspaces/auto_sentry/install/pb_rm_interfaces/share/pb_rm_interfaces/environment/path.sh
[27.744s] -- Symlinking: /workspaces/auto_sentry/install/pb_rm_interfaces/share/pb_rm_interfaces/environment/path.dsv
[27.756s] -- Symlinking: /workspaces/auto_sentry/install/pb_rm_interfaces/share/pb_rm_interfaces/local_setup.bash
[27.772s] -- Symlinking: /workspaces/auto_sentry/install/pb_rm_interfaces/share/pb_rm_interfaces/local_setup.sh
[27.789s] -- Symlinking: /workspaces/auto_sentry/install/pb_rm_interfaces/share/pb_rm_interfaces/local_setup.zsh
[27.800s] -- Symlinking: /workspaces/auto_sentry/install/pb_rm_interfaces/share/pb_rm_interfaces/local_setup.dsv
[27.812s] -- Symlinking: /workspaces/auto_sentry/install/pb_rm_interfaces/share/pb_rm_interfaces/package.dsv
[27.823s] -- Symlinking: /workspaces/auto_sentry/install/pb_rm_interfaces/share/ament_index/resource_index/packages/pb_rm_interfaces
[27.834s] -- Symlinking: /workspaces/auto_sentry/install/pb_rm_interfaces/share/pb_rm_interfaces/cmake/rosidl_cmake-extras.cmake
[27.846s] -- Symlinking: /workspaces/auto_sentry/install/pb_rm_interfaces/share/pb_rm_interfaces/cmake/ament_cmake_export_dependencies-extras.cmake
[27.862s] -- Symlinking: /workspaces/auto_sentry/install/pb_rm_interfaces/share/pb_rm_interfaces/cmake/ament_cmake_export_include_directories-extras.cmake
[27.873s] -- Symlinking: /workspaces/auto_sentry/install/pb_rm_interfaces/share/pb_rm_interfaces/cmake/ament_cmake_export_libraries-extras.cmake
[27.883s] -- Symlinking: /workspaces/auto_sentry/install/pb_rm_interfaces/share/pb_rm_interfaces/cmake/ament_cmake_export_targets-extras.cmake
[27.898s] -- Symlinking: /workspaces/auto_sentry/install/pb_rm_interfaces/share/pb_rm_interfaces/cmake/rosidl_cmake_export_typesupport_targets-extras.cmake
[27.909s] -- Symlinking: /workspaces/auto_sentry/install/pb_rm_interfaces/share/pb_rm_interfaces/cmake/rosidl_cmake_export_typesupport_libraries-extras.cmake
[27.921s] -- Symlinking: /workspaces/auto_sentry/install/pb_rm_interfaces/share/pb_rm_interfaces/cmake/pb_rm_interfacesConfig.cmake
[27.933s] -- Symlinking: /workspaces/auto_sentry/install/pb_rm_interfaces/share/pb_rm_interfaces/cmake/pb_rm_interfacesConfig-version.cmake
[27.944s] -- Symlinking: /workspaces/auto_sentry/install/pb_rm_interfaces/share/pb_rm_interfaces/package.xml
[27.954s] -- Installing: /workspaces/auto_sentry/install/pb_rm_interfaces/lib/libpb_rm_interfaces__rosidl_generator_c.so
[27.955s] -- Set runtime path of "/workspaces/auto_sentry/install/pb_rm_interfaces/lib/libpb_rm_interfaces__rosidl_generator_c.so" to ""
[27.955s] -- Installing: /workspaces/auto_sentry/install/pb_rm_interfaces/lib/libpb_rm_interfaces__rosidl_typesupport_fastrtps_c.so
[27.955s] -- Set runtime path of "/workspaces/auto_sentry/install/pb_rm_interfaces/lib/libpb_rm_interfaces__rosidl_typesupport_fastrtps_c.so" to ""
[27.955s] -- Installing: /workspaces/auto_sentry/install/pb_rm_interfaces/lib/libpb_rm_interfaces__rosidl_typesupport_introspection_c.so
[27.955s] -- Set runtime path of "/workspaces/auto_sentry/install/pb_rm_interfaces/lib/libpb_rm_interfaces__rosidl_typesupport_introspection_c.so" to ""
[27.955s] -- Installing: /workspaces/auto_sentry/install/pb_rm_interfaces/lib/libpb_rm_interfaces__rosidl_typesupport_c.so
[27.956s] -- Set runtime path of "/workspaces/auto_sentry/install/pb_rm_interfaces/lib/libpb_rm_interfaces__rosidl_typesupport_c.so" to ""
[27.956s] -- Installing: /workspaces/auto_sentry/install/pb_rm_interfaces/lib/libpb_rm_interfaces__rosidl_typesupport_fastrtps_cpp.so
[27.956s] -- Set runtime path of "/workspaces/auto_sentry/install/pb_rm_interfaces/lib/libpb_rm_interfaces__rosidl_typesupport_fastrtps_cpp.so" to ""
[27.956s] -- Installing: /workspaces/auto_sentry/install/pb_rm_interfaces/lib/libpb_rm_interfaces__rosidl_typesupport_introspection_cpp.so
[27.956s] -- Set runtime path of "/workspaces/auto_sentry/install/pb_rm_interfaces/lib/libpb_rm_interfaces__rosidl_typesupport_introspection_cpp.so" to ""
[27.956s] -- Installing: /workspaces/auto_sentry/install/pb_rm_interfaces/lib/libpb_rm_interfaces__rosidl_typesupport_cpp.so
[27.957s] -- Set runtime path of "/workspaces/auto_sentry/install/pb_rm_interfaces/lib/libpb_rm_interfaces__rosidl_typesupport_cpp.so" to ""
[28.029s] Listing '/workspaces/auto_sentry/install/pb_rm_interfaces/local/lib/python3.10/dist-packages/pb_rm_interfaces'...
[28.029s] Compiling '/workspaces/auto_sentry/install/pb_rm_interfaces/local/lib/python3.10/dist-packages/pb_rm_interfaces/__init__.py'...
[28.030s] Listing '/workspaces/auto_sentry/install/pb_rm_interfaces/local/lib/python3.10/dist-packages/pb_rm_interfaces/msg'...
[28.030s] Compiling '/workspaces/auto_sentry/install/pb_rm_interfaces/local/lib/python3.10/dist-packages/pb_rm_interfaces/msg/__init__.py'...
[28.030s] Compiling '/workspaces/auto_sentry/install/pb_rm_interfaces/local/lib/python3.10/dist-packages/pb_rm_interfaces/msg/_ally_robot_hp.py'...
[28.030s] Compiling '/workspaces/auto_sentry/install/pb_rm_interfaces/local/lib/python3.10/dist-packages/pb_rm_interfaces/msg/_event_data.py'...
[28.030s] Compiling '/workspaces/auto_sentry/install/pb_rm_interfaces/local/lib/python3.10/dist-packages/pb_rm_interfaces/msg/_game_robot_hp.py'...
[28.030s] Compiling '/workspaces/auto_sentry/install/pb_rm_interfaces/local/lib/python3.10/dist-packages/pb_rm_interfaces/msg/_game_status.py'...
[28.030s] Compiling '/workspaces/auto_sentry/install/pb_rm_interfaces/local/lib/python3.10/dist-packages/pb_rm_interfaces/msg/_ground_robot_position.py'...
[28.031s] Compiling '/workspaces/auto_sentry/install/pb_rm_interfaces/local/lib/python3.10/dist-packages/pb_rm_interfaces/msg/_rfid_status.py'...
[28.031s] Compiling '/workspaces/auto_sentry/install/pb_rm_interfaces/local/lib/python3.10/dist-packages/pb_rm_interfaces/msg/_robot_status.py'...
[28.036s] -- Installing: /workspaces/auto_sentry/install/pb_rm_interfaces/lib/libpb_rm_interfaces__rosidl_generator_py.so
[28.037s] -- Set runtime path of "/workspaces/auto_sentry/install/pb_rm_interfaces/lib/libpb_rm_interfaces__rosidl_generator_py.so" to ""
[28.037s] -- Installing: /workspaces/auto_sentry/install/pb_rm_interfaces/share/pb_rm_interfaces/cmake/export_pb_rm_interfaces__rosidl_generator_cExport.cmake
[28.037s] -- Installing: /workspaces/auto_sentry/install/pb_rm_interfaces/share/pb_rm_interfaces/cmake/export_pb_rm_interfaces__rosidl_generator_cExport-noconfig.cmake
[28.037s] -- Installing: /workspaces/auto_sentry/install/pb_rm_interfaces/share/pb_rm_interfaces/cmake/export_pb_rm_interfaces__rosidl_typesupport_fastrtps_cExport.cmake
[28.038s] -- Installing: /workspaces/auto_sentry/install/pb_rm_interfaces/share/pb_rm_interfaces/cmake/export_pb_rm_interfaces__rosidl_typesupport_fastrtps_cExport-noconfig.cmake
[28.038s] -- Installing: /workspaces/auto_sentry/install/pb_rm_interfaces/share/pb_rm_interfaces/cmake/pb_rm_interfaces__rosidl_typesupport_introspection_cExport.cmake
[28.038s] -- Installing: /workspaces/auto_sentry/install/pb_rm_interfaces/share/pb_rm_interfaces/cmake/pb_rm_interfaces__rosidl_typesupport_introspection_cExport-noconfig.cmake
[28.039s] -- Installing: /workspaces/auto_sentry/install/pb_rm_interfaces/share/pb_rm_interfaces/cmake/pb_rm_interfaces__rosidl_typesupport_cExport.cmake
[28.039s] -- Installing: /workspaces/auto_sentry/install/pb_rm_interfaces/share/pb_rm_interfaces/cmake/pb_rm_interfaces__rosidl_typesupport_cExport-noconfig.cmake
[28.039s] -- Installing: /workspaces/auto_sentry/install/pb_rm_interfaces/share/pb_rm_interfaces/cmake/export_pb_rm_interfaces__rosidl_generator_cppExport.cmake
[28.040s] -- Installing: /workspaces/auto_sentry/install/pb_rm_interfaces/share/pb_rm_interfaces/cmake/export_pb_rm_interfaces__rosidl_typesupport_fastrtps_cppExport.cmake
[28.040s] -- Installing: /workspaces/auto_sentry/install/pb_rm_interfaces/share/pb_rm_interfaces/cmake/export_pb_rm_interfaces__rosidl_typesupport_fastrtps_cppExport-noconfig.cmake
[28.040s] -- Installing: /workspaces/auto_sentry/install/pb_rm_interfaces/share/pb_rm_interfaces/cmake/pb_rm_interfaces__rosidl_typesupport_introspection_cppExport.cmake
[28.041s] -- Installing: /workspaces/auto_sentry/install/pb_rm_interfaces/share/pb_rm_interfaces/cmake/pb_rm_interfaces__rosidl_typesupport_introspection_cppExport-noconfig.cmake
[28.041s] -- Installing: /workspaces/auto_sentry/install/pb_rm_interfaces/share/pb_rm_interfaces/cmake/pb_rm_interfaces__rosidl_typesupport_cppExport.cmake
[28.041s] -- Installing: /workspaces/auto_sentry/install/pb_rm_interfaces/share/pb_rm_interfaces/cmake/pb_rm_interfaces__rosidl_typesupport_cppExport-noconfig.cmake
[28.042s] -- Installing: /workspaces/auto_sentry/install/pb_rm_interfaces/share/pb_rm_interfaces/cmake/export_pb_rm_interfaces__rosidl_generator_pyExport.cmake
[28.042s] -- Installing: /workspaces/auto_sentry/install/pb_rm_interfaces/share/pb_rm_interfaces/cmake/export_pb_rm_interfaces__rosidl_generator_pyExport-noconfig.cmake
[28.047s] Invoked command in '/workspaces/auto_sentry/build/pb_rm_interfaces' returned '0': CMAKE_PREFIX_PATH=${CMAKE_PREFIX_PATH}:/opt/ros/humble /usr/bin/cmake --install /workspaces/auto_sentry/build/pb_rm_interfaces
