[0.057s] Invoking command in '/workspaces/auto_sentry/build/standard_robot_pp_ros2': CMAKE_PREFIX_PATH=/workspaces/auto_sentry/install/serial_driver:/workspaces/auto_sentry/install/io_context:/workspaces/auto_sentry/install/udp_msgs:/workspaces/auto_sentry/install/rm_decision_interfaces:/workspaces/auto_sentry/install/pb_rm_interfaces:/workspaces/auto_sentry/install/udp_driver:/workspaces/auto_sentry/install/standard_robot_pp_ros2:/workspaces/auto_sentry/install/rm_vision_bringup:/workspaces/auto_sentry/install/rm_serial_driver:/workspaces/auto_sentry/install/teb_local_planner:/workspaces/auto_sentry/install/teb_msgs:/workspaces/auto_sentry/install/ros2_livox_simulation:/workspaces/auto_sentry/install/rm_rune_detector:/workspaces/auto_sentry/install/rm_navigation:/workspaces/auto_sentry/install/rm_nav_bringup:/workspaces/auto_sentry/install/rm_gimbal_description:/workspaces/auto_sentry/install/rm_behavior_tree:/workspaces/auto_sentry/install/rm_auto_aim:/workspaces/auto_sentry/install/pointcloud_to_laserscan:/workspaces/auto_sentry/install/point_lio:/workspaces/auto_sentry/install/pb_rm_simulation:/workspaces/auto_sentry/install/game_status_tester:/workspaces/auto_sentry/install/icp_registration:/workspaces/auto_sentry/install/fast_lio:/workspaces/auto_sentry/install/livox_ros_driver2:/workspaces/auto_sentry/install/linefit_ground_segmentation_ros:/workspaces/auto_sentry/install/linefit_ground_segmentation:/workspaces/auto_sentry/install/imu_complementary_filter:/workspaces/auto_sentry/install/hik_camera:/workspaces/auto_sentry/install/fake_vel_transform:/workspaces/auto_sentry/install/costmap_converter:/workspaces/auto_sentry/install/costmap_converter_msgs:/workspaces/auto_sentry/install/btcpp_ros2_samples:/workspaces/auto_sentry/install/btcpp_ros2_interfaces:/workspaces/auto_sentry/install/behaviortree_ros2:/workspaces/auto_sentry/install/behaviortree_cpp:/workspaces/auto_sentry/install/armor_tracker:/workspaces/auto_sentry/install/armor_detector:/workspaces/auto_sentry/install/auto_aim_interfaces:/workspaces/auto_sentry/install/asio_cmake_module:/opt/ros/humble LD_LIBRARY_PATH=/workspaces/auto_sentry/install/serial_driver/lib:/workspaces/auto_sentry/install/io_context/lib:/workspaces/auto_sentry/install/udp_msgs/lib:/workspaces/auto_sentry/install/rm_decision_interfaces/lib:/workspaces/auto_sentry/install/pb_rm_interfaces/lib:/workspaces/auto_sentry/install/udp_driver/lib:/workspaces/auto_sentry/install/standard_robot_pp_ros2/lib:/workspaces/auto_sentry/install/rm_serial_driver/lib:/workspaces/auto_sentry/install/teb_local_planner/lib:/workspaces/auto_sentry/install/teb_msgs/lib:/workspaces/auto_sentry/install/ros2_livox_simulation/lib:/workspaces/auto_sentry/install/rm_rune_detector/lib:/workspaces/auto_sentry/install/rm_behavior_tree/lib:/workspaces/auto_sentry/install/pointcloud_to_laserscan/lib:/workspaces/auto_sentry/install/icp_registration/lib:/workspaces/auto_sentry/install/fast_lio/lib:/workspaces/auto_sentry/install/livox_ros_driver2/lib:/workspaces/auto_sentry/install/linefit_ground_segmentation/lib:/workspaces/auto_sentry/install/imu_complementary_filter/lib:/workspaces/auto_sentry/install/hik_camera/lib:/workspaces/auto_sentry/install/fake_vel_transform/lib:/workspaces/auto_sentry/install/costmap_converter/lib:/workspaces/auto_sentry/install/costmap_converter_msgs/lib:/workspaces/auto_sentry/install/btcpp_ros2_interfaces/lib:/workspaces/auto_sentry/install/behaviortree_cpp/lib:/workspaces/auto_sentry/install/armor_tracker/lib:/workspaces/auto_sentry/install/armor_detector/lib:/workspaces/auto_sentry/install/auto_aim_interfaces/lib:/usr/lib/x86_64-linux-gnu/gazebo-11/plugins:/opt/ros/humble/opt/rviz_ogre_vendor/lib:/opt/ros/humble/lib/x86_64-linux-gnu:/opt/ros/humble/opt/openvdb_vendor/lib:/opt/ros/humble/lib /usr/bin/cmake /workspaces/auto_sentry/src/standard_robot_pp_ros2-master/src/standard_robot_pp_ros2 -DCMAKE_INSTALL_PREFIX=/workspaces/auto_sentry/install/standard_robot_pp_ros2
[0.090s] -- Found ament_cmake: 1.3.9 (/opt/ros/humble/share/ament_cmake/cmake)
[0.274s] -- Override CMake install command with custom implementation using symlinks instead of copying resources
[0.297s] -- Found rclcpp: 16.0.9 (/opt/ros/humble/share/rclcpp/cmake)
[0.365s] -- Found rosidl_generator_c: 3.1.5 (/opt/ros/humble/share/rosidl_generator_c/cmake)
[0.370s] -- Found rosidl_adapter: 3.1.5 (/opt/ros/humble/share/rosidl_adapter/cmake)
[0.382s] -- Found rosidl_generator_cpp: 3.1.5 (/opt/ros/humble/share/rosidl_generator_cpp/cmake)
[0.404s] -- Using all available rosidl_typesupport_c: rosidl_typesupport_fastrtps_c;rosidl_typesupport_introspection_c
[0.432s] -- Using all available rosidl_typesupport_cpp: rosidl_typesupport_fastrtps_cpp;rosidl_typesupport_introspection_cpp
[0.530s] -- Found rmw_implementation_cmake: 6.1.2 (/opt/ros/humble/share/rmw_implementation_cmake/cmake)
[0.534s] -- Found rmw_fastrtps_cpp: 6.2.6 (/opt/ros/humble/share/rmw_fastrtps_cpp/cmake)
[0.777s] -- Using RMW implementation 'rmw_fastrtps_cpp' as default
[0.980s] -- Found rclcpp_components: 16.0.9 (/opt/ros/humble/share/rclcpp_components/cmake)
[1.052s] -- Found serial_driver: 1.2.0 (/workspaces/auto_sentry/install/serial_driver/share/serial_driver/cmake)
[1.218s] -- Found tf2_ros: 0.25.6 (/opt/ros/humble/share/tf2_ros/cmake)
[1.594s] -- Found tf2_geometry_msgs: 0.25.6 (/opt/ros/humble/share/tf2_geometry_msgs/cmake)
[1.600s] -- Found eigen3_cmake_module: 0.1.1 (/opt/ros/humble/share/eigen3_cmake_module/cmake)
[1.602s] -- Ensuring Eigen3 include directory is part of orocos-kdl CMake target
[1.613s] -- Found sensor_msgs: 4.2.3 (/opt/ros/humble/share/sensor_msgs/cmake)
[1.733s] [31mCMake Error at CMakeLists.txt:18 (find_package):
[1.733s]   By not providing "Findexample_interfaces.cmake" in CMAKE_MODULE_PATH this
[1.733s]   project has asked CMake to find a package configuration file provided by
[1.734s]   "example_interfaces", but CMake did not find one.
[1.734s] 
[1.734s]   Could not find a package configuration file provided by
[1.734s]   "example_interfaces" with any of the following names:
[1.734s] 
[1.734s]     example_interfacesConfig.cmake
[1.734s]     example_interfaces-config.cmake
[1.734s] 
[1.734s]   Add the installation prefix of "example_interfaces" to CMAKE_PREFIX_PATH or
[1.734s]   set "example_interfaces_DIR" to a directory containing one of the above
[1.734s]   files.  If "example_interfaces" provides a separate development package or
[1.734s]   SDK, be sure it has been installed.
[1.734s] 
[1.734s] [0m
[1.734s] -- Configuring incomplete, errors occurred!
[1.734s] See also "/workspaces/auto_sentry/build/standard_robot_pp_ros2/CMakeFiles/CMakeOutput.log".
[1.743s] Invoked command in '/workspaces/auto_sentry/build/standard_robot_pp_ros2' returned '1': CMAKE_PREFIX_PATH=/workspaces/auto_sentry/install/serial_driver:/workspaces/auto_sentry/install/io_context:/workspaces/auto_sentry/install/udp_msgs:/workspaces/auto_sentry/install/rm_decision_interfaces:/workspaces/auto_sentry/install/pb_rm_interfaces:/workspaces/auto_sentry/install/udp_driver:/workspaces/auto_sentry/install/standard_robot_pp_ros2:/workspaces/auto_sentry/install/rm_vision_bringup:/workspaces/auto_sentry/install/rm_serial_driver:/workspaces/auto_sentry/install/teb_local_planner:/workspaces/auto_sentry/install/teb_msgs:/workspaces/auto_sentry/install/ros2_livox_simulation:/workspaces/auto_sentry/install/rm_rune_detector:/workspaces/auto_sentry/install/rm_navigation:/workspaces/auto_sentry/install/rm_nav_bringup:/workspaces/auto_sentry/install/rm_gimbal_description:/workspaces/auto_sentry/install/rm_behavior_tree:/workspaces/auto_sentry/install/rm_auto_aim:/workspaces/auto_sentry/install/pointcloud_to_laserscan:/workspaces/auto_sentry/install/point_lio:/workspaces/auto_sentry/install/pb_rm_simulation:/workspaces/auto_sentry/install/game_status_tester:/workspaces/auto_sentry/install/icp_registration:/workspaces/auto_sentry/install/fast_lio:/workspaces/auto_sentry/install/livox_ros_driver2:/workspaces/auto_sentry/install/linefit_ground_segmentation_ros:/workspaces/auto_sentry/install/linefit_ground_segmentation:/workspaces/auto_sentry/install/imu_complementary_filter:/workspaces/auto_sentry/install/hik_camera:/workspaces/auto_sentry/install/fake_vel_transform:/workspaces/auto_sentry/install/costmap_converter:/workspaces/auto_sentry/install/costmap_converter_msgs:/workspaces/auto_sentry/install/btcpp_ros2_samples:/workspaces/auto_sentry/install/btcpp_ros2_interfaces:/workspaces/auto_sentry/install/behaviortree_ros2:/workspaces/auto_sentry/install/behaviortree_cpp:/workspaces/auto_sentry/install/armor_tracker:/workspaces/auto_sentry/install/armor_detector:/workspaces/auto_sentry/install/auto_aim_interfaces:/workspaces/auto_sentry/install/asio_cmake_module:/opt/ros/humble LD_LIBRARY_PATH=/workspaces/auto_sentry/install/serial_driver/lib:/workspaces/auto_sentry/install/io_context/lib:/workspaces/auto_sentry/install/udp_msgs/lib:/workspaces/auto_sentry/install/rm_decision_interfaces/lib:/workspaces/auto_sentry/install/pb_rm_interfaces/lib:/workspaces/auto_sentry/install/udp_driver/lib:/workspaces/auto_sentry/install/standard_robot_pp_ros2/lib:/workspaces/auto_sentry/install/rm_serial_driver/lib:/workspaces/auto_sentry/install/teb_local_planner/lib:/workspaces/auto_sentry/install/teb_msgs/lib:/workspaces/auto_sentry/install/ros2_livox_simulation/lib:/workspaces/auto_sentry/install/rm_rune_detector/lib:/workspaces/auto_sentry/install/rm_behavior_tree/lib:/workspaces/auto_sentry/install/pointcloud_to_laserscan/lib:/workspaces/auto_sentry/install/icp_registration/lib:/workspaces/auto_sentry/install/fast_lio/lib:/workspaces/auto_sentry/install/livox_ros_driver2/lib:/workspaces/auto_sentry/install/linefit_ground_segmentation/lib:/workspaces/auto_sentry/install/imu_complementary_filter/lib:/workspaces/auto_sentry/install/hik_camera/lib:/workspaces/auto_sentry/install/fake_vel_transform/lib:/workspaces/auto_sentry/install/costmap_converter/lib:/workspaces/auto_sentry/install/costmap_converter_msgs/lib:/workspaces/auto_sentry/install/btcpp_ros2_interfaces/lib:/workspaces/auto_sentry/install/behaviortree_cpp/lib:/workspaces/auto_sentry/install/armor_tracker/lib:/workspaces/auto_sentry/install/armor_detector/lib:/workspaces/auto_sentry/install/auto_aim_interfaces/lib:/usr/lib/x86_64-linux-gnu/gazebo-11/plugins:/opt/ros/humble/opt/rviz_ogre_vendor/lib:/opt/ros/humble/lib/x86_64-linux-gnu:/opt/ros/humble/opt/openvdb_vendor/lib:/opt/ros/humble/lib /usr/bin/cmake /workspaces/auto_sentry/src/standard_robot_pp_ros2-master/src/standard_robot_pp_ros2 -DCMAKE_INSTALL_PREFIX=/workspaces/auto_sentry/install/standard_robot_pp_ros2
