[0.031s] Invoking command in '/workspaces/auto_sentry/build/teb_local_planner': CMAKE_PREFIX_PATH=/workspaces/auto_sentry/install/teb_msgs:/workspaces/auto_sentry/install/costmap_converter:/workspaces/auto_sentry/install/costmap_converter_msgs:/workspaces/auto_sentry/install/udp_driver:/workspaces/auto_sentry/install/standard_robot_pp_ros2:/workspaces/auto_sentry/install/rm_vision_bringup:/workspaces/auto_sentry/install/rm_serial_driver:/workspaces/auto_sentry/install/serial_driver:/workspaces/auto_sentry/install/io_context:/workspaces/auto_sentry/install/udp_msgs:/workspaces/auto_sentry/install/teb_local_planner:/workspaces/auto_sentry/install/ros2_livox_simulation:/workspaces/auto_sentry/install/rm_rune_detector:/workspaces/auto_sentry/install/rm_navigation:/workspaces/auto_sentry/install/rm_nav_bringup:/workspaces/auto_sentry/install/rm_gimbal_description:/workspaces/auto_sentry/install/rm_behavior_tree:/workspaces/auto_sentry/install/rm_decision_interfaces:/workspaces/auto_sentry/install/rm_auto_aim:/workspaces/auto_sentry/install/pointcloud_to_laserscan:/workspaces/auto_sentry/install/point_lio:/workspaces/auto_sentry/install/pb_rm_simulation:/workspaces/auto_sentry/install/game_status_tester:/workspaces/auto_sentry/install/pb_rm_interfaces:/workspaces/auto_sentry/install/icp_registration:/workspaces/auto_sentry/install/fast_lio:/workspaces/auto_sentry/install/livox_ros_driver2:/workspaces/auto_sentry/install/linefit_ground_segmentation_ros:/workspaces/auto_sentry/install/linefit_ground_segmentation:/workspaces/auto_sentry/install/imu_complementary_filter:/workspaces/auto_sentry/install/hik_camera:/workspaces/auto_sentry/install/fake_vel_transform:/workspaces/auto_sentry/install/btcpp_ros2_samples:/workspaces/auto_sentry/install/btcpp_ros2_interfaces:/workspaces/auto_sentry/install/behaviortree_ros2:/workspaces/auto_sentry/install/behaviortree_cpp:/workspaces/auto_sentry/install/armor_tracker:/workspaces/auto_sentry/install/armor_detector:/workspaces/auto_sentry/install/auto_aim_interfaces:/workspaces/auto_sentry/install/asio_cmake_module:/opt/ros/humble LD_LIBRARY_PATH=/workspaces/auto_sentry/install/teb_msgs/lib:/workspaces/auto_sentry/install/costmap_converter/lib:/workspaces/auto_sentry/install/costmap_converter_msgs/lib:/workspaces/auto_sentry/install/udp_driver/lib:/workspaces/auto_sentry/install/standard_robot_pp_ros2/lib:/workspaces/auto_sentry/install/rm_serial_driver/lib:/workspaces/auto_sentry/install/serial_driver/lib:/workspaces/auto_sentry/install/io_context/lib:/workspaces/auto_sentry/install/udp_msgs/lib:/workspaces/auto_sentry/install/teb_local_planner/lib:/workspaces/auto_sentry/install/ros2_livox_simulation/lib:/workspaces/auto_sentry/install/rm_rune_detector/lib:/workspaces/auto_sentry/install/rm_behavior_tree/lib:/workspaces/auto_sentry/install/rm_decision_interfaces/lib:/workspaces/auto_sentry/install/pointcloud_to_laserscan/lib:/workspaces/auto_sentry/install/pb_rm_interfaces/lib:/workspaces/auto_sentry/install/icp_registration/lib:/workspaces/auto_sentry/install/fast_lio/lib:/workspaces/auto_sentry/install/livox_ros_driver2/lib:/workspaces/auto_sentry/install/linefit_ground_segmentation/lib:/workspaces/auto_sentry/install/imu_complementary_filter/lib:/workspaces/auto_sentry/install/hik_camera/lib:/workspaces/auto_sentry/install/fake_vel_transform/lib:/workspaces/auto_sentry/install/btcpp_ros2_interfaces/lib:/workspaces/auto_sentry/install/behaviortree_cpp/lib:/workspaces/auto_sentry/install/armor_tracker/lib:/workspaces/auto_sentry/install/armor_detector/lib:/workspaces/auto_sentry/install/auto_aim_interfaces/lib:/usr/lib/x86_64-linux-gnu/gazebo-11/plugins:/opt/ros/humble/opt/rviz_ogre_vendor/lib:/opt/ros/humble/lib/x86_64-linux-gnu:/opt/ros/humble/opt/openvdb_vendor/lib:/opt/ros/humble/lib /usr/bin/cmake /workspaces/auto_sentry/src/pb_rmsimulation/src/rm_navigation/teb_local_planner/teb_local_planner -DAMENT_CMAKE_SYMLINK_INSTALL=1 -DCMAKE_INSTALL_PREFIX=/workspaces/auto_sentry/install/teb_local_planner
[0.114s] -- The C compiler identification is GNU 11.4.0
[0.186s] -- The CXX compiler identification is GNU 11.4.0
[0.196s] -- Detecting C compiler ABI info
[0.290s] -- Detecting C compiler ABI info - done
[0.299s] -- Check for working C compiler: /usr/bin/cc - skipped
[0.299s] -- Detecting C compile features
[0.299s] -- Detecting C compile features - done
[0.303s] -- Detecting CXX compiler ABI info
[0.427s] -- Detecting CXX compiler ABI info - done
[0.436s] -- Check for working CXX compiler: /usr/bin/c++ - skipped
[0.436s] -- Detecting CXX compile features
[0.437s] -- Detecting CXX compile features - done
[0.442s] -- Found ament_cmake: 1.3.9 (/opt/ros/humble/share/ament_cmake/cmake)
[0.626s] -- Found Python3: /usr/bin/python3 (found version "3.10.12") found components: Interpreter 
[0.703s] -- Override CMake install command with custom implementation using symlinks instead of copying resources
[0.769s] -- Found costmap_converter: 0.1.2 (/workspaces/auto_sentry/install/costmap_converter/share/costmap_converter/cmake)
[0.863s] -- Found rosidl_generator_c: 3.1.5 (/opt/ros/humble/share/rosidl_generator_c/cmake)
[0.874s] -- Found rosidl_adapter: 3.1.5 (/opt/ros/humble/share/rosidl_adapter/cmake)
[0.890s] -- Found rosidl_generator_cpp: 3.1.5 (/opt/ros/humble/share/rosidl_generator_cpp/cmake)
[0.912s] -- Using all available rosidl_typesupport_c: rosidl_typesupport_fastrtps_c;rosidl_typesupport_introspection_c
[0.938s] -- Using all available rosidl_typesupport_cpp: rosidl_typesupport_fastrtps_cpp;rosidl_typesupport_introspection_cpp
[1.492s] -- Found rmw_implementation_cmake: 6.1.2 (/opt/ros/humble/share/rmw_implementation_cmake/cmake)
[1.499s] -- Found rmw_fastrtps_cpp: 6.2.6 (/opt/ros/humble/share/rmw_fastrtps_cpp/cmake)
[1.688s] -- Found OpenSSL: /usr/lib/x86_64-linux-gnu/libcrypto.so (found version "3.0.2")  
[1.739s] -- Found FastRTPS: /opt/ros/humble/include  
[1.821s] -- Using RMW implementation 'rmw_fastrtps_cpp' as default
[1.841s] -- Looking for pthread.h
[1.952s] -- Looking for pthread.h - found
[1.953s] -- Performing Test CMAKE_HAVE_LIBC_PTHREAD
[2.069s] -- Performing Test CMAKE_HAVE_LIBC_PTHREAD - Success
[2.071s] -- Found Threads: TRUE  
[3.281s] -- Found Eigen3: TRUE (found version "3.4.0") 
[3.281s] -- Ensuring Eigen3 include directory is part of orocos-kdl CMake target
[5.273s] -- Found dwb_critics: 1.1.14 (/opt/ros/humble/share/dwb_critics/cmake)
[13.890s] -- Found teb_msgs: 0.0.1 (/workspaces/auto_sentry/install/teb_msgs/share/teb_msgs/cmake)
[14.038s] -- Found tf2_eigen: 0.25.6 (/opt/ros/humble/share/tf2_eigen/cmake)
[14.045s] -- System: Linux-6.14.0-34-generic
[14.045s] -- /opt/ros/humble/share/tinyxml2_vendor/cmake/Modules;/opt/ros/humble/share/eigen3_cmake_module/cmake/Modules;/opt/ros/humble/share/fastrtps_cmake_module/cmake/Modules;/workspaces/auto_sentry/src/pb_rmsimulation/src/rm_navigation/teb_local_planner/teb_local_planner/cmake_modules
[14.052s] -- Found SuiteSparse
[14.052s] -- Searching for g2o ...
[14.053s] -- Found g2o headers in: /opt/ros/humble/include/g2o
[14.059s] -- Found libg2o: /opt/ros/humble/lib/x86_64-linux-gnu/libg2o_csparse_extension.so;/opt/ros/humble/lib/x86_64-linux-gnu/libg2o_core.so;/opt/ros/humble/lib/x86_64-linux-gnu/libg2o_stuff.so;/opt/ros/humble/lib/x86_64-linux-gnu/libg2o_types_slam2d.so;/opt/ros/humble/lib/x86_64-linux-gnu/libg2o_types_slam3d.so;/opt/ros/humble/lib/x86_64-linux-gnu/libg2o_solver_cholmod.so;/opt/ros/humble/lib/x86_64-linux-gnu/libg2o_solver_pcg.so;/opt/ros/humble/lib/x86_64-linux-gnu/libg2o_solver_csparse.so;/opt/ros/humble/lib/x86_64-linux-gnu/libg2o_incremental.so
[14.075s] -- Found Boost: /usr/lib/x86_64-linux-gnu/cmake/Boost-1.74.0/BoostConfig.cmake (found version "1.74.0")  
[35.429s] -- Found ament_cmake_gtest: 1.3.9 (/opt/ros/humble/share/ament_cmake_gtest/cmake)
[35.517s] -- Configuring done
[35.597s] -- Generating done
[35.599s] -- Build files have been written to: /workspaces/auto_sentry/build/teb_local_planner
[35.614s] Invoked command in '/workspaces/auto_sentry/build/teb_local_planner' returned '0': CMAKE_PREFIX_PATH=/workspaces/auto_sentry/install/teb_msgs:/workspaces/auto_sentry/install/costmap_converter:/workspaces/auto_sentry/install/costmap_converter_msgs:/workspaces/auto_sentry/install/udp_driver:/workspaces/auto_sentry/install/standard_robot_pp_ros2:/workspaces/auto_sentry/install/rm_vision_bringup:/workspaces/auto_sentry/install/rm_serial_driver:/workspaces/auto_sentry/install/serial_driver:/workspaces/auto_sentry/install/io_context:/workspaces/auto_sentry/install/udp_msgs:/workspaces/auto_sentry/install/teb_local_planner:/workspaces/auto_sentry/install/ros2_livox_simulation:/workspaces/auto_sentry/install/rm_rune_detector:/workspaces/auto_sentry/install/rm_navigation:/workspaces/auto_sentry/install/rm_nav_bringup:/workspaces/auto_sentry/install/rm_gimbal_description:/workspaces/auto_sentry/install/rm_behavior_tree:/workspaces/auto_sentry/install/rm_decision_interfaces:/workspaces/auto_sentry/install/rm_auto_aim:/workspaces/auto_sentry/install/pointcloud_to_laserscan:/workspaces/auto_sentry/install/point_lio:/workspaces/auto_sentry/install/pb_rm_simulation:/workspaces/auto_sentry/install/game_status_tester:/workspaces/auto_sentry/install/pb_rm_interfaces:/workspaces/auto_sentry/install/icp_registration:/workspaces/auto_sentry/install/fast_lio:/workspaces/auto_sentry/install/livox_ros_driver2:/workspaces/auto_sentry/install/linefit_ground_segmentation_ros:/workspaces/auto_sentry/install/linefit_ground_segmentation:/workspaces/auto_sentry/install/imu_complementary_filter:/workspaces/auto_sentry/install/hik_camera:/workspaces/auto_sentry/install/fake_vel_transform:/workspaces/auto_sentry/install/btcpp_ros2_samples:/workspaces/auto_sentry/install/btcpp_ros2_interfaces:/workspaces/auto_sentry/install/behaviortree_ros2:/workspaces/auto_sentry/install/behaviortree_cpp:/workspaces/auto_sentry/install/armor_tracker:/workspaces/auto_sentry/install/armor_detector:/workspaces/auto_sentry/install/auto_aim_interfaces:/workspaces/auto_sentry/install/asio_cmake_module:/opt/ros/humble LD_LIBRARY_PATH=/workspaces/auto_sentry/install/teb_msgs/lib:/workspaces/auto_sentry/install/costmap_converter/lib:/workspaces/auto_sentry/install/costmap_converter_msgs/lib:/workspaces/auto_sentry/install/udp_driver/lib:/workspaces/auto_sentry/install/standard_robot_pp_ros2/lib:/workspaces/auto_sentry/install/rm_serial_driver/lib:/workspaces/auto_sentry/install/serial_driver/lib:/workspaces/auto_sentry/install/io_context/lib:/workspaces/auto_sentry/install/udp_msgs/lib:/workspaces/auto_sentry/install/teb_local_planner/lib:/workspaces/auto_sentry/install/ros2_livox_simulation/lib:/workspaces/auto_sentry/install/rm_rune_detector/lib:/workspaces/auto_sentry/install/rm_behavior_tree/lib:/workspaces/auto_sentry/install/rm_decision_interfaces/lib:/workspaces/auto_sentry/install/pointcloud_to_laserscan/lib:/workspaces/auto_sentry/install/pb_rm_interfaces/lib:/workspaces/auto_sentry/install/icp_registration/lib:/workspaces/auto_sentry/install/fast_lio/lib:/workspaces/auto_sentry/install/livox_ros_driver2/lib:/workspaces/auto_sentry/install/linefit_ground_segmentation/lib:/workspaces/auto_sentry/install/imu_complementary_filter/lib:/workspaces/auto_sentry/install/hik_camera/lib:/workspaces/auto_sentry/install/fake_vel_transform/lib:/workspaces/auto_sentry/install/btcpp_ros2_interfaces/lib:/workspaces/auto_sentry/install/behaviortree_cpp/lib:/workspaces/auto_sentry/install/armor_tracker/lib:/workspaces/auto_sentry/install/armor_detector/lib:/workspaces/auto_sentry/install/auto_aim_interfaces/lib:/usr/lib/x86_64-linux-gnu/gazebo-11/plugins:/opt/ros/humble/opt/rviz_ogre_vendor/lib:/opt/ros/humble/lib/x86_64-linux-gnu:/opt/ros/humble/opt/openvdb_vendor/lib:/opt/ros/humble/lib /usr/bin/cmake /workspaces/auto_sentry/src/pb_rmsimulation/src/rm_navigation/teb_local_planner/teb_local_planner -DAMENT_CMAKE_SYMLINK_INSTALL=1 -DCMAKE_INSTALL_PREFIX=/workspaces/auto_sentry/install/teb_local_planner
[35.616s] Invoking command in '/workspaces/auto_sentry/build/teb_local_planner': CMAKE_PREFIX_PATH=/workspaces/auto_sentry/install/teb_msgs:/workspaces/auto_sentry/install/costmap_converter:/workspaces/auto_sentry/install/costmap_converter_msgs:/workspaces/auto_sentry/install/udp_driver:/workspaces/auto_sentry/install/standard_robot_pp_ros2:/workspaces/auto_sentry/install/rm_vision_bringup:/workspaces/auto_sentry/install/rm_serial_driver:/workspaces/auto_sentry/install/serial_driver:/workspaces/auto_sentry/install/io_context:/workspaces/auto_sentry/install/udp_msgs:/workspaces/auto_sentry/install/teb_local_planner:/workspaces/auto_sentry/install/ros2_livox_simulation:/workspaces/auto_sentry/install/rm_rune_detector:/workspaces/auto_sentry/install/rm_navigation:/workspaces/auto_sentry/install/rm_nav_bringup:/workspaces/auto_sentry/install/rm_gimbal_description:/workspaces/auto_sentry/install/rm_behavior_tree:/workspaces/auto_sentry/install/rm_decision_interfaces:/workspaces/auto_sentry/install/rm_auto_aim:/workspaces/auto_sentry/install/pointcloud_to_laserscan:/workspaces/auto_sentry/install/point_lio:/workspaces/auto_sentry/install/pb_rm_simulation:/workspaces/auto_sentry/install/game_status_tester:/workspaces/auto_sentry/install/pb_rm_interfaces:/workspaces/auto_sentry/install/icp_registration:/workspaces/auto_sentry/install/fast_lio:/workspaces/auto_sentry/install/livox_ros_driver2:/workspaces/auto_sentry/install/linefit_ground_segmentation_ros:/workspaces/auto_sentry/install/linefit_ground_segmentation:/workspaces/auto_sentry/install/imu_complementary_filter:/workspaces/auto_sentry/install/hik_camera:/workspaces/auto_sentry/install/fake_vel_transform:/workspaces/auto_sentry/install/btcpp_ros2_samples:/workspaces/auto_sentry/install/btcpp_ros2_interfaces:/workspaces/auto_sentry/install/behaviortree_ros2:/workspaces/auto_sentry/install/behaviortree_cpp:/workspaces/auto_sentry/install/armor_tracker:/workspaces/auto_sentry/install/armor_detector:/workspaces/auto_sentry/install/auto_aim_interfaces:/workspaces/auto_sentry/install/asio_cmake_module:/opt/ros/humble LD_LIBRARY_PATH=/workspaces/auto_sentry/install/teb_msgs/lib:/workspaces/auto_sentry/install/costmap_converter/lib:/workspaces/auto_sentry/install/costmap_converter_msgs/lib:/workspaces/auto_sentry/install/udp_driver/lib:/workspaces/auto_sentry/install/standard_robot_pp_ros2/lib:/workspaces/auto_sentry/install/rm_serial_driver/lib:/workspaces/auto_sentry/install/serial_driver/lib:/workspaces/auto_sentry/install/io_context/lib:/workspaces/auto_sentry/install/udp_msgs/lib:/workspaces/auto_sentry/install/teb_local_planner/lib:/workspaces/auto_sentry/install/ros2_livox_simulation/lib:/workspaces/auto_sentry/install/rm_rune_detector/lib:/workspaces/auto_sentry/install/rm_behavior_tree/lib:/workspaces/auto_sentry/install/rm_decision_interfaces/lib:/workspaces/auto_sentry/install/pointcloud_to_laserscan/lib:/workspaces/auto_sentry/install/pb_rm_interfaces/lib:/workspaces/auto_sentry/install/icp_registration/lib:/workspaces/auto_sentry/install/fast_lio/lib:/workspaces/auto_sentry/install/livox_ros_driver2/lib:/workspaces/auto_sentry/install/linefit_ground_segmentation/lib:/workspaces/auto_sentry/install/imu_complementary_filter/lib:/workspaces/auto_sentry/install/hik_camera/lib:/workspaces/auto_sentry/install/fake_vel_transform/lib:/workspaces/auto_sentry/install/btcpp_ros2_interfaces/lib:/workspaces/auto_sentry/install/behaviortree_cpp/lib:/workspaces/auto_sentry/install/armor_tracker/lib:/workspaces/auto_sentry/install/armor_detector/lib:/workspaces/auto_sentry/install/auto_aim_interfaces/lib:/usr/lib/x86_64-linux-gnu/gazebo-11/plugins:/opt/ros/humble/opt/rviz_ogre_vendor/lib:/opt/ros/humble/lib/x86_64-linux-gnu:/opt/ros/humble/opt/openvdb_vendor/lib:/opt/ros/humble/lib /usr/bin/cmake --build /workspaces/auto_sentry/build/teb_local_planner -- -j28 -l28
[35.703s] [ 10%] [32mBuilding CXX object CMakeFiles/teb_local_planner.dir/src/obstacles.cpp.o[0m
[35.703s] [ 30%] [32mBuilding CXX object CMakeFiles/teb_local_planner.dir/src/teb_local_planner_ros.cpp.o[0m
[35.704s] [ 40%] [32mBuilding CXX object CMakeFiles/teb_local_planner.dir/src/homotopy_class_planner.cpp.o[0m
[35.704s] [ 40%] [32mBuilding CXX object CMakeFiles/teb_local_planner.dir/src/recovery_behaviors.cpp.o[0m
[35.705s] [ 50%] [32mBuilding CXX object CMakeFiles/teb_local_planner.dir/src/timed_elastic_band.cpp.o[0m
[35.706s] [ 60%] [32mBuilding CXX object CMakeFiles/teb_local_planner.dir/src/optimal_planner.cpp.o[0m
[35.707s] [ 70%] [32mBuilding CXX object CMakeFiles/teb_local_planner.dir/src/graph_search.cpp.o[0m
[35.708s] [ 80%] [32mBuilding CXX object CMakeFiles/teb_local_planner.dir/src/visualization.cpp.o[0m
[35.708s] [ 90%] [32mBuilding CXX object CMakeFiles/teb_local_planner.dir/src/teb_config.cpp.o[0m
[75.027s] [100%] [32m[1mLinking CXX shared library libteb_local_planner.so[0m
[75.682s] [100%] Built target teb_local_planner
[75.702s] Invoked command in '/workspaces/auto_sentry/build/teb_local_planner' returned '0': CMAKE_PREFIX_PATH=/workspaces/auto_sentry/install/teb_msgs:/workspaces/auto_sentry/install/costmap_converter:/workspaces/auto_sentry/install/costmap_converter_msgs:/workspaces/auto_sentry/install/udp_driver:/workspaces/auto_sentry/install/standard_robot_pp_ros2:/workspaces/auto_sentry/install/rm_vision_bringup:/workspaces/auto_sentry/install/rm_serial_driver:/workspaces/auto_sentry/install/serial_driver:/workspaces/auto_sentry/install/io_context:/workspaces/auto_sentry/install/udp_msgs:/workspaces/auto_sentry/install/teb_local_planner:/workspaces/auto_sentry/install/ros2_livox_simulation:/workspaces/auto_sentry/install/rm_rune_detector:/workspaces/auto_sentry/install/rm_navigation:/workspaces/auto_sentry/install/rm_nav_bringup:/workspaces/auto_sentry/install/rm_gimbal_description:/workspaces/auto_sentry/install/rm_behavior_tree:/workspaces/auto_sentry/install/rm_decision_interfaces:/workspaces/auto_sentry/install/rm_auto_aim:/workspaces/auto_sentry/install/pointcloud_to_laserscan:/workspaces/auto_sentry/install/point_lio:/workspaces/auto_sentry/install/pb_rm_simulation:/workspaces/auto_sentry/install/game_status_tester:/workspaces/auto_sentry/install/pb_rm_interfaces:/workspaces/auto_sentry/install/icp_registration:/workspaces/auto_sentry/install/fast_lio:/workspaces/auto_sentry/install/livox_ros_driver2:/workspaces/auto_sentry/install/linefit_ground_segmentation_ros:/workspaces/auto_sentry/install/linefit_ground_segmentation:/workspaces/auto_sentry/install/imu_complementary_filter:/workspaces/auto_sentry/install/hik_camera:/workspaces/auto_sentry/install/fake_vel_transform:/workspaces/auto_sentry/install/btcpp_ros2_samples:/workspaces/auto_sentry/install/btcpp_ros2_interfaces:/workspaces/auto_sentry/install/behaviortree_ros2:/workspaces/auto_sentry/install/behaviortree_cpp:/workspaces/auto_sentry/install/armor_tracker:/workspaces/auto_sentry/install/armor_detector:/workspaces/auto_sentry/install/auto_aim_interfaces:/workspaces/auto_sentry/install/asio_cmake_module:/opt/ros/humble LD_LIBRARY_PATH=/workspaces/auto_sentry/install/teb_msgs/lib:/workspaces/auto_sentry/install/costmap_converter/lib:/workspaces/auto_sentry/install/costmap_converter_msgs/lib:/workspaces/auto_sentry/install/udp_driver/lib:/workspaces/auto_sentry/install/standard_robot_pp_ros2/lib:/workspaces/auto_sentry/install/rm_serial_driver/lib:/workspaces/auto_sentry/install/serial_driver/lib:/workspaces/auto_sentry/install/io_context/lib:/workspaces/auto_sentry/install/udp_msgs/lib:/workspaces/auto_sentry/install/teb_local_planner/lib:/workspaces/auto_sentry/install/ros2_livox_simulation/lib:/workspaces/auto_sentry/install/rm_rune_detector/lib:/workspaces/auto_sentry/install/rm_behavior_tree/lib:/workspaces/auto_sentry/install/rm_decision_interfaces/lib:/workspaces/auto_sentry/install/pointcloud_to_laserscan/lib:/workspaces/auto_sentry/install/pb_rm_interfaces/lib:/workspaces/auto_sentry/install/icp_registration/lib:/workspaces/auto_sentry/install/fast_lio/lib:/workspaces/auto_sentry/install/livox_ros_driver2/lib:/workspaces/auto_sentry/install/linefit_ground_segmentation/lib:/workspaces/auto_sentry/install/imu_complementary_filter/lib:/workspaces/auto_sentry/install/hik_camera/lib:/workspaces/auto_sentry/install/fake_vel_transform/lib:/workspaces/auto_sentry/install/btcpp_ros2_interfaces/lib:/workspaces/auto_sentry/install/behaviortree_cpp/lib:/workspaces/auto_sentry/install/armor_tracker/lib:/workspaces/auto_sentry/install/armor_detector/lib:/workspaces/auto_sentry/install/auto_aim_interfaces/lib:/usr/lib/x86_64-linux-gnu/gazebo-11/plugins:/opt/ros/humble/opt/rviz_ogre_vendor/lib:/opt/ros/humble/lib/x86_64-linux-gnu:/opt/ros/humble/opt/openvdb_vendor/lib:/opt/ros/humble/lib /usr/bin/cmake --build /workspaces/auto_sentry/build/teb_local_planner -- -j28 -l28
[75.811s] Invoking command in '/workspaces/auto_sentry/build/teb_local_planner': CMAKE_PREFIX_PATH=/workspaces/auto_sentry/install/teb_msgs:/workspaces/auto_sentry/install/costmap_converter:/workspaces/auto_sentry/install/costmap_converter_msgs:/workspaces/auto_sentry/install/udp_driver:/workspaces/auto_sentry/install/standard_robot_pp_ros2:/workspaces/auto_sentry/install/rm_vision_bringup:/workspaces/auto_sentry/install/rm_serial_driver:/workspaces/auto_sentry/install/serial_driver:/workspaces/auto_sentry/install/io_context:/workspaces/auto_sentry/install/udp_msgs:/workspaces/auto_sentry/install/teb_local_planner:/workspaces/auto_sentry/install/ros2_livox_simulation:/workspaces/auto_sentry/install/rm_rune_detector:/workspaces/auto_sentry/install/rm_navigation:/workspaces/auto_sentry/install/rm_nav_bringup:/workspaces/auto_sentry/install/rm_gimbal_description:/workspaces/auto_sentry/install/rm_behavior_tree:/workspaces/auto_sentry/install/rm_decision_interfaces:/workspaces/auto_sentry/install/rm_auto_aim:/workspaces/auto_sentry/install/pointcloud_to_laserscan:/workspaces/auto_sentry/install/point_lio:/workspaces/auto_sentry/install/pb_rm_simulation:/workspaces/auto_sentry/install/game_status_tester:/workspaces/auto_sentry/install/pb_rm_interfaces:/workspaces/auto_sentry/install/icp_registration:/workspaces/auto_sentry/install/fast_lio:/workspaces/auto_sentry/install/livox_ros_driver2:/workspaces/auto_sentry/install/linefit_ground_segmentation_ros:/workspaces/auto_sentry/install/linefit_ground_segmentation:/workspaces/auto_sentry/install/imu_complementary_filter:/workspaces/auto_sentry/install/hik_camera:/workspaces/auto_sentry/install/fake_vel_transform:/workspaces/auto_sentry/install/btcpp_ros2_samples:/workspaces/auto_sentry/install/btcpp_ros2_interfaces:/workspaces/auto_sentry/install/behaviortree_ros2:/workspaces/auto_sentry/install/behaviortree_cpp:/workspaces/auto_sentry/install/armor_tracker:/workspaces/auto_sentry/install/armor_detector:/workspaces/auto_sentry/install/auto_aim_interfaces:/workspaces/auto_sentry/install/asio_cmake_module:/opt/ros/humble LD_LIBRARY_PATH=/workspaces/auto_sentry/install/teb_msgs/lib:/workspaces/auto_sentry/install/costmap_converter/lib:/workspaces/auto_sentry/install/costmap_converter_msgs/lib:/workspaces/auto_sentry/install/udp_driver/lib:/workspaces/auto_sentry/install/standard_robot_pp_ros2/lib:/workspaces/auto_sentry/install/rm_serial_driver/lib:/workspaces/auto_sentry/install/serial_driver/lib:/workspaces/auto_sentry/install/io_context/lib:/workspaces/auto_sentry/install/udp_msgs/lib:/workspaces/auto_sentry/install/teb_local_planner/lib:/workspaces/auto_sentry/install/ros2_livox_simulation/lib:/workspaces/auto_sentry/install/rm_rune_detector/lib:/workspaces/auto_sentry/install/rm_behavior_tree/lib:/workspaces/auto_sentry/install/rm_decision_interfaces/lib:/workspaces/auto_sentry/install/pointcloud_to_laserscan/lib:/workspaces/auto_sentry/install/pb_rm_interfaces/lib:/workspaces/auto_sentry/install/icp_registration/lib:/workspaces/auto_sentry/install/fast_lio/lib:/workspaces/auto_sentry/install/livox_ros_driver2/lib:/workspaces/auto_sentry/install/linefit_ground_segmentation/lib:/workspaces/auto_sentry/install/imu_complementary_filter/lib:/workspaces/auto_sentry/install/hik_camera/lib:/workspaces/auto_sentry/install/fake_vel_transform/lib:/workspaces/auto_sentry/install/btcpp_ros2_interfaces/lib:/workspaces/auto_sentry/install/behaviortree_cpp/lib:/workspaces/auto_sentry/install/armor_tracker/lib:/workspaces/auto_sentry/install/armor_detector/lib:/workspaces/auto_sentry/install/auto_aim_interfaces/lib:/usr/lib/x86_64-linux-gnu/gazebo-11/plugins:/opt/ros/humble/opt/rviz_ogre_vendor/lib:/opt/ros/humble/lib/x86_64-linux-gnu:/opt/ros/humble/opt/openvdb_vendor/lib:/opt/ros/humble/lib /usr/bin/cmake --install /workspaces/auto_sentry/build/teb_local_planner
[75.825s] -- Install configuration: "Release"
[75.826s] -- Execute custom install script
[75.826s] -- Symlinking: /workspaces/auto_sentry/install/teb_local_planner/lib/libteb_local_planner.so
[75.838s] -- Symlinking: /workspaces/auto_sentry/install/teb_local_planner/include//teb_local_planner/distance_calculations.h
[75.854s] -- Symlinking: /workspaces/auto_sentry/install/teb_local_planner/include//teb_local_planner/equivalence_relations.h
[75.865s] -- Symlinking: /workspaces/auto_sentry/install/teb_local_planner/include//teb_local_planner/g2o_types/base_teb_edges.h
[75.878s] -- Symlinking: /workspaces/auto_sentry/install/teb_local_planner/include//teb_local_planner/g2o_types/edge_acceleration.h
[75.890s] -- Symlinking: /workspaces/auto_sentry/install/teb_local_planner/include//teb_local_planner/g2o_types/edge_dynamic_obstacle.h
[75.902s] -- Symlinking: /workspaces/auto_sentry/install/teb_local_planner/include//teb_local_planner/g2o_types/edge_kinematics.h
[75.917s] -- Symlinking: /workspaces/auto_sentry/install/teb_local_planner/include//teb_local_planner/g2o_types/edge_obstacle.h
[75.929s] -- Symlinking: /workspaces/auto_sentry/install/teb_local_planner/include//teb_local_planner/g2o_types/edge_prefer_rotdir.h
[75.941s] -- Symlinking: /workspaces/auto_sentry/install/teb_local_planner/include//teb_local_planner/g2o_types/edge_shortest_path.h
[75.955s] -- Symlinking: /workspaces/auto_sentry/install/teb_local_planner/include//teb_local_planner/g2o_types/edge_time_optimal.h
[75.970s] -- Symlinking: /workspaces/auto_sentry/install/teb_local_planner/include//teb_local_planner/g2o_types/edge_velocity.h
[75.981s] -- Symlinking: /workspaces/auto_sentry/install/teb_local_planner/include//teb_local_planner/g2o_types/edge_velocity_obstacle_ratio.h
[75.991s] -- Symlinking: /workspaces/auto_sentry/install/teb_local_planner/include//teb_local_planner/g2o_types/edge_via_point.h
[76.005s] -- Symlinking: /workspaces/auto_sentry/install/teb_local_planner/include//teb_local_planner/g2o_types/penalties.h
[76.016s] -- Symlinking: /workspaces/auto_sentry/install/teb_local_planner/include//teb_local_planner/g2o_types/vertex_pose.h
[76.027s] -- Symlinking: /workspaces/auto_sentry/install/teb_local_planner/include//teb_local_planner/g2o_types/vertex_timediff.h
[76.038s] -- Symlinking: /workspaces/auto_sentry/install/teb_local_planner/include//teb_local_planner/graph_search.h
[76.050s] -- Symlinking: /workspaces/auto_sentry/install/teb_local_planner/include//teb_local_planner/h_signature.h
[76.062s] -- Symlinking: /workspaces/auto_sentry/install/teb_local_planner/include//teb_local_planner/homotopy_class_planner.h
[76.072s] -- Symlinking: /workspaces/auto_sentry/install/teb_local_planner/include//teb_local_planner/homotopy_class_planner.hpp
[76.086s] -- Symlinking: /workspaces/auto_sentry/install/teb_local_planner/include//teb_local_planner/misc.h
[76.099s] -- Symlinking: /workspaces/auto_sentry/install/teb_local_planner/include//teb_local_planner/obstacles.h
[76.113s] -- Symlinking: /workspaces/auto_sentry/install/teb_local_planner/include//teb_local_planner/optimal_planner.h
[76.127s] -- Symlinking: /workspaces/auto_sentry/install/teb_local_planner/include//teb_local_planner/planner_interface.h
[76.140s] -- Symlinking: /workspaces/auto_sentry/install/teb_local_planner/include//teb_local_planner/pose_se2.h
[76.151s] -- Symlinking: /workspaces/auto_sentry/install/teb_local_planner/include//teb_local_planner/recovery_behaviors.h
[76.163s] -- Symlinking: /workspaces/auto_sentry/install/teb_local_planner/include//teb_local_planner/robot_footprint_model.h
[76.174s] -- Symlinking: /workspaces/auto_sentry/install/teb_local_planner/include//teb_local_planner/teb_config.h
[76.187s] -- Symlinking: /workspaces/auto_sentry/install/teb_local_planner/include//teb_local_planner/teb_local_planner_ros.h
[76.198s] -- Symlinking: /workspaces/auto_sentry/install/teb_local_planner/include//teb_local_planner/timed_elastic_band.h
[76.209s] -- Symlinking: /workspaces/auto_sentry/install/teb_local_planner/include//teb_local_planner/timed_elastic_band.hpp
[76.222s] -- Symlinking: /workspaces/auto_sentry/install/teb_local_planner/include//teb_local_planner/visualization.h
[76.233s] -- Symlinking: /workspaces/auto_sentry/install/teb_local_planner/include//teb_local_planner/visualization.hpp
[76.247s] -- Symlinking: /workspaces/auto_sentry/install/teb_local_planner/share/teb_local_planner_plugin.xml
[76.258s] -- Symlinking: /workspaces/auto_sentry/install/teb_local_planner/lib/teb_local_planner/cmd_vel_to_ackermann_drive.py
[76.271s] -- Symlinking: /workspaces/auto_sentry/install/teb_local_planner/share/teb_local_planner/params/teb_params.yaml
[76.283s] -- Symlinking: /workspaces/auto_sentry/install/teb_local_planner/share/teb_local_planner/environment/library_path.sh
[76.295s] -- Symlinking: /workspaces/auto_sentry/install/teb_local_planner/share/teb_local_planner/environment/library_path.dsv
[76.307s] -- Symlinking: /workspaces/auto_sentry/install/teb_local_planner/share/teb_local_planner//teb_local_planner_plugin.xml
[76.318s] -- Symlinking: /workspaces/auto_sentry/install/teb_local_planner/share/ament_index/resource_index/package_run_dependencies/teb_local_planner
[76.332s] -- Symlinking: /workspaces/auto_sentry/install/teb_local_planner/share/ament_index/resource_index/parent_prefix_path/teb_local_planner
[76.344s] -- Symlinking: /workspaces/auto_sentry/install/teb_local_planner/share/teb_local_planner/environment/ament_prefix_path.sh
[76.356s] -- Symlinking: /workspaces/auto_sentry/install/teb_local_planner/share/teb_local_planner/environment/ament_prefix_path.dsv
[76.370s] -- Symlinking: /workspaces/auto_sentry/install/teb_local_planner/share/teb_local_planner/environment/path.sh
[76.380s] -- Symlinking: /workspaces/auto_sentry/install/teb_local_planner/share/teb_local_planner/environment/path.dsv
[76.392s] -- Symlinking: /workspaces/auto_sentry/install/teb_local_planner/share/teb_local_planner/local_setup.bash
[76.403s] -- Symlinking: /workspaces/auto_sentry/install/teb_local_planner/share/teb_local_planner/local_setup.sh
[76.414s] -- Symlinking: /workspaces/auto_sentry/install/teb_local_planner/share/teb_local_planner/local_setup.zsh
[76.426s] -- Symlinking: /workspaces/auto_sentry/install/teb_local_planner/share/teb_local_planner/local_setup.dsv
[76.437s] -- Symlinking: /workspaces/auto_sentry/install/teb_local_planner/share/teb_local_planner/package.dsv
[76.449s] -- Symlinking: /workspaces/auto_sentry/install/teb_local_planner/share/ament_index/resource_index/packages/teb_local_planner
[76.460s] -- Symlinking: /workspaces/auto_sentry/install/teb_local_planner/share/ament_index/resource_index/nav2_core__pluginlib__plugin/teb_local_planner
[76.476s] -- Symlinking: /workspaces/auto_sentry/install/teb_local_planner/share/teb_local_planner/cmake/ament_cmake_export_include_directories-extras.cmake
[76.489s] -- Symlinking: /workspaces/auto_sentry/install/teb_local_planner/share/teb_local_planner/cmake/ament_cmake_export_libraries-extras.cmake
[76.501s] -- Symlinking: /workspaces/auto_sentry/install/teb_local_planner/share/teb_local_planner/cmake/ament_cmake_export_dependencies-extras.cmake
[76.512s] -- Symlinking: /workspaces/auto_sentry/install/teb_local_planner/share/teb_local_planner/cmake/teb_local_plannerConfig.cmake
[76.523s] -- Symlinking: /workspaces/auto_sentry/install/teb_local_planner/share/teb_local_planner/cmake/teb_local_plannerConfig-version.cmake
[76.535s] -- Symlinking: /workspaces/auto_sentry/install/teb_local_planner/share/teb_local_planner/package.xml
[76.549s] Invoked command in '/workspaces/auto_sentry/build/teb_local_planner' returned '0': CMAKE_PREFIX_PATH=/workspaces/auto_sentry/install/teb_msgs:/workspaces/auto_sentry/install/costmap_converter:/workspaces/auto_sentry/install/costmap_converter_msgs:/workspaces/auto_sentry/install/udp_driver:/workspaces/auto_sentry/install/standard_robot_pp_ros2:/workspaces/auto_sentry/install/rm_vision_bringup:/workspaces/auto_sentry/install/rm_serial_driver:/workspaces/auto_sentry/install/serial_driver:/workspaces/auto_sentry/install/io_context:/workspaces/auto_sentry/install/udp_msgs:/workspaces/auto_sentry/install/teb_local_planner:/workspaces/auto_sentry/install/ros2_livox_simulation:/workspaces/auto_sentry/install/rm_rune_detector:/workspaces/auto_sentry/install/rm_navigation:/workspaces/auto_sentry/install/rm_nav_bringup:/workspaces/auto_sentry/install/rm_gimbal_description:/workspaces/auto_sentry/install/rm_behavior_tree:/workspaces/auto_sentry/install/rm_decision_interfaces:/workspaces/auto_sentry/install/rm_auto_aim:/workspaces/auto_sentry/install/pointcloud_to_laserscan:/workspaces/auto_sentry/install/point_lio:/workspaces/auto_sentry/install/pb_rm_simulation:/workspaces/auto_sentry/install/game_status_tester:/workspaces/auto_sentry/install/pb_rm_interfaces:/workspaces/auto_sentry/install/icp_registration:/workspaces/auto_sentry/install/fast_lio:/workspaces/auto_sentry/install/livox_ros_driver2:/workspaces/auto_sentry/install/linefit_ground_segmentation_ros:/workspaces/auto_sentry/install/linefit_ground_segmentation:/workspaces/auto_sentry/install/imu_complementary_filter:/workspaces/auto_sentry/install/hik_camera:/workspaces/auto_sentry/install/fake_vel_transform:/workspaces/auto_sentry/install/btcpp_ros2_samples:/workspaces/auto_sentry/install/btcpp_ros2_interfaces:/workspaces/auto_sentry/install/behaviortree_ros2:/workspaces/auto_sentry/install/behaviortree_cpp:/workspaces/auto_sentry/install/armor_tracker:/workspaces/auto_sentry/install/armor_detector:/workspaces/auto_sentry/install/auto_aim_interfaces:/workspaces/auto_sentry/install/asio_cmake_module:/opt/ros/humble LD_LIBRARY_PATH=/workspaces/auto_sentry/install/teb_msgs/lib:/workspaces/auto_sentry/install/costmap_converter/lib:/workspaces/auto_sentry/install/costmap_converter_msgs/lib:/workspaces/auto_sentry/install/udp_driver/lib:/workspaces/auto_sentry/install/standard_robot_pp_ros2/lib:/workspaces/auto_sentry/install/rm_serial_driver/lib:/workspaces/auto_sentry/install/serial_driver/lib:/workspaces/auto_sentry/install/io_context/lib:/workspaces/auto_sentry/install/udp_msgs/lib:/workspaces/auto_sentry/install/teb_local_planner/lib:/workspaces/auto_sentry/install/ros2_livox_simulation/lib:/workspaces/auto_sentry/install/rm_rune_detector/lib:/workspaces/auto_sentry/install/rm_behavior_tree/lib:/workspaces/auto_sentry/install/rm_decision_interfaces/lib:/workspaces/auto_sentry/install/pointcloud_to_laserscan/lib:/workspaces/auto_sentry/install/pb_rm_interfaces/lib:/workspaces/auto_sentry/install/icp_registration/lib:/workspaces/auto_sentry/install/fast_lio/lib:/workspaces/auto_sentry/install/livox_ros_driver2/lib:/workspaces/auto_sentry/install/linefit_ground_segmentation/lib:/workspaces/auto_sentry/install/imu_complementary_filter/lib:/workspaces/auto_sentry/install/hik_camera/lib:/workspaces/auto_sentry/install/fake_vel_transform/lib:/workspaces/auto_sentry/install/btcpp_ros2_interfaces/lib:/workspaces/auto_sentry/install/behaviortree_cpp/lib:/workspaces/auto_sentry/install/armor_tracker/lib:/workspaces/auto_sentry/install/armor_detector/lib:/workspaces/auto_sentry/install/auto_aim_interfaces/lib:/usr/lib/x86_64-linux-gnu/gazebo-11/plugins:/opt/ros/humble/opt/rviz_ogre_vendor/lib:/opt/ros/humble/lib/x86_64-linux-gnu:/opt/ros/humble/opt/openvdb_vendor/lib:/opt/ros/humble/lib /usr/bin/cmake --install /workspaces/auto_sentry/build/teb_local_planner
