[0.211s] Invoking command in '/workspaces/auto_sentry/build/rm_navigation': CMAKE_PREFIX_PATH=${CMAKE_PREFIX_PATH}:/opt/ros/humble /usr/bin/cmake --build /workspaces/auto_sentry/build/rm_navigation -- -j28 -l28
[0.365s] Invoked command in '/workspaces/auto_sentry/build/rm_navigation' returned '0': CMAKE_PREFIX_PATH=${CMAKE_PREFIX_PATH}:/opt/ros/humble /usr/bin/cmake --build /workspaces/auto_sentry/build/rm_navigation -- -j28 -l28
[0.483s] Invoking command in '/workspaces/auto_sentry/build/rm_navigation': CMAKE_PREFIX_PATH=${CMAKE_PREFIX_PATH}:/opt/ros/humble /usr/bin/cmake --install /workspaces/auto_sentry/build/rm_navigation
[0.619s] -- Install configuration: ""
[0.625s] -- Execute custom install script
[0.625s] -- Up-to-date symlink: /workspaces/auto_sentry/install/rm_navigation/share/rm_navigation/params/mapper_params_online_async.yaml
[0.625s] -- Up-to-date symlink: /workspaces/auto_sentry/install/rm_navigation/share/rm_navigation/params/nav2_params.yaml
[0.625s] -- Up-to-date symlink: /workspaces/auto_sentry/install/rm_navigation/share/rm_navigation/rviz/nav2.rviz
[0.625s] -- Up-to-date symlink: /workspaces/auto_sentry/install/rm_navigation/share/rm_navigation/launch/bringup_rm_navigation.py
[0.625s] -- Up-to-date symlink: /workspaces/auto_sentry/install/rm_navigation/share/rm_navigation/launch/localization_amcl_launch.py
[0.625s] -- Up-to-date symlink: /workspaces/auto_sentry/install/rm_navigation/share/rm_navigation/launch/map_server_launch.py
[0.625s] -- Up-to-date symlink: /workspaces/auto_sentry/install/rm_navigation/share/rm_navigation/launch/navigation_launch.py
[0.626s] -- Up-to-date symlink: /workspaces/auto_sentry/install/rm_navigation/share/rm_navigation/launch/rviz_launch.py
[0.626s] -- Up-to-date symlink: /workspaces/auto_sentry/install/rm_navigation/share/ament_index/resource_index/package_run_dependencies/rm_navigation
[0.626s] -- Up-to-date symlink: /workspaces/auto_sentry/install/rm_navigation/share/ament_index/resource_index/parent_prefix_path/rm_navigation
[0.626s] -- Up-to-date symlink: /workspaces/auto_sentry/install/rm_navigation/share/rm_navigation/environment/ament_prefix_path.sh
[0.626s] -- Up-to-date symlink: /workspaces/auto_sentry/install/rm_navigation/share/rm_navigation/environment/ament_prefix_path.dsv
[0.626s] -- Up-to-date symlink: /workspaces/auto_sentry/install/rm_navigation/share/rm_navigation/environment/path.sh
[0.626s] -- Up-to-date symlink: /workspaces/auto_sentry/install/rm_navigation/share/rm_navigation/environment/path.dsv
[0.626s] -- Up-to-date symlink: /workspaces/auto_sentry/install/rm_navigation/share/rm_navigation/local_setup.bash
[0.626s] -- Up-to-date symlink: /workspaces/auto_sentry/install/rm_navigation/share/rm_navigation/local_setup.sh
[0.627s] -- Up-to-date symlink: /workspaces/auto_sentry/install/rm_navigation/share/rm_navigation/local_setup.zsh
[0.627s] -- Up-to-date symlink: /workspaces/auto_sentry/install/rm_navigation/share/rm_navigation/local_setup.dsv
[0.627s] -- Symlinking: /workspaces/auto_sentry/install/rm_navigation/share/rm_navigation/package.dsv
[0.627s] -- Up-to-date symlink: /workspaces/auto_sentry/install/rm_navigation/share/ament_index/resource_index/packages/rm_navigation
[0.627s] -- Up-to-date symlink: /workspaces/auto_sentry/install/rm_navigation/share/rm_navigation/cmake/rm_navigationConfig.cmake
[0.627s] -- Up-to-date symlink: /workspaces/auto_sentry/install/rm_navigation/share/rm_navigation/cmake/rm_navigationConfig-version.cmake
[0.627s] -- Up-to-date symlink: /workspaces/auto_sentry/install/rm_navigation/share/rm_navigation/package.xml
[0.661s] Invoked command in '/workspaces/auto_sentry/build/rm_navigation' returned '0': CMAKE_PREFIX_PATH=${CMAKE_PREFIX_PATH}:/opt/ros/humble /usr/bin/cmake --install /workspaces/auto_sentry/build/rm_navigation
