[0.106s] Invoking command in '/workspaces/auto_sentry/build/asio_cmake_module': CMAKE_PREFIX_PATH=${CMAKE_PREFIX_PATH}:/opt/ros/humble /usr/bin/cmake /workspaces/auto_sentry/src/transport_drivers/asio_cmake_module -DAMENT_CMAKE_SYMLINK_INSTALL=1 -DCMAKE_INSTALL_PREFIX=/workspaces/auto_sentry/install/asio_cmake_module
[0.243s] -- The C compiler identification is GNU 11.4.0
[0.339s] -- The CXX compiler identification is GNU 11.4.0
[0.353s] -- Detecting C compiler ABI info
[0.472s] -- Detecting C compiler ABI info - done
[0.484s] -- Check for working C compiler: /usr/bin/cc - skipped
[0.485s] -- Detecting C compile features
[0.485s] -- Detecting C compile features - done
[0.491s] -- Detecting CXX compiler ABI info
[0.628s] -- Detecting CXX compiler ABI info - done
[0.643s] -- Check for working CXX compiler: /usr/bin/c++ - skipped
[0.643s] -- Detecting CXX compile features
[0.643s] -- Detecting CXX compile features - done
[0.652s] -- Found ament_cmake: 1.3.9 (/opt/ros/humble/share/ament_cmake/cmake)
[0.866s] -- Found Python3: /usr/bin/python3 (found version "3.10.12") found components: Interpreter 
[0.945s] -- Override CMake install command with custom implementation using symlinks instead of copying resources
[1.013s] -- Found ament_lint_auto: 0.12.11 (/opt/ros/humble/share/ament_lint_auto/cmake)
[1.180s] -- Added test 'copyright' to check source files copyright and LICENSE
[1.184s] -- Added test 'lint_cmake' to check CMake code style
[1.187s] -- Added test 'xmllint' to check XML markup files
[1.192s] -- Configuring done
[1.196s] -- Generating done
[1.197s] -- Build files have been written to: /workspaces/auto_sentry/build/asio_cmake_module
[1.208s] Invoked command in '/workspaces/auto_sentry/build/asio_cmake_module' returned '0': CMAKE_PREFIX_PATH=${CMAKE_PREFIX_PATH}:/opt/ros/humble /usr/bin/cmake /workspaces/auto_sentry/src/transport_drivers/asio_cmake_module -DAMENT_CMAKE_SYMLINK_INSTALL=1 -DCMAKE_INSTALL_PREFIX=/workspaces/auto_sentry/install/asio_cmake_module
[1.209s] Invoking command in '/workspaces/auto_sentry/build/asio_cmake_module': CMAKE_PREFIX_PATH=${CMAKE_PREFIX_PATH}:/opt/ros/humble /usr/bin/cmake --build /workspaces/auto_sentry/build/asio_cmake_module -- -j28 -l28
[1.258s] Invoked command in '/workspaces/auto_sentry/build/asio_cmake_module' returned '0': CMAKE_PREFIX_PATH=${CMAKE_PREFIX_PATH}:/opt/ros/humble /usr/bin/cmake --build /workspaces/auto_sentry/build/asio_cmake_module -- -j28 -l28
[1.297s] Invoking command in '/workspaces/auto_sentry/build/asio_cmake_module': CMAKE_PREFIX_PATH=${CMAKE_PREFIX_PATH}:/opt/ros/humble /usr/bin/cmake --install /workspaces/auto_sentry/build/asio_cmake_module
[1.843s] -- Install configuration: ""
[1.844s] -- Execute custom install script
[1.844s] -- Symlinking: /workspaces/auto_sentry/install/asio_cmake_module/share/ament_index/resource_index/package_run_dependencies/asio_cmake_module
[1.845s] -- Symlinking: /workspaces/auto_sentry/install/asio_cmake_module/share/ament_index/resource_index/parent_prefix_path/asio_cmake_module
[1.845s] -- Symlinking: /workspaces/auto_sentry/install/asio_cmake_module/share/asio_cmake_module/environment/ament_prefix_path.sh
[1.846s] -- Symlinking: /workspaces/auto_sentry/install/asio_cmake_module/share/asio_cmake_module/environment/ament_prefix_path.dsv
[1.846s] -- Symlinking: /workspaces/auto_sentry/install/asio_cmake_module/share/asio_cmake_module/environment/path.sh
[1.846s] -- Symlinking: /workspaces/auto_sentry/install/asio_cmake_module/share/asio_cmake_module/environment/path.dsv
[1.846s] -- Symlinking: /workspaces/auto_sentry/install/asio_cmake_module/share/asio_cmake_module/local_setup.bash
[1.847s] -- Symlinking: /workspaces/auto_sentry/install/asio_cmake_module/share/asio_cmake_module/local_setup.sh
[1.847s] -- Symlinking: /workspaces/auto_sentry/install/asio_cmake_module/share/asio_cmake_module/local_setup.zsh
[1.848s] -- Symlinking: /workspaces/auto_sentry/install/asio_cmake_module/share/asio_cmake_module/local_setup.dsv
[1.848s] -- Symlinking: /workspaces/auto_sentry/install/asio_cmake_module/share/asio_cmake_module/package.dsv
[1.850s] -- Symlinking: /workspaces/auto_sentry/install/asio_cmake_module/share/ament_index/resource_index/packages/asio_cmake_module
[1.850s] -- Symlinking: /workspaces/auto_sentry/install/asio_cmake_module/share/asio_cmake_module/cmake/asio_cmake_module-extras.cmake
[1.850s] -- Symlinking: /workspaces/auto_sentry/install/asio_cmake_module/share/asio_cmake_module/cmake/asio_cmake_moduleConfig.cmake
[1.850s] -- Symlinking: /workspaces/auto_sentry/install/asio_cmake_module/share/asio_cmake_module/cmake/asio_cmake_moduleConfig-version.cmake
[1.850s] -- Symlinking: /workspaces/auto_sentry/install/asio_cmake_module/share/asio_cmake_module/package.xml
[1.851s] -- Symlinking: /workspaces/auto_sentry/install/asio_cmake_module/share/asio_cmake_module/cmake/Modules/FindASIO.cmake
[1.878s] Invoked command in '/workspaces/auto_sentry/build/asio_cmake_module' returned '0': CMAKE_PREFIX_PATH=${CMAKE_PREFIX_PATH}:/opt/ros/humble /usr/bin/cmake --install /workspaces/auto_sentry/build/asio_cmake_module
