[0.008s] Invoking command in '/workspaces/auto_sentry/build/rm_decision_interfaces': CMAKE_PREFIX_PATH=/opt/ros/humble /usr/bin/cmake --build /workspaces/auto_sentry/build/rm_decision_interfaces -- -j28 -l28
[0.034s] -- Found ament_cmake: 1.3.9 (/opt/ros/humble/share/ament_cmake/cmake)
[0.111s] -- Override CMake install command with custom implementation using symlinks instead of copying resources
[0.121s] -- Found rosidl_default_generators: 1.2.0 (/opt/ros/humble/share/rosidl_default_generators/cmake)
[0.123s] -- Using all available rosidl_typesupport_c: rosidl_typesupport_fastrtps_c;rosidl_typesupport_introspection_c
[0.126s] -- Found rosidl_adapter: 3.1.5 (/opt/ros/humble/share/rosidl_adapter/cmake)
[0.152s] -- Using all available rosidl_typesupport_cpp: rosidl_typesupport_fastrtps_cpp;rosidl_typesupport_introspection_cpp
[0.176s] -- Found std_msgs: 4.2.3 (/opt/ros/humble/share/std_msgs/cmake)
[0.221s] -- Found nav_msgs: 4.2.3 (/opt/ros/humble/share/nav_msgs/cmake)
[0.520s] -- Found ament_cmake_ros: 0.10.0 (/opt/ros/humble/share/ament_cmake_ros/cmake)
[0.684s] -- Using all available rosidl_typesupport_c: rosidl_typesupport_fastrtps_c;rosidl_typesupport_introspection_c
[0.909s] -- Using all available rosidl_typesupport_cpp: rosidl_typesupport_fastrtps_cpp;rosidl_typesupport_introspection_cpp
[0.923s] -- Found python_cmake_module: 0.10.0 (/opt/ros/humble/share/python_cmake_module/cmake)
[0.944s] -- Using PYTHON_EXECUTABLE: /usr/bin/python3
[0.944s] -- Using PYTHON_INCLUDE_DIRS: /usr/include/python3.10
[0.944s] -- Using PYTHON_LIBRARIES: /usr/lib/x86_64-linux-gnu/libpython3.10.so
[0.980s] -- Configuring done
[1.012s] -- Generating done
[1.014s] -- Build files have been written to: /workspaces/auto_sentry/build/rm_decision_interfaces
[1.031s] [  1%] [34m[1mGenerating C code for ROS interfaces[0m
[1.039s] [  1%] [34m[1mGenerating C++ code for ROS interfaces[0m
[1.043s] [  1%] Built target ament_cmake_python_symlink_rm_decision_interfaces
[1.173s] running egg_info
[1.174s] writing rm_decision_interfaces.egg-info/PKG-INFO
[1.174s] writing dependency_links to rm_decision_interfaces.egg-info/dependency_links.txt
[1.174s] writing top-level names to rm_decision_interfaces.egg-info/top_level.txt
[1.175s] reading manifest file 'rm_decision_interfaces.egg-info/SOURCES.txt'
[1.176s] writing manifest file 'rm_decision_interfaces.egg-info/SOURCES.txt'
[1.195s] [  1%] Built target ament_cmake_python_build_rm_decision_interfaces_egg
[1.649s] [35m[1mConsolidate compiler generated dependencies of target rm_decision_interfaces__rosidl_generator_c[0m
[1.652s] [  1%] Built target rm_decision_interfaces__cpp
[1.659s] [  2%] [32mBuilding C object CMakeFiles/rm_decision_interfaces__rosidl_generator_c.dir/rosidl_generator_c/rm_decision_interfaces/msg/detail/all_robot_hp__functions.c.o[0m
[1.659s] [  3%] [32mBuilding C object CMakeFiles/rm_decision_interfaces__rosidl_generator_c.dir/rosidl_generator_c/rm_decision_interfaces/msg/detail/robot_status__functions.c.o[0m
[1.659s] [  4%] [34m[1mGenerating C++ type support dispatch for ROS interfaces[0m
[1.659s] [  5%] [34m[1mGenerating C++ introspection for ROS interfaces[0m
[1.660s] [  6%] [32mBuilding C object CMakeFiles/rm_decision_interfaces__rosidl_generator_c.dir/rosidl_generator_c/rm_decision_interfaces/msg/detail/robot_control__functions.c.o[0m
[1.660s] [  7%] [32mBuilding C object CMakeFiles/rm_decision_interfaces__rosidl_generator_c.dir/rosidl_generator_c/rm_decision_interfaces/msg/detail/event_data__functions.c.o[0m
[1.661s] [  8%] [32mBuilding C object CMakeFiles/rm_decision_interfaces__rosidl_generator_c.dir/rosidl_generator_c/rm_decision_interfaces/msg/detail/ally_robot_hp__functions.c.o[0m
[1.661s] [  9%] [32mBuilding C object CMakeFiles/rm_decision_interfaces__rosidl_generator_c.dir/rosidl_generator_c/rm_decision_interfaces/msg/detail/game_status__functions.c.o[0m
[1.661s] [ 10%] [32mBuilding C object CMakeFiles/rm_decision_interfaces__rosidl_generator_c.dir/rosidl_generator_c/rm_decision_interfaces/msg/detail/friend_location__functions.c.o[0m
[1.661s] [ 12%] [32mBuilding C object CMakeFiles/rm_decision_interfaces__rosidl_generator_c.dir/rosidl_generator_c/rm_decision_interfaces/msg/detail/rfid__functions.c.o[0m
[1.661s] [ 12%] [34m[1mGenerating C++ type support for eProsima Fast-RTPS[0m
[1.663s] [ 13%] [32mBuilding C object CMakeFiles/rm_decision_interfaces__rosidl_generator_c.dir/rosidl_generator_c/rm_decision_interfaces/msg/detail/decision_num__functions.c.o[0m
[1.663s] [ 14%] [32mBuilding C object CMakeFiles/rm_decision_interfaces__rosidl_generator_c.dir/rosidl_generator_c/rm_decision_interfaces/msg/detail/ground_robot_position__functions.c.o[0m
[1.711s] [ 15%] [32m[1mLinking C shared library librm_decision_interfaces__rosidl_generator_c.so[0m
[1.748s] [ 15%] Built target rm_decision_interfaces__rosidl_generator_c
[1.756s] [ 16%] [34m[1mGenerating C type support for eProsima Fast-RTPS[0m
[1.756s] [ 17%] [34m[1mGenerating C type support dispatch for ROS interfaces[0m
[1.758s] [ 18%] [34m[1mGenerating C introspection for ROS interfaces[0m
[2.169s] [35m[1mConsolidate compiler generated dependencies of target rm_decision_interfaces__rosidl_typesupport_cpp[0m
[2.185s] [ 19%] [32mBuilding CXX object CMakeFiles/rm_decision_interfaces__rosidl_typesupport_cpp.dir/rosidl_typesupport_cpp/rm_decision_interfaces/msg/decision_num__type_support.cpp.o[0m
[2.185s] [ 20%] [32mBuilding CXX object CMakeFiles/rm_decision_interfaces__rosidl_typesupport_cpp.dir/rosidl_typesupport_cpp/rm_decision_interfaces/msg/ground_robot_position__type_support.cpp.o[0m
[2.186s] [ 23%] [32mBuilding CXX object CMakeFiles/rm_decision_interfaces__rosidl_typesupport_cpp.dir/rosidl_typesupport_cpp/rm_decision_interfaces/msg/ally_robot_hp__type_support.cpp.o[0m
[2.186s] [ 23%] [32mBuilding CXX object CMakeFiles/rm_decision_interfaces__rosidl_typesupport_cpp.dir/rosidl_typesupport_cpp/rm_decision_interfaces/msg/all_robot_hp__type_support.cpp.o[0m
[2.186s] [ 23%] [32mBuilding CXX object CMakeFiles/rm_decision_interfaces__rosidl_typesupport_cpp.dir/rosidl_typesupport_cpp/rm_decision_interfaces/msg/robot_status__type_support.cpp.o[0m
[2.186s] [ 25%] [32mBuilding CXX object CMakeFiles/rm_decision_interfaces__rosidl_typesupport_cpp.dir/rosidl_typesupport_cpp/rm_decision_interfaces/msg/friend_location__type_support.cpp.o[0m
[2.186s] [ 25%] [32mBuilding CXX object CMakeFiles/rm_decision_interfaces__rosidl_typesupport_cpp.dir/rosidl_typesupport_cpp/rm_decision_interfaces/msg/event_data__type_support.cpp.o[0m
[2.186s] [ 26%] [32mBuilding CXX object CMakeFiles/rm_decision_interfaces__rosidl_typesupport_cpp.dir/rosidl_typesupport_cpp/rm_decision_interfaces/msg/game_status__type_support.cpp.o[0m
[2.186s] [ 27%] [32mBuilding CXX object CMakeFiles/rm_decision_interfaces__rosidl_typesupport_cpp.dir/rosidl_typesupport_cpp/rm_decision_interfaces/msg/rfid__type_support.cpp.o[0m
[2.187s] [ 28%] [32mBuilding CXX object CMakeFiles/rm_decision_interfaces__rosidl_typesupport_cpp.dir/rosidl_typesupport_cpp/rm_decision_interfaces/msg/robot_control__type_support.cpp.o[0m
[2.221s] [35m[1mConsolidate compiler generated dependencies of target rm_decision_interfaces__rosidl_typesupport_introspection_cpp[0m
[2.244s] [ 30%] [32mBuilding CXX object CMakeFiles/rm_decision_interfaces__rosidl_typesupport_introspection_cpp.dir/rosidl_typesupport_introspection_cpp/rm_decision_interfaces/msg/detail/ally_robot_hp__type_support.cpp.o[0m
[2.244s] [ 30%] [32mBuilding CXX object CMakeFiles/rm_decision_interfaces__rosidl_typesupport_introspection_cpp.dir/rosidl_typesupport_introspection_cpp/rm_decision_interfaces/msg/detail/all_robot_hp__type_support.cpp.o[0m
[2.245s] [ 31%] [32mBuilding CXX object CMakeFiles/rm_decision_interfaces__rosidl_typesupport_introspection_cpp.dir/rosidl_typesupport_introspection_cpp/rm_decision_interfaces/msg/detail/robot_status__type_support.cpp.o[0m
[2.247s] [ 32%] [32mBuilding CXX object CMakeFiles/rm_decision_interfaces__rosidl_typesupport_introspection_cpp.dir/rosidl_typesupport_introspection_cpp/rm_decision_interfaces/msg/detail/game_status__type_support.cpp.o[0m
[2.247s] [ 33%] [32mBuilding CXX object CMakeFiles/rm_decision_interfaces__rosidl_typesupport_introspection_cpp.dir/rosidl_typesupport_introspection_cpp/rm_decision_interfaces/msg/detail/robot_control__type_support.cpp.o[0m
[2.248s] [ 34%] [32mBuilding CXX object CMakeFiles/rm_decision_interfaces__rosidl_typesupport_introspection_cpp.dir/rosidl_typesupport_introspection_cpp/rm_decision_interfaces/msg/detail/friend_location__type_support.cpp.o[0m
[2.249s] [ 35%] [32mBuilding CXX object CMakeFiles/rm_decision_interfaces__rosidl_typesupport_introspection_cpp.dir/rosidl_typesupport_introspection_cpp/rm_decision_interfaces/msg/detail/ground_robot_position__type_support.cpp.o[0m
[2.250s] [ 36%] [32mBuilding CXX object CMakeFiles/rm_decision_interfaces__rosidl_typesupport_introspection_cpp.dir/rosidl_typesupport_introspection_cpp/rm_decision_interfaces/msg/detail/decision_num__type_support.cpp.o[0m
[2.252s] [ 37%] [32mBuilding CXX object CMakeFiles/rm_decision_interfaces__rosidl_typesupport_introspection_cpp.dir/rosidl_typesupport_introspection_cpp/rm_decision_interfaces/msg/detail/rfid__type_support.cpp.o[0m
[2.266s] [ 38%] [32mBuilding CXX object CMakeFiles/rm_decision_interfaces__rosidl_typesupport_introspection_cpp.dir/rosidl_typesupport_introspection_cpp/rm_decision_interfaces/msg/detail/event_data__type_support.cpp.o[0m
[2.349s] [35m[1mConsolidate compiler generated dependencies of target rm_decision_interfaces__rosidl_typesupport_c[0m
[2.356s] [35m[1mConsolidate compiler generated dependencies of target rm_decision_interfaces__rosidl_typesupport_fastrtps_cpp[0m
[2.372s] [ 39%] [32mBuilding CXX object CMakeFiles/rm_decision_interfaces__rosidl_typesupport_c.dir/rosidl_typesupport_c/rm_decision_interfaces/msg/ally_robot_hp__type_support.cpp.o[0m
[2.378s] [ 40%] [32mBuilding CXX object CMakeFiles/rm_decision_interfaces__rosidl_typesupport_c.dir/rosidl_typesupport_c/rm_decision_interfaces/msg/robot_status__type_support.cpp.o[0m
[2.379s] [ 41%] [32mBuilding CXX object CMakeFiles/rm_decision_interfaces__rosidl_typesupport_c.dir/rosidl_typesupport_c/rm_decision_interfaces/msg/friend_location__type_support.cpp.o[0m
[2.388s] [ 42%] [32mBuilding CXX object CMakeFiles/rm_decision_interfaces__rosidl_typesupport_fastrtps_cpp.dir/rosidl_typesupport_fastrtps_cpp/rm_decision_interfaces/msg/detail/dds_fastrtps/all_robot_hp__type_support.cpp.o[0m
[2.393s] [ 43%] [32mBuilding CXX object CMakeFiles/rm_decision_interfaces__rosidl_typesupport_c.dir/rosidl_typesupport_c/rm_decision_interfaces/msg/game_status__type_support.cpp.o[0m
[2.393s] [ 44%] [32mBuilding CXX object CMakeFiles/rm_decision_interfaces__rosidl_typesupport_c.dir/rosidl_typesupport_c/rm_decision_interfaces/msg/all_robot_hp__type_support.cpp.o[0m
[2.438s] [ 44%] [32mBuilding CXX object CMakeFiles/rm_decision_interfaces__rosidl_typesupport_fastrtps_cpp.dir/rosidl_typesupport_fastrtps_cpp/rm_decision_interfaces/msg/detail/dds_fastrtps/robot_status__type_support.cpp.o[0m
[2.441s] [ 45%] [32mBuilding CXX object CMakeFiles/rm_decision_interfaces__rosidl_typesupport_fastrtps_cpp.dir/rosidl_typesupport_fastrtps_cpp/rm_decision_interfaces/msg/detail/dds_fastrtps/ally_robot_hp__type_support.cpp.o[0m
[2.462s] [ 46%] [32mBuilding CXX object CMakeFiles/rm_decision_interfaces__rosidl_typesupport_c.dir/rosidl_typesupport_c/rm_decision_interfaces/msg/rfid__type_support.cpp.o[0m
[2.467s] [ 47%] [32mBuilding CXX object CMakeFiles/rm_decision_interfaces__rosidl_typesupport_fastrtps_cpp.dir/rosidl_typesupport_fastrtps_cpp/rm_decision_interfaces/msg/detail/dds_fastrtps/friend_location__type_support.cpp.o[0m
[2.498s] [ 48%] [32mBuilding CXX object CMakeFiles/rm_decision_interfaces__rosidl_typesupport_c.dir/rosidl_typesupport_c/rm_decision_interfaces/msg/robot_control__type_support.cpp.o[0m
[2.508s] [ 49%] [32mBuilding CXX object CMakeFiles/rm_decision_interfaces__rosidl_typesupport_fastrtps_cpp.dir/rosidl_typesupport_fastrtps_cpp/rm_decision_interfaces/msg/detail/dds_fastrtps/game_status__type_support.cpp.o[0m
[2.565s] [ 50%] [32mBuilding CXX object CMakeFiles/rm_decision_interfaces__rosidl_typesupport_c.dir/rosidl_typesupport_c/rm_decision_interfaces/msg/decision_num__type_support.cpp.o[0m
[2.567s] [ 50%] [32mBuilding CXX object CMakeFiles/rm_decision_interfaces__rosidl_typesupport_c.dir/rosidl_typesupport_c/rm_decision_interfaces/msg/event_data__type_support.cpp.o[0m
[2.586s] [ 51%] [32mBuilding CXX object CMakeFiles/rm_decision_interfaces__rosidl_typesupport_fastrtps_cpp.dir/rosidl_typesupport_fastrtps_cpp/rm_decision_interfaces/msg/detail/dds_fastrtps/rfid__type_support.cpp.o[0m
[2.614s] [ 52%] [32mBuilding CXX object CMakeFiles/rm_decision_interfaces__rosidl_typesupport_c.dir/rosidl_typesupport_c/rm_decision_interfaces/msg/ground_robot_position__type_support.cpp.o[0m
[2.630s] [ 53%] [32mBuilding CXX object CMakeFiles/rm_decision_interfaces__rosidl_typesupport_fastrtps_cpp.dir/rosidl_typesupport_fastrtps_cpp/rm_decision_interfaces/msg/detail/dds_fastrtps/robot_control__type_support.cpp.o[0m
[2.638s] [ 54%] [32mBuilding CXX object CMakeFiles/rm_decision_interfaces__rosidl_typesupport_fastrtps_cpp.dir/rosidl_typesupport_fastrtps_cpp/rm_decision_interfaces/msg/detail/dds_fastrtps/decision_num__type_support.cpp.o[0m
[2.643s] [35m[1mConsolidate compiler generated dependencies of target rm_decision_interfaces__rosidl_typesupport_introspection_c[0m
[2.645s] [ 55%] [32mBuilding CXX object CMakeFiles/rm_decision_interfaces__rosidl_typesupport_fastrtps_cpp.dir/rosidl_typesupport_fastrtps_cpp/rm_decision_interfaces/msg/detail/dds_fastrtps/ground_robot_position__type_support.cpp.o[0m
[2.646s] [ 56%] [32mBuilding CXX object CMakeFiles/rm_decision_interfaces__rosidl_typesupport_fastrtps_cpp.dir/rosidl_typesupport_fastrtps_cpp/rm_decision_interfaces/msg/detail/dds_fastrtps/event_data__type_support.cpp.o[0m
[2.670s] [ 57%] [32mBuilding C object CMakeFiles/rm_decision_interfaces__rosidl_typesupport_introspection_c.dir/rosidl_typesupport_introspection_c/rm_decision_interfaces/msg/detail/all_robot_hp__type_support.c.o[0m
[2.670s] [ 58%] [32mBuilding C object CMakeFiles/rm_decision_interfaces__rosidl_typesupport_introspection_c.dir/rosidl_typesupport_introspection_c/rm_decision_interfaces/msg/detail/ally_robot_hp__type_support.c.o[0m
[2.679s] [ 59%] [32m[1mLinking CXX shared library librm_decision_interfaces__rosidl_typesupport_c.so[0m
[2.686s] [ 60%] [32mBuilding C object CMakeFiles/rm_decision_interfaces__rosidl_typesupport_introspection_c.dir/rosidl_typesupport_introspection_c/rm_decision_interfaces/msg/detail/robot_status__type_support.c.o[0m
[2.705s] [ 61%] [32mBuilding C object CMakeFiles/rm_decision_interfaces__rosidl_typesupport_introspection_c.dir/rosidl_typesupport_introspection_c/rm_decision_interfaces/msg/detail/friend_location__type_support.c.o[0m
[2.705s] [ 62%] [32mBuilding C object CMakeFiles/rm_decision_interfaces__rosidl_typesupport_introspection_c.dir/rosidl_typesupport_introspection_c/rm_decision_interfaces/msg/detail/game_status__type_support.c.o[0m
[2.719s] [35m[1mConsolidate compiler generated dependencies of target rm_decision_interfaces__rosidl_typesupport_fastrtps_c[0m
[2.734s] [ 63%] [32mBuilding C object CMakeFiles/rm_decision_interfaces__rosidl_typesupport_introspection_c.dir/rosidl_typesupport_introspection_c/rm_decision_interfaces/msg/detail/robot_control__type_support.c.o[0m
[2.749s] [ 64%] [32m[1mLinking CXX shared library librm_decision_interfaces__rosidl_typesupport_cpp.so[0m
[2.755s] [ 65%] [32mBuilding C object CMakeFiles/rm_decision_interfaces__rosidl_typesupport_introspection_c.dir/rosidl_typesupport_introspection_c/rm_decision_interfaces/msg/detail/event_data__type_support.c.o[0m
[2.755s] [ 66%] [32mBuilding CXX object CMakeFiles/rm_decision_interfaces__rosidl_typesupport_fastrtps_c.dir/rosidl_typesupport_fastrtps_c/rm_decision_interfaces/msg/detail/all_robot_hp__type_support_c.cpp.o[0m
[2.756s] [ 67%] [32mBuilding C object CMakeFiles/rm_decision_interfaces__rosidl_typesupport_introspection_c.dir/rosidl_typesupport_introspection_c/rm_decision_interfaces/msg/detail/decision_num__type_support.c.o[0m
[2.756s] [ 68%] [32mBuilding C object CMakeFiles/rm_decision_interfaces__rosidl_typesupport_introspection_c.dir/rosidl_typesupport_introspection_c/rm_decision_interfaces/msg/detail/rfid__type_support.c.o[0m
[2.768s] [ 68%] Built target rm_decision_interfaces__rosidl_typesupport_c
[2.772s] [ 69%] [32mBuilding C object CMakeFiles/rm_decision_interfaces__rosidl_typesupport_introspection_c.dir/rosidl_typesupport_introspection_c/rm_decision_interfaces/msg/detail/ground_robot_position__type_support.c.o[0m
[2.785s] [ 70%] [32mBuilding CXX object CMakeFiles/rm_decision_interfaces__rosidl_typesupport_fastrtps_c.dir/rosidl_typesupport_fastrtps_c/rm_decision_interfaces/msg/detail/ally_robot_hp__type_support_c.cpp.o[0m
[2.785s] [ 71%] [32mBuilding CXX object CMakeFiles/rm_decision_interfaces__rosidl_typesupport_fastrtps_c.dir/rosidl_typesupport_fastrtps_c/rm_decision_interfaces/msg/detail/robot_status__type_support_c.cpp.o[0m
[2.788s] [ 72%] [32mBuilding CXX object CMakeFiles/rm_decision_interfaces__rosidl_typesupport_fastrtps_c.dir/rosidl_typesupport_fastrtps_c/rm_decision_interfaces/msg/detail/game_status__type_support_c.cpp.o[0m
[2.793s] [ 75%] [32mBuilding CXX object CMakeFiles/rm_decision_interfaces__rosidl_typesupport_fastrtps_c.dir/rosidl_typesupport_fastrtps_c/rm_decision_interfaces/msg/detail/friend_location__type_support_c.cpp.o[0m
[2.793s] [ 75%] [32mBuilding CXX object CMakeFiles/rm_decision_interfaces__rosidl_typesupport_fastrtps_c.dir/rosidl_typesupport_fastrtps_c/rm_decision_interfaces/msg/detail/robot_control__type_support_c.cpp.o[0m
[2.794s] [ 75%] [32mBuilding CXX object CMakeFiles/rm_decision_interfaces__rosidl_typesupport_fastrtps_c.dir/rosidl_typesupport_fastrtps_c/rm_decision_interfaces/msg/detail/rfid__type_support_c.cpp.o[0m
[2.801s] [ 76%] [32mBuilding CXX object CMakeFiles/rm_decision_interfaces__rosidl_typesupport_fastrtps_c.dir/rosidl_typesupport_fastrtps_c/rm_decision_interfaces/msg/detail/decision_num__type_support_c.cpp.o[0m
[2.808s] [ 77%] [32mBuilding CXX object CMakeFiles/rm_decision_interfaces__rosidl_typesupport_fastrtps_c.dir/rosidl_typesupport_fastrtps_c/rm_decision_interfaces/msg/detail/event_data__type_support_c.cpp.o[0m
[2.812s] [ 78%] [32mBuilding CXX object CMakeFiles/rm_decision_interfaces__rosidl_typesupport_fastrtps_c.dir/rosidl_typesupport_fastrtps_c/rm_decision_interfaces/msg/detail/ground_robot_position__type_support_c.cpp.o[0m
[2.812s] [ 78%] Built target rm_decision_interfaces__rosidl_typesupport_cpp
[2.822s] [ 79%] [32m[1mLinking C shared library librm_decision_interfaces__rosidl_typesupport_introspection_c.so[0m
[2.867s] [ 79%] Built target rm_decision_interfaces__rosidl_typesupport_introspection_c
[2.888s] [ 80%] [32m[1mLinking CXX shared library librm_decision_interfaces__rosidl_typesupport_introspection_cpp.so[0m
[2.951s] [ 80%] Built target rm_decision_interfaces__rosidl_typesupport_introspection_cpp
[3.170s] [ 81%] [32m[1mLinking CXX shared library librm_decision_interfaces__rosidl_typesupport_fastrtps_c.so[0m
[3.179s] [ 82%] [32m[1mLinking CXX shared library librm_decision_interfaces__rosidl_typesupport_fastrtps_cpp.so[0m
[3.230s] [ 82%] Built target rm_decision_interfaces__rosidl_typesupport_fastrtps_c
[3.236s] [ 82%] Built target rm_decision_interfaces__rosidl_typesupport_fastrtps_cpp
[3.252s] [ 82%] Built target rm_decision_interfaces
[3.269s] [ 83%] [34m[1mGenerating Python code for ROS interfaces[0m
[4.296s] [ 83%] Built target rm_decision_interfaces__py
[4.306s] [35m[1mConsolidate compiler generated dependencies of target rm_decision_interfaces__rosidl_generator_py[0m
[4.322s] [ 85%] [32mBuilding C object CMakeFiles/rm_decision_interfaces__rosidl_generator_py.dir/rosidl_generator_py/rm_decision_interfaces/msg/_all_robot_hp_s.c.o[0m
[4.322s] [ 85%] [32mBuilding C object CMakeFiles/rm_decision_interfaces__rosidl_generator_py.dir/rosidl_generator_py/rm_decision_interfaces/msg/_ally_robot_hp_s.c.o[0m
[4.323s] [ 86%] [32mBuilding C object CMakeFiles/rm_decision_interfaces__rosidl_generator_py.dir/rosidl_generator_py/rm_decision_interfaces/msg/_friend_location_s.c.o[0m
[4.324s] [ 87%] [32mBuilding C object CMakeFiles/rm_decision_interfaces__rosidl_generator_py.dir/rosidl_generator_py/rm_decision_interfaces/msg/_rfid_s.c.o[0m
[4.325s] [ 88%] [32mBuilding C object CMakeFiles/rm_decision_interfaces__rosidl_generator_py.dir/rosidl_generator_py/rm_decision_interfaces/msg/_decision_num_s.c.o[0m
[4.325s] [ 89%] [32mBuilding C object CMakeFiles/rm_decision_interfaces__rosidl_generator_py.dir/rosidl_generator_py/rm_decision_interfaces/msg/_robot_status_s.c.o[0m
[4.326s] [ 90%] [32mBuilding C object CMakeFiles/rm_decision_interfaces__rosidl_generator_py.dir/rosidl_generator_py/rm_decision_interfaces/msg/_event_data_s.c.o[0m
[4.328s] [ 91%] [32mBuilding C object CMakeFiles/rm_decision_interfaces__rosidl_generator_py.dir/rosidl_generator_py/rm_decision_interfaces/msg/_ground_robot_position_s.c.o[0m
[4.328s] [ 92%] [32mBuilding C object CMakeFiles/rm_decision_interfaces__rosidl_generator_py.dir/rosidl_generator_py/rm_decision_interfaces/msg/_game_status_s.c.o[0m
[4.329s] [ 93%] [32mBuilding C object CMakeFiles/rm_decision_interfaces__rosidl_generator_py.dir/rosidl_generator_py/rm_decision_interfaces/msg/_robot_control_s.c.o[0m
[4.433s] [ 94%] [32m[1mLinking C shared library rosidl_generator_py/rm_decision_interfaces/librm_decision_interfaces__rosidl_generator_py.so[0m
[4.466s] [ 94%] Built target rm_decision_interfaces__rosidl_generator_py
[4.478s] [35m[1mConsolidate compiler generated dependencies of target rm_decision_interfaces__rosidl_typesupport_introspection_c__pyext[0m
[4.478s] [35m[1mConsolidate compiler generated dependencies of target rm_decision_interfaces__rosidl_typesupport_fastrtps_c__pyext[0m
[4.480s] [35m[1mConsolidate compiler generated dependencies of target rm_decision_interfaces__rosidl_typesupport_c__pyext[0m
[4.492s] [ 95%] [32mBuilding C object CMakeFiles/rm_decision_interfaces__rosidl_typesupport_introspection_c__pyext.dir/rosidl_generator_py/rm_decision_interfaces/_rm_decision_interfaces_s.ep.rosidl_typesupport_introspection_c.c.o[0m
[4.492s] [ 96%] [32mBuilding C object CMakeFiles/rm_decision_interfaces__rosidl_typesupport_c__pyext.dir/rosidl_generator_py/rm_decision_interfaces/_rm_decision_interfaces_s.ep.rosidl_typesupport_c.c.o[0m
[4.492s] [ 97%] [32mBuilding C object CMakeFiles/rm_decision_interfaces__rosidl_typesupport_fastrtps_c__pyext.dir/rosidl_generator_py/rm_decision_interfaces/_rm_decision_interfaces_s.ep.rosidl_typesupport_fastrtps_c.c.o[0m
[4.574s] [ 99%] [32m[1mLinking C shared library rosidl_generator_py/rm_decision_interfaces/rm_decision_interfaces_s__rosidl_typesupport_fastrtps_c.cpython-310-x86_64-linux-gnu.so[0m
[4.574s] [ 99%] [32m[1mLinking C shared library rosidl_generator_py/rm_decision_interfaces/rm_decision_interfaces_s__rosidl_typesupport_c.cpython-310-x86_64-linux-gnu.so[0m
[4.576s] [100%] [32m[1mLinking C shared library rosidl_generator_py/rm_decision_interfaces/rm_decision_interfaces_s__rosidl_typesupport_introspection_c.cpython-310-x86_64-linux-gnu.so[0m
[4.607s] [100%] Built target rm_decision_interfaces__rosidl_typesupport_c__pyext
[4.608s] [100%] Built target rm_decision_interfaces__rosidl_typesupport_introspection_c__pyext
[4.608s] [100%] Built target rm_decision_interfaces__rosidl_typesupport_fastrtps_c__pyext
[4.620s] Invoked command in '/workspaces/auto_sentry/build/rm_decision_interfaces' returned '0': CMAKE_PREFIX_PATH=/opt/ros/humble /usr/bin/cmake --build /workspaces/auto_sentry/build/rm_decision_interfaces -- -j28 -l28
[4.962s] Invoking command in '/workspaces/auto_sentry/build/rm_decision_interfaces': CMAKE_PREFIX_PATH=/opt/ros/humble /usr/bin/cmake --install /workspaces/auto_sentry/build/rm_decision_interfaces
[4.971s] -- Install configuration: ""
[4.973s] -- Execute custom install script
[4.973s] -- Up-to-date symlink: /workspaces/auto_sentry/install/rm_decision_interfaces/share/ament_index/resource_index/rosidl_interfaces/rm_decision_interfaces
[4.974s] -- Up-to-date symlink: /workspaces/auto_sentry/install/rm_decision_interfaces/include/rm_decision_interfaces/rm_decision_interfaces/msg/all_robot_hp.h
[4.974s] -- Up-to-date symlink: /workspaces/auto_sentry/install/rm_decision_interfaces/include/rm_decision_interfaces/rm_decision_interfaces/msg/ally_robot_hp.h
[4.974s] -- Up-to-date symlink: /workspaces/auto_sentry/install/rm_decision_interfaces/include/rm_decision_interfaces/rm_decision_interfaces/msg/decision_num.h
[4.974s] -- Up-to-date symlink: /workspaces/auto_sentry/install/rm_decision_interfaces/include/rm_decision_interfaces/rm_decision_interfaces/msg/detail/all_robot_hp__functions.h
[4.974s] -- Up-to-date symlink: /workspaces/auto_sentry/install/rm_decision_interfaces/include/rm_decision_interfaces/rm_decision_interfaces/msg/detail/all_robot_hp__struct.h
[4.974s] -- Up-to-date symlink: /workspaces/auto_sentry/install/rm_decision_interfaces/include/rm_decision_interfaces/rm_decision_interfaces/msg/detail/all_robot_hp__type_support.h
[4.974s] -- Up-to-date symlink: /workspaces/auto_sentry/install/rm_decision_interfaces/include/rm_decision_interfaces/rm_decision_interfaces/msg/detail/ally_robot_hp__functions.h
[4.974s] -- Up-to-date symlink: /workspaces/auto_sentry/install/rm_decision_interfaces/include/rm_decision_interfaces/rm_decision_interfaces/msg/detail/ally_robot_hp__struct.h
[4.974s] -- Up-to-date symlink: /workspaces/auto_sentry/install/rm_decision_interfaces/include/rm_decision_interfaces/rm_decision_interfaces/msg/detail/ally_robot_hp__type_support.h
[4.975s] -- Up-to-date symlink: /workspaces/auto_sentry/install/rm_decision_interfaces/include/rm_decision_interfaces/rm_decision_interfaces/msg/detail/decision_num__functions.h
[4.975s] -- Up-to-date symlink: /workspaces/auto_sentry/install/rm_decision_interfaces/include/rm_decision_interfaces/rm_decision_interfaces/msg/detail/decision_num__struct.h
[4.975s] -- Up-to-date symlink: /workspaces/auto_sentry/install/rm_decision_interfaces/include/rm_decision_interfaces/rm_decision_interfaces/msg/detail/decision_num__type_support.h
[4.975s] -- Symlinking: /workspaces/auto_sentry/install/rm_decision_interfaces/include/rm_decision_interfaces/rm_decision_interfaces/msg/detail/event_data__functions.h
[4.981s] -- Symlinking: /workspaces/auto_sentry/install/rm_decision_interfaces/include/rm_decision_interfaces/rm_decision_interfaces/msg/detail/event_data__struct.h
[4.987s] -- Symlinking: /workspaces/auto_sentry/install/rm_decision_interfaces/include/rm_decision_interfaces/rm_decision_interfaces/msg/detail/event_data__type_support.h
[4.994s] -- Up-to-date symlink: /workspaces/auto_sentry/install/rm_decision_interfaces/include/rm_decision_interfaces/rm_decision_interfaces/msg/detail/friend_location__functions.h
[4.994s] -- Up-to-date symlink: /workspaces/auto_sentry/install/rm_decision_interfaces/include/rm_decision_interfaces/rm_decision_interfaces/msg/detail/friend_location__struct.h
[4.995s] -- Up-to-date symlink: /workspaces/auto_sentry/install/rm_decision_interfaces/include/rm_decision_interfaces/rm_decision_interfaces/msg/detail/friend_location__type_support.h
[4.995s] -- Up-to-date symlink: /workspaces/auto_sentry/install/rm_decision_interfaces/include/rm_decision_interfaces/rm_decision_interfaces/msg/detail/game_status__functions.h
[4.995s] -- Up-to-date symlink: /workspaces/auto_sentry/install/rm_decision_interfaces/include/rm_decision_interfaces/rm_decision_interfaces/msg/detail/game_status__struct.h
[4.995s] -- Up-to-date symlink: /workspaces/auto_sentry/install/rm_decision_interfaces/include/rm_decision_interfaces/rm_decision_interfaces/msg/detail/game_status__type_support.h
[4.995s] -- Symlinking: /workspaces/auto_sentry/install/rm_decision_interfaces/include/rm_decision_interfaces/rm_decision_interfaces/msg/detail/ground_robot_position__functions.h
[5.003s] -- Symlinking: /workspaces/auto_sentry/install/rm_decision_interfaces/include/rm_decision_interfaces/rm_decision_interfaces/msg/detail/ground_robot_position__struct.h
[5.010s] -- Symlinking: /workspaces/auto_sentry/install/rm_decision_interfaces/include/rm_decision_interfaces/rm_decision_interfaces/msg/detail/ground_robot_position__type_support.h
[5.018s] -- Up-to-date symlink: /workspaces/auto_sentry/install/rm_decision_interfaces/include/rm_decision_interfaces/rm_decision_interfaces/msg/detail/rfid__functions.h
[5.018s] -- Up-to-date symlink: /workspaces/auto_sentry/install/rm_decision_interfaces/include/rm_decision_interfaces/rm_decision_interfaces/msg/detail/rfid__struct.h
[5.018s] -- Up-to-date symlink: /workspaces/auto_sentry/install/rm_decision_interfaces/include/rm_decision_interfaces/rm_decision_interfaces/msg/detail/rfid__type_support.h
[5.018s] -- Up-to-date symlink: /workspaces/auto_sentry/install/rm_decision_interfaces/include/rm_decision_interfaces/rm_decision_interfaces/msg/detail/robot_control__functions.h
[5.018s] -- Up-to-date symlink: /workspaces/auto_sentry/install/rm_decision_interfaces/include/rm_decision_interfaces/rm_decision_interfaces/msg/detail/robot_control__struct.h
[5.019s] -- Up-to-date symlink: /workspaces/auto_sentry/install/rm_decision_interfaces/include/rm_decision_interfaces/rm_decision_interfaces/msg/detail/robot_control__type_support.h
[5.019s] -- Up-to-date symlink: /workspaces/auto_sentry/install/rm_decision_interfaces/include/rm_decision_interfaces/rm_decision_interfaces/msg/detail/robot_status__functions.h
[5.019s] -- Up-to-date symlink: /workspaces/auto_sentry/install/rm_decision_interfaces/include/rm_decision_interfaces/rm_decision_interfaces/msg/detail/robot_status__struct.h
[5.019s] -- Up-to-date symlink: /workspaces/auto_sentry/install/rm_decision_interfaces/include/rm_decision_interfaces/rm_decision_interfaces/msg/detail/robot_status__type_support.h
[5.019s] -- Symlinking: /workspaces/auto_sentry/install/rm_decision_interfaces/include/rm_decision_interfaces/rm_decision_interfaces/msg/event_data.h
[5.024s] -- Up-to-date symlink: /workspaces/auto_sentry/install/rm_decision_interfaces/include/rm_decision_interfaces/rm_decision_interfaces/msg/friend_location.h
[5.024s] -- Up-to-date symlink: /workspaces/auto_sentry/install/rm_decision_interfaces/include/rm_decision_interfaces/rm_decision_interfaces/msg/game_status.h
[5.024s] -- Symlinking: /workspaces/auto_sentry/install/rm_decision_interfaces/include/rm_decision_interfaces/rm_decision_interfaces/msg/ground_robot_position.h
[5.035s] -- Up-to-date symlink: /workspaces/auto_sentry/install/rm_decision_interfaces/include/rm_decision_interfaces/rm_decision_interfaces/msg/rfid.h
[5.035s] -- Up-to-date symlink: /workspaces/auto_sentry/install/rm_decision_interfaces/include/rm_decision_interfaces/rm_decision_interfaces/msg/robot_control.h
[5.035s] -- Up-to-date symlink: /workspaces/auto_sentry/install/rm_decision_interfaces/include/rm_decision_interfaces/rm_decision_interfaces/msg/robot_status.h
[5.035s] -- Up-to-date symlink: /workspaces/auto_sentry/install/rm_decision_interfaces/include/rm_decision_interfaces/rm_decision_interfaces/msg/rosidl_generator_c__visibility_control.h
[5.035s] -- Up-to-date symlink: /workspaces/auto_sentry/install/rm_decision_interfaces/share/rm_decision_interfaces/environment/library_path.sh
[5.035s] -- Up-to-date symlink: /workspaces/auto_sentry/install/rm_decision_interfaces/share/rm_decision_interfaces/environment/library_path.dsv
[5.035s] -- Up-to-date symlink: /workspaces/auto_sentry/install/rm_decision_interfaces/include/rm_decision_interfaces/rm_decision_interfaces/msg/detail/all_robot_hp__rosidl_typesupport_fastrtps_c.h
[5.036s] -- Up-to-date symlink: /workspaces/auto_sentry/install/rm_decision_interfaces/include/rm_decision_interfaces/rm_decision_interfaces/msg/detail/ally_robot_hp__rosidl_typesupport_fastrtps_c.h
[5.036s] -- Up-to-date symlink: /workspaces/auto_sentry/install/rm_decision_interfaces/include/rm_decision_interfaces/rm_decision_interfaces/msg/detail/decision_num__rosidl_typesupport_fastrtps_c.h
[5.036s] -- Symlinking: /workspaces/auto_sentry/install/rm_decision_interfaces/include/rm_decision_interfaces/rm_decision_interfaces/msg/detail/event_data__rosidl_typesupport_fastrtps_c.h
[5.042s] -- Up-to-date symlink: /workspaces/auto_sentry/install/rm_decision_interfaces/include/rm_decision_interfaces/rm_decision_interfaces/msg/detail/friend_location__rosidl_typesupport_fastrtps_c.h
[5.042s] -- Up-to-date symlink: /workspaces/auto_sentry/install/rm_decision_interfaces/include/rm_decision_interfaces/rm_decision_interfaces/msg/detail/game_status__rosidl_typesupport_fastrtps_c.h
[5.042s] -- Symlinking: /workspaces/auto_sentry/install/rm_decision_interfaces/include/rm_decision_interfaces/rm_decision_interfaces/msg/detail/ground_robot_position__rosidl_typesupport_fastrtps_c.h
[5.050s] -- Up-to-date symlink: /workspaces/auto_sentry/install/rm_decision_interfaces/include/rm_decision_interfaces/rm_decision_interfaces/msg/detail/rfid__rosidl_typesupport_fastrtps_c.h
[5.050s] -- Up-to-date symlink: /workspaces/auto_sentry/install/rm_decision_interfaces/include/rm_decision_interfaces/rm_decision_interfaces/msg/detail/robot_control__rosidl_typesupport_fastrtps_c.h
[5.050s] -- Up-to-date symlink: /workspaces/auto_sentry/install/rm_decision_interfaces/include/rm_decision_interfaces/rm_decision_interfaces/msg/detail/robot_status__rosidl_typesupport_fastrtps_c.h
[5.050s] -- Up-to-date symlink: /workspaces/auto_sentry/install/rm_decision_interfaces/include/rm_decision_interfaces/rm_decision_interfaces/msg/rosidl_typesupport_fastrtps_c__visibility_control.h
[5.050s] -- Up-to-date symlink: /workspaces/auto_sentry/install/rm_decision_interfaces/include/rm_decision_interfaces/rm_decision_interfaces/msg/detail/all_robot_hp__rosidl_typesupport_introspection_c.h
[5.050s] -- Up-to-date symlink: /workspaces/auto_sentry/install/rm_decision_interfaces/include/rm_decision_interfaces/rm_decision_interfaces/msg/detail/ally_robot_hp__rosidl_typesupport_introspection_c.h
[5.050s] -- Up-to-date symlink: /workspaces/auto_sentry/install/rm_decision_interfaces/include/rm_decision_interfaces/rm_decision_interfaces/msg/detail/decision_num__rosidl_typesupport_introspection_c.h
[5.050s] -- Symlinking: /workspaces/auto_sentry/install/rm_decision_interfaces/include/rm_decision_interfaces/rm_decision_interfaces/msg/detail/event_data__rosidl_typesupport_introspection_c.h
[5.056s] -- Up-to-date symlink: /workspaces/auto_sentry/install/rm_decision_interfaces/include/rm_decision_interfaces/rm_decision_interfaces/msg/detail/friend_location__rosidl_typesupport_introspection_c.h
[5.056s] -- Up-to-date symlink: /workspaces/auto_sentry/install/rm_decision_interfaces/include/rm_decision_interfaces/rm_decision_interfaces/msg/detail/game_status__rosidl_typesupport_introspection_c.h
[5.056s] -- Symlinking: /workspaces/auto_sentry/install/rm_decision_interfaces/include/rm_decision_interfaces/rm_decision_interfaces/msg/detail/ground_robot_position__rosidl_typesupport_introspection_c.h
[5.062s] -- Up-to-date symlink: /workspaces/auto_sentry/install/rm_decision_interfaces/include/rm_decision_interfaces/rm_decision_interfaces/msg/detail/rfid__rosidl_typesupport_introspection_c.h
[5.062s] -- Up-to-date symlink: /workspaces/auto_sentry/install/rm_decision_interfaces/include/rm_decision_interfaces/rm_decision_interfaces/msg/detail/robot_control__rosidl_typesupport_introspection_c.h
[5.062s] -- Up-to-date symlink: /workspaces/auto_sentry/install/rm_decision_interfaces/include/rm_decision_interfaces/rm_decision_interfaces/msg/detail/robot_status__rosidl_typesupport_introspection_c.h
[5.062s] -- Up-to-date symlink: /workspaces/auto_sentry/install/rm_decision_interfaces/include/rm_decision_interfaces/rm_decision_interfaces/msg/rosidl_typesupport_introspection_c__visibility_control.h
[5.062s] -- Up-to-date symlink: /workspaces/auto_sentry/install/rm_decision_interfaces/include/rm_decision_interfaces/rm_decision_interfaces/msg/all_robot_hp.hpp
[5.062s] -- Up-to-date symlink: /workspaces/auto_sentry/install/rm_decision_interfaces/include/rm_decision_interfaces/rm_decision_interfaces/msg/ally_robot_hp.hpp
[5.063s] -- Up-to-date symlink: /workspaces/auto_sentry/install/rm_decision_interfaces/include/rm_decision_interfaces/rm_decision_interfaces/msg/decision_num.hpp
[5.063s] -- Up-to-date symlink: /workspaces/auto_sentry/install/rm_decision_interfaces/include/rm_decision_interfaces/rm_decision_interfaces/msg/detail/all_robot_hp__builder.hpp
[5.063s] -- Up-to-date symlink: /workspaces/auto_sentry/install/rm_decision_interfaces/include/rm_decision_interfaces/rm_decision_interfaces/msg/detail/all_robot_hp__struct.hpp
[5.063s] -- Up-to-date symlink: /workspaces/auto_sentry/install/rm_decision_interfaces/include/rm_decision_interfaces/rm_decision_interfaces/msg/detail/all_robot_hp__traits.hpp
[5.063s] -- Up-to-date symlink: /workspaces/auto_sentry/install/rm_decision_interfaces/include/rm_decision_interfaces/rm_decision_interfaces/msg/detail/ally_robot_hp__builder.hpp
[5.063s] -- Up-to-date symlink: /workspaces/auto_sentry/install/rm_decision_interfaces/include/rm_decision_interfaces/rm_decision_interfaces/msg/detail/ally_robot_hp__struct.hpp
[5.063s] -- Up-to-date symlink: /workspaces/auto_sentry/install/rm_decision_interfaces/include/rm_decision_interfaces/rm_decision_interfaces/msg/detail/ally_robot_hp__traits.hpp
[5.063s] -- Up-to-date symlink: /workspaces/auto_sentry/install/rm_decision_interfaces/include/rm_decision_interfaces/rm_decision_interfaces/msg/detail/decision_num__builder.hpp
[5.063s] -- Up-to-date symlink: /workspaces/auto_sentry/install/rm_decision_interfaces/include/rm_decision_interfaces/rm_decision_interfaces/msg/detail/decision_num__struct.hpp
[5.063s] -- Up-to-date symlink: /workspaces/auto_sentry/install/rm_decision_interfaces/include/rm_decision_interfaces/rm_decision_interfaces/msg/detail/decision_num__traits.hpp
[5.063s] -- Symlinking: /workspaces/auto_sentry/install/rm_decision_interfaces/include/rm_decision_interfaces/rm_decision_interfaces/msg/detail/event_data__builder.hpp
[5.068s] -- Symlinking: /workspaces/auto_sentry/install/rm_decision_interfaces/include/rm_decision_interfaces/rm_decision_interfaces/msg/detail/event_data__struct.hpp
[5.074s] -- Symlinking: /workspaces/auto_sentry/install/rm_decision_interfaces/include/rm_decision_interfaces/rm_decision_interfaces/msg/detail/event_data__traits.hpp
[5.084s] -- Up-to-date symlink: /workspaces/auto_sentry/install/rm_decision_interfaces/include/rm_decision_interfaces/rm_decision_interfaces/msg/detail/friend_location__builder.hpp
[5.084s] -- Up-to-date symlink: /workspaces/auto_sentry/install/rm_decision_interfaces/include/rm_decision_interfaces/rm_decision_interfaces/msg/detail/friend_location__struct.hpp
[5.084s] -- Up-to-date symlink: /workspaces/auto_sentry/install/rm_decision_interfaces/include/rm_decision_interfaces/rm_decision_interfaces/msg/detail/friend_location__traits.hpp
[5.084s] -- Up-to-date symlink: /workspaces/auto_sentry/install/rm_decision_interfaces/include/rm_decision_interfaces/rm_decision_interfaces/msg/detail/game_status__builder.hpp
[5.085s] -- Up-to-date symlink: /workspaces/auto_sentry/install/rm_decision_interfaces/include/rm_decision_interfaces/rm_decision_interfaces/msg/detail/game_status__struct.hpp
[5.085s] -- Up-to-date symlink: /workspaces/auto_sentry/install/rm_decision_interfaces/include/rm_decision_interfaces/rm_decision_interfaces/msg/detail/game_status__traits.hpp
[5.085s] -- Symlinking: /workspaces/auto_sentry/install/rm_decision_interfaces/include/rm_decision_interfaces/rm_decision_interfaces/msg/detail/ground_robot_position__builder.hpp
[5.097s] -- Symlinking: /workspaces/auto_sentry/install/rm_decision_interfaces/include/rm_decision_interfaces/rm_decision_interfaces/msg/detail/ground_robot_position__struct.hpp
[5.108s] -- Symlinking: /workspaces/auto_sentry/install/rm_decision_interfaces/include/rm_decision_interfaces/rm_decision_interfaces/msg/detail/ground_robot_position__traits.hpp
[5.121s] -- Up-to-date symlink: /workspaces/auto_sentry/install/rm_decision_interfaces/include/rm_decision_interfaces/rm_decision_interfaces/msg/detail/rfid__builder.hpp
[5.121s] -- Up-to-date symlink: /workspaces/auto_sentry/install/rm_decision_interfaces/include/rm_decision_interfaces/rm_decision_interfaces/msg/detail/rfid__struct.hpp
[5.121s] -- Up-to-date symlink: /workspaces/auto_sentry/install/rm_decision_interfaces/include/rm_decision_interfaces/rm_decision_interfaces/msg/detail/rfid__traits.hpp
[5.122s] -- Up-to-date symlink: /workspaces/auto_sentry/install/rm_decision_interfaces/include/rm_decision_interfaces/rm_decision_interfaces/msg/detail/robot_control__builder.hpp
[5.122s] -- Up-to-date symlink: /workspaces/auto_sentry/install/rm_decision_interfaces/include/rm_decision_interfaces/rm_decision_interfaces/msg/detail/robot_control__struct.hpp
[5.122s] -- Up-to-date symlink: /workspaces/auto_sentry/install/rm_decision_interfaces/include/rm_decision_interfaces/rm_decision_interfaces/msg/detail/robot_control__traits.hpp
[5.122s] -- Up-to-date symlink: /workspaces/auto_sentry/install/rm_decision_interfaces/include/rm_decision_interfaces/rm_decision_interfaces/msg/detail/robot_status__builder.hpp
[5.122s] -- Up-to-date symlink: /workspaces/auto_sentry/install/rm_decision_interfaces/include/rm_decision_interfaces/rm_decision_interfaces/msg/detail/robot_status__struct.hpp
[5.122s] -- Up-to-date symlink: /workspaces/auto_sentry/install/rm_decision_interfaces/include/rm_decision_interfaces/rm_decision_interfaces/msg/detail/robot_status__traits.hpp
[5.122s] -- Symlinking: /workspaces/auto_sentry/install/rm_decision_interfaces/include/rm_decision_interfaces/rm_decision_interfaces/msg/event_data.hpp
[5.135s] -- Up-to-date symlink: /workspaces/auto_sentry/install/rm_decision_interfaces/include/rm_decision_interfaces/rm_decision_interfaces/msg/friend_location.hpp
[5.135s] -- Up-to-date symlink: /workspaces/auto_sentry/install/rm_decision_interfaces/include/rm_decision_interfaces/rm_decision_interfaces/msg/game_status.hpp
[5.135s] -- Symlinking: /workspaces/auto_sentry/install/rm_decision_interfaces/include/rm_decision_interfaces/rm_decision_interfaces/msg/ground_robot_position.hpp
[5.147s] -- Up-to-date symlink: /workspaces/auto_sentry/install/rm_decision_interfaces/include/rm_decision_interfaces/rm_decision_interfaces/msg/rfid.hpp
[5.147s] -- Up-to-date symlink: /workspaces/auto_sentry/install/rm_decision_interfaces/include/rm_decision_interfaces/rm_decision_interfaces/msg/robot_control.hpp
[5.147s] -- Up-to-date symlink: /workspaces/auto_sentry/install/rm_decision_interfaces/include/rm_decision_interfaces/rm_decision_interfaces/msg/robot_status.hpp
[5.148s] -- Up-to-date symlink: /workspaces/auto_sentry/install/rm_decision_interfaces/include/rm_decision_interfaces/rm_decision_interfaces/msg/detail/all_robot_hp__rosidl_typesupport_fastrtps_cpp.hpp
[5.148s] -- Up-to-date symlink: /workspaces/auto_sentry/install/rm_decision_interfaces/include/rm_decision_interfaces/rm_decision_interfaces/msg/detail/ally_robot_hp__rosidl_typesupport_fastrtps_cpp.hpp
[5.148s] -- Up-to-date symlink: /workspaces/auto_sentry/install/rm_decision_interfaces/include/rm_decision_interfaces/rm_decision_interfaces/msg/detail/decision_num__rosidl_typesupport_fastrtps_cpp.hpp
[5.148s] -- Symlinking: /workspaces/auto_sentry/install/rm_decision_interfaces/include/rm_decision_interfaces/rm_decision_interfaces/msg/detail/event_data__rosidl_typesupport_fastrtps_cpp.hpp
[5.155s] -- Up-to-date symlink: /workspaces/auto_sentry/install/rm_decision_interfaces/include/rm_decision_interfaces/rm_decision_interfaces/msg/detail/friend_location__rosidl_typesupport_fastrtps_cpp.hpp
[5.155s] -- Up-to-date symlink: /workspaces/auto_sentry/install/rm_decision_interfaces/include/rm_decision_interfaces/rm_decision_interfaces/msg/detail/game_status__rosidl_typesupport_fastrtps_cpp.hpp
[5.155s] -- Symlinking: /workspaces/auto_sentry/install/rm_decision_interfaces/include/rm_decision_interfaces/rm_decision_interfaces/msg/detail/ground_robot_position__rosidl_typesupport_fastrtps_cpp.hpp
[5.161s] -- Up-to-date symlink: /workspaces/auto_sentry/install/rm_decision_interfaces/include/rm_decision_interfaces/rm_decision_interfaces/msg/detail/rfid__rosidl_typesupport_fastrtps_cpp.hpp
[5.162s] -- Up-to-date symlink: /workspaces/auto_sentry/install/rm_decision_interfaces/include/rm_decision_interfaces/rm_decision_interfaces/msg/detail/robot_control__rosidl_typesupport_fastrtps_cpp.hpp
[5.162s] -- Up-to-date symlink: /workspaces/auto_sentry/install/rm_decision_interfaces/include/rm_decision_interfaces/rm_decision_interfaces/msg/detail/robot_status__rosidl_typesupport_fastrtps_cpp.hpp
[5.162s] -- Up-to-date symlink: /workspaces/auto_sentry/install/rm_decision_interfaces/include/rm_decision_interfaces/rm_decision_interfaces/msg/rosidl_typesupport_fastrtps_cpp__visibility_control.h
[5.162s] -- Up-to-date symlink: /workspaces/auto_sentry/install/rm_decision_interfaces/include/rm_decision_interfaces/rm_decision_interfaces/msg/detail/all_robot_hp__rosidl_typesupport_introspection_cpp.hpp
[5.162s] -- Up-to-date symlink: /workspaces/auto_sentry/install/rm_decision_interfaces/include/rm_decision_interfaces/rm_decision_interfaces/msg/detail/ally_robot_hp__rosidl_typesupport_introspection_cpp.hpp
[5.162s] -- Up-to-date symlink: /workspaces/auto_sentry/install/rm_decision_interfaces/include/rm_decision_interfaces/rm_decision_interfaces/msg/detail/decision_num__rosidl_typesupport_introspection_cpp.hpp
[5.162s] -- Symlinking: /workspaces/auto_sentry/install/rm_decision_interfaces/include/rm_decision_interfaces/rm_decision_interfaces/msg/detail/event_data__rosidl_typesupport_introspection_cpp.hpp
[5.169s] -- Up-to-date symlink: /workspaces/auto_sentry/install/rm_decision_interfaces/include/rm_decision_interfaces/rm_decision_interfaces/msg/detail/friend_location__rosidl_typesupport_introspection_cpp.hpp
[5.169s] -- Up-to-date symlink: /workspaces/auto_sentry/install/rm_decision_interfaces/include/rm_decision_interfaces/rm_decision_interfaces/msg/detail/game_status__rosidl_typesupport_introspection_cpp.hpp
[5.169s] -- Symlinking: /workspaces/auto_sentry/install/rm_decision_interfaces/include/rm_decision_interfaces/rm_decision_interfaces/msg/detail/ground_robot_position__rosidl_typesupport_introspection_cpp.hpp
[5.174s] -- Up-to-date symlink: /workspaces/auto_sentry/install/rm_decision_interfaces/include/rm_decision_interfaces/rm_decision_interfaces/msg/detail/rfid__rosidl_typesupport_introspection_cpp.hpp
[5.174s] -- Up-to-date symlink: /workspaces/auto_sentry/install/rm_decision_interfaces/include/rm_decision_interfaces/rm_decision_interfaces/msg/detail/robot_control__rosidl_typesupport_introspection_cpp.hpp
[5.174s] -- Up-to-date symlink: /workspaces/auto_sentry/install/rm_decision_interfaces/include/rm_decision_interfaces/rm_decision_interfaces/msg/detail/robot_status__rosidl_typesupport_introspection_cpp.hpp
[5.175s] -- Up-to-date symlink: /workspaces/auto_sentry/install/rm_decision_interfaces/share/rm_decision_interfaces/environment/pythonpath.sh
[5.175s] -- Up-to-date symlink: /workspaces/auto_sentry/install/rm_decision_interfaces/share/rm_decision_interfaces/environment/pythonpath.dsv
[5.175s] -- Up-to-date symlink: /workspaces/auto_sentry/install/rm_decision_interfaces/local/lib/python3.10/dist-packages/rm_decision_interfaces-0.0.0-py3.10.egg-info/PKG-INFO
[5.175s] -- Up-to-date symlink: /workspaces/auto_sentry/install/rm_decision_interfaces/local/lib/python3.10/dist-packages/rm_decision_interfaces-0.0.0-py3.10.egg-info/SOURCES.txt
[5.175s] -- Up-to-date symlink: /workspaces/auto_sentry/install/rm_decision_interfaces/local/lib/python3.10/dist-packages/rm_decision_interfaces-0.0.0-py3.10.egg-info/dependency_links.txt
[5.175s] -- Up-to-date symlink: /workspaces/auto_sentry/install/rm_decision_interfaces/local/lib/python3.10/dist-packages/rm_decision_interfaces-0.0.0-py3.10.egg-info/top_level.txt
[5.175s] -- Up-to-date symlink: /workspaces/auto_sentry/install/rm_decision_interfaces/local/lib/python3.10/dist-packages/rm_decision_interfaces/__init__.py
[5.175s] -- Up-to-date symlink: /workspaces/auto_sentry/install/rm_decision_interfaces/local/lib/python3.10/dist-packages/rm_decision_interfaces/_rm_decision_interfaces_s.ep.rosidl_typesupport_c.c
[5.175s] -- Up-to-date symlink: /workspaces/auto_sentry/install/rm_decision_interfaces/local/lib/python3.10/dist-packages/rm_decision_interfaces/_rm_decision_interfaces_s.ep.rosidl_typesupport_fastrtps_c.c
[5.175s] -- Up-to-date symlink: /workspaces/auto_sentry/install/rm_decision_interfaces/local/lib/python3.10/dist-packages/rm_decision_interfaces/_rm_decision_interfaces_s.ep.rosidl_typesupport_introspection_c.c
[5.175s] -- Up-to-date symlink: /workspaces/auto_sentry/install/rm_decision_interfaces/local/lib/python3.10/dist-packages/rm_decision_interfaces/librm_decision_interfaces__rosidl_generator_py.so
[5.176s] -- Up-to-date symlink: /workspaces/auto_sentry/install/rm_decision_interfaces/local/lib/python3.10/dist-packages/rm_decision_interfaces/msg/__init__.py
[5.176s] -- Up-to-date symlink: /workspaces/auto_sentry/install/rm_decision_interfaces/local/lib/python3.10/dist-packages/rm_decision_interfaces/msg/_all_robot_hp.py
[5.176s] -- Up-to-date symlink: /workspaces/auto_sentry/install/rm_decision_interfaces/local/lib/python3.10/dist-packages/rm_decision_interfaces/msg/_all_robot_hp_s.c
[5.177s] -- Up-to-date symlink: /workspaces/auto_sentry/install/rm_decision_interfaces/local/lib/python3.10/dist-packages/rm_decision_interfaces/msg/_ally_robot_hp.py
[5.177s] -- Up-to-date symlink: /workspaces/auto_sentry/install/rm_decision_interfaces/local/lib/python3.10/dist-packages/rm_decision_interfaces/msg/_ally_robot_hp_s.c
[5.177s] -- Up-to-date symlink: /workspaces/auto_sentry/install/rm_decision_interfaces/local/lib/python3.10/dist-packages/rm_decision_interfaces/msg/_decision_num.py
[5.177s] -- Up-to-date symlink: /workspaces/auto_sentry/install/rm_decision_interfaces/local/lib/python3.10/dist-packages/rm_decision_interfaces/msg/_decision_num_s.c
[5.177s] -- Symlinking: /workspaces/auto_sentry/install/rm_decision_interfaces/local/lib/python3.10/dist-packages/rm_decision_interfaces/msg/_event_data.py
[5.183s] -- Symlinking: /workspaces/auto_sentry/install/rm_decision_interfaces/local/lib/python3.10/dist-packages/rm_decision_interfaces/msg/_event_data_s.c
[5.189s] -- Up-to-date symlink: /workspaces/auto_sentry/install/rm_decision_interfaces/local/lib/python3.10/dist-packages/rm_decision_interfaces/msg/_friend_location.py
[5.190s] -- Up-to-date symlink: /workspaces/auto_sentry/install/rm_decision_interfaces/local/lib/python3.10/dist-packages/rm_decision_interfaces/msg/_friend_location_s.c
[5.190s] -- Up-to-date symlink: /workspaces/auto_sentry/install/rm_decision_interfaces/local/lib/python3.10/dist-packages/rm_decision_interfaces/msg/_game_status.py
[5.190s] -- Up-to-date symlink: /workspaces/auto_sentry/install/rm_decision_interfaces/local/lib/python3.10/dist-packages/rm_decision_interfaces/msg/_game_status_s.c
[5.190s] -- Symlinking: /workspaces/auto_sentry/install/rm_decision_interfaces/local/lib/python3.10/dist-packages/rm_decision_interfaces/msg/_ground_robot_position.py
[5.195s] -- Symlinking: /workspaces/auto_sentry/install/rm_decision_interfaces/local/lib/python3.10/dist-packages/rm_decision_interfaces/msg/_ground_robot_position_s.c
[5.202s] -- Up-to-date symlink: /workspaces/auto_sentry/install/rm_decision_interfaces/local/lib/python3.10/dist-packages/rm_decision_interfaces/msg/_rfid.py
[5.202s] -- Up-to-date symlink: /workspaces/auto_sentry/install/rm_decision_interfaces/local/lib/python3.10/dist-packages/rm_decision_interfaces/msg/_rfid_s.c
[5.202s] -- Up-to-date symlink: /workspaces/auto_sentry/install/rm_decision_interfaces/local/lib/python3.10/dist-packages/rm_decision_interfaces/msg/_robot_control.py
[5.202s] -- Up-to-date symlink: /workspaces/auto_sentry/install/rm_decision_interfaces/local/lib/python3.10/dist-packages/rm_decision_interfaces/msg/_robot_control_s.c
[5.202s] -- Up-to-date symlink: /workspaces/auto_sentry/install/rm_decision_interfaces/local/lib/python3.10/dist-packages/rm_decision_interfaces/msg/_robot_status.py
[5.202s] -- Up-to-date symlink: /workspaces/auto_sentry/install/rm_decision_interfaces/local/lib/python3.10/dist-packages/rm_decision_interfaces/msg/_robot_status_s.c
[5.202s] -- Up-to-date symlink: /workspaces/auto_sentry/install/rm_decision_interfaces/local/lib/python3.10/dist-packages/rm_decision_interfaces/rm_decision_interfaces_s__rosidl_typesupport_c.cpython-310-x86_64-linux-gnu.so
[5.203s] -- Up-to-date symlink: /workspaces/auto_sentry/install/rm_decision_interfaces/local/lib/python3.10/dist-packages/rm_decision_interfaces/rm_decision_interfaces_s__rosidl_typesupport_fastrtps_c.cpython-310-x86_64-linux-gnu.so
[5.203s] -- Up-to-date symlink: /workspaces/auto_sentry/install/rm_decision_interfaces/local/lib/python3.10/dist-packages/rm_decision_interfaces/rm_decision_interfaces_s__rosidl_typesupport_introspection_c.cpython-310-x86_64-linux-gnu.so
[5.203s] -- Up-to-date symlink: /workspaces/auto_sentry/install/rm_decision_interfaces/local/lib/python3.10/dist-packages/rm_decision_interfaces/rm_decision_interfaces_s__rosidl_typesupport_fastrtps_c.cpython-310-x86_64-linux-gnu.so
[5.203s] -- Up-to-date symlink: /workspaces/auto_sentry/install/rm_decision_interfaces/local/lib/python3.10/dist-packages/rm_decision_interfaces/rm_decision_interfaces_s__rosidl_typesupport_introspection_c.cpython-310-x86_64-linux-gnu.so
[5.203s] -- Up-to-date symlink: /workspaces/auto_sentry/install/rm_decision_interfaces/local/lib/python3.10/dist-packages/rm_decision_interfaces/rm_decision_interfaces_s__rosidl_typesupport_c.cpython-310-x86_64-linux-gnu.so
[5.203s] -- Up-to-date symlink: /workspaces/auto_sentry/install/rm_decision_interfaces/share/rm_decision_interfaces/msg/AllRobotHP.idl
[5.203s] -- Up-to-date symlink: /workspaces/auto_sentry/install/rm_decision_interfaces/share/rm_decision_interfaces/msg/AllyRobotHP.idl
[5.203s] -- Up-to-date symlink: /workspaces/auto_sentry/install/rm_decision_interfaces/share/rm_decision_interfaces/msg/RobotStatus.idl
[5.203s] -- Up-to-date symlink: /workspaces/auto_sentry/install/rm_decision_interfaces/share/rm_decision_interfaces/msg/FriendLocation.idl
[5.203s] -- Up-to-date symlink: /workspaces/auto_sentry/install/rm_decision_interfaces/share/rm_decision_interfaces/msg/GameStatus.idl
[5.203s] -- Up-to-date symlink: /workspaces/auto_sentry/install/rm_decision_interfaces/share/rm_decision_interfaces/msg/RFID.idl
[5.204s] -- Up-to-date symlink: /workspaces/auto_sentry/install/rm_decision_interfaces/share/rm_decision_interfaces/msg/RobotControl.idl
[5.204s] -- Up-to-date symlink: /workspaces/auto_sentry/install/rm_decision_interfaces/share/rm_decision_interfaces/msg/DecisionNum.idl
[5.204s] -- Symlinking: /workspaces/auto_sentry/install/rm_decision_interfaces/share/rm_decision_interfaces/msg/EventData.idl
[5.210s] -- Symlinking: /workspaces/auto_sentry/install/rm_decision_interfaces/share/rm_decision_interfaces/msg/GroundRobotPosition.idl
[5.217s] -- Up-to-date symlink: /workspaces/auto_sentry/install/rm_decision_interfaces/share/rm_decision_interfaces/msg/AllRobotHP.msg
[5.217s] -- Up-to-date symlink: /workspaces/auto_sentry/install/rm_decision_interfaces/share/rm_decision_interfaces/msg/AllyRobotHP.msg
[5.217s] -- Up-to-date symlink: /workspaces/auto_sentry/install/rm_decision_interfaces/share/rm_decision_interfaces/msg/RobotStatus.msg
[5.217s] -- Up-to-date symlink: /workspaces/auto_sentry/install/rm_decision_interfaces/share/rm_decision_interfaces/msg/FriendLocation.msg
[5.217s] -- Up-to-date symlink: /workspaces/auto_sentry/install/rm_decision_interfaces/share/rm_decision_interfaces/msg/GameStatus.msg
[5.217s] -- Up-to-date symlink: /workspaces/auto_sentry/install/rm_decision_interfaces/share/rm_decision_interfaces/msg/RFID.msg
[5.217s] -- Up-to-date symlink: /workspaces/auto_sentry/install/rm_decision_interfaces/share/rm_decision_interfaces/msg/RobotControl.msg
[5.217s] -- Up-to-date symlink: /workspaces/auto_sentry/install/rm_decision_interfaces/share/rm_decision_interfaces/msg/DecisionNum.msg
[5.217s] -- Symlinking: /workspaces/auto_sentry/install/rm_decision_interfaces/share/rm_decision_interfaces/msg/EventData.msg
[5.225s] -- Symlinking: /workspaces/auto_sentry/install/rm_decision_interfaces/share/rm_decision_interfaces/msg/GroundRobotPosition.msg
[5.231s] -- Up-to-date symlink: /workspaces/auto_sentry/install/rm_decision_interfaces/share/ament_index/resource_index/package_run_dependencies/rm_decision_interfaces
[5.232s] -- Up-to-date symlink: /workspaces/auto_sentry/install/rm_decision_interfaces/share/ament_index/resource_index/parent_prefix_path/rm_decision_interfaces
[5.232s] -- Up-to-date symlink: /workspaces/auto_sentry/install/rm_decision_interfaces/share/rm_decision_interfaces/environment/ament_prefix_path.sh
[5.232s] -- Up-to-date symlink: /workspaces/auto_sentry/install/rm_decision_interfaces/share/rm_decision_interfaces/environment/ament_prefix_path.dsv
[5.232s] -- Up-to-date symlink: /workspaces/auto_sentry/install/rm_decision_interfaces/share/rm_decision_interfaces/environment/path.sh
[5.232s] -- Up-to-date symlink: /workspaces/auto_sentry/install/rm_decision_interfaces/share/rm_decision_interfaces/environment/path.dsv
[5.232s] -- Up-to-date symlink: /workspaces/auto_sentry/install/rm_decision_interfaces/share/rm_decision_interfaces/local_setup.bash
[5.232s] -- Up-to-date symlink: /workspaces/auto_sentry/install/rm_decision_interfaces/share/rm_decision_interfaces/local_setup.sh
[5.232s] -- Up-to-date symlink: /workspaces/auto_sentry/install/rm_decision_interfaces/share/rm_decision_interfaces/local_setup.zsh
[5.232s] -- Up-to-date symlink: /workspaces/auto_sentry/install/rm_decision_interfaces/share/rm_decision_interfaces/local_setup.dsv
[5.232s] -- Symlinking: /workspaces/auto_sentry/install/rm_decision_interfaces/share/rm_decision_interfaces/package.dsv
[5.239s] -- Up-to-date symlink: /workspaces/auto_sentry/install/rm_decision_interfaces/share/ament_index/resource_index/packages/rm_decision_interfaces
[5.240s] -- Up-to-date symlink: /workspaces/auto_sentry/install/rm_decision_interfaces/share/rm_decision_interfaces/cmake/rosidl_cmake-extras.cmake
[5.240s] -- Up-to-date symlink: /workspaces/auto_sentry/install/rm_decision_interfaces/share/rm_decision_interfaces/cmake/ament_cmake_export_dependencies-extras.cmake
[5.240s] -- Up-to-date symlink: /workspaces/auto_sentry/install/rm_decision_interfaces/share/rm_decision_interfaces/cmake/ament_cmake_export_include_directories-extras.cmake
[5.240s] -- Up-to-date symlink: /workspaces/auto_sentry/install/rm_decision_interfaces/share/rm_decision_interfaces/cmake/ament_cmake_export_libraries-extras.cmake
[5.240s] -- Up-to-date symlink: /workspaces/auto_sentry/install/rm_decision_interfaces/share/rm_decision_interfaces/cmake/ament_cmake_export_targets-extras.cmake
[5.240s] -- Up-to-date symlink: /workspaces/auto_sentry/install/rm_decision_interfaces/share/rm_decision_interfaces/cmake/rosidl_cmake_export_typesupport_targets-extras.cmake
[5.240s] -- Up-to-date symlink: /workspaces/auto_sentry/install/rm_decision_interfaces/share/rm_decision_interfaces/cmake/rosidl_cmake_export_typesupport_libraries-extras.cmake
[5.240s] -- Up-to-date symlink: /workspaces/auto_sentry/install/rm_decision_interfaces/share/rm_decision_interfaces/cmake/rm_decision_interfacesConfig.cmake
[5.240s] -- Up-to-date symlink: /workspaces/auto_sentry/install/rm_decision_interfaces/share/rm_decision_interfaces/cmake/rm_decision_interfacesConfig-version.cmake
[5.240s] -- Up-to-date symlink: /workspaces/auto_sentry/install/rm_decision_interfaces/share/rm_decision_interfaces/package.xml
[5.240s] -- Installing: /workspaces/auto_sentry/install/rm_decision_interfaces/lib/librm_decision_interfaces__rosidl_generator_c.so
[5.240s] -- Set runtime path of "/workspaces/auto_sentry/install/rm_decision_interfaces/lib/librm_decision_interfaces__rosidl_generator_c.so" to ""
[5.241s] -- Installing: /workspaces/auto_sentry/install/rm_decision_interfaces/lib/librm_decision_interfaces__rosidl_typesupport_fastrtps_c.so
[5.241s] -- Set runtime path of "/workspaces/auto_sentry/install/rm_decision_interfaces/lib/librm_decision_interfaces__rosidl_typesupport_fastrtps_c.so" to ""
[5.241s] -- Installing: /workspaces/auto_sentry/install/rm_decision_interfaces/lib/librm_decision_interfaces__rosidl_typesupport_introspection_c.so
[5.241s] -- Set runtime path of "/workspaces/auto_sentry/install/rm_decision_interfaces/lib/librm_decision_interfaces__rosidl_typesupport_introspection_c.so" to ""
[5.241s] -- Installing: /workspaces/auto_sentry/install/rm_decision_interfaces/lib/librm_decision_interfaces__rosidl_typesupport_c.so
[5.241s] -- Set runtime path of "/workspaces/auto_sentry/install/rm_decision_interfaces/lib/librm_decision_interfaces__rosidl_typesupport_c.so" to ""
[5.241s] -- Installing: /workspaces/auto_sentry/install/rm_decision_interfaces/lib/librm_decision_interfaces__rosidl_typesupport_fastrtps_cpp.so
[5.242s] -- Set runtime path of "/workspaces/auto_sentry/install/rm_decision_interfaces/lib/librm_decision_interfaces__rosidl_typesupport_fastrtps_cpp.so" to ""
[5.242s] -- Installing: /workspaces/auto_sentry/install/rm_decision_interfaces/lib/librm_decision_interfaces__rosidl_typesupport_introspection_cpp.so
[5.242s] -- Set runtime path of "/workspaces/auto_sentry/install/rm_decision_interfaces/lib/librm_decision_interfaces__rosidl_typesupport_introspection_cpp.so" to ""
[5.242s] -- Installing: /workspaces/auto_sentry/install/rm_decision_interfaces/lib/librm_decision_interfaces__rosidl_typesupport_cpp.so
[5.242s] -- Set runtime path of "/workspaces/auto_sentry/install/rm_decision_interfaces/lib/librm_decision_interfaces__rosidl_typesupport_cpp.so" to ""
[5.273s] Listing '/workspaces/auto_sentry/install/rm_decision_interfaces/local/lib/python3.10/dist-packages/rm_decision_interfaces'...
[5.273s] Compiling '/workspaces/auto_sentry/install/rm_decision_interfaces/local/lib/python3.10/dist-packages/rm_decision_interfaces/__init__.py'...
[5.273s] Listing '/workspaces/auto_sentry/install/rm_decision_interfaces/local/lib/python3.10/dist-packages/rm_decision_interfaces/msg'...
[5.273s] Compiling '/workspaces/auto_sentry/install/rm_decision_interfaces/local/lib/python3.10/dist-packages/rm_decision_interfaces/msg/__init__.py'...
[5.273s] Compiling '/workspaces/auto_sentry/install/rm_decision_interfaces/local/lib/python3.10/dist-packages/rm_decision_interfaces/msg/_all_robot_hp.py'...
[5.273s] Compiling '/workspaces/auto_sentry/install/rm_decision_interfaces/local/lib/python3.10/dist-packages/rm_decision_interfaces/msg/_ally_robot_hp.py'...
[5.273s] Compiling '/workspaces/auto_sentry/install/rm_decision_interfaces/local/lib/python3.10/dist-packages/rm_decision_interfaces/msg/_decision_num.py'...
[5.273s] Compiling '/workspaces/auto_sentry/install/rm_decision_interfaces/local/lib/python3.10/dist-packages/rm_decision_interfaces/msg/_event_data.py'...
[5.273s] Compiling '/workspaces/auto_sentry/install/rm_decision_interfaces/local/lib/python3.10/dist-packages/rm_decision_interfaces/msg/_friend_location.py'...
[5.273s] Compiling '/workspaces/auto_sentry/install/rm_decision_interfaces/local/lib/python3.10/dist-packages/rm_decision_interfaces/msg/_game_status.py'...
[5.273s] Compiling '/workspaces/auto_sentry/install/rm_decision_interfaces/local/lib/python3.10/dist-packages/rm_decision_interfaces/msg/_ground_robot_position.py'...
[5.274s] Compiling '/workspaces/auto_sentry/install/rm_decision_interfaces/local/lib/python3.10/dist-packages/rm_decision_interfaces/msg/_rfid.py'...
[5.274s] Compiling '/workspaces/auto_sentry/install/rm_decision_interfaces/local/lib/python3.10/dist-packages/rm_decision_interfaces/msg/_robot_control.py'...
[5.274s] Compiling '/workspaces/auto_sentry/install/rm_decision_interfaces/local/lib/python3.10/dist-packages/rm_decision_interfaces/msg/_robot_status.py'...
[5.276s] -- Installing: /workspaces/auto_sentry/install/rm_decision_interfaces/lib/librm_decision_interfaces__rosidl_generator_py.so
[5.277s] -- Set runtime path of "/workspaces/auto_sentry/install/rm_decision_interfaces/lib/librm_decision_interfaces__rosidl_generator_py.so" to ""
[5.277s] -- Up-to-date: /workspaces/auto_sentry/install/rm_decision_interfaces/share/rm_decision_interfaces/cmake/export_rm_decision_interfaces__rosidl_generator_cExport.cmake
[5.277s] -- Up-to-date: /workspaces/auto_sentry/install/rm_decision_interfaces/share/rm_decision_interfaces/cmake/export_rm_decision_interfaces__rosidl_generator_cExport-noconfig.cmake
[5.277s] -- Up-to-date: /workspaces/auto_sentry/install/rm_decision_interfaces/share/rm_decision_interfaces/cmake/export_rm_decision_interfaces__rosidl_typesupport_fastrtps_cExport.cmake
[5.277s] -- Up-to-date: /workspaces/auto_sentry/install/rm_decision_interfaces/share/rm_decision_interfaces/cmake/export_rm_decision_interfaces__rosidl_typesupport_fastrtps_cExport-noconfig.cmake
[5.277s] -- Up-to-date: /workspaces/auto_sentry/install/rm_decision_interfaces/share/rm_decision_interfaces/cmake/rm_decision_interfaces__rosidl_typesupport_introspection_cExport.cmake
[5.277s] -- Up-to-date: /workspaces/auto_sentry/install/rm_decision_interfaces/share/rm_decision_interfaces/cmake/rm_decision_interfaces__rosidl_typesupport_introspection_cExport-noconfig.cmake
[5.277s] -- Up-to-date: /workspaces/auto_sentry/install/rm_decision_interfaces/share/rm_decision_interfaces/cmake/rm_decision_interfaces__rosidl_typesupport_cExport.cmake
[5.277s] -- Up-to-date: /workspaces/auto_sentry/install/rm_decision_interfaces/share/rm_decision_interfaces/cmake/rm_decision_interfaces__rosidl_typesupport_cExport-noconfig.cmake
[5.277s] -- Up-to-date: /workspaces/auto_sentry/install/rm_decision_interfaces/share/rm_decision_interfaces/cmake/export_rm_decision_interfaces__rosidl_generator_cppExport.cmake
[5.277s] -- Up-to-date: /workspaces/auto_sentry/install/rm_decision_interfaces/share/rm_decision_interfaces/cmake/export_rm_decision_interfaces__rosidl_typesupport_fastrtps_cppExport.cmake
[5.277s] -- Up-to-date: /workspaces/auto_sentry/install/rm_decision_interfaces/share/rm_decision_interfaces/cmake/export_rm_decision_interfaces__rosidl_typesupport_fastrtps_cppExport-noconfig.cmake
[5.277s] -- Up-to-date: /workspaces/auto_sentry/install/rm_decision_interfaces/share/rm_decision_interfaces/cmake/rm_decision_interfaces__rosidl_typesupport_introspection_cppExport.cmake
[5.278s] -- Up-to-date: /workspaces/auto_sentry/install/rm_decision_interfaces/share/rm_decision_interfaces/cmake/rm_decision_interfaces__rosidl_typesupport_introspection_cppExport-noconfig.cmake
[5.278s] -- Up-to-date: /workspaces/auto_sentry/install/rm_decision_interfaces/share/rm_decision_interfaces/cmake/rm_decision_interfaces__rosidl_typesupport_cppExport.cmake
[5.278s] -- Up-to-date: /workspaces/auto_sentry/install/rm_decision_interfaces/share/rm_decision_interfaces/cmake/rm_decision_interfaces__rosidl_typesupport_cppExport-noconfig.cmake
[5.278s] -- Up-to-date: /workspaces/auto_sentry/install/rm_decision_interfaces/share/rm_decision_interfaces/cmake/export_rm_decision_interfaces__rosidl_generator_pyExport.cmake
[5.278s] -- Up-to-date: /workspaces/auto_sentry/install/rm_decision_interfaces/share/rm_decision_interfaces/cmake/export_rm_decision_interfaces__rosidl_generator_pyExport-noconfig.cmake
[5.280s] Invoked command in '/workspaces/auto_sentry/build/rm_decision_interfaces' returned '0': CMAKE_PREFIX_PATH=/opt/ros/humble /usr/bin/cmake --install /workspaces/auto_sentry/build/rm_decision_interfaces
