[0.113s] Invoking command in '/workspaces/auto_sentry/build/auto_aim_interfaces': CMAKE_PREFIX_PATH=${CMAKE_PREFIX_PATH}:/opt/ros/humble /usr/bin/cmake --build /workspaces/auto_sentry/build/auto_aim_interfaces -- -j28 -l28
[0.308s] [  1%] [34m[1mGenerating C code for ROS interfaces[0m
[0.309s] [  2%] [34m[1mGenerating C++ code for ROS interfaces[0m
[0.309s] [  2%] Built target ament_cmake_python_symlink_auto_aim_interfaces
[0.754s] running egg_info
[0.756s] creating auto_aim_interfaces.egg-info
[0.756s] writing auto_aim_interfaces.egg-info/PKG-INFO
[0.756s] writing dependency_links to auto_aim_interfaces.egg-info/dependency_links.txt
[0.756s] writing top-level names to auto_aim_interfaces.egg-info/top_level.txt
[0.756s] writing manifest file 'auto_aim_interfaces.egg-info/SOURCES.txt'
[0.766s] reading manifest file 'auto_aim_interfaces.egg-info/SOURCES.txt'
[0.767s] writing manifest file 'auto_aim_interfaces.egg-info/SOURCES.txt'
[0.829s] [  2%] Built target ament_cmake_python_build_auto_aim_interfaces_egg
[1.934s] [  3%] [32mBuilding C object CMakeFiles/auto_aim_interfaces__rosidl_generator_c.dir/rosidl_generator_c/auto_aim_interfaces/msg/detail/armor__functions.c.o[0m
[1.945s] [  4%] [32mBuilding C object CMakeFiles/auto_aim_interfaces__rosidl_generator_c.dir/rosidl_generator_c/auto_aim_interfaces/msg/detail/target__functions.c.o[0m
[1.949s] [  5%] [32mBuilding C object CMakeFiles/auto_aim_interfaces__rosidl_generator_c.dir/rosidl_generator_c/auto_aim_interfaces/msg/detail/debug_lights__functions.c.o[0m
[1.960s] [  6%] [32mBuilding C object CMakeFiles/auto_aim_interfaces__rosidl_generator_c.dir/rosidl_generator_c/auto_aim_interfaces/msg/detail/tracker_info__functions.c.o[0m
[1.960s] [  8%] [32mBuilding C object CMakeFiles/auto_aim_interfaces__rosidl_generator_c.dir/rosidl_generator_c/auto_aim_interfaces/msg/detail/debug_armors__functions.c.o[0m
[1.960s] [  9%] [32mBuilding C object CMakeFiles/auto_aim_interfaces__rosidl_generator_c.dir/rosidl_generator_c/auto_aim_interfaces/msg/detail/armors__functions.c.o[0m
[1.963s] [ 10%] [32mBuilding C object CMakeFiles/auto_aim_interfaces__rosidl_generator_c.dir/rosidl_generator_c/auto_aim_interfaces/msg/detail/debug_armor__functions.c.o[0m
[1.970s] [ 11%] [32mBuilding C object CMakeFiles/auto_aim_interfaces__rosidl_generator_c.dir/rosidl_generator_c/auto_aim_interfaces/msg/detail/debug_light__functions.c.o[0m
[2.334s] [ 12%] [32m[1mLinking C shared library libauto_aim_interfaces__rosidl_generator_c.so[0m
[2.522s] [ 12%] Built target auto_aim_interfaces__cpp
[2.535s] [ 12%] Built target auto_aim_interfaces__rosidl_generator_c
[2.568s] [ 13%] [34m[1mGenerating C++ type support dispatch for ROS interfaces[0m
[2.575s] [ 14%] [34m[1mGenerating C type support for eProsima Fast-RTPS[0m
[2.587s] [ 16%] [34m[1mGenerating C++ introspection for ROS interfaces[0m
[2.595s] [ 17%] [34m[1mGenerating C type support dispatch for ROS interfaces[0m
[2.596s] [ 18%] [34m[1mGenerating C++ type support for eProsima Fast-RTPS[0m
[2.597s] [ 19%] [34m[1mGenerating C introspection for ROS interfaces[0m
[4.452s] [ 20%] [32mBuilding CXX object CMakeFiles/auto_aim_interfaces__rosidl_typesupport_fastrtps_c.dir/rosidl_typesupport_fastrtps_c/auto_aim_interfaces/msg/detail/debug_armor__type_support_c.cpp.o[0m
[4.453s] [ 21%] [32mBuilding CXX object CMakeFiles/auto_aim_interfaces__rosidl_typesupport_fastrtps_c.dir/rosidl_typesupport_fastrtps_c/auto_aim_interfaces/msg/detail/armor__type_support_c.cpp.o[0m
[4.465s] [ 22%] [32mBuilding CXX object CMakeFiles/auto_aim_interfaces__rosidl_typesupport_fastrtps_c.dir/rosidl_typesupport_fastrtps_c/auto_aim_interfaces/msg/detail/tracker_info__type_support_c.cpp.o[0m
[4.469s] [ 25%] [32mBuilding CXX object CMakeFiles/auto_aim_interfaces__rosidl_typesupport_fastrtps_c.dir/rosidl_typesupport_fastrtps_c/auto_aim_interfaces/msg/detail/debug_lights__type_support_c.cpp.o[0m
[4.469s] [ 25%] [32mBuilding CXX object CMakeFiles/auto_aim_interfaces__rosidl_typesupport_fastrtps_c.dir/rosidl_typesupport_fastrtps_c/auto_aim_interfaces/msg/detail/armors__type_support_c.cpp.o[0m
[4.485s] [ 26%] [32mBuilding CXX object CMakeFiles/auto_aim_interfaces__rosidl_typesupport_fastrtps_c.dir/rosidl_typesupport_fastrtps_c/auto_aim_interfaces/msg/detail/target__type_support_c.cpp.o[0m
[4.492s] [ 27%] [32mBuilding CXX object CMakeFiles/auto_aim_interfaces__rosidl_typesupport_fastrtps_c.dir/rosidl_typesupport_fastrtps_c/auto_aim_interfaces/msg/detail/debug_light__type_support_c.cpp.o[0m
[4.497s] [ 28%] [32mBuilding CXX object CMakeFiles/auto_aim_interfaces__rosidl_typesupport_fastrtps_c.dir/rosidl_typesupport_fastrtps_c/auto_aim_interfaces/msg/detail/debug_armors__type_support_c.cpp.o[0m
[4.841s] [ 29%] [32mBuilding CXX object CMakeFiles/auto_aim_interfaces__rosidl_typesupport_c.dir/rosidl_typesupport_c/auto_aim_interfaces/msg/armors__type_support.cpp.o[0m
[4.842s] [ 31%] [32mBuilding CXX object CMakeFiles/auto_aim_interfaces__rosidl_typesupport_c.dir/rosidl_typesupport_c/auto_aim_interfaces/msg/debug_armors__type_support.cpp.o[0m
[4.842s] [ 32%] [32mBuilding CXX object CMakeFiles/auto_aim_interfaces__rosidl_typesupport_c.dir/rosidl_typesupport_c/auto_aim_interfaces/msg/debug_armor__type_support.cpp.o[0m
[4.842s] [ 34%] [32mBuilding CXX object CMakeFiles/auto_aim_interfaces__rosidl_typesupport_c.dir/rosidl_typesupport_c/auto_aim_interfaces/msg/debug_light__type_support.cpp.o[0m
[4.842s] [ 34%] [32mBuilding C object CMakeFiles/auto_aim_interfaces__rosidl_typesupport_introspection_c.dir/rosidl_typesupport_introspection_c/auto_aim_interfaces/msg/detail/target__type_support.c.o[0m
[4.842s] [ 35%] [32mBuilding CXX object CMakeFiles/auto_aim_interfaces__rosidl_typesupport_c.dir/rosidl_typesupport_c/auto_aim_interfaces/msg/target__type_support.cpp.o[0m
[4.845s] [ 36%] [32mBuilding CXX object CMakeFiles/auto_aim_interfaces__rosidl_typesupport_c.dir/rosidl_typesupport_c/auto_aim_interfaces/msg/armor__type_support.cpp.o[0m
[4.848s] [ 37%] [32mBuilding CXX object CMakeFiles/auto_aim_interfaces__rosidl_typesupport_c.dir/rosidl_typesupport_c/auto_aim_interfaces/msg/debug_lights__type_support.cpp.o[0m
[4.857s] [ 39%] [32mBuilding C object CMakeFiles/auto_aim_interfaces__rosidl_typesupport_introspection_c.dir/rosidl_typesupport_introspection_c/auto_aim_interfaces/msg/detail/armor__type_support.c.o[0m
[4.864s] [ 40%] [32mBuilding CXX object CMakeFiles/auto_aim_interfaces__rosidl_typesupport_c.dir/rosidl_typesupport_c/auto_aim_interfaces/msg/tracker_info__type_support.cpp.o[0m
[4.883s] [ 43%] [32mBuilding C object CMakeFiles/auto_aim_interfaces__rosidl_typesupport_introspection_c.dir/rosidl_typesupport_introspection_c/auto_aim_interfaces/msg/detail/debug_armors__type_support.c.o[0m
[4.893s] [ 44%] [32mBuilding C object CMakeFiles/auto_aim_interfaces__rosidl_typesupport_introspection_c.dir/rosidl_typesupport_introspection_c/auto_aim_interfaces/msg/detail/tracker_info__type_support.c.o[0m
[4.893s] [ 45%] [32mBuilding C object CMakeFiles/auto_aim_interfaces__rosidl_typesupport_introspection_c.dir/rosidl_typesupport_introspection_c/auto_aim_interfaces/msg/detail/debug_armor__type_support.c.o[0m
[4.897s] [ 47%] [32mBuilding C object CMakeFiles/auto_aim_interfaces__rosidl_typesupport_introspection_c.dir/rosidl_typesupport_introspection_c/auto_aim_interfaces/msg/detail/debug_lights__type_support.c.o[0m
[4.900s] [ 47%] [32mBuilding C object CMakeFiles/auto_aim_interfaces__rosidl_typesupport_introspection_c.dir/rosidl_typesupport_introspection_c/auto_aim_interfaces/msg/detail/armors__type_support.c.o[0m
[4.908s] [ 47%] [32mBuilding C object CMakeFiles/auto_aim_interfaces__rosidl_typesupport_introspection_c.dir/rosidl_typesupport_introspection_c/auto_aim_interfaces/msg/detail/debug_light__type_support.c.o[0m
[5.167s] [ 48%] [32m[1mLinking CXX shared library libauto_aim_interfaces__rosidl_typesupport_c.so[0m
[5.234s] [ 49%] [32mBuilding CXX object CMakeFiles/auto_aim_interfaces__rosidl_typesupport_cpp.dir/rosidl_typesupport_cpp/auto_aim_interfaces/msg/debug_armors__type_support.cpp.o[0m
[5.237s] [ 50%] [32mBuilding CXX object CMakeFiles/auto_aim_interfaces__rosidl_typesupport_cpp.dir/rosidl_typesupport_cpp/auto_aim_interfaces/msg/debug_armor__type_support.cpp.o[0m
[5.238s] [ 51%] [32mBuilding CXX object CMakeFiles/auto_aim_interfaces__rosidl_typesupport_cpp.dir/rosidl_typesupport_cpp/auto_aim_interfaces/msg/debug_lights__type_support.cpp.o[0m
[5.247s] [ 52%] [32mBuilding CXX object CMakeFiles/auto_aim_interfaces__rosidl_typesupport_cpp.dir/rosidl_typesupport_cpp/auto_aim_interfaces/msg/tracker_info__type_support.cpp.o[0m
[5.248s] [ 54%] [32mBuilding CXX object CMakeFiles/auto_aim_interfaces__rosidl_typesupport_cpp.dir/rosidl_typesupport_cpp/auto_aim_interfaces/msg/target__type_support.cpp.o[0m
[5.248s] [ 55%] [32mBuilding CXX object CMakeFiles/auto_aim_interfaces__rosidl_typesupport_cpp.dir/rosidl_typesupport_cpp/auto_aim_interfaces/msg/armors__type_support.cpp.o[0m
[5.257s] [ 56%] [32mBuilding CXX object CMakeFiles/auto_aim_interfaces__rosidl_typesupport_cpp.dir/rosidl_typesupport_cpp/auto_aim_interfaces/msg/armor__type_support.cpp.o[0m
[5.273s] [ 57%] [32m[1mLinking C shared library libauto_aim_interfaces__rosidl_typesupport_introspection_c.so[0m
[5.278s] [ 58%] [32mBuilding CXX object CMakeFiles/auto_aim_interfaces__rosidl_typesupport_cpp.dir/rosidl_typesupport_cpp/auto_aim_interfaces/msg/debug_light__type_support.cpp.o[0m
[5.485s] [ 58%] Built target auto_aim_interfaces__rosidl_typesupport_introspection_c
[5.556s] [ 58%] Built target auto_aim_interfaces__rosidl_typesupport_c
[6.052s] [ 59%] [32mBuilding CXX object CMakeFiles/auto_aim_interfaces__rosidl_typesupport_introspection_cpp.dir/rosidl_typesupport_introspection_cpp/auto_aim_interfaces/msg/detail/armors__type_support.cpp.o[0m
[6.113s] [ 60%] [32mBuilding CXX object CMakeFiles/auto_aim_interfaces__rosidl_typesupport_introspection_cpp.dir/rosidl_typesupport_introspection_cpp/auto_aim_interfaces/msg/detail/armor__type_support.cpp.o[0m
[6.123s] [ 62%] [32mBuilding CXX object CMakeFiles/auto_aim_interfaces__rosidl_typesupport_introspection_cpp.dir/rosidl_typesupport_introspection_cpp/auto_aim_interfaces/msg/detail/debug_light__type_support.cpp.o[0m
[6.283s] [ 63%] [32mBuilding CXX object CMakeFiles/auto_aim_interfaces__rosidl_typesupport_introspection_cpp.dir/rosidl_typesupport_introspection_cpp/auto_aim_interfaces/msg/detail/tracker_info__type_support.cpp.o[0m
[6.285s] [ 64%] [32mBuilding CXX object CMakeFiles/auto_aim_interfaces__rosidl_typesupport_introspection_cpp.dir/rosidl_typesupport_introspection_cpp/auto_aim_interfaces/msg/detail/debug_armor__type_support.cpp.o[0m
[6.289s] [ 65%] [32mBuilding CXX object CMakeFiles/auto_aim_interfaces__rosidl_typesupport_introspection_cpp.dir/rosidl_typesupport_introspection_cpp/auto_aim_interfaces/msg/detail/target__type_support.cpp.o[0m
[6.344s] [ 66%] [32mBuilding CXX object CMakeFiles/auto_aim_interfaces__rosidl_typesupport_introspection_cpp.dir/rosidl_typesupport_introspection_cpp/auto_aim_interfaces/msg/detail/debug_lights__type_support.cpp.o[0m
[6.415s] [ 67%] [32mBuilding CXX object CMakeFiles/auto_aim_interfaces__rosidl_typesupport_introspection_cpp.dir/rosidl_typesupport_introspection_cpp/auto_aim_interfaces/msg/detail/debug_armors__type_support.cpp.o[0m
[7.028s] [ 68%] [32mBuilding CXX object CMakeFiles/auto_aim_interfaces__rosidl_typesupport_fastrtps_cpp.dir/rosidl_typesupport_fastrtps_cpp/auto_aim_interfaces/msg/detail/dds_fastrtps/debug_light__type_support.cpp.o[0m
[7.077s] [ 70%] [32mBuilding CXX object CMakeFiles/auto_aim_interfaces__rosidl_typesupport_fastrtps_cpp.dir/rosidl_typesupport_fastrtps_cpp/auto_aim_interfaces/msg/detail/dds_fastrtps/armors__type_support.cpp.o[0m
[7.078s] [ 71%] [32mBuilding CXX object CMakeFiles/auto_aim_interfaces__rosidl_typesupport_fastrtps_cpp.dir/rosidl_typesupport_fastrtps_cpp/auto_aim_interfaces/msg/detail/dds_fastrtps/target__type_support.cpp.o[0m
[7.113s] [ 73%] [32mBuilding CXX object CMakeFiles/auto_aim_interfaces__rosidl_typesupport_fastrtps_cpp.dir/rosidl_typesupport_fastrtps_cpp/auto_aim_interfaces/msg/detail/dds_fastrtps/armor__type_support.cpp.o[0m
[7.114s] [ 73%] [32mBuilding CXX object CMakeFiles/auto_aim_interfaces__rosidl_typesupport_fastrtps_cpp.dir/rosidl_typesupport_fastrtps_cpp/auto_aim_interfaces/msg/detail/dds_fastrtps/debug_armor__type_support.cpp.o[0m
[7.126s] [ 74%] [32mBuilding CXX object CMakeFiles/auto_aim_interfaces__rosidl_typesupport_fastrtps_cpp.dir/rosidl_typesupport_fastrtps_cpp/auto_aim_interfaces/msg/detail/dds_fastrtps/debug_lights__type_support.cpp.o[0m
[7.177s] [ 75%] [32mBuilding CXX object CMakeFiles/auto_aim_interfaces__rosidl_typesupport_fastrtps_cpp.dir/rosidl_typesupport_fastrtps_cpp/auto_aim_interfaces/msg/detail/dds_fastrtps/tracker_info__type_support.cpp.o[0m
[7.178s] [ 77%] [32mBuilding CXX object CMakeFiles/auto_aim_interfaces__rosidl_typesupport_fastrtps_cpp.dir/rosidl_typesupport_fastrtps_cpp/auto_aim_interfaces/msg/detail/dds_fastrtps/debug_armors__type_support.cpp.o[0m
[8.282s] [ 78%] [32m[1mLinking CXX shared library libauto_aim_interfaces__rosidl_typesupport_fastrtps_c.so[0m
[9.557s] [ 78%] Built target auto_aim_interfaces__rosidl_typesupport_fastrtps_c
[9.977s] [ 79%] [32m[1mLinking CXX shared library libauto_aim_interfaces__rosidl_typesupport_cpp.so[0m
[10.187s] [ 79%] Built target auto_aim_interfaces__rosidl_typesupport_cpp
[12.046s] [ 80%] [32m[1mLinking CXX shared library libauto_aim_interfaces__rosidl_typesupport_fastrtps_cpp.so[0m
[12.448s] [ 80%] Built target auto_aim_interfaces__rosidl_typesupport_fastrtps_cpp
[13.454s] [ 81%] [32m[1mLinking CXX shared library libauto_aim_interfaces__rosidl_typesupport_introspection_cpp.so[0m
[13.894s] [ 81%] Built target auto_aim_interfaces__rosidl_typesupport_introspection_cpp
[14.015s] [ 81%] Built target auto_aim_interfaces
[14.140s] [ 82%] [34m[1mGenerating Python code for ROS interfaces[0m
[18.088s] [ 82%] Built target auto_aim_interfaces__py
[18.213s] [ 83%] [32mBuilding C object CMakeFiles/auto_aim_interfaces__rosidl_generator_py.dir/rosidl_generator_py/auto_aim_interfaces/msg/_armor_s.c.o[0m
[18.726s] [ 85%] [32mBuilding C object CMakeFiles/auto_aim_interfaces__rosidl_generator_py.dir/rosidl_generator_py/auto_aim_interfaces/msg/_tracker_info_s.c.o[0m
[19.156s] [ 86%] [32mBuilding C object CMakeFiles/auto_aim_interfaces__rosidl_generator_py.dir/rosidl_generator_py/auto_aim_interfaces/msg/_debug_armors_s.c.o[0m
[19.392s] [ 87%] [32mBuilding C object CMakeFiles/auto_aim_interfaces__rosidl_generator_py.dir/rosidl_generator_py/auto_aim_interfaces/msg/_debug_armor_s.c.o[0m
[19.704s] [ 88%] [32mBuilding C object CMakeFiles/auto_aim_interfaces__rosidl_generator_py.dir/rosidl_generator_py/auto_aim_interfaces/msg/_debug_lights_s.c.o[0m
[20.075s] [ 89%] [32mBuilding C object CMakeFiles/auto_aim_interfaces__rosidl_generator_py.dir/rosidl_generator_py/auto_aim_interfaces/msg/_debug_light_s.c.o[0m
[20.355s] [ 90%] [32mBuilding C object CMakeFiles/auto_aim_interfaces__rosidl_generator_py.dir/rosidl_generator_py/auto_aim_interfaces/msg/_target_s.c.o[0m
[20.672s] [ 91%] [32mBuilding C object CMakeFiles/auto_aim_interfaces__rosidl_generator_py.dir/rosidl_generator_py/auto_aim_interfaces/msg/_armors_s.c.o[0m
[21.053s] [ 93%] [32m[1mLinking C shared library rosidl_generator_py/auto_aim_interfaces/libauto_aim_interfaces__rosidl_generator_py.so[0m
[21.224s] [ 93%] Built target auto_aim_interfaces__rosidl_generator_py
[21.304s] [ 94%] [32mBuilding C object CMakeFiles/auto_aim_interfaces__rosidl_typesupport_fastrtps_c__pyext.dir/rosidl_generator_py/auto_aim_interfaces/_auto_aim_interfaces_s.ep.rosidl_typesupport_fastrtps_c.c.o[0m
[21.683s] [ 95%] [32m[1mLinking C shared library rosidl_generator_py/auto_aim_interfaces/auto_aim_interfaces_s__rosidl_typesupport_fastrtps_c.cpython-310-x86_64-linux-gnu.so[0m
[21.797s] [ 95%] Built target auto_aim_interfaces__rosidl_typesupport_fastrtps_c__pyext
[21.879s] [ 96%] [32mBuilding C object CMakeFiles/auto_aim_interfaces__rosidl_typesupport_c__pyext.dir/rosidl_generator_py/auto_aim_interfaces/_auto_aim_interfaces_s.ep.rosidl_typesupport_c.c.o[0m
[22.113s] [ 97%] [32m[1mLinking C shared library rosidl_generator_py/auto_aim_interfaces/auto_aim_interfaces_s__rosidl_typesupport_c.cpython-310-x86_64-linux-gnu.so[0m
[22.197s] [ 97%] Built target auto_aim_interfaces__rosidl_typesupport_c__pyext
[22.246s] [ 98%] [32mBuilding C object CMakeFiles/auto_aim_interfaces__rosidl_typesupport_introspection_c__pyext.dir/rosidl_generator_py/auto_aim_interfaces/_auto_aim_interfaces_s.ep.rosidl_typesupport_introspection_c.c.o[0m
[22.486s] [100%] [32m[1mLinking C shared library rosidl_generator_py/auto_aim_interfaces/auto_aim_interfaces_s__rosidl_typesupport_introspection_c.cpython-310-x86_64-linux-gnu.so[0m
[22.558s] [100%] Built target auto_aim_interfaces__rosidl_typesupport_introspection_c__pyext
[22.609s] Invoked command in '/workspaces/auto_sentry/build/auto_aim_interfaces' returned '0': CMAKE_PREFIX_PATH=${CMAKE_PREFIX_PATH}:/opt/ros/humble /usr/bin/cmake --build /workspaces/auto_sentry/build/auto_aim_interfaces -- -j28 -l28
[23.226s] Invoking command in '/workspaces/auto_sentry/build/auto_aim_interfaces': CMAKE_PREFIX_PATH=${CMAKE_PREFIX_PATH}:/opt/ros/humble /usr/bin/cmake --install /workspaces/auto_sentry/build/auto_aim_interfaces
[23.240s] -- Install configuration: ""
[23.241s] -- Execute custom install script
[23.242s] -- Symlinking: /workspaces/auto_sentry/install/auto_aim_interfaces/share/ament_index/resource_index/rosidl_interfaces/auto_aim_interfaces
[23.257s] -- Symlinking: /workspaces/auto_sentry/install/auto_aim_interfaces/include/auto_aim_interfaces/auto_aim_interfaces/msg/armor.h
[23.273s] -- Symlinking: /workspaces/auto_sentry/install/auto_aim_interfaces/include/auto_aim_interfaces/auto_aim_interfaces/msg/armors.h
[23.290s] -- Symlinking: /workspaces/auto_sentry/install/auto_aim_interfaces/include/auto_aim_interfaces/auto_aim_interfaces/msg/debug_armor.h
[23.311s] -- Symlinking: /workspaces/auto_sentry/install/auto_aim_interfaces/include/auto_aim_interfaces/auto_aim_interfaces/msg/debug_armors.h
[23.330s] -- Symlinking: /workspaces/auto_sentry/install/auto_aim_interfaces/include/auto_aim_interfaces/auto_aim_interfaces/msg/debug_light.h
[23.349s] -- Symlinking: /workspaces/auto_sentry/install/auto_aim_interfaces/include/auto_aim_interfaces/auto_aim_interfaces/msg/debug_lights.h
[23.365s] -- Symlinking: /workspaces/auto_sentry/install/auto_aim_interfaces/include/auto_aim_interfaces/auto_aim_interfaces/msg/detail/armor__functions.h
[23.378s] -- Symlinking: /workspaces/auto_sentry/install/auto_aim_interfaces/include/auto_aim_interfaces/auto_aim_interfaces/msg/detail/armor__struct.h
[23.393s] -- Symlinking: /workspaces/auto_sentry/install/auto_aim_interfaces/include/auto_aim_interfaces/auto_aim_interfaces/msg/detail/armor__type_support.h
[23.410s] -- Symlinking: /workspaces/auto_sentry/install/auto_aim_interfaces/include/auto_aim_interfaces/auto_aim_interfaces/msg/detail/armors__functions.h
[23.442s] -- Symlinking: /workspaces/auto_sentry/install/auto_aim_interfaces/include/auto_aim_interfaces/auto_aim_interfaces/msg/detail/armors__struct.h
[23.459s] -- Symlinking: /workspaces/auto_sentry/install/auto_aim_interfaces/include/auto_aim_interfaces/auto_aim_interfaces/msg/detail/armors__type_support.h
[23.477s] -- Symlinking: /workspaces/auto_sentry/install/auto_aim_interfaces/include/auto_aim_interfaces/auto_aim_interfaces/msg/detail/debug_armor__functions.h
[23.494s] -- Symlinking: /workspaces/auto_sentry/install/auto_aim_interfaces/include/auto_aim_interfaces/auto_aim_interfaces/msg/detail/debug_armor__struct.h
[23.507s] -- Symlinking: /workspaces/auto_sentry/install/auto_aim_interfaces/include/auto_aim_interfaces/auto_aim_interfaces/msg/detail/debug_armor__type_support.h
[23.523s] -- Symlinking: /workspaces/auto_sentry/install/auto_aim_interfaces/include/auto_aim_interfaces/auto_aim_interfaces/msg/detail/debug_armors__functions.h
[23.537s] -- Symlinking: /workspaces/auto_sentry/install/auto_aim_interfaces/include/auto_aim_interfaces/auto_aim_interfaces/msg/detail/debug_armors__struct.h
[23.556s] -- Symlinking: /workspaces/auto_sentry/install/auto_aim_interfaces/include/auto_aim_interfaces/auto_aim_interfaces/msg/detail/debug_armors__type_support.h
[23.572s] -- Symlinking: /workspaces/auto_sentry/install/auto_aim_interfaces/include/auto_aim_interfaces/auto_aim_interfaces/msg/detail/debug_light__functions.h
[23.583s] -- Symlinking: /workspaces/auto_sentry/install/auto_aim_interfaces/include/auto_aim_interfaces/auto_aim_interfaces/msg/detail/debug_light__struct.h
[23.599s] -- Symlinking: /workspaces/auto_sentry/install/auto_aim_interfaces/include/auto_aim_interfaces/auto_aim_interfaces/msg/detail/debug_light__type_support.h
[23.612s] -- Symlinking: /workspaces/auto_sentry/install/auto_aim_interfaces/include/auto_aim_interfaces/auto_aim_interfaces/msg/detail/debug_lights__functions.h
[23.628s] -- Symlinking: /workspaces/auto_sentry/install/auto_aim_interfaces/include/auto_aim_interfaces/auto_aim_interfaces/msg/detail/debug_lights__struct.h
[23.644s] -- Symlinking: /workspaces/auto_sentry/install/auto_aim_interfaces/include/auto_aim_interfaces/auto_aim_interfaces/msg/detail/debug_lights__type_support.h
[23.659s] -- Symlinking: /workspaces/auto_sentry/install/auto_aim_interfaces/include/auto_aim_interfaces/auto_aim_interfaces/msg/detail/target__functions.h
[23.678s] -- Symlinking: /workspaces/auto_sentry/install/auto_aim_interfaces/include/auto_aim_interfaces/auto_aim_interfaces/msg/detail/target__struct.h
[23.694s] -- Symlinking: /workspaces/auto_sentry/install/auto_aim_interfaces/include/auto_aim_interfaces/auto_aim_interfaces/msg/detail/target__type_support.h
[23.711s] -- Symlinking: /workspaces/auto_sentry/install/auto_aim_interfaces/include/auto_aim_interfaces/auto_aim_interfaces/msg/detail/tracker_info__functions.h
[23.726s] -- Symlinking: /workspaces/auto_sentry/install/auto_aim_interfaces/include/auto_aim_interfaces/auto_aim_interfaces/msg/detail/tracker_info__struct.h
[23.740s] -- Symlinking: /workspaces/auto_sentry/install/auto_aim_interfaces/include/auto_aim_interfaces/auto_aim_interfaces/msg/detail/tracker_info__type_support.h
[23.755s] -- Symlinking: /workspaces/auto_sentry/install/auto_aim_interfaces/include/auto_aim_interfaces/auto_aim_interfaces/msg/rosidl_generator_c__visibility_control.h
[23.771s] -- Symlinking: /workspaces/auto_sentry/install/auto_aim_interfaces/include/auto_aim_interfaces/auto_aim_interfaces/msg/target.h
[23.788s] -- Symlinking: /workspaces/auto_sentry/install/auto_aim_interfaces/include/auto_aim_interfaces/auto_aim_interfaces/msg/tracker_info.h
[23.808s] -- Symlinking: /workspaces/auto_sentry/install/auto_aim_interfaces/share/auto_aim_interfaces/environment/library_path.sh
[23.822s] -- Symlinking: /workspaces/auto_sentry/install/auto_aim_interfaces/share/auto_aim_interfaces/environment/library_path.dsv
[23.840s] -- Symlinking: /workspaces/auto_sentry/install/auto_aim_interfaces/include/auto_aim_interfaces/auto_aim_interfaces/msg/detail/armor__rosidl_typesupport_fastrtps_c.h
[23.856s] -- Symlinking: /workspaces/auto_sentry/install/auto_aim_interfaces/include/auto_aim_interfaces/auto_aim_interfaces/msg/detail/armors__rosidl_typesupport_fastrtps_c.h
[23.872s] -- Symlinking: /workspaces/auto_sentry/install/auto_aim_interfaces/include/auto_aim_interfaces/auto_aim_interfaces/msg/detail/debug_armor__rosidl_typesupport_fastrtps_c.h
[23.889s] -- Symlinking: /workspaces/auto_sentry/install/auto_aim_interfaces/include/auto_aim_interfaces/auto_aim_interfaces/msg/detail/debug_armors__rosidl_typesupport_fastrtps_c.h
[23.903s] -- Symlinking: /workspaces/auto_sentry/install/auto_aim_interfaces/include/auto_aim_interfaces/auto_aim_interfaces/msg/detail/debug_light__rosidl_typesupport_fastrtps_c.h
[23.920s] -- Symlinking: /workspaces/auto_sentry/install/auto_aim_interfaces/include/auto_aim_interfaces/auto_aim_interfaces/msg/detail/debug_lights__rosidl_typesupport_fastrtps_c.h
[23.933s] -- Symlinking: /workspaces/auto_sentry/install/auto_aim_interfaces/include/auto_aim_interfaces/auto_aim_interfaces/msg/detail/target__rosidl_typesupport_fastrtps_c.h
[23.951s] -- Symlinking: /workspaces/auto_sentry/install/auto_aim_interfaces/include/auto_aim_interfaces/auto_aim_interfaces/msg/detail/tracker_info__rosidl_typesupport_fastrtps_c.h
[23.963s] -- Symlinking: /workspaces/auto_sentry/install/auto_aim_interfaces/include/auto_aim_interfaces/auto_aim_interfaces/msg/rosidl_typesupport_fastrtps_c__visibility_control.h
[23.981s] -- Symlinking: /workspaces/auto_sentry/install/auto_aim_interfaces/include/auto_aim_interfaces/auto_aim_interfaces/msg/detail/armor__rosidl_typesupport_introspection_c.h
[23.995s] -- Symlinking: /workspaces/auto_sentry/install/auto_aim_interfaces/include/auto_aim_interfaces/auto_aim_interfaces/msg/detail/armors__rosidl_typesupport_introspection_c.h
[24.012s] -- Symlinking: /workspaces/auto_sentry/install/auto_aim_interfaces/include/auto_aim_interfaces/auto_aim_interfaces/msg/detail/debug_armor__rosidl_typesupport_introspection_c.h
[24.026s] -- Symlinking: /workspaces/auto_sentry/install/auto_aim_interfaces/include/auto_aim_interfaces/auto_aim_interfaces/msg/detail/debug_armors__rosidl_typesupport_introspection_c.h
[24.040s] -- Symlinking: /workspaces/auto_sentry/install/auto_aim_interfaces/include/auto_aim_interfaces/auto_aim_interfaces/msg/detail/debug_light__rosidl_typesupport_introspection_c.h
[24.058s] -- Symlinking: /workspaces/auto_sentry/install/auto_aim_interfaces/include/auto_aim_interfaces/auto_aim_interfaces/msg/detail/debug_lights__rosidl_typesupport_introspection_c.h
[24.071s] -- Symlinking: /workspaces/auto_sentry/install/auto_aim_interfaces/include/auto_aim_interfaces/auto_aim_interfaces/msg/detail/target__rosidl_typesupport_introspection_c.h
[24.087s] -- Symlinking: /workspaces/auto_sentry/install/auto_aim_interfaces/include/auto_aim_interfaces/auto_aim_interfaces/msg/detail/tracker_info__rosidl_typesupport_introspection_c.h
[24.104s] -- Symlinking: /workspaces/auto_sentry/install/auto_aim_interfaces/include/auto_aim_interfaces/auto_aim_interfaces/msg/rosidl_typesupport_introspection_c__visibility_control.h
[24.123s] -- Symlinking: /workspaces/auto_sentry/install/auto_aim_interfaces/include/auto_aim_interfaces/auto_aim_interfaces/msg/armor.hpp
[24.140s] -- Symlinking: /workspaces/auto_sentry/install/auto_aim_interfaces/include/auto_aim_interfaces/auto_aim_interfaces/msg/armors.hpp
[24.156s] -- Symlinking: /workspaces/auto_sentry/install/auto_aim_interfaces/include/auto_aim_interfaces/auto_aim_interfaces/msg/debug_armor.hpp
[24.172s] -- Symlinking: /workspaces/auto_sentry/install/auto_aim_interfaces/include/auto_aim_interfaces/auto_aim_interfaces/msg/debug_armors.hpp
[24.188s] -- Symlinking: /workspaces/auto_sentry/install/auto_aim_interfaces/include/auto_aim_interfaces/auto_aim_interfaces/msg/debug_light.hpp
[24.202s] -- Symlinking: /workspaces/auto_sentry/install/auto_aim_interfaces/include/auto_aim_interfaces/auto_aim_interfaces/msg/debug_lights.hpp
[24.214s] -- Symlinking: /workspaces/auto_sentry/install/auto_aim_interfaces/include/auto_aim_interfaces/auto_aim_interfaces/msg/detail/armor__builder.hpp
[24.228s] -- Symlinking: /workspaces/auto_sentry/install/auto_aim_interfaces/include/auto_aim_interfaces/auto_aim_interfaces/msg/detail/armor__struct.hpp
[24.244s] -- Symlinking: /workspaces/auto_sentry/install/auto_aim_interfaces/include/auto_aim_interfaces/auto_aim_interfaces/msg/detail/armor__traits.hpp
[24.257s] -- Symlinking: /workspaces/auto_sentry/install/auto_aim_interfaces/include/auto_aim_interfaces/auto_aim_interfaces/msg/detail/armors__builder.hpp
[24.270s] -- Symlinking: /workspaces/auto_sentry/install/auto_aim_interfaces/include/auto_aim_interfaces/auto_aim_interfaces/msg/detail/armors__struct.hpp
[24.286s] -- Symlinking: /workspaces/auto_sentry/install/auto_aim_interfaces/include/auto_aim_interfaces/auto_aim_interfaces/msg/detail/armors__traits.hpp
[24.299s] -- Symlinking: /workspaces/auto_sentry/install/auto_aim_interfaces/include/auto_aim_interfaces/auto_aim_interfaces/msg/detail/debug_armor__builder.hpp
[24.312s] -- Symlinking: /workspaces/auto_sentry/install/auto_aim_interfaces/include/auto_aim_interfaces/auto_aim_interfaces/msg/detail/debug_armor__struct.hpp
[24.325s] -- Symlinking: /workspaces/auto_sentry/install/auto_aim_interfaces/include/auto_aim_interfaces/auto_aim_interfaces/msg/detail/debug_armor__traits.hpp
[24.337s] -- Symlinking: /workspaces/auto_sentry/install/auto_aim_interfaces/include/auto_aim_interfaces/auto_aim_interfaces/msg/detail/debug_armors__builder.hpp
[24.350s] -- Symlinking: /workspaces/auto_sentry/install/auto_aim_interfaces/include/auto_aim_interfaces/auto_aim_interfaces/msg/detail/debug_armors__struct.hpp
[24.362s] -- Symlinking: /workspaces/auto_sentry/install/auto_aim_interfaces/include/auto_aim_interfaces/auto_aim_interfaces/msg/detail/debug_armors__traits.hpp
[24.374s] -- Symlinking: /workspaces/auto_sentry/install/auto_aim_interfaces/include/auto_aim_interfaces/auto_aim_interfaces/msg/detail/debug_light__builder.hpp
[24.388s] -- Symlinking: /workspaces/auto_sentry/install/auto_aim_interfaces/include/auto_aim_interfaces/auto_aim_interfaces/msg/detail/debug_light__struct.hpp
[24.402s] -- Symlinking: /workspaces/auto_sentry/install/auto_aim_interfaces/include/auto_aim_interfaces/auto_aim_interfaces/msg/detail/debug_light__traits.hpp
[24.417s] -- Symlinking: /workspaces/auto_sentry/install/auto_aim_interfaces/include/auto_aim_interfaces/auto_aim_interfaces/msg/detail/debug_lights__builder.hpp
[24.435s] -- Symlinking: /workspaces/auto_sentry/install/auto_aim_interfaces/include/auto_aim_interfaces/auto_aim_interfaces/msg/detail/debug_lights__struct.hpp
[24.447s] -- Symlinking: /workspaces/auto_sentry/install/auto_aim_interfaces/include/auto_aim_interfaces/auto_aim_interfaces/msg/detail/debug_lights__traits.hpp
[24.460s] -- Symlinking: /workspaces/auto_sentry/install/auto_aim_interfaces/include/auto_aim_interfaces/auto_aim_interfaces/msg/detail/target__builder.hpp
[24.476s] -- Symlinking: /workspaces/auto_sentry/install/auto_aim_interfaces/include/auto_aim_interfaces/auto_aim_interfaces/msg/detail/target__struct.hpp
[24.489s] -- Symlinking: /workspaces/auto_sentry/install/auto_aim_interfaces/include/auto_aim_interfaces/auto_aim_interfaces/msg/detail/target__traits.hpp
[24.503s] -- Symlinking: /workspaces/auto_sentry/install/auto_aim_interfaces/include/auto_aim_interfaces/auto_aim_interfaces/msg/detail/tracker_info__builder.hpp
[24.519s] -- Symlinking: /workspaces/auto_sentry/install/auto_aim_interfaces/include/auto_aim_interfaces/auto_aim_interfaces/msg/detail/tracker_info__struct.hpp
[24.533s] -- Symlinking: /workspaces/auto_sentry/install/auto_aim_interfaces/include/auto_aim_interfaces/auto_aim_interfaces/msg/detail/tracker_info__traits.hpp
[24.545s] -- Symlinking: /workspaces/auto_sentry/install/auto_aim_interfaces/include/auto_aim_interfaces/auto_aim_interfaces/msg/target.hpp
[24.557s] -- Symlinking: /workspaces/auto_sentry/install/auto_aim_interfaces/include/auto_aim_interfaces/auto_aim_interfaces/msg/tracker_info.hpp
[24.571s] -- Symlinking: /workspaces/auto_sentry/install/auto_aim_interfaces/include/auto_aim_interfaces/auto_aim_interfaces/msg/detail/armor__rosidl_typesupport_fastrtps_cpp.hpp
[24.583s] -- Symlinking: /workspaces/auto_sentry/install/auto_aim_interfaces/include/auto_aim_interfaces/auto_aim_interfaces/msg/detail/armors__rosidl_typesupport_fastrtps_cpp.hpp
[24.597s] -- Symlinking: /workspaces/auto_sentry/install/auto_aim_interfaces/include/auto_aim_interfaces/auto_aim_interfaces/msg/detail/debug_armor__rosidl_typesupport_fastrtps_cpp.hpp
[24.608s] -- Symlinking: /workspaces/auto_sentry/install/auto_aim_interfaces/include/auto_aim_interfaces/auto_aim_interfaces/msg/detail/debug_armors__rosidl_typesupport_fastrtps_cpp.hpp
[24.620s] -- Symlinking: /workspaces/auto_sentry/install/auto_aim_interfaces/include/auto_aim_interfaces/auto_aim_interfaces/msg/detail/debug_light__rosidl_typesupport_fastrtps_cpp.hpp
[24.635s] -- Symlinking: /workspaces/auto_sentry/install/auto_aim_interfaces/include/auto_aim_interfaces/auto_aim_interfaces/msg/detail/debug_lights__rosidl_typesupport_fastrtps_cpp.hpp
[24.649s] -- Symlinking: /workspaces/auto_sentry/install/auto_aim_interfaces/include/auto_aim_interfaces/auto_aim_interfaces/msg/detail/target__rosidl_typesupport_fastrtps_cpp.hpp
[24.662s] -- Symlinking: /workspaces/auto_sentry/install/auto_aim_interfaces/include/auto_aim_interfaces/auto_aim_interfaces/msg/detail/tracker_info__rosidl_typesupport_fastrtps_cpp.hpp
[24.676s] -- Symlinking: /workspaces/auto_sentry/install/auto_aim_interfaces/include/auto_aim_interfaces/auto_aim_interfaces/msg/rosidl_typesupport_fastrtps_cpp__visibility_control.h
[24.690s] -- Symlinking: /workspaces/auto_sentry/install/auto_aim_interfaces/include/auto_aim_interfaces/auto_aim_interfaces/msg/detail/armor__rosidl_typesupport_introspection_cpp.hpp
[24.706s] -- Symlinking: /workspaces/auto_sentry/install/auto_aim_interfaces/include/auto_aim_interfaces/auto_aim_interfaces/msg/detail/armors__rosidl_typesupport_introspection_cpp.hpp
[24.715s] -- Symlinking: /workspaces/auto_sentry/install/auto_aim_interfaces/include/auto_aim_interfaces/auto_aim_interfaces/msg/detail/debug_armor__rosidl_typesupport_introspection_cpp.hpp
[24.725s] -- Symlinking: /workspaces/auto_sentry/install/auto_aim_interfaces/include/auto_aim_interfaces/auto_aim_interfaces/msg/detail/debug_armors__rosidl_typesupport_introspection_cpp.hpp
[24.736s] -- Symlinking: /workspaces/auto_sentry/install/auto_aim_interfaces/include/auto_aim_interfaces/auto_aim_interfaces/msg/detail/debug_light__rosidl_typesupport_introspection_cpp.hpp
[24.749s] -- Symlinking: /workspaces/auto_sentry/install/auto_aim_interfaces/include/auto_aim_interfaces/auto_aim_interfaces/msg/detail/debug_lights__rosidl_typesupport_introspection_cpp.hpp
[24.760s] -- Symlinking: /workspaces/auto_sentry/install/auto_aim_interfaces/include/auto_aim_interfaces/auto_aim_interfaces/msg/detail/target__rosidl_typesupport_introspection_cpp.hpp
[24.770s] -- Symlinking: /workspaces/auto_sentry/install/auto_aim_interfaces/include/auto_aim_interfaces/auto_aim_interfaces/msg/detail/tracker_info__rosidl_typesupport_introspection_cpp.hpp
[24.782s] -- Symlinking: /workspaces/auto_sentry/install/auto_aim_interfaces/share/auto_aim_interfaces/environment/pythonpath.sh
[24.793s] -- Symlinking: /workspaces/auto_sentry/install/auto_aim_interfaces/share/auto_aim_interfaces/environment/pythonpath.dsv
[24.807s] -- Symlinking: /workspaces/auto_sentry/install/auto_aim_interfaces/local/lib/python3.10/dist-packages/auto_aim_interfaces-0.0.0-py3.10.egg-info/PKG-INFO
[24.819s] -- Symlinking: /workspaces/auto_sentry/install/auto_aim_interfaces/local/lib/python3.10/dist-packages/auto_aim_interfaces-0.0.0-py3.10.egg-info/SOURCES.txt
[24.832s] -- Symlinking: /workspaces/auto_sentry/install/auto_aim_interfaces/local/lib/python3.10/dist-packages/auto_aim_interfaces-0.0.0-py3.10.egg-info/dependency_links.txt
[24.849s] -- Symlinking: /workspaces/auto_sentry/install/auto_aim_interfaces/local/lib/python3.10/dist-packages/auto_aim_interfaces-0.0.0-py3.10.egg-info/top_level.txt
[24.865s] -- Symlinking: /workspaces/auto_sentry/install/auto_aim_interfaces/local/lib/python3.10/dist-packages/auto_aim_interfaces/__init__.py
[24.882s] -- Symlinking: /workspaces/auto_sentry/install/auto_aim_interfaces/local/lib/python3.10/dist-packages/auto_aim_interfaces/_auto_aim_interfaces_s.ep.rosidl_typesupport_c.c
[24.898s] -- Symlinking: /workspaces/auto_sentry/install/auto_aim_interfaces/local/lib/python3.10/dist-packages/auto_aim_interfaces/_auto_aim_interfaces_s.ep.rosidl_typesupport_fastrtps_c.c
[24.915s] -- Symlinking: /workspaces/auto_sentry/install/auto_aim_interfaces/local/lib/python3.10/dist-packages/auto_aim_interfaces/_auto_aim_interfaces_s.ep.rosidl_typesupport_introspection_c.c
[24.934s] -- Symlinking: /workspaces/auto_sentry/install/auto_aim_interfaces/local/lib/python3.10/dist-packages/auto_aim_interfaces/auto_aim_interfaces_s__rosidl_typesupport_c.cpython-310-x86_64-linux-gnu.so
[24.949s] -- Symlinking: /workspaces/auto_sentry/install/auto_aim_interfaces/local/lib/python3.10/dist-packages/auto_aim_interfaces/auto_aim_interfaces_s__rosidl_typesupport_fastrtps_c.cpython-310-x86_64-linux-gnu.so
[24.964s] -- Symlinking: /workspaces/auto_sentry/install/auto_aim_interfaces/local/lib/python3.10/dist-packages/auto_aim_interfaces/auto_aim_interfaces_s__rosidl_typesupport_introspection_c.cpython-310-x86_64-linux-gnu.so
[24.979s] -- Symlinking: /workspaces/auto_sentry/install/auto_aim_interfaces/local/lib/python3.10/dist-packages/auto_aim_interfaces/libauto_aim_interfaces__rosidl_generator_py.so
[24.997s] -- Symlinking: /workspaces/auto_sentry/install/auto_aim_interfaces/local/lib/python3.10/dist-packages/auto_aim_interfaces/msg/__init__.py
[25.012s] -- Symlinking: /workspaces/auto_sentry/install/auto_aim_interfaces/local/lib/python3.10/dist-packages/auto_aim_interfaces/msg/_armor.py
[25.031s] -- Symlinking: /workspaces/auto_sentry/install/auto_aim_interfaces/local/lib/python3.10/dist-packages/auto_aim_interfaces/msg/_armor_s.c
[25.047s] -- Symlinking: /workspaces/auto_sentry/install/auto_aim_interfaces/local/lib/python3.10/dist-packages/auto_aim_interfaces/msg/_armors.py
[25.062s] -- Symlinking: /workspaces/auto_sentry/install/auto_aim_interfaces/local/lib/python3.10/dist-packages/auto_aim_interfaces/msg/_armors_s.c
[25.075s] -- Symlinking: /workspaces/auto_sentry/install/auto_aim_interfaces/local/lib/python3.10/dist-packages/auto_aim_interfaces/msg/_debug_armor.py
[25.088s] -- Symlinking: /workspaces/auto_sentry/install/auto_aim_interfaces/local/lib/python3.10/dist-packages/auto_aim_interfaces/msg/_debug_armor_s.c
[25.099s] -- Symlinking: /workspaces/auto_sentry/install/auto_aim_interfaces/local/lib/python3.10/dist-packages/auto_aim_interfaces/msg/_debug_armors.py
[25.112s] -- Symlinking: /workspaces/auto_sentry/install/auto_aim_interfaces/local/lib/python3.10/dist-packages/auto_aim_interfaces/msg/_debug_armors_s.c
[25.125s] -- Symlinking: /workspaces/auto_sentry/install/auto_aim_interfaces/local/lib/python3.10/dist-packages/auto_aim_interfaces/msg/_debug_light.py
[25.144s] -- Symlinking: /workspaces/auto_sentry/install/auto_aim_interfaces/local/lib/python3.10/dist-packages/auto_aim_interfaces/msg/_debug_light_s.c
[25.161s] -- Symlinking: /workspaces/auto_sentry/install/auto_aim_interfaces/local/lib/python3.10/dist-packages/auto_aim_interfaces/msg/_debug_lights.py
[25.177s] -- Symlinking: /workspaces/auto_sentry/install/auto_aim_interfaces/local/lib/python3.10/dist-packages/auto_aim_interfaces/msg/_debug_lights_s.c
[25.193s] -- Symlinking: /workspaces/auto_sentry/install/auto_aim_interfaces/local/lib/python3.10/dist-packages/auto_aim_interfaces/msg/_target.py
[25.207s] -- Symlinking: /workspaces/auto_sentry/install/auto_aim_interfaces/local/lib/python3.10/dist-packages/auto_aim_interfaces/msg/_target_s.c
[25.221s] -- Symlinking: /workspaces/auto_sentry/install/auto_aim_interfaces/local/lib/python3.10/dist-packages/auto_aim_interfaces/msg/_tracker_info.py
[25.236s] -- Symlinking: /workspaces/auto_sentry/install/auto_aim_interfaces/local/lib/python3.10/dist-packages/auto_aim_interfaces/msg/_tracker_info_s.c
[25.258s] -- Up-to-date symlink: /workspaces/auto_sentry/install/auto_aim_interfaces/local/lib/python3.10/dist-packages/auto_aim_interfaces/auto_aim_interfaces_s__rosidl_typesupport_fastrtps_c.cpython-310-x86_64-linux-gnu.so
[25.258s] -- Up-to-date symlink: /workspaces/auto_sentry/install/auto_aim_interfaces/local/lib/python3.10/dist-packages/auto_aim_interfaces/auto_aim_interfaces_s__rosidl_typesupport_introspection_c.cpython-310-x86_64-linux-gnu.so
[25.258s] -- Up-to-date symlink: /workspaces/auto_sentry/install/auto_aim_interfaces/local/lib/python3.10/dist-packages/auto_aim_interfaces/auto_aim_interfaces_s__rosidl_typesupport_c.cpython-310-x86_64-linux-gnu.so
[25.259s] -- Symlinking: /workspaces/auto_sentry/install/auto_aim_interfaces/share/auto_aim_interfaces/msg/Armor.idl
[25.273s] -- Symlinking: /workspaces/auto_sentry/install/auto_aim_interfaces/share/auto_aim_interfaces/msg/Armors.idl
[25.289s] -- Symlinking: /workspaces/auto_sentry/install/auto_aim_interfaces/share/auto_aim_interfaces/msg/Target.idl
[25.305s] -- Symlinking: /workspaces/auto_sentry/install/auto_aim_interfaces/share/auto_aim_interfaces/msg/DebugLight.idl
[25.320s] -- Symlinking: /workspaces/auto_sentry/install/auto_aim_interfaces/share/auto_aim_interfaces/msg/DebugLights.idl
[25.344s] -- Symlinking: /workspaces/auto_sentry/install/auto_aim_interfaces/share/auto_aim_interfaces/msg/DebugArmor.idl
[25.360s] -- Symlinking: /workspaces/auto_sentry/install/auto_aim_interfaces/share/auto_aim_interfaces/msg/DebugArmors.idl
[25.374s] -- Symlinking: /workspaces/auto_sentry/install/auto_aim_interfaces/share/auto_aim_interfaces/msg/TrackerInfo.idl
[25.392s] -- Symlinking: /workspaces/auto_sentry/install/auto_aim_interfaces/share/auto_aim_interfaces/msg/Armor.msg
[25.410s] -- Symlinking: /workspaces/auto_sentry/install/auto_aim_interfaces/share/auto_aim_interfaces/msg/Armors.msg
[25.431s] -- Symlinking: /workspaces/auto_sentry/install/auto_aim_interfaces/share/auto_aim_interfaces/msg/Target.msg
[25.447s] -- Symlinking: /workspaces/auto_sentry/install/auto_aim_interfaces/share/auto_aim_interfaces/msg/DebugLight.msg
[25.462s] -- Symlinking: /workspaces/auto_sentry/install/auto_aim_interfaces/share/auto_aim_interfaces/msg/DebugLights.msg
[25.478s] -- Symlinking: /workspaces/auto_sentry/install/auto_aim_interfaces/share/auto_aim_interfaces/msg/DebugArmor.msg
[25.493s] -- Symlinking: /workspaces/auto_sentry/install/auto_aim_interfaces/share/auto_aim_interfaces/msg/DebugArmors.msg
[25.509s] -- Symlinking: /workspaces/auto_sentry/install/auto_aim_interfaces/share/auto_aim_interfaces/msg/TrackerInfo.msg
[25.524s] -- Symlinking: /workspaces/auto_sentry/install/auto_aim_interfaces/share/ament_index/resource_index/package_run_dependencies/auto_aim_interfaces
[25.541s] -- Symlinking: /workspaces/auto_sentry/install/auto_aim_interfaces/share/ament_index/resource_index/parent_prefix_path/auto_aim_interfaces
[25.556s] -- Symlinking: /workspaces/auto_sentry/install/auto_aim_interfaces/share/auto_aim_interfaces/environment/ament_prefix_path.sh
[25.571s] -- Symlinking: /workspaces/auto_sentry/install/auto_aim_interfaces/share/auto_aim_interfaces/environment/ament_prefix_path.dsv
[25.588s] -- Symlinking: /workspaces/auto_sentry/install/auto_aim_interfaces/share/auto_aim_interfaces/environment/path.sh
[25.601s] -- Symlinking: /workspaces/auto_sentry/install/auto_aim_interfaces/share/auto_aim_interfaces/environment/path.dsv
[25.614s] -- Symlinking: /workspaces/auto_sentry/install/auto_aim_interfaces/share/auto_aim_interfaces/local_setup.bash
[25.628s] -- Symlinking: /workspaces/auto_sentry/install/auto_aim_interfaces/share/auto_aim_interfaces/local_setup.sh
[25.642s] -- Symlinking: /workspaces/auto_sentry/install/auto_aim_interfaces/share/auto_aim_interfaces/local_setup.zsh
[25.659s] -- Symlinking: /workspaces/auto_sentry/install/auto_aim_interfaces/share/auto_aim_interfaces/local_setup.dsv
[25.674s] -- Symlinking: /workspaces/auto_sentry/install/auto_aim_interfaces/share/auto_aim_interfaces/package.dsv
[25.690s] -- Symlinking: /workspaces/auto_sentry/install/auto_aim_interfaces/share/ament_index/resource_index/packages/auto_aim_interfaces
[25.702s] -- Symlinking: /workspaces/auto_sentry/install/auto_aim_interfaces/share/auto_aim_interfaces/cmake/rosidl_cmake-extras.cmake
[25.718s] -- Symlinking: /workspaces/auto_sentry/install/auto_aim_interfaces/share/auto_aim_interfaces/cmake/ament_cmake_export_dependencies-extras.cmake
[25.735s] -- Symlinking: /workspaces/auto_sentry/install/auto_aim_interfaces/share/auto_aim_interfaces/cmake/ament_cmake_export_include_directories-extras.cmake
[25.751s] -- Symlinking: /workspaces/auto_sentry/install/auto_aim_interfaces/share/auto_aim_interfaces/cmake/ament_cmake_export_libraries-extras.cmake
[25.766s] -- Symlinking: /workspaces/auto_sentry/install/auto_aim_interfaces/share/auto_aim_interfaces/cmake/ament_cmake_export_targets-extras.cmake
[25.776s] -- Symlinking: /workspaces/auto_sentry/install/auto_aim_interfaces/share/auto_aim_interfaces/cmake/rosidl_cmake_export_typesupport_targets-extras.cmake
[25.791s] -- Symlinking: /workspaces/auto_sentry/install/auto_aim_interfaces/share/auto_aim_interfaces/cmake/rosidl_cmake_export_typesupport_libraries-extras.cmake
[25.807s] -- Symlinking: /workspaces/auto_sentry/install/auto_aim_interfaces/share/auto_aim_interfaces/cmake/auto_aim_interfacesConfig.cmake
[25.819s] -- Symlinking: /workspaces/auto_sentry/install/auto_aim_interfaces/share/auto_aim_interfaces/cmake/auto_aim_interfacesConfig-version.cmake
[25.835s] -- Symlinking: /workspaces/auto_sentry/install/auto_aim_interfaces/share/auto_aim_interfaces/package.xml
[25.851s] -- Installing: /workspaces/auto_sentry/install/auto_aim_interfaces/lib/libauto_aim_interfaces__rosidl_generator_c.so
[25.852s] -- Set runtime path of "/workspaces/auto_sentry/install/auto_aim_interfaces/lib/libauto_aim_interfaces__rosidl_generator_c.so" to ""
[25.852s] -- Installing: /workspaces/auto_sentry/install/auto_aim_interfaces/lib/libauto_aim_interfaces__rosidl_typesupport_fastrtps_c.so
[25.853s] -- Set runtime path of "/workspaces/auto_sentry/install/auto_aim_interfaces/lib/libauto_aim_interfaces__rosidl_typesupport_fastrtps_c.so" to ""
[25.853s] -- Installing: /workspaces/auto_sentry/install/auto_aim_interfaces/lib/libauto_aim_interfaces__rosidl_typesupport_introspection_c.so
[25.854s] -- Set runtime path of "/workspaces/auto_sentry/install/auto_aim_interfaces/lib/libauto_aim_interfaces__rosidl_typesupport_introspection_c.so" to ""
[25.854s] -- Installing: /workspaces/auto_sentry/install/auto_aim_interfaces/lib/libauto_aim_interfaces__rosidl_typesupport_c.so
[25.854s] -- Set runtime path of "/workspaces/auto_sentry/install/auto_aim_interfaces/lib/libauto_aim_interfaces__rosidl_typesupport_c.so" to ""
[25.854s] -- Installing: /workspaces/auto_sentry/install/auto_aim_interfaces/lib/libauto_aim_interfaces__rosidl_typesupport_fastrtps_cpp.so
[25.856s] -- Set runtime path of "/workspaces/auto_sentry/install/auto_aim_interfaces/lib/libauto_aim_interfaces__rosidl_typesupport_fastrtps_cpp.so" to ""
[25.856s] -- Installing: /workspaces/auto_sentry/install/auto_aim_interfaces/lib/libauto_aim_interfaces__rosidl_typesupport_introspection_cpp.so
[25.856s] -- Set runtime path of "/workspaces/auto_sentry/install/auto_aim_interfaces/lib/libauto_aim_interfaces__rosidl_typesupport_introspection_cpp.so" to ""
[25.856s] -- Installing: /workspaces/auto_sentry/install/auto_aim_interfaces/lib/libauto_aim_interfaces__rosidl_typesupport_cpp.so
[25.858s] -- Set runtime path of "/workspaces/auto_sentry/install/auto_aim_interfaces/lib/libauto_aim_interfaces__rosidl_typesupport_cpp.so" to ""
[25.938s] Listing '/workspaces/auto_sentry/install/auto_aim_interfaces/local/lib/python3.10/dist-packages/auto_aim_interfaces'...
[25.938s] Compiling '/workspaces/auto_sentry/install/auto_aim_interfaces/local/lib/python3.10/dist-packages/auto_aim_interfaces/__init__.py'...
[25.938s] Listing '/workspaces/auto_sentry/install/auto_aim_interfaces/local/lib/python3.10/dist-packages/auto_aim_interfaces/msg'...
[25.938s] Compiling '/workspaces/auto_sentry/install/auto_aim_interfaces/local/lib/python3.10/dist-packages/auto_aim_interfaces/msg/__init__.py'...
[25.938s] Compiling '/workspaces/auto_sentry/install/auto_aim_interfaces/local/lib/python3.10/dist-packages/auto_aim_interfaces/msg/_armor.py'...
[25.938s] Compiling '/workspaces/auto_sentry/install/auto_aim_interfaces/local/lib/python3.10/dist-packages/auto_aim_interfaces/msg/_armors.py'...
[25.938s] Compiling '/workspaces/auto_sentry/install/auto_aim_interfaces/local/lib/python3.10/dist-packages/auto_aim_interfaces/msg/_debug_armor.py'...
[25.938s] Compiling '/workspaces/auto_sentry/install/auto_aim_interfaces/local/lib/python3.10/dist-packages/auto_aim_interfaces/msg/_debug_armors.py'...
[25.938s] Compiling '/workspaces/auto_sentry/install/auto_aim_interfaces/local/lib/python3.10/dist-packages/auto_aim_interfaces/msg/_debug_light.py'...
[25.939s] Compiling '/workspaces/auto_sentry/install/auto_aim_interfaces/local/lib/python3.10/dist-packages/auto_aim_interfaces/msg/_debug_lights.py'...
[25.939s] Compiling '/workspaces/auto_sentry/install/auto_aim_interfaces/local/lib/python3.10/dist-packages/auto_aim_interfaces/msg/_target.py'...
[25.939s] Compiling '/workspaces/auto_sentry/install/auto_aim_interfaces/local/lib/python3.10/dist-packages/auto_aim_interfaces/msg/_tracker_info.py'...
[25.948s] -- Installing: /workspaces/auto_sentry/install/auto_aim_interfaces/lib/libauto_aim_interfaces__rosidl_generator_py.so
[25.948s] -- Set runtime path of "/workspaces/auto_sentry/install/auto_aim_interfaces/lib/libauto_aim_interfaces__rosidl_generator_py.so" to ""
[25.948s] -- Installing: /workspaces/auto_sentry/install/auto_aim_interfaces/share/auto_aim_interfaces/cmake/export_auto_aim_interfaces__rosidl_generator_cExport.cmake
[25.949s] -- Installing: /workspaces/auto_sentry/install/auto_aim_interfaces/share/auto_aim_interfaces/cmake/export_auto_aim_interfaces__rosidl_generator_cExport-noconfig.cmake
[25.950s] -- Installing: /workspaces/auto_sentry/install/auto_aim_interfaces/share/auto_aim_interfaces/cmake/export_auto_aim_interfaces__rosidl_typesupport_fastrtps_cExport.cmake
[25.950s] -- Installing: /workspaces/auto_sentry/install/auto_aim_interfaces/share/auto_aim_interfaces/cmake/export_auto_aim_interfaces__rosidl_typesupport_fastrtps_cExport-noconfig.cmake
[25.951s] -- Installing: /workspaces/auto_sentry/install/auto_aim_interfaces/share/auto_aim_interfaces/cmake/auto_aim_interfaces__rosidl_typesupport_introspection_cExport.cmake
[25.952s] -- Installing: /workspaces/auto_sentry/install/auto_aim_interfaces/share/auto_aim_interfaces/cmake/auto_aim_interfaces__rosidl_typesupport_introspection_cExport-noconfig.cmake
[25.952s] -- Installing: /workspaces/auto_sentry/install/auto_aim_interfaces/share/auto_aim_interfaces/cmake/auto_aim_interfaces__rosidl_typesupport_cExport.cmake
[25.953s] -- Installing: /workspaces/auto_sentry/install/auto_aim_interfaces/share/auto_aim_interfaces/cmake/auto_aim_interfaces__rosidl_typesupport_cExport-noconfig.cmake
[25.953s] -- Installing: /workspaces/auto_sentry/install/auto_aim_interfaces/share/auto_aim_interfaces/cmake/export_auto_aim_interfaces__rosidl_generator_cppExport.cmake
[25.954s] -- Installing: /workspaces/auto_sentry/install/auto_aim_interfaces/share/auto_aim_interfaces/cmake/export_auto_aim_interfaces__rosidl_typesupport_fastrtps_cppExport.cmake
[25.954s] -- Installing: /workspaces/auto_sentry/install/auto_aim_interfaces/share/auto_aim_interfaces/cmake/export_auto_aim_interfaces__rosidl_typesupport_fastrtps_cppExport-noconfig.cmake
[25.954s] -- Installing: /workspaces/auto_sentry/install/auto_aim_interfaces/share/auto_aim_interfaces/cmake/auto_aim_interfaces__rosidl_typesupport_introspection_cppExport.cmake
[25.955s] -- Installing: /workspaces/auto_sentry/install/auto_aim_interfaces/share/auto_aim_interfaces/cmake/auto_aim_interfaces__rosidl_typesupport_introspection_cppExport-noconfig.cmake
[25.955s] -- Installing: /workspaces/auto_sentry/install/auto_aim_interfaces/share/auto_aim_interfaces/cmake/auto_aim_interfaces__rosidl_typesupport_cppExport.cmake
[25.956s] -- Installing: /workspaces/auto_sentry/install/auto_aim_interfaces/share/auto_aim_interfaces/cmake/auto_aim_interfaces__rosidl_typesupport_cppExport-noconfig.cmake
[25.956s] -- Installing: /workspaces/auto_sentry/install/auto_aim_interfaces/share/auto_aim_interfaces/cmake/export_auto_aim_interfaces__rosidl_generator_pyExport.cmake
[25.957s] -- Installing: /workspaces/auto_sentry/install/auto_aim_interfaces/share/auto_aim_interfaces/cmake/export_auto_aim_interfaces__rosidl_generator_pyExport-noconfig.cmake
[25.960s] Invoked command in '/workspaces/auto_sentry/build/auto_aim_interfaces' returned '0': CMAKE_PREFIX_PATH=${CMAKE_PREFIX_PATH}:/opt/ros/humble /usr/bin/cmake --install /workspaces/auto_sentry/build/auto_aim_interfaces
