[0.018s] Invoking command in '/workspaces/auto_sentry/build/rm_behavior_tree': AMENT_PREFIX_PATH=/workspaces/auto_sentry/install/behaviortree_ros2:/workspaces/auto_sentry/install/rm_decision_interfaces:/workspaces/auto_sentry/install/behaviortree_cpp:/workspaces/auto_sentry/install/auto_aim_interfaces:${AMENT_PREFIX_PATH} CMAKE_PREFIX_PATH=/workspaces/auto_sentry/install/behaviortree_ros2:/workspaces/auto_sentry/install/rm_decision_interfaces:/workspaces/auto_sentry/install/behaviortree_cpp:/workspaces/auto_sentry/install/auto_aim_interfaces:/opt/ros/humble LD_LIBRARY_PATH=/workspaces/auto_sentry/install/rm_decision_interfaces/lib:/workspaces/auto_sentry/install/behaviortree_cpp/lib:/workspaces/auto_sentry/install/auto_aim_interfaces/lib:${LD_LIBRARY_PATH} PATH=/workspaces/auto_sentry/install/behaviortree_cpp/bin:${PATH} PYTHONPATH=/workspaces/auto_sentry/install/rm_decision_interfaces/local/lib/python3.10/dist-packages:/workspaces/auto_sentry/install/auto_aim_interfaces/local/lib/python3.10/dist-packages:${PYTHONPATH} /usr/bin/cmake --build /workspaces/auto_sentry/build/rm_behavior_tree -- -j28 -l28
[0.039s] -- Found ament_cmake_auto: 1.3.9 (/opt/ros/humble/share/ament_cmake_auto/cmake)
[0.125s] -- Override CMake install command with custom implementation using symlinks instead of copying resources
[0.200s] -- Found rosidl_generator_c: 3.1.5 (/opt/ros/humble/share/rosidl_generator_c/cmake)
[0.202s] -- Found rosidl_adapter: 3.1.5 (/opt/ros/humble/share/rosidl_adapter/cmake)
[0.206s] -- Found rosidl_generator_cpp: 3.1.5 (/opt/ros/humble/share/rosidl_generator_cpp/cmake)
[0.213s] -- Using all available rosidl_typesupport_c: rosidl_typesupport_fastrtps_c;rosidl_typesupport_introspection_c
[0.224s] -- Using all available rosidl_typesupport_cpp: rosidl_typesupport_fastrtps_cpp;rosidl_typesupport_introspection_cpp
[0.262s] -- Found rmw_implementation_cmake: 6.1.2 (/opt/ros/humble/share/rmw_implementation_cmake/cmake)
[0.263s] -- Found rmw_fastrtps_cpp: 6.2.6 (/opt/ros/humble/share/rmw_fastrtps_cpp/cmake)
[0.365s] -- Using RMW implementation 'rmw_fastrtps_cpp' as default
[1.873s] -- Configuring done
[2.292s] -- Generating done
[2.295s] -- Build files have been written to: /workspaces/auto_sentry/build/rm_behavior_tree
[2.318s] [35m[1mConsolidate compiler generated dependencies of target decision_switch[0m
[2.318s] [35m[1mConsolidate compiler generated dependencies of target rm_behavior_tree[0m
[2.336s] [  2%] [32mBuilding CXX object CMakeFiles/decision_switch.dir/plugins/control/decision_switch.cpp.o[0m
[2.339s] [  4%] [32m[1mLinking CXX executable rm_behavior_tree[0m
[2.484s] [  7%] Built target rm_behavior_tree
[5.162s] [  9%] [32m[1mLinking CXX shared library libdecision_switch.so[0m
[5.290s] [  9%] Built target decision_switch
[5.300s] [35m[1mConsolidate compiler generated dependencies of target rate_controller[0m
[5.320s] [ 11%] [32m[1mLinking CXX shared library librate_controller.so[0m
[5.450s] [ 14%] Built target rate_controller
[5.461s] [35m[1mConsolidate compiler generated dependencies of target is_game_time[0m
[5.481s] [ 16%] [32mBuilding CXX object CMakeFiles/is_game_time.dir/plugins/condition/is_game_time.cpp.o[0m
[7.181s] [ 19%] [32m[1mLinking CXX shared library libis_game_time.so[0m
[7.340s] [ 19%] Built target is_game_time
[7.350s] [35m[1mConsolidate compiler generated dependencies of target is_status_ok[0m
[7.371s] [ 21%] [32mBuilding CXX object CMakeFiles/is_status_ok.dir/plugins/condition/is_status_ok.cpp.o[0m
[9.076s] [ 23%] [32m[1mLinking CXX shared library libis_status_ok.so[0m
[9.244s] [ 23%] Built target is_status_ok
[9.253s] [35m[1mConsolidate compiler generated dependencies of target is_attacked[0m
[9.271s] [ 26%] [32mBuilding CXX object CMakeFiles/is_attacked.dir/plugins/condition/is_attacked.cpp.o[0m
[10.941s] [ 28%] [32m[1mLinking CXX shared library libis_attacked.so[0m
[11.096s] [ 28%] Built target is_attacked
[11.105s] [35m[1mConsolidate compiler generated dependencies of target is_friend_ok[0m
[11.121s] [ 30%] [32mBuilding CXX object CMakeFiles/is_friend_ok.dir/plugins/condition/is_friend_ok.cpp.o[0m
[12.827s] [ 33%] [32m[1mLinking CXX shared library libis_friend_ok.so[0m
[12.988s] [ 33%] Built target is_friend_ok
[12.996s] [35m[1mConsolidate compiler generated dependencies of target is_outpost_ok[0m
[13.014s] [ 35%] [32mBuilding CXX object CMakeFiles/is_outpost_ok.dir/plugins/condition/is_outpost_ok.cpp.o[0m
[14.789s] [ 38%] [32m[1mLinking CXX shared library libis_outpost_ok.so[0m
[14.956s] [ 38%] Built target is_outpost_ok
[14.965s] [35m[1mConsolidate compiler generated dependencies of target is_detect_enemy[0m
[14.984s] [ 40%] [32m[1mLinking CXX shared library libis_detect_enemy.so[0m
[15.158s] [ 42%] Built target is_detect_enemy
[15.167s] [35m[1mConsolidate compiler generated dependencies of target send_goal[0m
[15.190s] [ 45%] [32m[1mLinking CXX shared library libsend_goal.so[0m
[15.472s] [ 47%] Built target send_goal
[15.481s] [35m[1mConsolidate compiler generated dependencies of target sub_all_robot_hp[0m
[15.507s] [ 50%] [32mBuilding CXX object CMakeFiles/sub_all_robot_hp.dir/plugins/action/sub_all_robot_hp.cpp.o[0m
[22.680s] [ 52%] [32m[1mLinking CXX shared library libsub_all_robot_hp.so[0m
[23.209s] [ 52%] Built target sub_all_robot_hp
[23.236s] [ 54%] [32mBuilding CXX object CMakeFiles/sub_ally_robot_hp.dir/plugins/action/sub_ally_robot_hp.cpp.o[0m
[30.409s] [ 57%] [32m[1mLinking CXX shared library libsub_ally_robot_hp.so[0m
[30.952s] [ 57%] Built target sub_ally_robot_hp
[30.965s] [35m[1mConsolidate compiler generated dependencies of target sub_robot_status[0m
[30.993s] [ 59%] [32mBuilding CXX object CMakeFiles/sub_robot_status.dir/plugins/action/sub_robot_status.cpp.o[0m
[38.192s] [ 61%] [32m[1mLinking CXX shared library libsub_robot_status.so[0m
[38.733s] [ 61%] Built target sub_robot_status
[38.745s] [35m[1mConsolidate compiler generated dependencies of target sub_game_status[0m
[38.770s] [ 64%] [32mBuilding CXX object CMakeFiles/sub_game_status.dir/plugins/action/sub_game_status.cpp.o[0m
[45.924s] [ 66%] [32m[1mLinking CXX shared library libsub_game_status.so[0m
[46.487s] [ 66%] Built target sub_game_status
[46.498s] [35m[1mConsolidate compiler generated dependencies of target sub_armors[0m
[46.532s] [ 69%] [32m[1mLinking CXX shared library libsub_armors.so[0m
[47.092s] [ 71%] Built target sub_armors
[47.103s] [35m[1mConsolidate compiler generated dependencies of target sub_decision_num[0m
[47.128s] [ 73%] [32mBuilding CXX object CMakeFiles/sub_decision_num.dir/plugins/action/sub_decision_num.cpp.o[0m
[54.342s] [ 76%] [32m[1mLinking CXX shared library libsub_decision_num.so[0m
[54.904s] [ 76%] Built target sub_decision_num
[54.914s] [35m[1mConsolidate compiler generated dependencies of target get_current_location[0m
[54.931s] [ 78%] [32m[1mLinking CXX shared library libget_current_location.so[0m
[55.202s] [ 80%] Built target get_current_location
[55.216s] [35m[1mConsolidate compiler generated dependencies of target move_around[0m
[55.236s] [ 83%] [32m[1mLinking CXX shared library libmove_around.so[0m
[55.566s] [ 85%] Built target move_around
[55.577s] [35m[1mConsolidate compiler generated dependencies of target robot_control[0m
[55.592s] [ 88%] [32mBuilding CXX object CMakeFiles/robot_control.dir/plugins/action/robot_control.cpp.o[0m
[59.330s] [ 90%] [32m[1mLinking CXX shared library librobot_control.so[0m
[59.639s] [ 90%] Built target robot_control
[59.648s] [35m[1mConsolidate compiler generated dependencies of target print_message[0m
[59.670s] [ 92%] [32m[1mLinking CXX shared library libprint_message.so[0m
[59.921s] [ 95%] Built target print_message
[59.942s] [35m[1mConsolidate compiler generated dependencies of target hp_decision_patrol[0m
[59.973s] [ 97%] [32mBuilding CXX object CMakeFiles/hp_decision_patrol.dir/plugins/action/hp_decision_patrol.cpp.o[0m
[63.012s] [100%] [32m[1mLinking CXX shared library libhp_decision_patrol.so[0m
[63.215s] [100%] Built target hp_decision_patrol
[63.224s] Invoked command in '/workspaces/auto_sentry/build/rm_behavior_tree' returned '0': AMENT_PREFIX_PATH=/workspaces/auto_sentry/install/behaviortree_ros2:/workspaces/auto_sentry/install/rm_decision_interfaces:/workspaces/auto_sentry/install/behaviortree_cpp:/workspaces/auto_sentry/install/auto_aim_interfaces:${AMENT_PREFIX_PATH} CMAKE_PREFIX_PATH=/workspaces/auto_sentry/install/behaviortree_ros2:/workspaces/auto_sentry/install/rm_decision_interfaces:/workspaces/auto_sentry/install/behaviortree_cpp:/workspaces/auto_sentry/install/auto_aim_interfaces:/opt/ros/humble LD_LIBRARY_PATH=/workspaces/auto_sentry/install/rm_decision_interfaces/lib:/workspaces/auto_sentry/install/behaviortree_cpp/lib:/workspaces/auto_sentry/install/auto_aim_interfaces/lib:${LD_LIBRARY_PATH} PATH=/workspaces/auto_sentry/install/behaviortree_cpp/bin:${PATH} PYTHONPATH=/workspaces/auto_sentry/install/rm_decision_interfaces/local/lib/python3.10/dist-packages:/workspaces/auto_sentry/install/auto_aim_interfaces/local/lib/python3.10/dist-packages:${PYTHONPATH} /usr/bin/cmake --build /workspaces/auto_sentry/build/rm_behavior_tree -- -j28 -l28
[63.386s] Invoking command in '/workspaces/auto_sentry/build/rm_behavior_tree': AMENT_PREFIX_PATH=/workspaces/auto_sentry/install/behaviortree_ros2:/workspaces/auto_sentry/install/rm_decision_interfaces:/workspaces/auto_sentry/install/behaviortree_cpp:/workspaces/auto_sentry/install/auto_aim_interfaces:${AMENT_PREFIX_PATH} CMAKE_PREFIX_PATH=/workspaces/auto_sentry/install/behaviortree_ros2:/workspaces/auto_sentry/install/rm_decision_interfaces:/workspaces/auto_sentry/install/behaviortree_cpp:/workspaces/auto_sentry/install/auto_aim_interfaces:/opt/ros/humble LD_LIBRARY_PATH=/workspaces/auto_sentry/install/rm_decision_interfaces/lib:/workspaces/auto_sentry/install/behaviortree_cpp/lib:/workspaces/auto_sentry/install/auto_aim_interfaces/lib:${LD_LIBRARY_PATH} PATH=/workspaces/auto_sentry/install/behaviortree_cpp/bin:${PATH} PYTHONPATH=/workspaces/auto_sentry/install/rm_decision_interfaces/local/lib/python3.10/dist-packages:/workspaces/auto_sentry/install/auto_aim_interfaces/local/lib/python3.10/dist-packages:${PYTHONPATH} /usr/bin/cmake --install /workspaces/auto_sentry/build/rm_behavior_tree
[63.395s] -- Install configuration: ""
[63.396s] -- Execute custom install script
[63.397s] -- Up-to-date symlink: /workspaces/auto_sentry/install/rm_behavior_tree/include/rm_behavior_tree/bt_conversions.hpp
[63.397s] -- Up-to-date symlink: /workspaces/auto_sentry/install/rm_behavior_tree/include/rm_behavior_tree/plugins/action/get_current_location.hpp
[63.397s] -- Symlinking: /workspaces/auto_sentry/install/rm_behavior_tree/include/rm_behavior_tree/plugins/action/hp_decision_patrol.hpp
[63.408s] -- Up-to-date symlink: /workspaces/auto_sentry/install/rm_behavior_tree/include/rm_behavior_tree/plugins/action/move_around.hpp
[63.408s] -- Up-to-date symlink: /workspaces/auto_sentry/install/rm_behavior_tree/include/rm_behavior_tree/plugins/action/print_message.hpp
[63.408s] -- Up-to-date symlink: /workspaces/auto_sentry/install/rm_behavior_tree/include/rm_behavior_tree/plugins/action/robot_control.hpp
[63.408s] -- Up-to-date symlink: /workspaces/auto_sentry/install/rm_behavior_tree/include/rm_behavior_tree/plugins/action/send_goal.hpp
[63.408s] -- Up-to-date symlink: /workspaces/auto_sentry/install/rm_behavior_tree/include/rm_behavior_tree/plugins/action/sub_all_robot_hp.hpp
[63.409s] -- Symlinking: /workspaces/auto_sentry/install/rm_behavior_tree/include/rm_behavior_tree/plugins/action/sub_ally_robot_hp.hpp
[63.417s] -- Up-to-date symlink: /workspaces/auto_sentry/install/rm_behavior_tree/include/rm_behavior_tree/plugins/action/sub_armors.hpp
[63.418s] -- Up-to-date symlink: /workspaces/auto_sentry/install/rm_behavior_tree/include/rm_behavior_tree/plugins/action/sub_decision_num.hpp
[63.418s] -- Up-to-date symlink: /workspaces/auto_sentry/install/rm_behavior_tree/include/rm_behavior_tree/plugins/action/sub_game_status.hpp
[63.418s] -- Up-to-date symlink: /workspaces/auto_sentry/install/rm_behavior_tree/include/rm_behavior_tree/plugins/action/sub_robot_status.hpp
[63.418s] -- Up-to-date symlink: /workspaces/auto_sentry/install/rm_behavior_tree/include/rm_behavior_tree/plugins/condition/is_attacked.hpp
[63.418s] -- Up-to-date symlink: /workspaces/auto_sentry/install/rm_behavior_tree/include/rm_behavior_tree/plugins/condition/is_detect_enemy.hpp
[63.418s] -- Up-to-date symlink: /workspaces/auto_sentry/install/rm_behavior_tree/include/rm_behavior_tree/plugins/condition/is_friend_ok.hpp
[63.418s] -- Up-to-date symlink: /workspaces/auto_sentry/install/rm_behavior_tree/include/rm_behavior_tree/plugins/condition/is_game_time.hpp
[63.418s] -- Up-to-date symlink: /workspaces/auto_sentry/install/rm_behavior_tree/include/rm_behavior_tree/plugins/condition/is_outpost_ok.hpp
[63.418s] -- Up-to-date symlink: /workspaces/auto_sentry/install/rm_behavior_tree/include/rm_behavior_tree/plugins/condition/is_status_ok.hpp
[63.418s] -- Up-to-date symlink: /workspaces/auto_sentry/install/rm_behavior_tree/include/rm_behavior_tree/plugins/control/decision_switch.hpp
[63.418s] -- Up-to-date symlink: /workspaces/auto_sentry/install/rm_behavior_tree/include/rm_behavior_tree/plugins/decorator/rate_controller.hpp
[63.418s] -- Up-to-date symlink: /workspaces/auto_sentry/install/rm_behavior_tree/include/rm_behavior_tree/rm_behavior_tree.h
[63.418s] -- Up-to-date symlink: /workspaces/auto_sentry/install/rm_behavior_tree/share/rm_behavior_tree/environment/library_path.sh
[63.419s] -- Up-to-date symlink: /workspaces/auto_sentry/install/rm_behavior_tree/share/rm_behavior_tree/environment/library_path.dsv
[63.419s] -- Up-to-date symlink: /workspaces/auto_sentry/install/rm_behavior_tree/lib/libdecision_switch.so
[63.419s] -- Up-to-date symlink: /workspaces/auto_sentry/install/rm_behavior_tree/lib/librate_controller.so
[63.419s] -- Up-to-date symlink: /workspaces/auto_sentry/install/rm_behavior_tree/lib/libis_game_time.so
[63.419s] -- Up-to-date symlink: /workspaces/auto_sentry/install/rm_behavior_tree/lib/libis_status_ok.so
[63.419s] -- Up-to-date symlink: /workspaces/auto_sentry/install/rm_behavior_tree/lib/libis_attacked.so
[63.419s] -- Up-to-date symlink: /workspaces/auto_sentry/install/rm_behavior_tree/lib/libis_friend_ok.so
[63.419s] -- Up-to-date symlink: /workspaces/auto_sentry/install/rm_behavior_tree/lib/libis_outpost_ok.so
[63.419s] -- Up-to-date symlink: /workspaces/auto_sentry/install/rm_behavior_tree/lib/libis_detect_enemy.so
[63.419s] -- Up-to-date symlink: /workspaces/auto_sentry/install/rm_behavior_tree/lib/libsend_goal.so
[63.419s] -- Up-to-date symlink: /workspaces/auto_sentry/install/rm_behavior_tree/lib/libsub_all_robot_hp.so
[63.419s] -- Symlinking: /workspaces/auto_sentry/install/rm_behavior_tree/lib/libsub_ally_robot_hp.so
[63.431s] -- Up-to-date symlink: /workspaces/auto_sentry/install/rm_behavior_tree/lib/libsub_robot_status.so
[63.431s] -- Up-to-date symlink: /workspaces/auto_sentry/install/rm_behavior_tree/lib/libsub_game_status.so
[63.431s] -- Up-to-date symlink: /workspaces/auto_sentry/install/rm_behavior_tree/lib/libsub_armors.so
[63.431s] -- Up-to-date symlink: /workspaces/auto_sentry/install/rm_behavior_tree/lib/libsub_decision_num.so
[63.431s] -- Up-to-date symlink: /workspaces/auto_sentry/install/rm_behavior_tree/lib/libget_current_location.so
[63.431s] -- Up-to-date symlink: /workspaces/auto_sentry/install/rm_behavior_tree/lib/libmove_around.so
[63.432s] -- Up-to-date symlink: /workspaces/auto_sentry/install/rm_behavior_tree/lib/librobot_control.so
[63.432s] -- Up-to-date symlink: /workspaces/auto_sentry/install/rm_behavior_tree/lib/libprint_message.so
[63.432s] -- Symlinking: /workspaces/auto_sentry/install/rm_behavior_tree/lib/libhp_decision_patrol.so
[63.441s] -- Up-to-date symlink: /workspaces/auto_sentry/install/rm_behavior_tree/lib/rm_behavior_tree/rm_behavior_tree
[63.441s] -- Up-to-date symlink: /workspaces/auto_sentry/install/rm_behavior_tree/share/rm_behavior_tree/launch/rm_behavior_tree.launch.py
[63.442s] -- Up-to-date symlink: /workspaces/auto_sentry/install/rm_behavior_tree/share/rm_behavior_tree/config/Project.btproj
[63.442s] -- Up-to-date symlink: /workspaces/auto_sentry/install/rm_behavior_tree/share/rm_behavior_tree/config/attack_left.xml
[63.442s] -- Up-to-date symlink: /workspaces/auto_sentry/install/rm_behavior_tree/share/rm_behavior_tree/config/attack_right.xml
[63.442s] -- Up-to-date symlink: /workspaces/auto_sentry/install/rm_behavior_tree/share/rm_behavior_tree/config/decision_switch_test.xml
[63.442s] -- Symlinking: /workspaces/auto_sentry/install/rm_behavior_tree/share/rm_behavior_tree/config/hp_patrol_test.xml
[63.452s] -- Up-to-date symlink: /workspaces/auto_sentry/install/rm_behavior_tree/share/rm_behavior_tree/config/protect_supply.xml
[63.453s] -- Up-to-date symlink: /workspaces/auto_sentry/install/rm_behavior_tree/share/rm_behavior_tree/config/retreat_attack_left.xml
[63.453s] -- Up-to-date symlink: /workspaces/auto_sentry/install/rm_behavior_tree/share/rm_behavior_tree/config/rmuc_01.xml
[63.453s] -- Up-to-date symlink: /workspaces/auto_sentry/install/rm_behavior_tree/share/ament_index/resource_index/package_run_dependencies/rm_behavior_tree
[63.453s] -- Up-to-date symlink: /workspaces/auto_sentry/install/rm_behavior_tree/share/ament_index/resource_index/parent_prefix_path/rm_behavior_tree
[63.453s] -- Up-to-date symlink: /workspaces/auto_sentry/install/rm_behavior_tree/share/rm_behavior_tree/environment/ament_prefix_path.sh
[63.453s] -- Up-to-date symlink: /workspaces/auto_sentry/install/rm_behavior_tree/share/rm_behavior_tree/environment/ament_prefix_path.dsv
[63.453s] -- Up-to-date symlink: /workspaces/auto_sentry/install/rm_behavior_tree/share/rm_behavior_tree/environment/path.sh
[63.453s] -- Up-to-date symlink: /workspaces/auto_sentry/install/rm_behavior_tree/share/rm_behavior_tree/environment/path.dsv
[63.453s] -- Up-to-date symlink: /workspaces/auto_sentry/install/rm_behavior_tree/share/rm_behavior_tree/local_setup.bash
[63.453s] -- Up-to-date symlink: /workspaces/auto_sentry/install/rm_behavior_tree/share/rm_behavior_tree/local_setup.sh
[63.453s] -- Up-to-date symlink: /workspaces/auto_sentry/install/rm_behavior_tree/share/rm_behavior_tree/local_setup.zsh
[63.454s] -- Up-to-date symlink: /workspaces/auto_sentry/install/rm_behavior_tree/share/rm_behavior_tree/local_setup.dsv
[63.454s] -- Symlinking: /workspaces/auto_sentry/install/rm_behavior_tree/share/rm_behavior_tree/package.dsv
[63.464s] -- Up-to-date symlink: /workspaces/auto_sentry/install/rm_behavior_tree/share/ament_index/resource_index/packages/rm_behavior_tree
[63.464s] -- Up-to-date symlink: /workspaces/auto_sentry/install/rm_behavior_tree/share/rm_behavior_tree/cmake/ament_cmake_export_dependencies-extras.cmake
[63.464s] -- Up-to-date symlink: /workspaces/auto_sentry/install/rm_behavior_tree/share/rm_behavior_tree/cmake/ament_cmake_export_include_directories-extras.cmake
[63.464s] -- Up-to-date symlink: /workspaces/auto_sentry/install/rm_behavior_tree/share/rm_behavior_tree/cmake/ament_cmake_export_libraries-extras.cmake
[63.464s] -- Up-to-date symlink: /workspaces/auto_sentry/install/rm_behavior_tree/share/rm_behavior_tree/cmake/rm_behavior_treeConfig.cmake
[63.464s] -- Up-to-date symlink: /workspaces/auto_sentry/install/rm_behavior_tree/share/rm_behavior_tree/cmake/rm_behavior_treeConfig-version.cmake
[63.464s] -- Up-to-date symlink: /workspaces/auto_sentry/install/rm_behavior_tree/share/rm_behavior_tree/package.xml
[63.466s] Invoked command in '/workspaces/auto_sentry/build/rm_behavior_tree' returned '0': AMENT_PREFIX_PATH=/workspaces/auto_sentry/install/behaviortree_ros2:/workspaces/auto_sentry/install/rm_decision_interfaces:/workspaces/auto_sentry/install/behaviortree_cpp:/workspaces/auto_sentry/install/auto_aim_interfaces:${AMENT_PREFIX_PATH} CMAKE_PREFIX_PATH=/workspaces/auto_sentry/install/behaviortree_ros2:/workspaces/auto_sentry/install/rm_decision_interfaces:/workspaces/auto_sentry/install/behaviortree_cpp:/workspaces/auto_sentry/install/auto_aim_interfaces:/opt/ros/humble LD_LIBRARY_PATH=/workspaces/auto_sentry/install/rm_decision_interfaces/lib:/workspaces/auto_sentry/install/behaviortree_cpp/lib:/workspaces/auto_sentry/install/auto_aim_interfaces/lib:${LD_LIBRARY_PATH} PATH=/workspaces/auto_sentry/install/behaviortree_cpp/bin:${PATH} PYTHONPATH=/workspaces/auto_sentry/install/rm_decision_interfaces/local/lib/python3.10/dist-packages:/workspaces/auto_sentry/install/auto_aim_interfaces/local/lib/python3.10/dist-packages:${PYTHONPATH} /usr/bin/cmake --install /workspaces/auto_sentry/build/rm_behavior_tree
