[0.085s] Invoking command in '/workspaces/auto_sentry/build/teb_msgs': CMAKE_PREFIX_PATH=/workspaces/auto_sentry/install/costmap_converter_msgs:/workspaces/auto_sentry/install/udp_driver:/workspaces/auto_sentry/install/standard_robot_pp_ros2:/workspaces/auto_sentry/install/rm_vision_bringup:/workspaces/auto_sentry/install/rm_serial_driver:/workspaces/auto_sentry/install/serial_driver:/workspaces/auto_sentry/install/io_context:/workspaces/auto_sentry/install/udp_msgs:/workspaces/auto_sentry/install/teb_local_planner:/workspaces/auto_sentry/install/teb_msgs:/workspaces/auto_sentry/install/ros2_livox_simulation:/workspaces/auto_sentry/install/rm_rune_detector:/workspaces/auto_sentry/install/rm_navigation:/workspaces/auto_sentry/install/rm_nav_bringup:/workspaces/auto_sentry/install/rm_gimbal_description:/workspaces/auto_sentry/install/rm_behavior_tree:/workspaces/auto_sentry/install/rm_decision_interfaces:/workspaces/auto_sentry/install/rm_auto_aim:/workspaces/auto_sentry/install/pointcloud_to_laserscan:/workspaces/auto_sentry/install/point_lio:/workspaces/auto_sentry/install/pb_rm_simulation:/workspaces/auto_sentry/install/game_status_tester:/workspaces/auto_sentry/install/pb_rm_interfaces:/workspaces/auto_sentry/install/icp_registration:/workspaces/auto_sentry/install/fast_lio:/workspaces/auto_sentry/install/livox_ros_driver2:/workspaces/auto_sentry/install/linefit_ground_segmentation_ros:/workspaces/auto_sentry/install/linefit_ground_segmentation:/workspaces/auto_sentry/install/imu_complementary_filter:/workspaces/auto_sentry/install/hik_camera:/workspaces/auto_sentry/install/fake_vel_transform:/workspaces/auto_sentry/install/costmap_converter:/workspaces/auto_sentry/install/btcpp_ros2_samples:/workspaces/auto_sentry/install/btcpp_ros2_interfaces:/workspaces/auto_sentry/install/behaviortree_ros2:/workspaces/auto_sentry/install/behaviortree_cpp:/workspaces/auto_sentry/install/armor_tracker:/workspaces/auto_sentry/install/armor_detector:/workspaces/auto_sentry/install/auto_aim_interfaces:/workspaces/auto_sentry/install/asio_cmake_module:/opt/ros/humble LD_LIBRARY_PATH=/workspaces/auto_sentry/install/costmap_converter_msgs/lib:/workspaces/auto_sentry/install/udp_driver/lib:/workspaces/auto_sentry/install/standard_robot_pp_ros2/lib:/workspaces/auto_sentry/install/rm_serial_driver/lib:/workspaces/auto_sentry/install/serial_driver/lib:/workspaces/auto_sentry/install/io_context/lib:/workspaces/auto_sentry/install/udp_msgs/lib:/workspaces/auto_sentry/install/teb_local_planner/lib:/workspaces/auto_sentry/install/teb_msgs/lib:/workspaces/auto_sentry/install/ros2_livox_simulation/lib:/workspaces/auto_sentry/install/rm_rune_detector/lib:/workspaces/auto_sentry/install/rm_behavior_tree/lib:/workspaces/auto_sentry/install/rm_decision_interfaces/lib:/workspaces/auto_sentry/install/pointcloud_to_laserscan/lib:/workspaces/auto_sentry/install/pb_rm_interfaces/lib:/workspaces/auto_sentry/install/icp_registration/lib:/workspaces/auto_sentry/install/fast_lio/lib:/workspaces/auto_sentry/install/livox_ros_driver2/lib:/workspaces/auto_sentry/install/linefit_ground_segmentation/lib:/workspaces/auto_sentry/install/imu_complementary_filter/lib:/workspaces/auto_sentry/install/hik_camera/lib:/workspaces/auto_sentry/install/fake_vel_transform/lib:/workspaces/auto_sentry/install/costmap_converter/lib:/workspaces/auto_sentry/install/btcpp_ros2_interfaces/lib:/workspaces/auto_sentry/install/behaviortree_cpp/lib:/workspaces/auto_sentry/install/armor_tracker/lib:/workspaces/auto_sentry/install/armor_detector/lib:/workspaces/auto_sentry/install/auto_aim_interfaces/lib:/usr/lib/x86_64-linux-gnu/gazebo-11/plugins:/opt/ros/humble/opt/rviz_ogre_vendor/lib:/opt/ros/humble/lib/x86_64-linux-gnu:/opt/ros/humble/opt/openvdb_vendor/lib:/opt/ros/humble/lib /usr/bin/cmake /workspaces/auto_sentry/src/pb_rmsimulation/src/rm_navigation/teb_local_planner/teb_msgs -DAMENT_CMAKE_SYMLINK_INSTALL=1 -DCMAKE_INSTALL_PREFIX=/workspaces/auto_sentry/install/teb_msgs
[0.293s] -- The C compiler identification is GNU 11.4.0
[0.498s] -- The CXX compiler identification is GNU 11.4.0
[0.529s] -- Detecting C compiler ABI info
[0.760s] -- Detecting C compiler ABI info - done
[0.806s] -- Check for working C compiler: /usr/bin/cc - skipped
[0.806s] -- Detecting C compile features
[0.806s] -- Detecting C compile features - done
[0.824s] -- Detecting CXX compiler ABI info
[1.074s] -- Detecting CXX compiler ABI info - done
[1.099s] -- Check for working CXX compiler: /usr/bin/c++ - skipped
[1.102s] -- Detecting CXX compile features
[1.103s] -- Detecting CXX compile features - done
[1.127s] -- Found ament_cmake: 1.3.9 (/opt/ros/humble/share/ament_cmake/cmake)
[1.566s] -- Found Python3: /usr/bin/python3 (found version "3.10.12") found components: Interpreter 
[1.805s] -- Override CMake install command with custom implementation using symlinks instead of copying resources
[2.042s] -- Found builtin_interfaces: 1.2.1 (/opt/ros/humble/share/builtin_interfaces/cmake)
[2.224s] -- Found rosidl_generator_c: 3.1.5 (/opt/ros/humble/share/rosidl_generator_c/cmake)
[2.259s] -- Found rosidl_adapter: 3.1.5 (/opt/ros/humble/share/rosidl_adapter/cmake)
[2.336s] -- Found rosidl_generator_cpp: 3.1.5 (/opt/ros/humble/share/rosidl_generator_cpp/cmake)
[2.416s] -- Using all available rosidl_typesupport_c: rosidl_typesupport_fastrtps_c;rosidl_typesupport_introspection_c
[2.576s] -- Using all available rosidl_typesupport_cpp: rosidl_typesupport_fastrtps_cpp;rosidl_typesupport_introspection_cpp
[2.619s] -- Found costmap_converter_msgs: 0.1.2 (/workspaces/auto_sentry/install/costmap_converter_msgs/share/costmap_converter_msgs/cmake)
[3.147s] -- Found rosidl_default_generators: 1.2.0 (/opt/ros/humble/share/rosidl_default_generators/cmake)
[3.830s] -- Found ament_cmake_ros: 0.10.0 (/opt/ros/humble/share/ament_cmake_ros/cmake)
[4.654s] -- Using all available rosidl_typesupport_c: rosidl_typesupport_fastrtps_c;rosidl_typesupport_introspection_c
[4.959s] -- Using all available rosidl_typesupport_cpp: rosidl_typesupport_fastrtps_cpp;rosidl_typesupport_introspection_cpp
[4.996s] -- Found PythonInterp: /usr/bin/python3 (found suitable version "3.10.12", minimum required is "3.6") 
[5.006s] -- Found python_cmake_module: 0.10.0 (/opt/ros/humble/share/python_cmake_module/cmake)
[5.044s] -- Found PythonLibs: /usr/lib/x86_64-linux-gnu/libpython3.10.so (found suitable version "3.10.12", minimum required is "3.5") 
[5.044s] -- Using PYTHON_EXECUTABLE: /usr/bin/python3
[5.044s] -- Using PYTHON_INCLUDE_DIRS: /usr/include/python3.10
[5.044s] -- Using PYTHON_LIBRARIES: /usr/lib/x86_64-linux-gnu/libpython3.10.so
[5.078s] -- Found PythonExtra: .so  
[5.253s] -- Configuring done
[5.319s] -- Generating done
[5.323s] -- Build files have been written to: /workspaces/auto_sentry/build/teb_msgs
[5.338s] Invoked command in '/workspaces/auto_sentry/build/teb_msgs' returned '0': CMAKE_PREFIX_PATH=/workspaces/auto_sentry/install/costmap_converter_msgs:/workspaces/auto_sentry/install/udp_driver:/workspaces/auto_sentry/install/standard_robot_pp_ros2:/workspaces/auto_sentry/install/rm_vision_bringup:/workspaces/auto_sentry/install/rm_serial_driver:/workspaces/auto_sentry/install/serial_driver:/workspaces/auto_sentry/install/io_context:/workspaces/auto_sentry/install/udp_msgs:/workspaces/auto_sentry/install/teb_local_planner:/workspaces/auto_sentry/install/teb_msgs:/workspaces/auto_sentry/install/ros2_livox_simulation:/workspaces/auto_sentry/install/rm_rune_detector:/workspaces/auto_sentry/install/rm_navigation:/workspaces/auto_sentry/install/rm_nav_bringup:/workspaces/auto_sentry/install/rm_gimbal_description:/workspaces/auto_sentry/install/rm_behavior_tree:/workspaces/auto_sentry/install/rm_decision_interfaces:/workspaces/auto_sentry/install/rm_auto_aim:/workspaces/auto_sentry/install/pointcloud_to_laserscan:/workspaces/auto_sentry/install/point_lio:/workspaces/auto_sentry/install/pb_rm_simulation:/workspaces/auto_sentry/install/game_status_tester:/workspaces/auto_sentry/install/pb_rm_interfaces:/workspaces/auto_sentry/install/icp_registration:/workspaces/auto_sentry/install/fast_lio:/workspaces/auto_sentry/install/livox_ros_driver2:/workspaces/auto_sentry/install/linefit_ground_segmentation_ros:/workspaces/auto_sentry/install/linefit_ground_segmentation:/workspaces/auto_sentry/install/imu_complementary_filter:/workspaces/auto_sentry/install/hik_camera:/workspaces/auto_sentry/install/fake_vel_transform:/workspaces/auto_sentry/install/costmap_converter:/workspaces/auto_sentry/install/btcpp_ros2_samples:/workspaces/auto_sentry/install/btcpp_ros2_interfaces:/workspaces/auto_sentry/install/behaviortree_ros2:/workspaces/auto_sentry/install/behaviortree_cpp:/workspaces/auto_sentry/install/armor_tracker:/workspaces/auto_sentry/install/armor_detector:/workspaces/auto_sentry/install/auto_aim_interfaces:/workspaces/auto_sentry/install/asio_cmake_module:/opt/ros/humble LD_LIBRARY_PATH=/workspaces/auto_sentry/install/costmap_converter_msgs/lib:/workspaces/auto_sentry/install/udp_driver/lib:/workspaces/auto_sentry/install/standard_robot_pp_ros2/lib:/workspaces/auto_sentry/install/rm_serial_driver/lib:/workspaces/auto_sentry/install/serial_driver/lib:/workspaces/auto_sentry/install/io_context/lib:/workspaces/auto_sentry/install/udp_msgs/lib:/workspaces/auto_sentry/install/teb_local_planner/lib:/workspaces/auto_sentry/install/teb_msgs/lib:/workspaces/auto_sentry/install/ros2_livox_simulation/lib:/workspaces/auto_sentry/install/rm_rune_detector/lib:/workspaces/auto_sentry/install/rm_behavior_tree/lib:/workspaces/auto_sentry/install/rm_decision_interfaces/lib:/workspaces/auto_sentry/install/pointcloud_to_laserscan/lib:/workspaces/auto_sentry/install/pb_rm_interfaces/lib:/workspaces/auto_sentry/install/icp_registration/lib:/workspaces/auto_sentry/install/fast_lio/lib:/workspaces/auto_sentry/install/livox_ros_driver2/lib:/workspaces/auto_sentry/install/linefit_ground_segmentation/lib:/workspaces/auto_sentry/install/imu_complementary_filter/lib:/workspaces/auto_sentry/install/hik_camera/lib:/workspaces/auto_sentry/install/fake_vel_transform/lib:/workspaces/auto_sentry/install/costmap_converter/lib:/workspaces/auto_sentry/install/btcpp_ros2_interfaces/lib:/workspaces/auto_sentry/install/behaviortree_cpp/lib:/workspaces/auto_sentry/install/armor_tracker/lib:/workspaces/auto_sentry/install/armor_detector/lib:/workspaces/auto_sentry/install/auto_aim_interfaces/lib:/usr/lib/x86_64-linux-gnu/gazebo-11/plugins:/opt/ros/humble/opt/rviz_ogre_vendor/lib:/opt/ros/humble/lib/x86_64-linux-gnu:/opt/ros/humble/opt/openvdb_vendor/lib:/opt/ros/humble/lib /usr/bin/cmake /workspaces/auto_sentry/src/pb_rmsimulation/src/rm_navigation/teb_local_planner/teb_msgs -DAMENT_CMAKE_SYMLINK_INSTALL=1 -DCMAKE_INSTALL_PREFIX=/workspaces/auto_sentry/install/teb_msgs
[5.341s] Invoking command in '/workspaces/auto_sentry/build/teb_msgs': CMAKE_PREFIX_PATH=/workspaces/auto_sentry/install/costmap_converter_msgs:/workspaces/auto_sentry/install/udp_driver:/workspaces/auto_sentry/install/standard_robot_pp_ros2:/workspaces/auto_sentry/install/rm_vision_bringup:/workspaces/auto_sentry/install/rm_serial_driver:/workspaces/auto_sentry/install/serial_driver:/workspaces/auto_sentry/install/io_context:/workspaces/auto_sentry/install/udp_msgs:/workspaces/auto_sentry/install/teb_local_planner:/workspaces/auto_sentry/install/teb_msgs:/workspaces/auto_sentry/install/ros2_livox_simulation:/workspaces/auto_sentry/install/rm_rune_detector:/workspaces/auto_sentry/install/rm_navigation:/workspaces/auto_sentry/install/rm_nav_bringup:/workspaces/auto_sentry/install/rm_gimbal_description:/workspaces/auto_sentry/install/rm_behavior_tree:/workspaces/auto_sentry/install/rm_decision_interfaces:/workspaces/auto_sentry/install/rm_auto_aim:/workspaces/auto_sentry/install/pointcloud_to_laserscan:/workspaces/auto_sentry/install/point_lio:/workspaces/auto_sentry/install/pb_rm_simulation:/workspaces/auto_sentry/install/game_status_tester:/workspaces/auto_sentry/install/pb_rm_interfaces:/workspaces/auto_sentry/install/icp_registration:/workspaces/auto_sentry/install/fast_lio:/workspaces/auto_sentry/install/livox_ros_driver2:/workspaces/auto_sentry/install/linefit_ground_segmentation_ros:/workspaces/auto_sentry/install/linefit_ground_segmentation:/workspaces/auto_sentry/install/imu_complementary_filter:/workspaces/auto_sentry/install/hik_camera:/workspaces/auto_sentry/install/fake_vel_transform:/workspaces/auto_sentry/install/costmap_converter:/workspaces/auto_sentry/install/btcpp_ros2_samples:/workspaces/auto_sentry/install/btcpp_ros2_interfaces:/workspaces/auto_sentry/install/behaviortree_ros2:/workspaces/auto_sentry/install/behaviortree_cpp:/workspaces/auto_sentry/install/armor_tracker:/workspaces/auto_sentry/install/armor_detector:/workspaces/auto_sentry/install/auto_aim_interfaces:/workspaces/auto_sentry/install/asio_cmake_module:/opt/ros/humble LD_LIBRARY_PATH=/workspaces/auto_sentry/install/costmap_converter_msgs/lib:/workspaces/auto_sentry/install/udp_driver/lib:/workspaces/auto_sentry/install/standard_robot_pp_ros2/lib:/workspaces/auto_sentry/install/rm_serial_driver/lib:/workspaces/auto_sentry/install/serial_driver/lib:/workspaces/auto_sentry/install/io_context/lib:/workspaces/auto_sentry/install/udp_msgs/lib:/workspaces/auto_sentry/install/teb_local_planner/lib:/workspaces/auto_sentry/install/teb_msgs/lib:/workspaces/auto_sentry/install/ros2_livox_simulation/lib:/workspaces/auto_sentry/install/rm_rune_detector/lib:/workspaces/auto_sentry/install/rm_behavior_tree/lib:/workspaces/auto_sentry/install/rm_decision_interfaces/lib:/workspaces/auto_sentry/install/pointcloud_to_laserscan/lib:/workspaces/auto_sentry/install/pb_rm_interfaces/lib:/workspaces/auto_sentry/install/icp_registration/lib:/workspaces/auto_sentry/install/fast_lio/lib:/workspaces/auto_sentry/install/livox_ros_driver2/lib:/workspaces/auto_sentry/install/linefit_ground_segmentation/lib:/workspaces/auto_sentry/install/imu_complementary_filter/lib:/workspaces/auto_sentry/install/hik_camera/lib:/workspaces/auto_sentry/install/fake_vel_transform/lib:/workspaces/auto_sentry/install/costmap_converter/lib:/workspaces/auto_sentry/install/btcpp_ros2_interfaces/lib:/workspaces/auto_sentry/install/behaviortree_cpp/lib:/workspaces/auto_sentry/install/armor_tracker/lib:/workspaces/auto_sentry/install/armor_detector/lib:/workspaces/auto_sentry/install/auto_aim_interfaces/lib:/usr/lib/x86_64-linux-gnu/gazebo-11/plugins:/opt/ros/humble/opt/rviz_ogre_vendor/lib:/opt/ros/humble/lib/x86_64-linux-gnu:/opt/ros/humble/opt/openvdb_vendor/lib:/opt/ros/humble/lib /usr/bin/cmake --build /workspaces/auto_sentry/build/teb_msgs -- -j28 -l28
[5.429s] [  2%] [34m[1mGenerating C++ code for ROS interfaces[0m
[6.333s] [  2%] Built target teb_msgs__cpp
[6.383s] [  2%] Built target ament_cmake_python_symlink_teb_msgs
[6.405s] [  4%] [34m[1mGenerating C++ introspection for ROS interfaces[0m
[7.181s] [  6%] [32mBuilding CXX object CMakeFiles/teb_msgs__rosidl_typesupport_introspection_cpp.dir/rosidl_typesupport_introspection_cpp/teb_msgs/msg/detail/feedback_msg__type_support.cpp.o[0m
[7.892s] [  8%] [32mBuilding CXX object CMakeFiles/teb_msgs__rosidl_typesupport_introspection_cpp.dir/rosidl_typesupport_introspection_cpp/teb_msgs/msg/detail/trajectory_point_msg__type_support.cpp.o[0m
[8.351s] [ 10%] [32mBuilding CXX object CMakeFiles/teb_msgs__rosidl_typesupport_introspection_cpp.dir/rosidl_typesupport_introspection_cpp/teb_msgs/msg/detail/trajectory_msg__type_support.cpp.o[0m
[8.923s] [ 12%] [32m[1mLinking CXX shared library libteb_msgs__rosidl_typesupport_introspection_cpp.so[0m
[9.052s] [ 12%] Built target teb_msgs__rosidl_typesupport_introspection_cpp
[9.411s] running egg_info
[9.412s] creating teb_msgs.egg-info
[9.412s] writing teb_msgs.egg-info/PKG-INFO
[9.413s] writing dependency_links to teb_msgs.egg-info/dependency_links.txt
[9.413s] writing top-level names to teb_msgs.egg-info/top_level.txt
[9.413s] writing manifest file 'teb_msgs.egg-info/SOURCES.txt'
[9.416s] reading manifest file 'teb_msgs.egg-info/SOURCES.txt'
[9.417s] writing manifest file 'teb_msgs.egg-info/SOURCES.txt'
[9.447s] [ 12%] Built target ament_cmake_python_build_teb_msgs_egg
[9.462s] [ 14%] [34m[1mGenerating C++ type support for eProsima Fast-RTPS[0m
[10.206s] [ 17%] [32mBuilding CXX object CMakeFiles/teb_msgs__rosidl_typesupport_fastrtps_cpp.dir/rosidl_typesupport_fastrtps_cpp/teb_msgs/msg/detail/dds_fastrtps/feedback_msg__type_support.cpp.o[0m
[10.735s] [ 19%] [32mBuilding CXX object CMakeFiles/teb_msgs__rosidl_typesupport_fastrtps_cpp.dir/rosidl_typesupport_fastrtps_cpp/teb_msgs/msg/detail/dds_fastrtps/trajectory_point_msg__type_support.cpp.o[0m
[11.153s] [ 21%] [32mBuilding CXX object CMakeFiles/teb_msgs__rosidl_typesupport_fastrtps_cpp.dir/rosidl_typesupport_fastrtps_cpp/teb_msgs/msg/detail/dds_fastrtps/trajectory_msg__type_support.cpp.o[0m
[11.842s] [ 23%] [32m[1mLinking CXX shared library libteb_msgs__rosidl_typesupport_fastrtps_cpp.so[0m
[11.938s] [ 23%] Built target teb_msgs__rosidl_typesupport_fastrtps_cpp
[11.955s] [ 25%] [34m[1mGenerating C++ type support dispatch for ROS interfaces[0m
[12.397s] [ 27%] [32mBuilding CXX object CMakeFiles/teb_msgs__rosidl_typesupport_cpp.dir/rosidl_typesupport_cpp/teb_msgs/msg/feedback_msg__type_support.cpp.o[0m
[12.859s] [ 29%] [32mBuilding CXX object CMakeFiles/teb_msgs__rosidl_typesupport_cpp.dir/rosidl_typesupport_cpp/teb_msgs/msg/trajectory_point_msg__type_support.cpp.o[0m
[13.334s] [ 31%] [32mBuilding CXX object CMakeFiles/teb_msgs__rosidl_typesupport_cpp.dir/rosidl_typesupport_cpp/teb_msgs/msg/trajectory_msg__type_support.cpp.o[0m
[13.630s] [ 34%] [32m[1mLinking CXX shared library libteb_msgs__rosidl_typesupport_cpp.so[0m
[13.702s] [ 34%] Built target teb_msgs__rosidl_typesupport_cpp
[13.717s] [ 36%] [34m[1mGenerating C code for ROS interfaces[0m
[14.365s] [ 38%] [32mBuilding C object CMakeFiles/teb_msgs__rosidl_generator_c.dir/rosidl_generator_c/teb_msgs/msg/detail/feedback_msg__functions.c.o[0m
[14.431s] [ 40%] [32mBuilding C object CMakeFiles/teb_msgs__rosidl_generator_c.dir/rosidl_generator_c/teb_msgs/msg/detail/trajectory_point_msg__functions.c.o[0m
[14.501s] [ 42%] [32mBuilding C object CMakeFiles/teb_msgs__rosidl_generator_c.dir/rosidl_generator_c/teb_msgs/msg/detail/trajectory_msg__functions.c.o[0m
[14.562s] [ 44%] [32m[1mLinking C shared library libteb_msgs__rosidl_generator_c.so[0m
[14.616s] [ 44%] Built target teb_msgs__rosidl_generator_c
[14.635s] [ 46%] [34m[1mGenerating C type support for eProsima Fast-RTPS[0m
[15.341s] [ 48%] [32mBuilding CXX object CMakeFiles/teb_msgs__rosidl_typesupport_fastrtps_c.dir/rosidl_typesupport_fastrtps_c/teb_msgs/msg/detail/feedback_msg__type_support_c.cpp.o[0m
[15.775s] [ 51%] [32mBuilding CXX object CMakeFiles/teb_msgs__rosidl_typesupport_fastrtps_c.dir/rosidl_typesupport_fastrtps_c/teb_msgs/msg/detail/trajectory_point_msg__type_support_c.cpp.o[0m
[16.345s] [ 53%] [32mBuilding CXX object CMakeFiles/teb_msgs__rosidl_typesupport_fastrtps_c.dir/rosidl_typesupport_fastrtps_c/teb_msgs/msg/detail/trajectory_msg__type_support_c.cpp.o[0m
[16.688s] [ 55%] [32m[1mLinking CXX shared library libteb_msgs__rosidl_typesupport_fastrtps_c.so[0m
[16.803s] [ 55%] Built target teb_msgs__rosidl_typesupport_fastrtps_c
[16.821s] [ 57%] [34m[1mGenerating C type support dispatch for ROS interfaces[0m
[17.241s] [ 59%] [32mBuilding CXX object CMakeFiles/teb_msgs__rosidl_typesupport_c.dir/rosidl_typesupport_c/teb_msgs/msg/feedback_msg__type_support.cpp.o[0m
[17.297s] [ 61%] [32mBuilding CXX object CMakeFiles/teb_msgs__rosidl_typesupport_c.dir/rosidl_typesupport_c/teb_msgs/msg/trajectory_point_msg__type_support.cpp.o[0m
[17.343s] [ 63%] [32mBuilding CXX object CMakeFiles/teb_msgs__rosidl_typesupport_c.dir/rosidl_typesupport_c/teb_msgs/msg/trajectory_msg__type_support.cpp.o[0m
[17.397s] [ 65%] [32m[1mLinking CXX shared library libteb_msgs__rosidl_typesupport_c.so[0m
[17.452s] [ 65%] Built target teb_msgs__rosidl_typesupport_c
[17.472s] [ 68%] [34m[1mGenerating C introspection for ROS interfaces[0m
[17.975s] [ 70%] [32mBuilding C object CMakeFiles/teb_msgs__rosidl_typesupport_introspection_c.dir/rosidl_typesupport_introspection_c/teb_msgs/msg/detail/feedback_msg__type_support.c.o[0m
[18.030s] [ 72%] [32mBuilding C object CMakeFiles/teb_msgs__rosidl_typesupport_introspection_c.dir/rosidl_typesupport_introspection_c/teb_msgs/msg/detail/trajectory_point_msg__type_support.c.o[0m
[18.074s] [ 74%] [32mBuilding C object CMakeFiles/teb_msgs__rosidl_typesupport_introspection_c.dir/rosidl_typesupport_introspection_c/teb_msgs/msg/detail/trajectory_msg__type_support.c.o[0m
[18.134s] [ 76%] [32m[1mLinking C shared library libteb_msgs__rosidl_typesupport_introspection_c.so[0m
[18.182s] [ 76%] Built target teb_msgs__rosidl_typesupport_introspection_c
[18.216s] [ 76%] Built target teb_msgs
[18.251s] [ 78%] [34m[1mGenerating Python code for ROS interfaces[0m
[19.124s] [ 78%] Built target teb_msgs__py
[19.158s] [ 80%] [32mBuilding C object CMakeFiles/teb_msgs__rosidl_generator_py.dir/rosidl_generator_py/teb_msgs/msg/_feedback_msg_s.c.o[0m
[19.346s] [ 82%] [32mBuilding C object CMakeFiles/teb_msgs__rosidl_generator_py.dir/rosidl_generator_py/teb_msgs/msg/_trajectory_point_msg_s.c.o[0m
[19.477s] [ 85%] [32mBuilding C object CMakeFiles/teb_msgs__rosidl_generator_py.dir/rosidl_generator_py/teb_msgs/msg/_trajectory_msg_s.c.o[0m
[19.637s] [ 87%] [32m[1mLinking C shared library rosidl_generator_py/teb_msgs/libteb_msgs__rosidl_generator_py.so[0m
[19.698s] [ 87%] Built target teb_msgs__rosidl_generator_py
[19.732s] [ 89%] [32mBuilding C object CMakeFiles/teb_msgs__rosidl_typesupport_fastrtps_c__pyext.dir/rosidl_generator_py/teb_msgs/_teb_msgs_s.ep.rosidl_typesupport_fastrtps_c.c.o[0m
[19.852s] [ 91%] [32m[1mLinking C shared library rosidl_generator_py/teb_msgs/teb_msgs_s__rosidl_typesupport_fastrtps_c.cpython-310-x86_64-linux-gnu.so[0m
[19.908s] [ 91%] Built target teb_msgs__rosidl_typesupport_fastrtps_c__pyext
[19.940s] [ 93%] [32mBuilding C object CMakeFiles/teb_msgs__rosidl_typesupport_c__pyext.dir/rosidl_generator_py/teb_msgs/_teb_msgs_s.ep.rosidl_typesupport_c.c.o[0m
[20.060s] [ 95%] [32m[1mLinking C shared library rosidl_generator_py/teb_msgs/teb_msgs_s__rosidl_typesupport_c.cpython-310-x86_64-linux-gnu.so[0m
[20.121s] [ 95%] Built target teb_msgs__rosidl_typesupport_c__pyext
[20.152s] [ 97%] [32mBuilding C object CMakeFiles/teb_msgs__rosidl_typesupport_introspection_c__pyext.dir/rosidl_generator_py/teb_msgs/_teb_msgs_s.ep.rosidl_typesupport_introspection_c.c.o[0m
[20.289s] [100%] [32m[1mLinking C shared library rosidl_generator_py/teb_msgs/teb_msgs_s__rosidl_typesupport_introspection_c.cpython-310-x86_64-linux-gnu.so[0m
[20.346s] [100%] Built target teb_msgs__rosidl_typesupport_introspection_c__pyext
[20.361s] Invoked command in '/workspaces/auto_sentry/build/teb_msgs' returned '0': CMAKE_PREFIX_PATH=/workspaces/auto_sentry/install/costmap_converter_msgs:/workspaces/auto_sentry/install/udp_driver:/workspaces/auto_sentry/install/standard_robot_pp_ros2:/workspaces/auto_sentry/install/rm_vision_bringup:/workspaces/auto_sentry/install/rm_serial_driver:/workspaces/auto_sentry/install/serial_driver:/workspaces/auto_sentry/install/io_context:/workspaces/auto_sentry/install/udp_msgs:/workspaces/auto_sentry/install/teb_local_planner:/workspaces/auto_sentry/install/teb_msgs:/workspaces/auto_sentry/install/ros2_livox_simulation:/workspaces/auto_sentry/install/rm_rune_detector:/workspaces/auto_sentry/install/rm_navigation:/workspaces/auto_sentry/install/rm_nav_bringup:/workspaces/auto_sentry/install/rm_gimbal_description:/workspaces/auto_sentry/install/rm_behavior_tree:/workspaces/auto_sentry/install/rm_decision_interfaces:/workspaces/auto_sentry/install/rm_auto_aim:/workspaces/auto_sentry/install/pointcloud_to_laserscan:/workspaces/auto_sentry/install/point_lio:/workspaces/auto_sentry/install/pb_rm_simulation:/workspaces/auto_sentry/install/game_status_tester:/workspaces/auto_sentry/install/pb_rm_interfaces:/workspaces/auto_sentry/install/icp_registration:/workspaces/auto_sentry/install/fast_lio:/workspaces/auto_sentry/install/livox_ros_driver2:/workspaces/auto_sentry/install/linefit_ground_segmentation_ros:/workspaces/auto_sentry/install/linefit_ground_segmentation:/workspaces/auto_sentry/install/imu_complementary_filter:/workspaces/auto_sentry/install/hik_camera:/workspaces/auto_sentry/install/fake_vel_transform:/workspaces/auto_sentry/install/costmap_converter:/workspaces/auto_sentry/install/btcpp_ros2_samples:/workspaces/auto_sentry/install/btcpp_ros2_interfaces:/workspaces/auto_sentry/install/behaviortree_ros2:/workspaces/auto_sentry/install/behaviortree_cpp:/workspaces/auto_sentry/install/armor_tracker:/workspaces/auto_sentry/install/armor_detector:/workspaces/auto_sentry/install/auto_aim_interfaces:/workspaces/auto_sentry/install/asio_cmake_module:/opt/ros/humble LD_LIBRARY_PATH=/workspaces/auto_sentry/install/costmap_converter_msgs/lib:/workspaces/auto_sentry/install/udp_driver/lib:/workspaces/auto_sentry/install/standard_robot_pp_ros2/lib:/workspaces/auto_sentry/install/rm_serial_driver/lib:/workspaces/auto_sentry/install/serial_driver/lib:/workspaces/auto_sentry/install/io_context/lib:/workspaces/auto_sentry/install/udp_msgs/lib:/workspaces/auto_sentry/install/teb_local_planner/lib:/workspaces/auto_sentry/install/teb_msgs/lib:/workspaces/auto_sentry/install/ros2_livox_simulation/lib:/workspaces/auto_sentry/install/rm_rune_detector/lib:/workspaces/auto_sentry/install/rm_behavior_tree/lib:/workspaces/auto_sentry/install/rm_decision_interfaces/lib:/workspaces/auto_sentry/install/pointcloud_to_laserscan/lib:/workspaces/auto_sentry/install/pb_rm_interfaces/lib:/workspaces/auto_sentry/install/icp_registration/lib:/workspaces/auto_sentry/install/fast_lio/lib:/workspaces/auto_sentry/install/livox_ros_driver2/lib:/workspaces/auto_sentry/install/linefit_ground_segmentation/lib:/workspaces/auto_sentry/install/imu_complementary_filter/lib:/workspaces/auto_sentry/install/hik_camera/lib:/workspaces/auto_sentry/install/fake_vel_transform/lib:/workspaces/auto_sentry/install/costmap_converter/lib:/workspaces/auto_sentry/install/btcpp_ros2_interfaces/lib:/workspaces/auto_sentry/install/behaviortree_cpp/lib:/workspaces/auto_sentry/install/armor_tracker/lib:/workspaces/auto_sentry/install/armor_detector/lib:/workspaces/auto_sentry/install/auto_aim_interfaces/lib:/usr/lib/x86_64-linux-gnu/gazebo-11/plugins:/opt/ros/humble/opt/rviz_ogre_vendor/lib:/opt/ros/humble/lib/x86_64-linux-gnu:/opt/ros/humble/opt/openvdb_vendor/lib:/opt/ros/humble/lib /usr/bin/cmake --build /workspaces/auto_sentry/build/teb_msgs -- -j28 -l28
[20.578s] Invoking command in '/workspaces/auto_sentry/build/teb_msgs': CMAKE_PREFIX_PATH=/workspaces/auto_sentry/install/costmap_converter_msgs:/workspaces/auto_sentry/install/udp_driver:/workspaces/auto_sentry/install/standard_robot_pp_ros2:/workspaces/auto_sentry/install/rm_vision_bringup:/workspaces/auto_sentry/install/rm_serial_driver:/workspaces/auto_sentry/install/serial_driver:/workspaces/auto_sentry/install/io_context:/workspaces/auto_sentry/install/udp_msgs:/workspaces/auto_sentry/install/teb_local_planner:/workspaces/auto_sentry/install/teb_msgs:/workspaces/auto_sentry/install/ros2_livox_simulation:/workspaces/auto_sentry/install/rm_rune_detector:/workspaces/auto_sentry/install/rm_navigation:/workspaces/auto_sentry/install/rm_nav_bringup:/workspaces/auto_sentry/install/rm_gimbal_description:/workspaces/auto_sentry/install/rm_behavior_tree:/workspaces/auto_sentry/install/rm_decision_interfaces:/workspaces/auto_sentry/install/rm_auto_aim:/workspaces/auto_sentry/install/pointcloud_to_laserscan:/workspaces/auto_sentry/install/point_lio:/workspaces/auto_sentry/install/pb_rm_simulation:/workspaces/auto_sentry/install/game_status_tester:/workspaces/auto_sentry/install/pb_rm_interfaces:/workspaces/auto_sentry/install/icp_registration:/workspaces/auto_sentry/install/fast_lio:/workspaces/auto_sentry/install/livox_ros_driver2:/workspaces/auto_sentry/install/linefit_ground_segmentation_ros:/workspaces/auto_sentry/install/linefit_ground_segmentation:/workspaces/auto_sentry/install/imu_complementary_filter:/workspaces/auto_sentry/install/hik_camera:/workspaces/auto_sentry/install/fake_vel_transform:/workspaces/auto_sentry/install/costmap_converter:/workspaces/auto_sentry/install/btcpp_ros2_samples:/workspaces/auto_sentry/install/btcpp_ros2_interfaces:/workspaces/auto_sentry/install/behaviortree_ros2:/workspaces/auto_sentry/install/behaviortree_cpp:/workspaces/auto_sentry/install/armor_tracker:/workspaces/auto_sentry/install/armor_detector:/workspaces/auto_sentry/install/auto_aim_interfaces:/workspaces/auto_sentry/install/asio_cmake_module:/opt/ros/humble LD_LIBRARY_PATH=/workspaces/auto_sentry/install/costmap_converter_msgs/lib:/workspaces/auto_sentry/install/udp_driver/lib:/workspaces/auto_sentry/install/standard_robot_pp_ros2/lib:/workspaces/auto_sentry/install/rm_serial_driver/lib:/workspaces/auto_sentry/install/serial_driver/lib:/workspaces/auto_sentry/install/io_context/lib:/workspaces/auto_sentry/install/udp_msgs/lib:/workspaces/auto_sentry/install/teb_local_planner/lib:/workspaces/auto_sentry/install/teb_msgs/lib:/workspaces/auto_sentry/install/ros2_livox_simulation/lib:/workspaces/auto_sentry/install/rm_rune_detector/lib:/workspaces/auto_sentry/install/rm_behavior_tree/lib:/workspaces/auto_sentry/install/rm_decision_interfaces/lib:/workspaces/auto_sentry/install/pointcloud_to_laserscan/lib:/workspaces/auto_sentry/install/pb_rm_interfaces/lib:/workspaces/auto_sentry/install/icp_registration/lib:/workspaces/auto_sentry/install/fast_lio/lib:/workspaces/auto_sentry/install/livox_ros_driver2/lib:/workspaces/auto_sentry/install/linefit_ground_segmentation/lib:/workspaces/auto_sentry/install/imu_complementary_filter/lib:/workspaces/auto_sentry/install/hik_camera/lib:/workspaces/auto_sentry/install/fake_vel_transform/lib:/workspaces/auto_sentry/install/costmap_converter/lib:/workspaces/auto_sentry/install/btcpp_ros2_interfaces/lib:/workspaces/auto_sentry/install/behaviortree_cpp/lib:/workspaces/auto_sentry/install/armor_tracker/lib:/workspaces/auto_sentry/install/armor_detector/lib:/workspaces/auto_sentry/install/auto_aim_interfaces/lib:/usr/lib/x86_64-linux-gnu/gazebo-11/plugins:/opt/ros/humble/opt/rviz_ogre_vendor/lib:/opt/ros/humble/lib/x86_64-linux-gnu:/opt/ros/humble/opt/openvdb_vendor/lib:/opt/ros/humble/lib /usr/bin/cmake --install /workspaces/auto_sentry/build/teb_msgs
[20.587s] -- Install configuration: ""
[20.587s] -- Execute custom install script
[20.587s] -- Symlinking: /workspaces/auto_sentry/install/teb_msgs/share/ament_index/resource_index/rosidl_interfaces/teb_msgs
[20.601s] -- Symlinking: /workspaces/auto_sentry/install/teb_msgs/include/teb_msgs/teb_msgs/msg/detail/feedback_msg__functions.h
[20.615s] -- Symlinking: /workspaces/auto_sentry/install/teb_msgs/include/teb_msgs/teb_msgs/msg/detail/feedback_msg__struct.h
[20.626s] -- Symlinking: /workspaces/auto_sentry/install/teb_msgs/include/teb_msgs/teb_msgs/msg/detail/feedback_msg__type_support.h
[20.637s] -- Symlinking: /workspaces/auto_sentry/install/teb_msgs/include/teb_msgs/teb_msgs/msg/detail/trajectory_msg__functions.h
[20.649s] -- Symlinking: /workspaces/auto_sentry/install/teb_msgs/include/teb_msgs/teb_msgs/msg/detail/trajectory_msg__struct.h
[20.660s] -- Symlinking: /workspaces/auto_sentry/install/teb_msgs/include/teb_msgs/teb_msgs/msg/detail/trajectory_msg__type_support.h
[20.670s] -- Symlinking: /workspaces/auto_sentry/install/teb_msgs/include/teb_msgs/teb_msgs/msg/detail/trajectory_point_msg__functions.h
[20.681s] -- Symlinking: /workspaces/auto_sentry/install/teb_msgs/include/teb_msgs/teb_msgs/msg/detail/trajectory_point_msg__struct.h
[20.697s] -- Symlinking: /workspaces/auto_sentry/install/teb_msgs/include/teb_msgs/teb_msgs/msg/detail/trajectory_point_msg__type_support.h
[20.709s] -- Symlinking: /workspaces/auto_sentry/install/teb_msgs/include/teb_msgs/teb_msgs/msg/feedback_msg.h
[20.721s] -- Symlinking: /workspaces/auto_sentry/install/teb_msgs/include/teb_msgs/teb_msgs/msg/rosidl_generator_c__visibility_control.h
[20.734s] -- Symlinking: /workspaces/auto_sentry/install/teb_msgs/include/teb_msgs/teb_msgs/msg/trajectory_msg.h
[20.748s] -- Symlinking: /workspaces/auto_sentry/install/teb_msgs/include/teb_msgs/teb_msgs/msg/trajectory_point_msg.h
[20.759s] -- Symlinking: /workspaces/auto_sentry/install/teb_msgs/share/teb_msgs/environment/library_path.sh
[20.770s] -- Symlinking: /workspaces/auto_sentry/install/teb_msgs/share/teb_msgs/environment/library_path.dsv
[20.782s] -- Symlinking: /workspaces/auto_sentry/install/teb_msgs/include/teb_msgs/teb_msgs/msg/detail/feedback_msg__rosidl_typesupport_fastrtps_c.h
[20.799s] -- Symlinking: /workspaces/auto_sentry/install/teb_msgs/include/teb_msgs/teb_msgs/msg/detail/trajectory_msg__rosidl_typesupport_fastrtps_c.h
[20.812s] -- Symlinking: /workspaces/auto_sentry/install/teb_msgs/include/teb_msgs/teb_msgs/msg/detail/trajectory_point_msg__rosidl_typesupport_fastrtps_c.h
[20.822s] -- Symlinking: /workspaces/auto_sentry/install/teb_msgs/include/teb_msgs/teb_msgs/msg/rosidl_typesupport_fastrtps_c__visibility_control.h
[20.835s] -- Symlinking: /workspaces/auto_sentry/install/teb_msgs/include/teb_msgs/teb_msgs/msg/detail/feedback_msg__builder.hpp
[20.847s] -- Symlinking: /workspaces/auto_sentry/install/teb_msgs/include/teb_msgs/teb_msgs/msg/detail/feedback_msg__struct.hpp
[20.864s] -- Symlinking: /workspaces/auto_sentry/install/teb_msgs/include/teb_msgs/teb_msgs/msg/detail/feedback_msg__traits.hpp
[20.876s] -- Symlinking: /workspaces/auto_sentry/install/teb_msgs/include/teb_msgs/teb_msgs/msg/detail/trajectory_msg__builder.hpp
[20.886s] -- Symlinking: /workspaces/auto_sentry/install/teb_msgs/include/teb_msgs/teb_msgs/msg/detail/trajectory_msg__struct.hpp
[20.900s] -- Symlinking: /workspaces/auto_sentry/install/teb_msgs/include/teb_msgs/teb_msgs/msg/detail/trajectory_msg__traits.hpp
[20.911s] -- Symlinking: /workspaces/auto_sentry/install/teb_msgs/include/teb_msgs/teb_msgs/msg/detail/trajectory_point_msg__builder.hpp
[20.923s] -- Symlinking: /workspaces/auto_sentry/install/teb_msgs/include/teb_msgs/teb_msgs/msg/detail/trajectory_point_msg__struct.hpp
[20.933s] -- Symlinking: /workspaces/auto_sentry/install/teb_msgs/include/teb_msgs/teb_msgs/msg/detail/trajectory_point_msg__traits.hpp
[20.944s] -- Symlinking: /workspaces/auto_sentry/install/teb_msgs/include/teb_msgs/teb_msgs/msg/feedback_msg.hpp
[20.955s] -- Symlinking: /workspaces/auto_sentry/install/teb_msgs/include/teb_msgs/teb_msgs/msg/trajectory_msg.hpp
[20.967s] -- Symlinking: /workspaces/auto_sentry/install/teb_msgs/include/teb_msgs/teb_msgs/msg/trajectory_point_msg.hpp
[20.979s] -- Symlinking: /workspaces/auto_sentry/install/teb_msgs/include/teb_msgs/teb_msgs/msg/detail/feedback_msg__rosidl_typesupport_fastrtps_cpp.hpp
[20.992s] -- Symlinking: /workspaces/auto_sentry/install/teb_msgs/include/teb_msgs/teb_msgs/msg/detail/trajectory_msg__rosidl_typesupport_fastrtps_cpp.hpp
[21.004s] -- Symlinking: /workspaces/auto_sentry/install/teb_msgs/include/teb_msgs/teb_msgs/msg/detail/trajectory_point_msg__rosidl_typesupport_fastrtps_cpp.hpp
[21.021s] -- Symlinking: /workspaces/auto_sentry/install/teb_msgs/include/teb_msgs/teb_msgs/msg/rosidl_typesupport_fastrtps_cpp__visibility_control.h
[21.034s] -- Symlinking: /workspaces/auto_sentry/install/teb_msgs/include/teb_msgs/teb_msgs/msg/detail/feedback_msg__rosidl_typesupport_introspection_c.h
[21.051s] -- Symlinking: /workspaces/auto_sentry/install/teb_msgs/include/teb_msgs/teb_msgs/msg/detail/trajectory_msg__rosidl_typesupport_introspection_c.h
[21.066s] -- Symlinking: /workspaces/auto_sentry/install/teb_msgs/include/teb_msgs/teb_msgs/msg/detail/trajectory_point_msg__rosidl_typesupport_introspection_c.h
[21.078s] -- Symlinking: /workspaces/auto_sentry/install/teb_msgs/include/teb_msgs/teb_msgs/msg/rosidl_typesupport_introspection_c__visibility_control.h
[21.096s] -- Symlinking: /workspaces/auto_sentry/install/teb_msgs/include/teb_msgs/teb_msgs/msg/detail/feedback_msg__rosidl_typesupport_introspection_cpp.hpp
[21.109s] -- Symlinking: /workspaces/auto_sentry/install/teb_msgs/include/teb_msgs/teb_msgs/msg/detail/trajectory_msg__rosidl_typesupport_introspection_cpp.hpp
[21.120s] -- Symlinking: /workspaces/auto_sentry/install/teb_msgs/include/teb_msgs/teb_msgs/msg/detail/trajectory_point_msg__rosidl_typesupport_introspection_cpp.hpp
[21.133s] -- Symlinking: /workspaces/auto_sentry/install/teb_msgs/share/teb_msgs/environment/pythonpath.sh
[21.147s] -- Symlinking: /workspaces/auto_sentry/install/teb_msgs/share/teb_msgs/environment/pythonpath.dsv
[21.160s] -- Symlinking: /workspaces/auto_sentry/install/teb_msgs/local/lib/python3.10/dist-packages/teb_msgs-0.0.1-py3.10.egg-info/PKG-INFO
[21.176s] -- Symlinking: /workspaces/auto_sentry/install/teb_msgs/local/lib/python3.10/dist-packages/teb_msgs-0.0.1-py3.10.egg-info/SOURCES.txt
[21.189s] -- Symlinking: /workspaces/auto_sentry/install/teb_msgs/local/lib/python3.10/dist-packages/teb_msgs-0.0.1-py3.10.egg-info/dependency_links.txt
[21.206s] -- Symlinking: /workspaces/auto_sentry/install/teb_msgs/local/lib/python3.10/dist-packages/teb_msgs-0.0.1-py3.10.egg-info/top_level.txt
[21.220s] -- Symlinking: /workspaces/auto_sentry/install/teb_msgs/local/lib/python3.10/dist-packages/teb_msgs/__init__.py
[21.232s] -- Symlinking: /workspaces/auto_sentry/install/teb_msgs/local/lib/python3.10/dist-packages/teb_msgs/_teb_msgs_s.ep.rosidl_typesupport_c.c
[21.245s] -- Symlinking: /workspaces/auto_sentry/install/teb_msgs/local/lib/python3.10/dist-packages/teb_msgs/_teb_msgs_s.ep.rosidl_typesupport_fastrtps_c.c
[21.259s] -- Symlinking: /workspaces/auto_sentry/install/teb_msgs/local/lib/python3.10/dist-packages/teb_msgs/_teb_msgs_s.ep.rosidl_typesupport_introspection_c.c
[21.276s] -- Symlinking: /workspaces/auto_sentry/install/teb_msgs/local/lib/python3.10/dist-packages/teb_msgs/libteb_msgs__rosidl_generator_py.so
[21.288s] -- Symlinking: /workspaces/auto_sentry/install/teb_msgs/local/lib/python3.10/dist-packages/teb_msgs/msg/__init__.py
[21.303s] -- Symlinking: /workspaces/auto_sentry/install/teb_msgs/local/lib/python3.10/dist-packages/teb_msgs/msg/_feedback_msg.py
[21.314s] -- Symlinking: /workspaces/auto_sentry/install/teb_msgs/local/lib/python3.10/dist-packages/teb_msgs/msg/_feedback_msg_s.c
[21.326s] -- Symlinking: /workspaces/auto_sentry/install/teb_msgs/local/lib/python3.10/dist-packages/teb_msgs/msg/_trajectory_msg.py
[21.344s] -- Symlinking: /workspaces/auto_sentry/install/teb_msgs/local/lib/python3.10/dist-packages/teb_msgs/msg/_trajectory_msg_s.c
[21.356s] -- Symlinking: /workspaces/auto_sentry/install/teb_msgs/local/lib/python3.10/dist-packages/teb_msgs/msg/_trajectory_point_msg.py
[21.369s] -- Symlinking: /workspaces/auto_sentry/install/teb_msgs/local/lib/python3.10/dist-packages/teb_msgs/msg/_trajectory_point_msg_s.c
[21.379s] -- Symlinking: /workspaces/auto_sentry/install/teb_msgs/local/lib/python3.10/dist-packages/teb_msgs/teb_msgs_s__rosidl_typesupport_c.cpython-310-x86_64-linux-gnu.so
[21.390s] -- Symlinking: /workspaces/auto_sentry/install/teb_msgs/local/lib/python3.10/dist-packages/teb_msgs/teb_msgs_s__rosidl_typesupport_fastrtps_c.cpython-310-x86_64-linux-gnu.so
[21.401s] -- Symlinking: /workspaces/auto_sentry/install/teb_msgs/local/lib/python3.10/dist-packages/teb_msgs/teb_msgs_s__rosidl_typesupport_introspection_c.cpython-310-x86_64-linux-gnu.so
[21.417s] -- Up-to-date symlink: /workspaces/auto_sentry/install/teb_msgs/local/lib/python3.10/dist-packages/teb_msgs/teb_msgs_s__rosidl_typesupport_fastrtps_c.cpython-310-x86_64-linux-gnu.so
[21.417s] -- Up-to-date symlink: /workspaces/auto_sentry/install/teb_msgs/local/lib/python3.10/dist-packages/teb_msgs/teb_msgs_s__rosidl_typesupport_introspection_c.cpython-310-x86_64-linux-gnu.so
[21.417s] -- Up-to-date symlink: /workspaces/auto_sentry/install/teb_msgs/local/lib/python3.10/dist-packages/teb_msgs/teb_msgs_s__rosidl_typesupport_c.cpython-310-x86_64-linux-gnu.so
[21.418s] -- Symlinking: /workspaces/auto_sentry/install/teb_msgs/share/teb_msgs/msg/FeedbackMsg.idl
[21.435s] -- Symlinking: /workspaces/auto_sentry/install/teb_msgs/share/teb_msgs/msg/TrajectoryMsg.idl
[21.449s] -- Symlinking: /workspaces/auto_sentry/install/teb_msgs/share/teb_msgs/msg/TrajectoryPointMsg.idl
[21.466s] -- Symlinking: /workspaces/auto_sentry/install/teb_msgs/share/teb_msgs/msg/FeedbackMsg.msg
[21.476s] -- Symlinking: /workspaces/auto_sentry/install/teb_msgs/share/teb_msgs/msg/TrajectoryMsg.msg
[21.487s] -- Symlinking: /workspaces/auto_sentry/install/teb_msgs/share/teb_msgs/msg/TrajectoryPointMsg.msg
[21.499s] -- Symlinking: /workspaces/auto_sentry/install/teb_msgs/share/ament_index/resource_index/package_run_dependencies/teb_msgs
[21.509s] -- Symlinking: /workspaces/auto_sentry/install/teb_msgs/share/ament_index/resource_index/parent_prefix_path/teb_msgs
[21.520s] -- Symlinking: /workspaces/auto_sentry/install/teb_msgs/share/teb_msgs/environment/ament_prefix_path.sh
[21.531s] -- Symlinking: /workspaces/auto_sentry/install/teb_msgs/share/teb_msgs/environment/ament_prefix_path.dsv
[21.546s] -- Symlinking: /workspaces/auto_sentry/install/teb_msgs/share/teb_msgs/environment/path.sh
[21.564s] -- Symlinking: /workspaces/auto_sentry/install/teb_msgs/share/teb_msgs/environment/path.dsv
[21.580s] -- Symlinking: /workspaces/auto_sentry/install/teb_msgs/share/teb_msgs/local_setup.bash
[21.591s] -- Symlinking: /workspaces/auto_sentry/install/teb_msgs/share/teb_msgs/local_setup.sh
[21.604s] -- Symlinking: /workspaces/auto_sentry/install/teb_msgs/share/teb_msgs/local_setup.zsh
[21.613s] -- Symlinking: /workspaces/auto_sentry/install/teb_msgs/share/teb_msgs/local_setup.dsv
[21.629s] -- Symlinking: /workspaces/auto_sentry/install/teb_msgs/share/teb_msgs/package.dsv
[21.644s] -- Symlinking: /workspaces/auto_sentry/install/teb_msgs/share/ament_index/resource_index/packages/teb_msgs
[21.655s] -- Symlinking: /workspaces/auto_sentry/install/teb_msgs/share/teb_msgs/cmake/rosidl_cmake-extras.cmake
[21.665s] -- Symlinking: /workspaces/auto_sentry/install/teb_msgs/share/teb_msgs/cmake/ament_cmake_export_dependencies-extras.cmake
[21.678s] -- Symlinking: /workspaces/auto_sentry/install/teb_msgs/share/teb_msgs/cmake/ament_cmake_export_include_directories-extras.cmake
[21.689s] -- Symlinking: /workspaces/auto_sentry/install/teb_msgs/share/teb_msgs/cmake/ament_cmake_export_libraries-extras.cmake
[21.700s] -- Symlinking: /workspaces/auto_sentry/install/teb_msgs/share/teb_msgs/cmake/ament_cmake_export_targets-extras.cmake
[21.710s] -- Symlinking: /workspaces/auto_sentry/install/teb_msgs/share/teb_msgs/cmake/rosidl_cmake_export_typesupport_targets-extras.cmake
[21.721s] -- Symlinking: /workspaces/auto_sentry/install/teb_msgs/share/teb_msgs/cmake/rosidl_cmake_export_typesupport_libraries-extras.cmake
[21.731s] -- Symlinking: /workspaces/auto_sentry/install/teb_msgs/share/teb_msgs/cmake/teb_msgsConfig.cmake
[21.742s] -- Symlinking: /workspaces/auto_sentry/install/teb_msgs/share/teb_msgs/cmake/teb_msgsConfig-version.cmake
[21.754s] -- Symlinking: /workspaces/auto_sentry/install/teb_msgs/share/teb_msgs/package.xml
[21.770s] -- Installing: /workspaces/auto_sentry/install/teb_msgs/lib/libteb_msgs__rosidl_generator_c.so
[21.771s] -- Set runtime path of "/workspaces/auto_sentry/install/teb_msgs/lib/libteb_msgs__rosidl_generator_c.so" to ""
[21.771s] -- Installing: /workspaces/auto_sentry/install/teb_msgs/lib/libteb_msgs__rosidl_typesupport_fastrtps_c.so
[21.772s] -- Set runtime path of "/workspaces/auto_sentry/install/teb_msgs/lib/libteb_msgs__rosidl_typesupport_fastrtps_c.so" to ""
[21.772s] -- Installing: /workspaces/auto_sentry/install/teb_msgs/lib/libteb_msgs__rosidl_typesupport_fastrtps_cpp.so
[21.773s] -- Set runtime path of "/workspaces/auto_sentry/install/teb_msgs/lib/libteb_msgs__rosidl_typesupport_fastrtps_cpp.so" to ""
[21.773s] -- Installing: /workspaces/auto_sentry/install/teb_msgs/lib/libteb_msgs__rosidl_typesupport_introspection_c.so
[21.773s] -- Set runtime path of "/workspaces/auto_sentry/install/teb_msgs/lib/libteb_msgs__rosidl_typesupport_introspection_c.so" to ""
[21.773s] -- Installing: /workspaces/auto_sentry/install/teb_msgs/lib/libteb_msgs__rosidl_typesupport_c.so
[21.774s] -- Set runtime path of "/workspaces/auto_sentry/install/teb_msgs/lib/libteb_msgs__rosidl_typesupport_c.so" to ""
[21.774s] -- Installing: /workspaces/auto_sentry/install/teb_msgs/lib/libteb_msgs__rosidl_typesupport_introspection_cpp.so
[21.774s] -- Set runtime path of "/workspaces/auto_sentry/install/teb_msgs/lib/libteb_msgs__rosidl_typesupport_introspection_cpp.so" to ""
[21.775s] -- Installing: /workspaces/auto_sentry/install/teb_msgs/lib/libteb_msgs__rosidl_typesupport_cpp.so
[21.775s] -- Set runtime path of "/workspaces/auto_sentry/install/teb_msgs/lib/libteb_msgs__rosidl_typesupport_cpp.so" to ""
[21.836s] Listing '/workspaces/auto_sentry/install/teb_msgs/local/lib/python3.10/dist-packages/teb_msgs'...
[21.836s] Compiling '/workspaces/auto_sentry/install/teb_msgs/local/lib/python3.10/dist-packages/teb_msgs/__init__.py'...
[21.836s] Listing '/workspaces/auto_sentry/install/teb_msgs/local/lib/python3.10/dist-packages/teb_msgs/msg'...
[21.836s] Compiling '/workspaces/auto_sentry/install/teb_msgs/local/lib/python3.10/dist-packages/teb_msgs/msg/__init__.py'...
[21.836s] Compiling '/workspaces/auto_sentry/install/teb_msgs/local/lib/python3.10/dist-packages/teb_msgs/msg/_feedback_msg.py'...
[21.837s] Compiling '/workspaces/auto_sentry/install/teb_msgs/local/lib/python3.10/dist-packages/teb_msgs/msg/_trajectory_msg.py'...
[21.837s] Compiling '/workspaces/auto_sentry/install/teb_msgs/local/lib/python3.10/dist-packages/teb_msgs/msg/_trajectory_point_msg.py'...
[21.844s] -- Installing: /workspaces/auto_sentry/install/teb_msgs/lib/libteb_msgs__rosidl_generator_py.so
[21.845s] -- Set runtime path of "/workspaces/auto_sentry/install/teb_msgs/lib/libteb_msgs__rosidl_generator_py.so" to ""
[21.845s] -- Installing: /workspaces/auto_sentry/install/teb_msgs/share/teb_msgs/cmake/export_teb_msgs__rosidl_generator_cExport.cmake
[21.845s] -- Installing: /workspaces/auto_sentry/install/teb_msgs/share/teb_msgs/cmake/export_teb_msgs__rosidl_generator_cExport-noconfig.cmake
[21.846s] -- Installing: /workspaces/auto_sentry/install/teb_msgs/share/teb_msgs/cmake/export_teb_msgs__rosidl_typesupport_fastrtps_cExport.cmake
[21.846s] -- Installing: /workspaces/auto_sentry/install/teb_msgs/share/teb_msgs/cmake/export_teb_msgs__rosidl_typesupport_fastrtps_cExport-noconfig.cmake
[21.846s] -- Installing: /workspaces/auto_sentry/install/teb_msgs/share/teb_msgs/cmake/export_teb_msgs__rosidl_generator_cppExport.cmake
[21.846s] -- Installing: /workspaces/auto_sentry/install/teb_msgs/share/teb_msgs/cmake/export_teb_msgs__rosidl_typesupport_fastrtps_cppExport.cmake
[21.847s] -- Installing: /workspaces/auto_sentry/install/teb_msgs/share/teb_msgs/cmake/export_teb_msgs__rosidl_typesupport_fastrtps_cppExport-noconfig.cmake
[21.848s] -- Installing: /workspaces/auto_sentry/install/teb_msgs/share/teb_msgs/cmake/teb_msgs__rosidl_typesupport_introspection_cExport.cmake
[21.849s] -- Installing: /workspaces/auto_sentry/install/teb_msgs/share/teb_msgs/cmake/teb_msgs__rosidl_typesupport_introspection_cExport-noconfig.cmake
[21.849s] -- Installing: /workspaces/auto_sentry/install/teb_msgs/share/teb_msgs/cmake/teb_msgs__rosidl_typesupport_cExport.cmake
[21.849s] -- Installing: /workspaces/auto_sentry/install/teb_msgs/share/teb_msgs/cmake/teb_msgs__rosidl_typesupport_cExport-noconfig.cmake
[21.849s] -- Installing: /workspaces/auto_sentry/install/teb_msgs/share/teb_msgs/cmake/teb_msgs__rosidl_typesupport_introspection_cppExport.cmake
[21.850s] -- Installing: /workspaces/auto_sentry/install/teb_msgs/share/teb_msgs/cmake/teb_msgs__rosidl_typesupport_introspection_cppExport-noconfig.cmake
[21.850s] -- Installing: /workspaces/auto_sentry/install/teb_msgs/share/teb_msgs/cmake/teb_msgs__rosidl_typesupport_cppExport.cmake
[21.851s] -- Installing: /workspaces/auto_sentry/install/teb_msgs/share/teb_msgs/cmake/teb_msgs__rosidl_typesupport_cppExport-noconfig.cmake
[21.852s] -- Installing: /workspaces/auto_sentry/install/teb_msgs/share/teb_msgs/cmake/export_teb_msgs__rosidl_generator_pyExport.cmake
[21.853s] -- Installing: /workspaces/auto_sentry/install/teb_msgs/share/teb_msgs/cmake/export_teb_msgs__rosidl_generator_pyExport-noconfig.cmake
[21.862s] Invoked command in '/workspaces/auto_sentry/build/teb_msgs' returned '0': CMAKE_PREFIX_PATH=/workspaces/auto_sentry/install/costmap_converter_msgs:/workspaces/auto_sentry/install/udp_driver:/workspaces/auto_sentry/install/standard_robot_pp_ros2:/workspaces/auto_sentry/install/rm_vision_bringup:/workspaces/auto_sentry/install/rm_serial_driver:/workspaces/auto_sentry/install/serial_driver:/workspaces/auto_sentry/install/io_context:/workspaces/auto_sentry/install/udp_msgs:/workspaces/auto_sentry/install/teb_local_planner:/workspaces/auto_sentry/install/teb_msgs:/workspaces/auto_sentry/install/ros2_livox_simulation:/workspaces/auto_sentry/install/rm_rune_detector:/workspaces/auto_sentry/install/rm_navigation:/workspaces/auto_sentry/install/rm_nav_bringup:/workspaces/auto_sentry/install/rm_gimbal_description:/workspaces/auto_sentry/install/rm_behavior_tree:/workspaces/auto_sentry/install/rm_decision_interfaces:/workspaces/auto_sentry/install/rm_auto_aim:/workspaces/auto_sentry/install/pointcloud_to_laserscan:/workspaces/auto_sentry/install/point_lio:/workspaces/auto_sentry/install/pb_rm_simulation:/workspaces/auto_sentry/install/game_status_tester:/workspaces/auto_sentry/install/pb_rm_interfaces:/workspaces/auto_sentry/install/icp_registration:/workspaces/auto_sentry/install/fast_lio:/workspaces/auto_sentry/install/livox_ros_driver2:/workspaces/auto_sentry/install/linefit_ground_segmentation_ros:/workspaces/auto_sentry/install/linefit_ground_segmentation:/workspaces/auto_sentry/install/imu_complementary_filter:/workspaces/auto_sentry/install/hik_camera:/workspaces/auto_sentry/install/fake_vel_transform:/workspaces/auto_sentry/install/costmap_converter:/workspaces/auto_sentry/install/btcpp_ros2_samples:/workspaces/auto_sentry/install/btcpp_ros2_interfaces:/workspaces/auto_sentry/install/behaviortree_ros2:/workspaces/auto_sentry/install/behaviortree_cpp:/workspaces/auto_sentry/install/armor_tracker:/workspaces/auto_sentry/install/armor_detector:/workspaces/auto_sentry/install/auto_aim_interfaces:/workspaces/auto_sentry/install/asio_cmake_module:/opt/ros/humble LD_LIBRARY_PATH=/workspaces/auto_sentry/install/costmap_converter_msgs/lib:/workspaces/auto_sentry/install/udp_driver/lib:/workspaces/auto_sentry/install/standard_robot_pp_ros2/lib:/workspaces/auto_sentry/install/rm_serial_driver/lib:/workspaces/auto_sentry/install/serial_driver/lib:/workspaces/auto_sentry/install/io_context/lib:/workspaces/auto_sentry/install/udp_msgs/lib:/workspaces/auto_sentry/install/teb_local_planner/lib:/workspaces/auto_sentry/install/teb_msgs/lib:/workspaces/auto_sentry/install/ros2_livox_simulation/lib:/workspaces/auto_sentry/install/rm_rune_detector/lib:/workspaces/auto_sentry/install/rm_behavior_tree/lib:/workspaces/auto_sentry/install/rm_decision_interfaces/lib:/workspaces/auto_sentry/install/pointcloud_to_laserscan/lib:/workspaces/auto_sentry/install/pb_rm_interfaces/lib:/workspaces/auto_sentry/install/icp_registration/lib:/workspaces/auto_sentry/install/fast_lio/lib:/workspaces/auto_sentry/install/livox_ros_driver2/lib:/workspaces/auto_sentry/install/linefit_ground_segmentation/lib:/workspaces/auto_sentry/install/imu_complementary_filter/lib:/workspaces/auto_sentry/install/hik_camera/lib:/workspaces/auto_sentry/install/fake_vel_transform/lib:/workspaces/auto_sentry/install/costmap_converter/lib:/workspaces/auto_sentry/install/btcpp_ros2_interfaces/lib:/workspaces/auto_sentry/install/behaviortree_cpp/lib:/workspaces/auto_sentry/install/armor_tracker/lib:/workspaces/auto_sentry/install/armor_detector/lib:/workspaces/auto_sentry/install/auto_aim_interfaces/lib:/usr/lib/x86_64-linux-gnu/gazebo-11/plugins:/opt/ros/humble/opt/rviz_ogre_vendor/lib:/opt/ros/humble/lib/x86_64-linux-gnu:/opt/ros/humble/opt/openvdb_vendor/lib:/opt/ros/humble/lib /usr/bin/cmake --install /workspaces/auto_sentry/build/teb_msgs
