[  1%] [34m[1mGenerating C code for ROS interfaces[0m
[  2%] [34m[1mGenerating C++ code for ROS interfaces[0m
[  2%] Built target ament_cmake_python_symlink_rm_decision_interfaces
running egg_info
creating rm_decision_interfaces.egg-info
writing rm_decision_interfaces.egg-info/PKG-INFO
writing dependency_links to rm_decision_interfaces.egg-info/dependency_links.txt
writing top-level names to rm_decision_interfaces.egg-info/top_level.txt
writing manifest file 'rm_decision_interfaces.egg-info/SOURCES.txt'
reading manifest file 'rm_decision_interfaces.egg-info/SOURCES.txt'
writing manifest file 'rm_decision_interfaces.egg-info/SOURCES.txt'
[  2%] Built target ament_cmake_python_build_rm_decision_interfaces_egg
[  3%] [32mBuilding C object CMakeFiles/rm_decision_interfaces__rosidl_generator_c.dir/rosidl_generator_c/rm_decision_interfaces/msg/detail/robot_status__functions.c.o[0m
[  5%] [32mBuilding C object CMakeFiles/rm_decision_interfaces__rosidl_generator_c.dir/rosidl_generator_c/rm_decision_interfaces/msg/detail/decision_num__functions.c.o[0m
[  6%] [32mBuilding C object CMakeFiles/rm_decision_interfaces__rosidl_generator_c.dir/rosidl_generator_c/rm_decision_interfaces/msg/detail/friend_location__functions.c.o[0m
[  7%] [32mBuilding C object CMakeFiles/rm_decision_interfaces__rosidl_generator_c.dir/rosidl_generator_c/rm_decision_interfaces/msg/detail/robot_control__functions.c.o[0m
[  8%] [32mBuilding C object CMakeFiles/rm_decision_interfaces__rosidl_generator_c.dir/rosidl_generator_c/rm_decision_interfaces/msg/detail/all_robot_hp__functions.c.o[0m
[ 10%] [32mBuilding C object CMakeFiles/rm_decision_interfaces__rosidl_generator_c.dir/rosidl_generator_c/rm_decision_interfaces/msg/detail/rfid__functions.c.o[0m
[ 11%] [32mBuilding C object CMakeFiles/rm_decision_interfaces__rosidl_generator_c.dir/rosidl_generator_c/rm_decision_interfaces/msg/detail/game_status__functions.c.o[0m
[ 12%] [32m[1mLinking C shared library librm_decision_interfaces__rosidl_generator_c.so[0m
[ 12%] Built target rm_decision_interfaces__cpp
[ 13%] [34m[1mGenerating C++ type support dispatch for ROS interfaces[0m
[ 13%] Built target rm_decision_interfaces__rosidl_generator_c
[ 15%] [34m[1mGenerating C++ introspection for ROS interfaces[0m
[ 16%] [34m[1mGenerating C++ type support for eProsima Fast-RTPS[0m
[ 17%] [34m[1mGenerating C introspection for ROS interfaces[0m
[ 18%] [34m[1mGenerating C type support dispatch for ROS interfaces[0m
[ 20%] [34m[1mGenerating C type support for eProsima Fast-RTPS[0m
[ 21%] [32mBuilding C object CMakeFiles/rm_decision_interfaces__rosidl_typesupport_introspection_c.dir/rosidl_typesupport_introspection_c/rm_decision_interfaces/msg/detail/robot_control__type_support.c.o[0m
[ 22%] [32mBuilding C object CMakeFiles/rm_decision_interfaces__rosidl_typesupport_introspection_c.dir/rosidl_typesupport_introspection_c/rm_decision_interfaces/msg/detail/friend_location__type_support.c.o[0m
[ 24%] [32mBuilding C object CMakeFiles/rm_decision_interfaces__rosidl_typesupport_introspection_c.dir/rosidl_typesupport_introspection_c/rm_decision_interfaces/msg/detail/robot_status__type_support.c.o[0m
[ 25%] [32mBuilding C object CMakeFiles/rm_decision_interfaces__rosidl_typesupport_introspection_c.dir/rosidl_typesupport_introspection_c/rm_decision_interfaces/msg/detail/all_robot_hp__type_support.c.o[0m
[ 26%] [32mBuilding C object CMakeFiles/rm_decision_interfaces__rosidl_typesupport_introspection_c.dir/rosidl_typesupport_introspection_c/rm_decision_interfaces/msg/detail/rfid__type_support.c.o[0m
[ 27%] [32mBuilding C object CMakeFiles/rm_decision_interfaces__rosidl_typesupport_introspection_c.dir/rosidl_typesupport_introspection_c/rm_decision_interfaces/msg/detail/decision_num__type_support.c.o[0m
[ 29%] [32mBuilding C object CMakeFiles/rm_decision_interfaces__rosidl_typesupport_introspection_c.dir/rosidl_typesupport_introspection_c/rm_decision_interfaces/msg/detail/game_status__type_support.c.o[0m
[ 30%] [32m[1mLinking C shared library librm_decision_interfaces__rosidl_typesupport_introspection_c.so[0m
[ 30%] Built target rm_decision_interfaces__rosidl_typesupport_introspection_c
[ 31%] [32mBuilding CXX object CMakeFiles/rm_decision_interfaces__rosidl_typesupport_fastrtps_c.dir/rosidl_typesupport_fastrtps_c/rm_decision_interfaces/msg/detail/all_robot_hp__type_support_c.cpp.o[0m
[ 32%] [32mBuilding CXX object CMakeFiles/rm_decision_interfaces__rosidl_typesupport_fastrtps_c.dir/rosidl_typesupport_fastrtps_c/rm_decision_interfaces/msg/detail/decision_num__type_support_c.cpp.o[0m
[ 34%] [32mBuilding CXX object CMakeFiles/rm_decision_interfaces__rosidl_typesupport_fastrtps_c.dir/rosidl_typesupport_fastrtps_c/rm_decision_interfaces/msg/detail/robot_status__type_support_c.cpp.o[0m
[ 35%] [32mBuilding CXX object CMakeFiles/rm_decision_interfaces__rosidl_typesupport_fastrtps_c.dir/rosidl_typesupport_fastrtps_c/rm_decision_interfaces/msg/detail/friend_location__type_support_c.cpp.o[0m
[ 36%] [32mBuilding CXX object CMakeFiles/rm_decision_interfaces__rosidl_typesupport_fastrtps_c.dir/rosidl_typesupport_fastrtps_c/rm_decision_interfaces/msg/detail/robot_control__type_support_c.cpp.o[0m
[ 37%] [32mBuilding CXX object CMakeFiles/rm_decision_interfaces__rosidl_typesupport_introspection_cpp.dir/rosidl_typesupport_introspection_cpp/rm_decision_interfaces/msg/detail/robot_status__type_support.cpp.o[0m
[ 39%] [32mBuilding CXX object CMakeFiles/rm_decision_interfaces__rosidl_typesupport_fastrtps_c.dir/rosidl_typesupport_fastrtps_c/rm_decision_interfaces/msg/detail/game_status__type_support_c.cpp.o[0m
[ 40%] [32mBuilding CXX object CMakeFiles/rm_decision_interfaces__rosidl_typesupport_introspection_cpp.dir/rosidl_typesupport_introspection_cpp/rm_decision_interfaces/msg/detail/robot_control__type_support.cpp.o[0m
[ 41%] [32mBuilding CXX object CMakeFiles/rm_decision_interfaces__rosidl_typesupport_introspection_cpp.dir/rosidl_typesupport_introspection_cpp/rm_decision_interfaces/msg/detail/friend_location__type_support.cpp.o[0m
[ 43%] [32mBuilding CXX object CMakeFiles/rm_decision_interfaces__rosidl_typesupport_fastrtps_c.dir/rosidl_typesupport_fastrtps_c/rm_decision_interfaces/msg/detail/rfid__type_support_c.cpp.o[0m
[ 44%] [32mBuilding CXX object CMakeFiles/rm_decision_interfaces__rosidl_typesupport_introspection_cpp.dir/rosidl_typesupport_introspection_cpp/rm_decision_interfaces/msg/detail/rfid__type_support.cpp.o[0m
[ 45%] [32mBuilding CXX object CMakeFiles/rm_decision_interfaces__rosidl_typesupport_introspection_cpp.dir/rosidl_typesupport_introspection_cpp/rm_decision_interfaces/msg/detail/decision_num__type_support.cpp.o[0m
[ 46%] [32mBuilding CXX object CMakeFiles/rm_decision_interfaces__rosidl_typesupport_introspection_cpp.dir/rosidl_typesupport_introspection_cpp/rm_decision_interfaces/msg/detail/all_robot_hp__type_support.cpp.o[0m
[ 48%] [32mBuilding CXX object CMakeFiles/rm_decision_interfaces__rosidl_typesupport_introspection_cpp.dir/rosidl_typesupport_introspection_cpp/rm_decision_interfaces/msg/detail/game_status__type_support.cpp.o[0m
[ 49%] [32mBuilding CXX object CMakeFiles/rm_decision_interfaces__rosidl_typesupport_c.dir/rosidl_typesupport_c/rm_decision_interfaces/msg/game_status__type_support.cpp.o[0m
[ 50%] [32mBuilding CXX object CMakeFiles/rm_decision_interfaces__rosidl_typesupport_c.dir/rosidl_typesupport_c/rm_decision_interfaces/msg/decision_num__type_support.cpp.o[0m
[ 51%] [32mBuilding CXX object CMakeFiles/rm_decision_interfaces__rosidl_typesupport_c.dir/rosidl_typesupport_c/rm_decision_interfaces/msg/robot_status__type_support.cpp.o[0m
[ 53%] [32mBuilding CXX object CMakeFiles/rm_decision_interfaces__rosidl_typesupport_c.dir/rosidl_typesupport_c/rm_decision_interfaces/msg/rfid__type_support.cpp.o[0m
[ 54%] [32mBuilding CXX object CMakeFiles/rm_decision_interfaces__rosidl_typesupport_c.dir/rosidl_typesupport_c/rm_decision_interfaces/msg/all_robot_hp__type_support.cpp.o[0m
[ 55%] [32mBuilding CXX object CMakeFiles/rm_decision_interfaces__rosidl_typesupport_c.dir/rosidl_typesupport_c/rm_decision_interfaces/msg/robot_control__type_support.cpp.o[0m
[ 56%] [32mBuilding CXX object CMakeFiles/rm_decision_interfaces__rosidl_typesupport_c.dir/rosidl_typesupport_c/rm_decision_interfaces/msg/friend_location__type_support.cpp.o[0m
[ 58%] [32mBuilding CXX object CMakeFiles/rm_decision_interfaces__rosidl_typesupport_cpp.dir/rosidl_typesupport_cpp/rm_decision_interfaces/msg/all_robot_hp__type_support.cpp.o[0m
[ 59%] [32mBuilding CXX object CMakeFiles/rm_decision_interfaces__rosidl_typesupport_cpp.dir/rosidl_typesupport_cpp/rm_decision_interfaces/msg/robot_status__type_support.cpp.o[0m
[ 60%] [32mBuilding CXX object CMakeFiles/rm_decision_interfaces__rosidl_typesupport_cpp.dir/rosidl_typesupport_cpp/rm_decision_interfaces/msg/game_status__type_support.cpp.o[0m
[ 62%] [32mBuilding CXX object CMakeFiles/rm_decision_interfaces__rosidl_typesupport_cpp.dir/rosidl_typesupport_cpp/rm_decision_interfaces/msg/robot_control__type_support.cpp.o[0m
[ 63%] [32mBuilding CXX object CMakeFiles/rm_decision_interfaces__rosidl_typesupport_cpp.dir/rosidl_typesupport_cpp/rm_decision_interfaces/msg/friend_location__type_support.cpp.o[0m
[ 64%] [32mBuilding CXX object CMakeFiles/rm_decision_interfaces__rosidl_typesupport_cpp.dir/rosidl_typesupport_cpp/rm_decision_interfaces/msg/rfid__type_support.cpp.o[0m
[ 65%] [32mBuilding CXX object CMakeFiles/rm_decision_interfaces__rosidl_typesupport_cpp.dir/rosidl_typesupport_cpp/rm_decision_interfaces/msg/decision_num__type_support.cpp.o[0m
[ 67%] [32m[1mLinking CXX shared library librm_decision_interfaces__rosidl_typesupport_c.so[0m
[ 67%] Built target rm_decision_interfaces__rosidl_typesupport_c
[ 68%] [32mBuilding CXX object CMakeFiles/rm_decision_interfaces__rosidl_typesupport_fastrtps_cpp.dir/rosidl_typesupport_fastrtps_cpp/rm_decision_interfaces/msg/detail/dds_fastrtps/decision_num__type_support.cpp.o[0m
[ 69%] [32mBuilding CXX object CMakeFiles/rm_decision_interfaces__rosidl_typesupport_fastrtps_cpp.dir/rosidl_typesupport_fastrtps_cpp/rm_decision_interfaces/msg/detail/dds_fastrtps/friend_location__type_support.cpp.o[0m
[ 70%] [32mBuilding CXX object CMakeFiles/rm_decision_interfaces__rosidl_typesupport_fastrtps_cpp.dir/rosidl_typesupport_fastrtps_cpp/rm_decision_interfaces/msg/detail/dds_fastrtps/game_status__type_support.cpp.o[0m
[ 72%] [32mBuilding CXX object CMakeFiles/rm_decision_interfaces__rosidl_typesupport_fastrtps_cpp.dir/rosidl_typesupport_fastrtps_cpp/rm_decision_interfaces/msg/detail/dds_fastrtps/rfid__type_support.cpp.o[0m
[ 73%] [32mBuilding CXX object CMakeFiles/rm_decision_interfaces__rosidl_typesupport_fastrtps_cpp.dir/rosidl_typesupport_fastrtps_cpp/rm_decision_interfaces/msg/detail/dds_fastrtps/all_robot_hp__type_support.cpp.o[0m
[ 74%] [32mBuilding CXX object CMakeFiles/rm_decision_interfaces__rosidl_typesupport_fastrtps_cpp.dir/rosidl_typesupport_fastrtps_cpp/rm_decision_interfaces/msg/detail/dds_fastrtps/robot_status__type_support.cpp.o[0m
[ 75%] [32mBuilding CXX object CMakeFiles/rm_decision_interfaces__rosidl_typesupport_fastrtps_cpp.dir/rosidl_typesupport_fastrtps_cpp/rm_decision_interfaces/msg/detail/dds_fastrtps/robot_control__type_support.cpp.o[0m
[ 77%] [32m[1mLinking CXX shared library librm_decision_interfaces__rosidl_typesupport_cpp.so[0m
[ 77%] Built target rm_decision_interfaces__rosidl_typesupport_cpp
[ 78%] [32m[1mLinking CXX shared library librm_decision_interfaces__rosidl_typesupport_fastrtps_c.so[0m
[ 79%] [32m[1mLinking CXX shared library librm_decision_interfaces__rosidl_typesupport_introspection_cpp.so[0m
[ 79%] Built target rm_decision_interfaces__rosidl_typesupport_introspection_cpp
[ 79%] Built target rm_decision_interfaces__rosidl_typesupport_fastrtps_c
[ 81%] [32m[1mLinking CXX shared library librm_decision_interfaces__rosidl_typesupport_fastrtps_cpp.so[0m
[ 81%] Built target rm_decision_interfaces__rosidl_typesupport_fastrtps_cpp
[ 81%] Built target rm_decision_interfaces
[ 82%] [34m[1mGenerating Python code for ROS interfaces[0m
[ 82%] Built target rm_decision_interfaces__py
[ 83%] [32mBuilding C object CMakeFiles/rm_decision_interfaces__rosidl_generator_py.dir/rosidl_generator_py/rm_decision_interfaces/msg/_all_robot_hp_s.c.o[0m
[ 84%] [32mBuilding C object CMakeFiles/rm_decision_interfaces__rosidl_generator_py.dir/rosidl_generator_py/rm_decision_interfaces/msg/_decision_num_s.c.o[0m
[ 86%] [32mBuilding C object CMakeFiles/rm_decision_interfaces__rosidl_generator_py.dir/rosidl_generator_py/rm_decision_interfaces/msg/_robot_control_s.c.o[0m
[ 87%] [32mBuilding C object CMakeFiles/rm_decision_interfaces__rosidl_generator_py.dir/rosidl_generator_py/rm_decision_interfaces/msg/_rfid_s.c.o[0m
[ 88%] [32mBuilding C object CMakeFiles/rm_decision_interfaces__rosidl_generator_py.dir/rosidl_generator_py/rm_decision_interfaces/msg/_game_status_s.c.o[0m
[ 89%] [32mBuilding C object CMakeFiles/rm_decision_interfaces__rosidl_generator_py.dir/rosidl_generator_py/rm_decision_interfaces/msg/_friend_location_s.c.o[0m
[ 91%] [32mBuilding C object CMakeFiles/rm_decision_interfaces__rosidl_generator_py.dir/rosidl_generator_py/rm_decision_interfaces/msg/_robot_status_s.c.o[0m
[ 92%] [32m[1mLinking C shared library rosidl_generator_py/rm_decision_interfaces/librm_decision_interfaces__rosidl_generator_py.so[0m
[ 92%] Built target rm_decision_interfaces__rosidl_generator_py
[ 93%] [32mBuilding C object CMakeFiles/rm_decision_interfaces__rosidl_typesupport_fastrtps_c__pyext.dir/rosidl_generator_py/rm_decision_interfaces/_rm_decision_interfaces_s.ep.rosidl_typesupport_fastrtps_c.c.o[0m
[ 94%] [32m[1mLinking C shared library rosidl_generator_py/rm_decision_interfaces/rm_decision_interfaces_s__rosidl_typesupport_fastrtps_c.cpython-310-x86_64-linux-gnu.so[0m
[ 94%] Built target rm_decision_interfaces__rosidl_typesupport_fastrtps_c__pyext
[ 96%] [32mBuilding C object CMakeFiles/rm_decision_interfaces__rosidl_typesupport_c__pyext.dir/rosidl_generator_py/rm_decision_interfaces/_rm_decision_interfaces_s.ep.rosidl_typesupport_c.c.o[0m
[ 97%] [32m[1mLinking C shared library rosidl_generator_py/rm_decision_interfaces/rm_decision_interfaces_s__rosidl_typesupport_c.cpython-310-x86_64-linux-gnu.so[0m
[ 97%] Built target rm_decision_interfaces__rosidl_typesupport_c__pyext
[ 98%] [32mBuilding C object CMakeFiles/rm_decision_interfaces__rosidl_typesupport_introspection_c__pyext.dir/rosidl_generator_py/rm_decision_interfaces/_rm_decision_interfaces_s.ep.rosidl_typesupport_introspection_c.c.o[0m
[100%] [32m[1mLinking C shared library rosidl_generator_py/rm_decision_interfaces/rm_decision_interfaces_s__rosidl_typesupport_introspection_c.cpython-310-x86_64-linux-gnu.so[0m
[100%] Built target rm_decision_interfaces__rosidl_typesupport_introspection_c__pyext
-- Install configuration: ""
-- Execute custom install script
-- Symlinking: /workspaces/auto_sentry/install/rm_decision_interfaces/share/ament_index/resource_index/rosidl_interfaces/rm_decision_interfaces
-- Symlinking: /workspaces/auto_sentry/install/rm_decision_interfaces/include/rm_decision_interfaces/rm_decision_interfaces/msg/all_robot_hp.h
-- Symlinking: /workspaces/auto_sentry/install/rm_decision_interfaces/include/rm_decision_interfaces/rm_decision_interfaces/msg/decision_num.h
-- Symlinking: /workspaces/auto_sentry/install/rm_decision_interfaces/include/rm_decision_interfaces/rm_decision_interfaces/msg/detail/all_robot_hp__functions.h
-- Symlinking: /workspaces/auto_sentry/install/rm_decision_interfaces/include/rm_decision_interfaces/rm_decision_interfaces/msg/detail/all_robot_hp__struct.h
-- Symlinking: /workspaces/auto_sentry/install/rm_decision_interfaces/include/rm_decision_interfaces/rm_decision_interfaces/msg/detail/all_robot_hp__type_support.h
-- Symlinking: /workspaces/auto_sentry/install/rm_decision_interfaces/include/rm_decision_interfaces/rm_decision_interfaces/msg/detail/decision_num__functions.h
-- Symlinking: /workspaces/auto_sentry/install/rm_decision_interfaces/include/rm_decision_interfaces/rm_decision_interfaces/msg/detail/decision_num__struct.h
-- Symlinking: /workspaces/auto_sentry/install/rm_decision_interfaces/include/rm_decision_interfaces/rm_decision_interfaces/msg/detail/decision_num__type_support.h
-- Symlinking: /workspaces/auto_sentry/install/rm_decision_interfaces/include/rm_decision_interfaces/rm_decision_interfaces/msg/detail/friend_location__functions.h
-- Symlinking: /workspaces/auto_sentry/install/rm_decision_interfaces/include/rm_decision_interfaces/rm_decision_interfaces/msg/detail/friend_location__struct.h
-- Symlinking: /workspaces/auto_sentry/install/rm_decision_interfaces/include/rm_decision_interfaces/rm_decision_interfaces/msg/detail/friend_location__type_support.h
-- Symlinking: /workspaces/auto_sentry/install/rm_decision_interfaces/include/rm_decision_interfaces/rm_decision_interfaces/msg/detail/game_status__functions.h
-- Symlinking: /workspaces/auto_sentry/install/rm_decision_interfaces/include/rm_decision_interfaces/rm_decision_interfaces/msg/detail/game_status__struct.h
-- Symlinking: /workspaces/auto_sentry/install/rm_decision_interfaces/include/rm_decision_interfaces/rm_decision_interfaces/msg/detail/game_status__type_support.h
-- Symlinking: /workspaces/auto_sentry/install/rm_decision_interfaces/include/rm_decision_interfaces/rm_decision_interfaces/msg/detail/rfid__functions.h
-- Symlinking: /workspaces/auto_sentry/install/rm_decision_interfaces/include/rm_decision_interfaces/rm_decision_interfaces/msg/detail/rfid__struct.h
-- Symlinking: /workspaces/auto_sentry/install/rm_decision_interfaces/include/rm_decision_interfaces/rm_decision_interfaces/msg/detail/rfid__type_support.h
-- Symlinking: /workspaces/auto_sentry/install/rm_decision_interfaces/include/rm_decision_interfaces/rm_decision_interfaces/msg/detail/robot_control__functions.h
-- Symlinking: /workspaces/auto_sentry/install/rm_decision_interfaces/include/rm_decision_interfaces/rm_decision_interfaces/msg/detail/robot_control__struct.h
-- Symlinking: /workspaces/auto_sentry/install/rm_decision_interfaces/include/rm_decision_interfaces/rm_decision_interfaces/msg/detail/robot_control__type_support.h
-- Symlinking: /workspaces/auto_sentry/install/rm_decision_interfaces/include/rm_decision_interfaces/rm_decision_interfaces/msg/detail/robot_status__functions.h
-- Symlinking: /workspaces/auto_sentry/install/rm_decision_interfaces/include/rm_decision_interfaces/rm_decision_interfaces/msg/detail/robot_status__struct.h
-- Symlinking: /workspaces/auto_sentry/install/rm_decision_interfaces/include/rm_decision_interfaces/rm_decision_interfaces/msg/detail/robot_status__type_support.h
-- Symlinking: /workspaces/auto_sentry/install/rm_decision_interfaces/include/rm_decision_interfaces/rm_decision_interfaces/msg/friend_location.h
-- Symlinking: /workspaces/auto_sentry/install/rm_decision_interfaces/include/rm_decision_interfaces/rm_decision_interfaces/msg/game_status.h
-- Symlinking: /workspaces/auto_sentry/install/rm_decision_interfaces/include/rm_decision_interfaces/rm_decision_interfaces/msg/rfid.h
-- Symlinking: /workspaces/auto_sentry/install/rm_decision_interfaces/include/rm_decision_interfaces/rm_decision_interfaces/msg/robot_control.h
-- Symlinking: /workspaces/auto_sentry/install/rm_decision_interfaces/include/rm_decision_interfaces/rm_decision_interfaces/msg/robot_status.h
-- Symlinking: /workspaces/auto_sentry/install/rm_decision_interfaces/include/rm_decision_interfaces/rm_decision_interfaces/msg/rosidl_generator_c__visibility_control.h
-- Symlinking: /workspaces/auto_sentry/install/rm_decision_interfaces/share/rm_decision_interfaces/environment/library_path.sh
-- Symlinking: /workspaces/auto_sentry/install/rm_decision_interfaces/share/rm_decision_interfaces/environment/library_path.dsv
-- Symlinking: /workspaces/auto_sentry/install/rm_decision_interfaces/include/rm_decision_interfaces/rm_decision_interfaces/msg/detail/all_robot_hp__rosidl_typesupport_fastrtps_c.h
-- Symlinking: /workspaces/auto_sentry/install/rm_decision_interfaces/include/rm_decision_interfaces/rm_decision_interfaces/msg/detail/decision_num__rosidl_typesupport_fastrtps_c.h
-- Symlinking: /workspaces/auto_sentry/install/rm_decision_interfaces/include/rm_decision_interfaces/rm_decision_interfaces/msg/detail/friend_location__rosidl_typesupport_fastrtps_c.h
-- Symlinking: /workspaces/auto_sentry/install/rm_decision_interfaces/include/rm_decision_interfaces/rm_decision_interfaces/msg/detail/game_status__rosidl_typesupport_fastrtps_c.h
-- Symlinking: /workspaces/auto_sentry/install/rm_decision_interfaces/include/rm_decision_interfaces/rm_decision_interfaces/msg/detail/rfid__rosidl_typesupport_fastrtps_c.h
-- Symlinking: /workspaces/auto_sentry/install/rm_decision_interfaces/include/rm_decision_interfaces/rm_decision_interfaces/msg/detail/robot_control__rosidl_typesupport_fastrtps_c.h
-- Symlinking: /workspaces/auto_sentry/install/rm_decision_interfaces/include/rm_decision_interfaces/rm_decision_interfaces/msg/detail/robot_status__rosidl_typesupport_fastrtps_c.h
-- Symlinking: /workspaces/auto_sentry/install/rm_decision_interfaces/include/rm_decision_interfaces/rm_decision_interfaces/msg/rosidl_typesupport_fastrtps_c__visibility_control.h
-- Symlinking: /workspaces/auto_sentry/install/rm_decision_interfaces/include/rm_decision_interfaces/rm_decision_interfaces/msg/detail/all_robot_hp__rosidl_typesupport_introspection_c.h
-- Symlinking: /workspaces/auto_sentry/install/rm_decision_interfaces/include/rm_decision_interfaces/rm_decision_interfaces/msg/detail/decision_num__rosidl_typesupport_introspection_c.h
-- Symlinking: /workspaces/auto_sentry/install/rm_decision_interfaces/include/rm_decision_interfaces/rm_decision_interfaces/msg/detail/friend_location__rosidl_typesupport_introspection_c.h
-- Symlinking: /workspaces/auto_sentry/install/rm_decision_interfaces/include/rm_decision_interfaces/rm_decision_interfaces/msg/detail/game_status__rosidl_typesupport_introspection_c.h
-- Symlinking: /workspaces/auto_sentry/install/rm_decision_interfaces/include/rm_decision_interfaces/rm_decision_interfaces/msg/detail/rfid__rosidl_typesupport_introspection_c.h
-- Symlinking: /workspaces/auto_sentry/install/rm_decision_interfaces/include/rm_decision_interfaces/rm_decision_interfaces/msg/detail/robot_control__rosidl_typesupport_introspection_c.h
-- Symlinking: /workspaces/auto_sentry/install/rm_decision_interfaces/include/rm_decision_interfaces/rm_decision_interfaces/msg/detail/robot_status__rosidl_typesupport_introspection_c.h
-- Symlinking: /workspaces/auto_sentry/install/rm_decision_interfaces/include/rm_decision_interfaces/rm_decision_interfaces/msg/rosidl_typesupport_introspection_c__visibility_control.h
-- Symlinking: /workspaces/auto_sentry/install/rm_decision_interfaces/include/rm_decision_interfaces/rm_decision_interfaces/msg/all_robot_hp.hpp
-- Symlinking: /workspaces/auto_sentry/install/rm_decision_interfaces/include/rm_decision_interfaces/rm_decision_interfaces/msg/decision_num.hpp
-- Symlinking: /workspaces/auto_sentry/install/rm_decision_interfaces/include/rm_decision_interfaces/rm_decision_interfaces/msg/detail/all_robot_hp__builder.hpp
-- Symlinking: /workspaces/auto_sentry/install/rm_decision_interfaces/include/rm_decision_interfaces/rm_decision_interfaces/msg/detail/all_robot_hp__struct.hpp
-- Symlinking: /workspaces/auto_sentry/install/rm_decision_interfaces/include/rm_decision_interfaces/rm_decision_interfaces/msg/detail/all_robot_hp__traits.hpp
-- Symlinking: /workspaces/auto_sentry/install/rm_decision_interfaces/include/rm_decision_interfaces/rm_decision_interfaces/msg/detail/decision_num__builder.hpp
-- Symlinking: /workspaces/auto_sentry/install/rm_decision_interfaces/include/rm_decision_interfaces/rm_decision_interfaces/msg/detail/decision_num__struct.hpp
-- Symlinking: /workspaces/auto_sentry/install/rm_decision_interfaces/include/rm_decision_interfaces/rm_decision_interfaces/msg/detail/decision_num__traits.hpp
-- Symlinking: /workspaces/auto_sentry/install/rm_decision_interfaces/include/rm_decision_interfaces/rm_decision_interfaces/msg/detail/friend_location__builder.hpp
-- Symlinking: /workspaces/auto_sentry/install/rm_decision_interfaces/include/rm_decision_interfaces/rm_decision_interfaces/msg/detail/friend_location__struct.hpp
-- Symlinking: /workspaces/auto_sentry/install/rm_decision_interfaces/include/rm_decision_interfaces/rm_decision_interfaces/msg/detail/friend_location__traits.hpp
-- Symlinking: /workspaces/auto_sentry/install/rm_decision_interfaces/include/rm_decision_interfaces/rm_decision_interfaces/msg/detail/game_status__builder.hpp
-- Symlinking: /workspaces/auto_sentry/install/rm_decision_interfaces/include/rm_decision_interfaces/rm_decision_interfaces/msg/detail/game_status__struct.hpp
-- Symlinking: /workspaces/auto_sentry/install/rm_decision_interfaces/include/rm_decision_interfaces/rm_decision_interfaces/msg/detail/game_status__traits.hpp
-- Symlinking: /workspaces/auto_sentry/install/rm_decision_interfaces/include/rm_decision_interfaces/rm_decision_interfaces/msg/detail/rfid__builder.hpp
-- Symlinking: /workspaces/auto_sentry/install/rm_decision_interfaces/include/rm_decision_interfaces/rm_decision_interfaces/msg/detail/rfid__struct.hpp
-- Symlinking: /workspaces/auto_sentry/install/rm_decision_interfaces/include/rm_decision_interfaces/rm_decision_interfaces/msg/detail/rfid__traits.hpp
-- Symlinking: /workspaces/auto_sentry/install/rm_decision_interfaces/include/rm_decision_interfaces/rm_decision_interfaces/msg/detail/robot_control__builder.hpp
-- Symlinking: /workspaces/auto_sentry/install/rm_decision_interfaces/include/rm_decision_interfaces/rm_decision_interfaces/msg/detail/robot_control__struct.hpp
-- Symlinking: /workspaces/auto_sentry/install/rm_decision_interfaces/include/rm_decision_interfaces/rm_decision_interfaces/msg/detail/robot_control__traits.hpp
-- Symlinking: /workspaces/auto_sentry/install/rm_decision_interfaces/include/rm_decision_interfaces/rm_decision_interfaces/msg/detail/robot_status__builder.hpp
-- Symlinking: /workspaces/auto_sentry/install/rm_decision_interfaces/include/rm_decision_interfaces/rm_decision_interfaces/msg/detail/robot_status__struct.hpp
-- Symlinking: /workspaces/auto_sentry/install/rm_decision_interfaces/include/rm_decision_interfaces/rm_decision_interfaces/msg/detail/robot_status__traits.hpp
-- Symlinking: /workspaces/auto_sentry/install/rm_decision_interfaces/include/rm_decision_interfaces/rm_decision_interfaces/msg/friend_location.hpp
-- Symlinking: /workspaces/auto_sentry/install/rm_decision_interfaces/include/rm_decision_interfaces/rm_decision_interfaces/msg/game_status.hpp
-- Symlinking: /workspaces/auto_sentry/install/rm_decision_interfaces/include/rm_decision_interfaces/rm_decision_interfaces/msg/rfid.hpp
-- Symlinking: /workspaces/auto_sentry/install/rm_decision_interfaces/include/rm_decision_interfaces/rm_decision_interfaces/msg/robot_control.hpp
-- Symlinking: /workspaces/auto_sentry/install/rm_decision_interfaces/include/rm_decision_interfaces/rm_decision_interfaces/msg/robot_status.hpp
-- Symlinking: /workspaces/auto_sentry/install/rm_decision_interfaces/include/rm_decision_interfaces/rm_decision_interfaces/msg/detail/all_robot_hp__rosidl_typesupport_fastrtps_cpp.hpp
-- Symlinking: /workspaces/auto_sentry/install/rm_decision_interfaces/include/rm_decision_interfaces/rm_decision_interfaces/msg/detail/decision_num__rosidl_typesupport_fastrtps_cpp.hpp
-- Symlinking: /workspaces/auto_sentry/install/rm_decision_interfaces/include/rm_decision_interfaces/rm_decision_interfaces/msg/detail/friend_location__rosidl_typesupport_fastrtps_cpp.hpp
-- Symlinking: /workspaces/auto_sentry/install/rm_decision_interfaces/include/rm_decision_interfaces/rm_decision_interfaces/msg/detail/game_status__rosidl_typesupport_fastrtps_cpp.hpp
-- Symlinking: /workspaces/auto_sentry/install/rm_decision_interfaces/include/rm_decision_interfaces/rm_decision_interfaces/msg/detail/rfid__rosidl_typesupport_fastrtps_cpp.hpp
-- Symlinking: /workspaces/auto_sentry/install/rm_decision_interfaces/include/rm_decision_interfaces/rm_decision_interfaces/msg/detail/robot_control__rosidl_typesupport_fastrtps_cpp.hpp
-- Symlinking: /workspaces/auto_sentry/install/rm_decision_interfaces/include/rm_decision_interfaces/rm_decision_interfaces/msg/detail/robot_status__rosidl_typesupport_fastrtps_cpp.hpp
-- Symlinking: /workspaces/auto_sentry/install/rm_decision_interfaces/include/rm_decision_interfaces/rm_decision_interfaces/msg/rosidl_typesupport_fastrtps_cpp__visibility_control.h
-- Symlinking: /workspaces/auto_sentry/install/rm_decision_interfaces/include/rm_decision_interfaces/rm_decision_interfaces/msg/detail/all_robot_hp__rosidl_typesupport_introspection_cpp.hpp
-- Symlinking: /workspaces/auto_sentry/install/rm_decision_interfaces/include/rm_decision_interfaces/rm_decision_interfaces/msg/detail/decision_num__rosidl_typesupport_introspection_cpp.hpp
-- Symlinking: /workspaces/auto_sentry/install/rm_decision_interfaces/include/rm_decision_interfaces/rm_decision_interfaces/msg/detail/friend_location__rosidl_typesupport_introspection_cpp.hpp
-- Symlinking: /workspaces/auto_sentry/install/rm_decision_interfaces/include/rm_decision_interfaces/rm_decision_interfaces/msg/detail/game_status__rosidl_typesupport_introspection_cpp.hpp
-- Symlinking: /workspaces/auto_sentry/install/rm_decision_interfaces/include/rm_decision_interfaces/rm_decision_interfaces/msg/detail/rfid__rosidl_typesupport_introspection_cpp.hpp
-- Symlinking: /workspaces/auto_sentry/install/rm_decision_interfaces/include/rm_decision_interfaces/rm_decision_interfaces/msg/detail/robot_control__rosidl_typesupport_introspection_cpp.hpp
-- Symlinking: /workspaces/auto_sentry/install/rm_decision_interfaces/include/rm_decision_interfaces/rm_decision_interfaces/msg/detail/robot_status__rosidl_typesupport_introspection_cpp.hpp
-- Symlinking: /workspaces/auto_sentry/install/rm_decision_interfaces/share/rm_decision_interfaces/environment/pythonpath.sh
-- Symlinking: /workspaces/auto_sentry/install/rm_decision_interfaces/share/rm_decision_interfaces/environment/pythonpath.dsv
-- Symlinking: /workspaces/auto_sentry/install/rm_decision_interfaces/local/lib/python3.10/dist-packages/rm_decision_interfaces-0.0.0-py3.10.egg-info/PKG-INFO
-- Symlinking: /workspaces/auto_sentry/install/rm_decision_interfaces/local/lib/python3.10/dist-packages/rm_decision_interfaces-0.0.0-py3.10.egg-info/SOURCES.txt
-- Symlinking: /workspaces/auto_sentry/install/rm_decision_interfaces/local/lib/python3.10/dist-packages/rm_decision_interfaces-0.0.0-py3.10.egg-info/dependency_links.txt
-- Symlinking: /workspaces/auto_sentry/install/rm_decision_interfaces/local/lib/python3.10/dist-packages/rm_decision_interfaces-0.0.0-py3.10.egg-info/top_level.txt
-- Symlinking: /workspaces/auto_sentry/install/rm_decision_interfaces/local/lib/python3.10/dist-packages/rm_decision_interfaces/__init__.py
-- Symlinking: /workspaces/auto_sentry/install/rm_decision_interfaces/local/lib/python3.10/dist-packages/rm_decision_interfaces/_rm_decision_interfaces_s.ep.rosidl_typesupport_c.c
-- Symlinking: /workspaces/auto_sentry/install/rm_decision_interfaces/local/lib/python3.10/dist-packages/rm_decision_interfaces/_rm_decision_interfaces_s.ep.rosidl_typesupport_fastrtps_c.c
-- Symlinking: /workspaces/auto_sentry/install/rm_decision_interfaces/local/lib/python3.10/dist-packages/rm_decision_interfaces/_rm_decision_interfaces_s.ep.rosidl_typesupport_introspection_c.c
-- Symlinking: /workspaces/auto_sentry/install/rm_decision_interfaces/local/lib/python3.10/dist-packages/rm_decision_interfaces/librm_decision_interfaces__rosidl_generator_py.so
-- Symlinking: /workspaces/auto_sentry/install/rm_decision_interfaces/local/lib/python3.10/dist-packages/rm_decision_interfaces/msg/__init__.py
-- Symlinking: /workspaces/auto_sentry/install/rm_decision_interfaces/local/lib/python3.10/dist-packages/rm_decision_interfaces/msg/_all_robot_hp.py
-- Symlinking: /workspaces/auto_sentry/install/rm_decision_interfaces/local/lib/python3.10/dist-packages/rm_decision_interfaces/msg/_all_robot_hp_s.c
-- Symlinking: /workspaces/auto_sentry/install/rm_decision_interfaces/local/lib/python3.10/dist-packages/rm_decision_interfaces/msg/_decision_num.py
-- Symlinking: /workspaces/auto_sentry/install/rm_decision_interfaces/local/lib/python3.10/dist-packages/rm_decision_interfaces/msg/_decision_num_s.c
-- Symlinking: /workspaces/auto_sentry/install/rm_decision_interfaces/local/lib/python3.10/dist-packages/rm_decision_interfaces/msg/_friend_location.py
-- Symlinking: /workspaces/auto_sentry/install/rm_decision_interfaces/local/lib/python3.10/dist-packages/rm_decision_interfaces/msg/_friend_location_s.c
-- Symlinking: /workspaces/auto_sentry/install/rm_decision_interfaces/local/lib/python3.10/dist-packages/rm_decision_interfaces/msg/_game_status.py
-- Symlinking: /workspaces/auto_sentry/install/rm_decision_interfaces/local/lib/python3.10/dist-packages/rm_decision_interfaces/msg/_game_status_s.c
-- Symlinking: /workspaces/auto_sentry/install/rm_decision_interfaces/local/lib/python3.10/dist-packages/rm_decision_interfaces/msg/_rfid.py
-- Symlinking: /workspaces/auto_sentry/install/rm_decision_interfaces/local/lib/python3.10/dist-packages/rm_decision_interfaces/msg/_rfid_s.c
-- Symlinking: /workspaces/auto_sentry/install/rm_decision_interfaces/local/lib/python3.10/dist-packages/rm_decision_interfaces/msg/_robot_control.py
-- Symlinking: /workspaces/auto_sentry/install/rm_decision_interfaces/local/lib/python3.10/dist-packages/rm_decision_interfaces/msg/_robot_control_s.c
-- Symlinking: /workspaces/auto_sentry/install/rm_decision_interfaces/local/lib/python3.10/dist-packages/rm_decision_interfaces/msg/_robot_status.py
-- Symlinking: /workspaces/auto_sentry/install/rm_decision_interfaces/local/lib/python3.10/dist-packages/rm_decision_interfaces/msg/_robot_status_s.c
-- Symlinking: /workspaces/auto_sentry/install/rm_decision_interfaces/local/lib/python3.10/dist-packages/rm_decision_interfaces/rm_decision_interfaces_s__rosidl_typesupport_c.cpython-310-x86_64-linux-gnu.so
-- Symlinking: /workspaces/auto_sentry/install/rm_decision_interfaces/local/lib/python3.10/dist-packages/rm_decision_interfaces/rm_decision_interfaces_s__rosidl_typesupport_fastrtps_c.cpython-310-x86_64-linux-gnu.so
-- Symlinking: /workspaces/auto_sentry/install/rm_decision_interfaces/local/lib/python3.10/dist-packages/rm_decision_interfaces/rm_decision_interfaces_s__rosidl_typesupport_introspection_c.cpython-310-x86_64-linux-gnu.so
-- Up-to-date symlink: /workspaces/auto_sentry/install/rm_decision_interfaces/local/lib/python3.10/dist-packages/rm_decision_interfaces/rm_decision_interfaces_s__rosidl_typesupport_fastrtps_c.cpython-310-x86_64-linux-gnu.so
-- Up-to-date symlink: /workspaces/auto_sentry/install/rm_decision_interfaces/local/lib/python3.10/dist-packages/rm_decision_interfaces/rm_decision_interfaces_s__rosidl_typesupport_introspection_c.cpython-310-x86_64-linux-gnu.so
-- Up-to-date symlink: /workspaces/auto_sentry/install/rm_decision_interfaces/local/lib/python3.10/dist-packages/rm_decision_interfaces/rm_decision_interfaces_s__rosidl_typesupport_c.cpython-310-x86_64-linux-gnu.so
-- Symlinking: /workspaces/auto_sentry/install/rm_decision_interfaces/share/rm_decision_interfaces/msg/AllRobotHP.idl
-- Symlinking: /workspaces/auto_sentry/install/rm_decision_interfaces/share/rm_decision_interfaces/msg/RobotStatus.idl
-- Symlinking: /workspaces/auto_sentry/install/rm_decision_interfaces/share/rm_decision_interfaces/msg/FriendLocation.idl
-- Symlinking: /workspaces/auto_sentry/install/rm_decision_interfaces/share/rm_decision_interfaces/msg/GameStatus.idl
-- Symlinking: /workspaces/auto_sentry/install/rm_decision_interfaces/share/rm_decision_interfaces/msg/RFID.idl
-- Symlinking: /workspaces/auto_sentry/install/rm_decision_interfaces/share/rm_decision_interfaces/msg/RobotControl.idl
-- Symlinking: /workspaces/auto_sentry/install/rm_decision_interfaces/share/rm_decision_interfaces/msg/DecisionNum.idl
-- Symlinking: /workspaces/auto_sentry/install/rm_decision_interfaces/share/rm_decision_interfaces/msg/AllRobotHP.msg
-- Symlinking: /workspaces/auto_sentry/install/rm_decision_interfaces/share/rm_decision_interfaces/msg/RobotStatus.msg
-- Symlinking: /workspaces/auto_sentry/install/rm_decision_interfaces/share/rm_decision_interfaces/msg/FriendLocation.msg
-- Symlinking: /workspaces/auto_sentry/install/rm_decision_interfaces/share/rm_decision_interfaces/msg/GameStatus.msg
-- Symlinking: /workspaces/auto_sentry/install/rm_decision_interfaces/share/rm_decision_interfaces/msg/RFID.msg
-- Symlinking: /workspaces/auto_sentry/install/rm_decision_interfaces/share/rm_decision_interfaces/msg/RobotControl.msg
-- Symlinking: /workspaces/auto_sentry/install/rm_decision_interfaces/share/rm_decision_interfaces/msg/DecisionNum.msg
-- Symlinking: /workspaces/auto_sentry/install/rm_decision_interfaces/share/ament_index/resource_index/package_run_dependencies/rm_decision_interfaces
-- Symlinking: /workspaces/auto_sentry/install/rm_decision_interfaces/share/ament_index/resource_index/parent_prefix_path/rm_decision_interfaces
-- Symlinking: /workspaces/auto_sentry/install/rm_decision_interfaces/share/rm_decision_interfaces/environment/ament_prefix_path.sh
-- Symlinking: /workspaces/auto_sentry/install/rm_decision_interfaces/share/rm_decision_interfaces/environment/ament_prefix_path.dsv
-- Symlinking: /workspaces/auto_sentry/install/rm_decision_interfaces/share/rm_decision_interfaces/environment/path.sh
-- Symlinking: /workspaces/auto_sentry/install/rm_decision_interfaces/share/rm_decision_interfaces/environment/path.dsv
-- Symlinking: /workspaces/auto_sentry/install/rm_decision_interfaces/share/rm_decision_interfaces/local_setup.bash
-- Symlinking: /workspaces/auto_sentry/install/rm_decision_interfaces/share/rm_decision_interfaces/local_setup.sh
-- Symlinking: /workspaces/auto_sentry/install/rm_decision_interfaces/share/rm_decision_interfaces/local_setup.zsh
-- Symlinking: /workspaces/auto_sentry/install/rm_decision_interfaces/share/rm_decision_interfaces/local_setup.dsv
-- Symlinking: /workspaces/auto_sentry/install/rm_decision_interfaces/share/rm_decision_interfaces/package.dsv
-- Symlinking: /workspaces/auto_sentry/install/rm_decision_interfaces/share/ament_index/resource_index/packages/rm_decision_interfaces
-- Symlinking: /workspaces/auto_sentry/install/rm_decision_interfaces/share/rm_decision_interfaces/cmake/rosidl_cmake-extras.cmake
-- Symlinking: /workspaces/auto_sentry/install/rm_decision_interfaces/share/rm_decision_interfaces/cmake/ament_cmake_export_dependencies-extras.cmake
-- Symlinking: /workspaces/auto_sentry/install/rm_decision_interfaces/share/rm_decision_interfaces/cmake/ament_cmake_export_include_directories-extras.cmake
-- Symlinking: /workspaces/auto_sentry/install/rm_decision_interfaces/share/rm_decision_interfaces/cmake/ament_cmake_export_libraries-extras.cmake
-- Symlinking: /workspaces/auto_sentry/install/rm_decision_interfaces/share/rm_decision_interfaces/cmake/ament_cmake_export_targets-extras.cmake
-- Symlinking: /workspaces/auto_sentry/install/rm_decision_interfaces/share/rm_decision_interfaces/cmake/rosidl_cmake_export_typesupport_targets-extras.cmake
-- Symlinking: /workspaces/auto_sentry/install/rm_decision_interfaces/share/rm_decision_interfaces/cmake/rosidl_cmake_export_typesupport_libraries-extras.cmake
-- Symlinking: /workspaces/auto_sentry/install/rm_decision_interfaces/share/rm_decision_interfaces/cmake/rm_decision_interfacesConfig.cmake
-- Symlinking: /workspaces/auto_sentry/install/rm_decision_interfaces/share/rm_decision_interfaces/cmake/rm_decision_interfacesConfig-version.cmake
-- Symlinking: /workspaces/auto_sentry/install/rm_decision_interfaces/share/rm_decision_interfaces/package.xml
-- Installing: /workspaces/auto_sentry/install/rm_decision_interfaces/lib/librm_decision_interfaces__rosidl_generator_c.so
-- Set runtime path of "/workspaces/auto_sentry/install/rm_decision_interfaces/lib/librm_decision_interfaces__rosidl_generator_c.so" to ""
-- Installing: /workspaces/auto_sentry/install/rm_decision_interfaces/lib/librm_decision_interfaces__rosidl_typesupport_fastrtps_c.so
-- Set runtime path of "/workspaces/auto_sentry/install/rm_decision_interfaces/lib/librm_decision_interfaces__rosidl_typesupport_fastrtps_c.so" to ""
-- Installing: /workspaces/auto_sentry/install/rm_decision_interfaces/lib/librm_decision_interfaces__rosidl_typesupport_introspection_c.so
-- Set runtime path of "/workspaces/auto_sentry/install/rm_decision_interfaces/lib/librm_decision_interfaces__rosidl_typesupport_introspection_c.so" to ""
-- Installing: /workspaces/auto_sentry/install/rm_decision_interfaces/lib/librm_decision_interfaces__rosidl_typesupport_c.so
-- Set runtime path of "/workspaces/auto_sentry/install/rm_decision_interfaces/lib/librm_decision_interfaces__rosidl_typesupport_c.so" to ""
-- Installing: /workspaces/auto_sentry/install/rm_decision_interfaces/lib/librm_decision_interfaces__rosidl_typesupport_fastrtps_cpp.so
-- Set runtime path of "/workspaces/auto_sentry/install/rm_decision_interfaces/lib/librm_decision_interfaces__rosidl_typesupport_fastrtps_cpp.so" to ""
-- Installing: /workspaces/auto_sentry/install/rm_decision_interfaces/lib/librm_decision_interfaces__rosidl_typesupport_introspection_cpp.so
-- Set runtime path of "/workspaces/auto_sentry/install/rm_decision_interfaces/lib/librm_decision_interfaces__rosidl_typesupport_introspection_cpp.so" to ""
-- Installing: /workspaces/auto_sentry/install/rm_decision_interfaces/lib/librm_decision_interfaces__rosidl_typesupport_cpp.so
-- Set runtime path of "/workspaces/auto_sentry/install/rm_decision_interfaces/lib/librm_decision_interfaces__rosidl_typesupport_cpp.so" to ""
Listing '/workspaces/auto_sentry/install/rm_decision_interfaces/local/lib/python3.10/dist-packages/rm_decision_interfaces'...
Compiling '/workspaces/auto_sentry/install/rm_decision_interfaces/local/lib/python3.10/dist-packages/rm_decision_interfaces/__init__.py'...
Listing '/workspaces/auto_sentry/install/rm_decision_interfaces/local/lib/python3.10/dist-packages/rm_decision_interfaces/msg'...
Compiling '/workspaces/auto_sentry/install/rm_decision_interfaces/local/lib/python3.10/dist-packages/rm_decision_interfaces/msg/__init__.py'...
Compiling '/workspaces/auto_sentry/install/rm_decision_interfaces/local/lib/python3.10/dist-packages/rm_decision_interfaces/msg/_all_robot_hp.py'...
Compiling '/workspaces/auto_sentry/install/rm_decision_interfaces/local/lib/python3.10/dist-packages/rm_decision_interfaces/msg/_decision_num.py'...
Compiling '/workspaces/auto_sentry/install/rm_decision_interfaces/local/lib/python3.10/dist-packages/rm_decision_interfaces/msg/_friend_location.py'...
Compiling '/workspaces/auto_sentry/install/rm_decision_interfaces/local/lib/python3.10/dist-packages/rm_decision_interfaces/msg/_game_status.py'...
Compiling '/workspaces/auto_sentry/install/rm_decision_interfaces/local/lib/python3.10/dist-packages/rm_decision_interfaces/msg/_rfid.py'...
Compiling '/workspaces/auto_sentry/install/rm_decision_interfaces/local/lib/python3.10/dist-packages/rm_decision_interfaces/msg/_robot_control.py'...
Compiling '/workspaces/auto_sentry/install/rm_decision_interfaces/local/lib/python3.10/dist-packages/rm_decision_interfaces/msg/_robot_status.py'...
-- Installing: /workspaces/auto_sentry/install/rm_decision_interfaces/lib/librm_decision_interfaces__rosidl_generator_py.so
-- Set runtime path of "/workspaces/auto_sentry/install/rm_decision_interfaces/lib/librm_decision_interfaces__rosidl_generator_py.so" to ""
-- Installing: /workspaces/auto_sentry/install/rm_decision_interfaces/share/rm_decision_interfaces/cmake/export_rm_decision_interfaces__rosidl_generator_cExport.cmake
-- Installing: /workspaces/auto_sentry/install/rm_decision_interfaces/share/rm_decision_interfaces/cmake/export_rm_decision_interfaces__rosidl_generator_cExport-noconfig.cmake
-- Installing: /workspaces/auto_sentry/install/rm_decision_interfaces/share/rm_decision_interfaces/cmake/export_rm_decision_interfaces__rosidl_typesupport_fastrtps_cExport.cmake
-- Installing: /workspaces/auto_sentry/install/rm_decision_interfaces/share/rm_decision_interfaces/cmake/export_rm_decision_interfaces__rosidl_typesupport_fastrtps_cExport-noconfig.cmake
-- Installing: /workspaces/auto_sentry/install/rm_decision_interfaces/share/rm_decision_interfaces/cmake/rm_decision_interfaces__rosidl_typesupport_introspection_cExport.cmake
-- Installing: /workspaces/auto_sentry/install/rm_decision_interfaces/share/rm_decision_interfaces/cmake/rm_decision_interfaces__rosidl_typesupport_introspection_cExport-noconfig.cmake
-- Installing: /workspaces/auto_sentry/install/rm_decision_interfaces/share/rm_decision_interfaces/cmake/rm_decision_interfaces__rosidl_typesupport_cExport.cmake
-- Installing: /workspaces/auto_sentry/install/rm_decision_interfaces/share/rm_decision_interfaces/cmake/rm_decision_interfaces__rosidl_typesupport_cExport-noconfig.cmake
-- Installing: /workspaces/auto_sentry/install/rm_decision_interfaces/share/rm_decision_interfaces/cmake/export_rm_decision_interfaces__rosidl_generator_cppExport.cmake
-- Installing: /workspaces/auto_sentry/install/rm_decision_interfaces/share/rm_decision_interfaces/cmake/export_rm_decision_interfaces__rosidl_typesupport_fastrtps_cppExport.cmake
-- Installing: /workspaces/auto_sentry/install/rm_decision_interfaces/share/rm_decision_interfaces/cmake/export_rm_decision_interfaces__rosidl_typesupport_fastrtps_cppExport-noconfig.cmake
-- Installing: /workspaces/auto_sentry/install/rm_decision_interfaces/share/rm_decision_interfaces/cmake/rm_decision_interfaces__rosidl_typesupport_introspection_cppExport.cmake
-- Installing: /workspaces/auto_sentry/install/rm_decision_interfaces/share/rm_decision_interfaces/cmake/rm_decision_interfaces__rosidl_typesupport_introspection_cppExport-noconfig.cmake
-- Installing: /workspaces/auto_sentry/install/rm_decision_interfaces/share/rm_decision_interfaces/cmake/rm_decision_interfaces__rosidl_typesupport_cppExport.cmake
-- Installing: /workspaces/auto_sentry/install/rm_decision_interfaces/share/rm_decision_interfaces/cmake/rm_decision_interfaces__rosidl_typesupport_cppExport-noconfig.cmake
-- Installing: /workspaces/auto_sentry/install/rm_decision_interfaces/share/rm_decision_interfaces/cmake/export_rm_decision_interfaces__rosidl_generator_pyExport.cmake
-- Installing: /workspaces/auto_sentry/install/rm_decision_interfaces/share/rm_decision_interfaces/cmake/export_rm_decision_interfaces__rosidl_generator_pyExport-noconfig.cmake
