[0.015s] Invoking command in '/workspaces/auto_sentry/build/rm_behavior_tree': AMENT_PREFIX_PATH=/workspaces/auto_sentry/install/behaviortree_ros2:/workspaces/auto_sentry/install/rm_decision_interfaces:/workspaces/auto_sentry/install/behaviortree_cpp:/workspaces/auto_sentry/install/auto_aim_interfaces:${AMENT_PREFIX_PATH} CMAKE_PREFIX_PATH=/workspaces/auto_sentry/install/behaviortree_ros2:/workspaces/auto_sentry/install/rm_decision_interfaces:/workspaces/auto_sentry/install/behaviortree_cpp:/workspaces/auto_sentry/install/auto_aim_interfaces:/opt/ros/humble LD_LIBRARY_PATH=/workspaces/auto_sentry/install/rm_decision_interfaces/lib:/workspaces/auto_sentry/install/behaviortree_cpp/lib:/workspaces/auto_sentry/install/auto_aim_interfaces/lib:${LD_LIBRARY_PATH} PATH=/workspaces/auto_sentry/install/behaviortree_cpp/bin:${PATH} PYTHONPATH=/workspaces/auto_sentry/install/rm_decision_interfaces/local/lib/python3.10/dist-packages:/workspaces/auto_sentry/install/auto_aim_interfaces/local/lib/python3.10/dist-packages:${PYTHONPATH} /usr/bin/cmake /workspaces/auto_sentry/src/rm_behavior_tree-master/rm_behavior_tree -DAMENT_CMAKE_SYMLINK_INSTALL=1 -DCMAKE_INSTALL_PREFIX=/workspaces/auto_sentry/install/rm_behavior_tree
[0.026s] -- Found ament_cmake_auto: 1.3.9 (/opt/ros/humble/share/ament_cmake_auto/cmake)
[0.101s] -- Override CMake install command with custom implementation using symlinks instead of copying resources
[0.169s] -- Found rosidl_generator_c: 3.1.5 (/opt/ros/humble/share/rosidl_generator_c/cmake)
[0.170s] -- Found rosidl_adapter: 3.1.5 (/opt/ros/humble/share/rosidl_adapter/cmake)
[0.174s] -- Found rosidl_generator_cpp: 3.1.5 (/opt/ros/humble/share/rosidl_generator_cpp/cmake)
[0.181s] -- Using all available rosidl_typesupport_c: rosidl_typesupport_fastrtps_c;rosidl_typesupport_introspection_c
[0.191s] -- Using all available rosidl_typesupport_cpp: rosidl_typesupport_fastrtps_cpp;rosidl_typesupport_introspection_cpp
[0.230s] -- Found rmw_implementation_cmake: 6.1.2 (/opt/ros/humble/share/rmw_implementation_cmake/cmake)
[0.231s] -- Found rmw_fastrtps_cpp: 6.2.6 (/opt/ros/humble/share/rmw_fastrtps_cpp/cmake)
[0.335s] -- Using RMW implementation 'rmw_fastrtps_cpp' as default
[1.886s] -- Configuring done
[2.319s] -- Generating done
[2.322s] -- Build files have been written to: /workspaces/auto_sentry/build/rm_behavior_tree
[2.331s] Invoked command in '/workspaces/auto_sentry/build/rm_behavior_tree' returned '0': AMENT_PREFIX_PATH=/workspaces/auto_sentry/install/behaviortree_ros2:/workspaces/auto_sentry/install/rm_decision_interfaces:/workspaces/auto_sentry/install/behaviortree_cpp:/workspaces/auto_sentry/install/auto_aim_interfaces:${AMENT_PREFIX_PATH} CMAKE_PREFIX_PATH=/workspaces/auto_sentry/install/behaviortree_ros2:/workspaces/auto_sentry/install/rm_decision_interfaces:/workspaces/auto_sentry/install/behaviortree_cpp:/workspaces/auto_sentry/install/auto_aim_interfaces:/opt/ros/humble LD_LIBRARY_PATH=/workspaces/auto_sentry/install/rm_decision_interfaces/lib:/workspaces/auto_sentry/install/behaviortree_cpp/lib:/workspaces/auto_sentry/install/auto_aim_interfaces/lib:${LD_LIBRARY_PATH} PATH=/workspaces/auto_sentry/install/behaviortree_cpp/bin:${PATH} PYTHONPATH=/workspaces/auto_sentry/install/rm_decision_interfaces/local/lib/python3.10/dist-packages:/workspaces/auto_sentry/install/auto_aim_interfaces/local/lib/python3.10/dist-packages:${PYTHONPATH} /usr/bin/cmake /workspaces/auto_sentry/src/rm_behavior_tree-master/rm_behavior_tree -DAMENT_CMAKE_SYMLINK_INSTALL=1 -DCMAKE_INSTALL_PREFIX=/workspaces/auto_sentry/install/rm_behavior_tree
[2.333s] Invoking command in '/workspaces/auto_sentry/build/rm_behavior_tree': AMENT_PREFIX_PATH=/workspaces/auto_sentry/install/behaviortree_ros2:/workspaces/auto_sentry/install/rm_decision_interfaces:/workspaces/auto_sentry/install/behaviortree_cpp:/workspaces/auto_sentry/install/auto_aim_interfaces:${AMENT_PREFIX_PATH} CMAKE_PREFIX_PATH=/workspaces/auto_sentry/install/behaviortree_ros2:/workspaces/auto_sentry/install/rm_decision_interfaces:/workspaces/auto_sentry/install/behaviortree_cpp:/workspaces/auto_sentry/install/auto_aim_interfaces:/opt/ros/humble LD_LIBRARY_PATH=/workspaces/auto_sentry/install/rm_decision_interfaces/lib:/workspaces/auto_sentry/install/behaviortree_cpp/lib:/workspaces/auto_sentry/install/auto_aim_interfaces/lib:${LD_LIBRARY_PATH} PATH=/workspaces/auto_sentry/install/behaviortree_cpp/bin:${PATH} PYTHONPATH=/workspaces/auto_sentry/install/rm_decision_interfaces/local/lib/python3.10/dist-packages:/workspaces/auto_sentry/install/auto_aim_interfaces/local/lib/python3.10/dist-packages:${PYTHONPATH} /usr/bin/cmake --build /workspaces/auto_sentry/build/rm_behavior_tree -- -j28 -l28
[2.382s] [35m[1mConsolidate compiler generated dependencies of target rm_behavior_tree[0m
[2.384s] [35m[1mConsolidate compiler generated dependencies of target decision_switch[0m
[2.397s] [  2%] [32mBuilding CXX object CMakeFiles/rm_behavior_tree.dir/src/rm_behavior_tree.cpp.o[0m
[2.400s] [  4%] [32mBuilding CXX object CMakeFiles/decision_switch.dir/plugins/control/decision_switch.cpp.o[0m
[5.327s] [  7%] [32m[1mLinking CXX shared library libdecision_switch.so[0m
[5.460s] [  7%] Built target decision_switch
[5.468s] [35m[1mConsolidate compiler generated dependencies of target rate_controller[0m
[5.482s] [  9%] [32m[1mLinking CXX shared library librate_controller.so[0m
[5.492s] [ 11%] [32m[1mLinking CXX executable rm_behavior_tree[0m
[5.604s] [ 14%] Built target rate_controller
[5.615s] [35m[1mConsolidate compiler generated dependencies of target is_game_time[0m
[5.629s] [ 16%] [32mBuilding CXX object CMakeFiles/is_game_time.dir/plugins/condition/is_game_time.cpp.o[0m
[5.637s] [ 16%] Built target rm_behavior_tree
[7.379s] [ 19%] [32m[1mLinking CXX shared library libis_game_time.so[0m
[7.542s] [ 19%] Built target is_game_time
[7.551s] [35m[1mConsolidate compiler generated dependencies of target is_status_ok[0m
[7.563s] [ 21%] [32mBuilding CXX object CMakeFiles/is_status_ok.dir/plugins/condition/is_status_ok.cpp.o[0m
[9.265s] [ 23%] [32m[1mLinking CXX shared library libis_status_ok.so[0m
[9.429s] [ 23%] Built target is_status_ok
[9.441s] [35m[1mConsolidate compiler generated dependencies of target is_attacked[0m
[9.458s] [ 26%] [32mBuilding CXX object CMakeFiles/is_attacked.dir/plugins/condition/is_attacked.cpp.o[0m
[11.126s] [ 28%] [32m[1mLinking CXX shared library libis_attacked.so[0m
[11.274s] [ 28%] Built target is_attacked
[11.282s] [35m[1mConsolidate compiler generated dependencies of target is_friend_ok[0m
[11.302s] [ 30%] [32mBuilding CXX object CMakeFiles/is_friend_ok.dir/plugins/condition/is_friend_ok.cpp.o[0m
[13.005s] [ 33%] [32m[1mLinking CXX shared library libis_friend_ok.so[0m
[13.162s] [ 33%] Built target is_friend_ok
[13.174s] [35m[1mConsolidate compiler generated dependencies of target is_outpost_ok[0m
[13.194s] [ 35%] [32mBuilding CXX object CMakeFiles/is_outpost_ok.dir/plugins/condition/is_outpost_ok.cpp.o[0m
[14.948s] [ 38%] [32m[1mLinking CXX shared library libis_outpost_ok.so[0m
[15.104s] [ 38%] Built target is_outpost_ok
[15.112s] [35m[1mConsolidate compiler generated dependencies of target is_detect_enemy[0m
[15.124s] [ 40%] [32m[1mLinking CXX shared library libis_detect_enemy.so[0m
[15.289s] [ 42%] Built target is_detect_enemy
[15.299s] [35m[1mConsolidate compiler generated dependencies of target send_goal[0m
[15.326s] [ 45%] [32m[1mLinking CXX shared library libsend_goal.so[0m
[15.600s] [ 47%] Built target send_goal
[15.610s] [35m[1mConsolidate compiler generated dependencies of target sub_all_robot_hp[0m
[15.636s] [ 50%] [32mBuilding CXX object CMakeFiles/sub_all_robot_hp.dir/plugins/action/sub_all_robot_hp.cpp.o[0m
[22.922s] [ 52%] [32m[1mLinking CXX shared library libsub_all_robot_hp.so[0m
[23.460s] [ 52%] Built target sub_all_robot_hp
[23.470s] [35m[1mConsolidate compiler generated dependencies of target sub_ally_robot_hp[0m
[23.492s] [ 54%] [32mBuilding CXX object CMakeFiles/sub_ally_robot_hp.dir/plugins/action/sub_ally_robot_hp.cpp.o[0m
[30.663s] [ 57%] [32m[1mLinking CXX shared library libsub_ally_robot_hp.so[0m
[31.235s] [ 57%] Built target sub_ally_robot_hp
[31.245s] [35m[1mConsolidate compiler generated dependencies of target sub_robot_status[0m
[31.267s] [ 59%] [32mBuilding CXX object CMakeFiles/sub_robot_status.dir/plugins/action/sub_robot_status.cpp.o[0m
[38.473s] [ 61%] [32m[1mLinking CXX shared library libsub_robot_status.so[0m
[39.025s] [ 61%] Built target sub_robot_status
[39.034s] [35m[1mConsolidate compiler generated dependencies of target sub_game_status[0m
[39.058s] [ 64%] [32mBuilding CXX object CMakeFiles/sub_game_status.dir/plugins/action/sub_game_status.cpp.o[0m
[46.268s] [ 66%] [32m[1mLinking CXX shared library libsub_game_status.so[0m
[46.828s] [ 66%] Built target sub_game_status
[46.839s] [35m[1mConsolidate compiler generated dependencies of target sub_armors[0m
[46.857s] [ 69%] [32m[1mLinking CXX shared library libsub_armors.so[0m
[47.407s] [ 71%] Built target sub_armors
[47.419s] [35m[1mConsolidate compiler generated dependencies of target sub_decision_num[0m
[47.446s] [ 73%] [32mBuilding CXX object CMakeFiles/sub_decision_num.dir/plugins/action/sub_decision_num.cpp.o[0m
[54.640s] [ 76%] [32m[1mLinking CXX shared library libsub_decision_num.so[0m
[55.225s] [ 76%] Built target sub_decision_num
[55.237s] [35m[1mConsolidate compiler generated dependencies of target get_current_location[0m
[55.261s] [ 78%] [32m[1mLinking CXX shared library libget_current_location.so[0m
[55.531s] [ 80%] Built target get_current_location
[55.540s] [35m[1mConsolidate compiler generated dependencies of target move_around[0m
[55.561s] [ 83%] [32m[1mLinking CXX shared library libmove_around.so[0m
[55.889s] [ 85%] Built target move_around
[55.898s] [35m[1mConsolidate compiler generated dependencies of target robot_control[0m
[55.922s] [ 88%] [32mBuilding CXX object CMakeFiles/robot_control.dir/plugins/action/robot_control.cpp.o[0m
[59.577s] [ 90%] [32m[1mLinking CXX shared library librobot_control.so[0m
[59.895s] [ 90%] Built target robot_control
[59.904s] [35m[1mConsolidate compiler generated dependencies of target print_message[0m
[59.922s] [ 92%] [32m[1mLinking CXX shared library libprint_message.so[0m
[60.188s] [ 95%] Built target print_message
[60.198s] [35m[1mConsolidate compiler generated dependencies of target hp_decision_patrol[0m
[60.215s] [ 97%] [32mBuilding CXX object CMakeFiles/hp_decision_patrol.dir/plugins/action/hp_decision_patrol.cpp.o[0m
[63.208s] [100%] [32m[1mLinking CXX shared library libhp_decision_patrol.so[0m
[63.463s] [100%] Built target hp_decision_patrol
[63.473s] Invoked command in '/workspaces/auto_sentry/build/rm_behavior_tree' returned '0': AMENT_PREFIX_PATH=/workspaces/auto_sentry/install/behaviortree_ros2:/workspaces/auto_sentry/install/rm_decision_interfaces:/workspaces/auto_sentry/install/behaviortree_cpp:/workspaces/auto_sentry/install/auto_aim_interfaces:${AMENT_PREFIX_PATH} CMAKE_PREFIX_PATH=/workspaces/auto_sentry/install/behaviortree_ros2:/workspaces/auto_sentry/install/rm_decision_interfaces:/workspaces/auto_sentry/install/behaviortree_cpp:/workspaces/auto_sentry/install/auto_aim_interfaces:/opt/ros/humble LD_LIBRARY_PATH=/workspaces/auto_sentry/install/rm_decision_interfaces/lib:/workspaces/auto_sentry/install/behaviortree_cpp/lib:/workspaces/auto_sentry/install/auto_aim_interfaces/lib:${LD_LIBRARY_PATH} PATH=/workspaces/auto_sentry/install/behaviortree_cpp/bin:${PATH} PYTHONPATH=/workspaces/auto_sentry/install/rm_decision_interfaces/local/lib/python3.10/dist-packages:/workspaces/auto_sentry/install/auto_aim_interfaces/local/lib/python3.10/dist-packages:${PYTHONPATH} /usr/bin/cmake --build /workspaces/auto_sentry/build/rm_behavior_tree -- -j28 -l28
[63.595s] Invoking command in '/workspaces/auto_sentry/build/rm_behavior_tree': AMENT_PREFIX_PATH=/workspaces/auto_sentry/install/behaviortree_ros2:/workspaces/auto_sentry/install/rm_decision_interfaces:/workspaces/auto_sentry/install/behaviortree_cpp:/workspaces/auto_sentry/install/auto_aim_interfaces:${AMENT_PREFIX_PATH} CMAKE_PREFIX_PATH=/workspaces/auto_sentry/install/behaviortree_ros2:/workspaces/auto_sentry/install/rm_decision_interfaces:/workspaces/auto_sentry/install/behaviortree_cpp:/workspaces/auto_sentry/install/auto_aim_interfaces:/opt/ros/humble LD_LIBRARY_PATH=/workspaces/auto_sentry/install/rm_decision_interfaces/lib:/workspaces/auto_sentry/install/behaviortree_cpp/lib:/workspaces/auto_sentry/install/auto_aim_interfaces/lib:${LD_LIBRARY_PATH} PATH=/workspaces/auto_sentry/install/behaviortree_cpp/bin:${PATH} PYTHONPATH=/workspaces/auto_sentry/install/rm_decision_interfaces/local/lib/python3.10/dist-packages:/workspaces/auto_sentry/install/auto_aim_interfaces/local/lib/python3.10/dist-packages:${PYTHONPATH} /usr/bin/cmake --install /workspaces/auto_sentry/build/rm_behavior_tree
[63.604s] -- Install configuration: ""
[63.604s] -- Execute custom install script
[63.605s] -- Up-to-date symlink: /workspaces/auto_sentry/install/rm_behavior_tree/include/rm_behavior_tree/bt_conversions.hpp
[63.605s] -- Up-to-date symlink: /workspaces/auto_sentry/install/rm_behavior_tree/include/rm_behavior_tree/plugins/action/get_current_location.hpp
[63.605s] -- Up-to-date symlink: /workspaces/auto_sentry/install/rm_behavior_tree/include/rm_behavior_tree/plugins/action/hp_decision_patrol.hpp
[63.605s] -- Up-to-date symlink: /workspaces/auto_sentry/install/rm_behavior_tree/include/rm_behavior_tree/plugins/action/move_around.hpp
[63.606s] -- Up-to-date symlink: /workspaces/auto_sentry/install/rm_behavior_tree/include/rm_behavior_tree/plugins/action/print_message.hpp
[63.606s] -- Up-to-date symlink: /workspaces/auto_sentry/install/rm_behavior_tree/include/rm_behavior_tree/plugins/action/robot_control.hpp
[63.606s] -- Up-to-date symlink: /workspaces/auto_sentry/install/rm_behavior_tree/include/rm_behavior_tree/plugins/action/send_goal.hpp
[63.606s] -- Up-to-date symlink: /workspaces/auto_sentry/install/rm_behavior_tree/include/rm_behavior_tree/plugins/action/sub_all_robot_hp.hpp
[63.606s] -- Up-to-date symlink: /workspaces/auto_sentry/install/rm_behavior_tree/include/rm_behavior_tree/plugins/action/sub_ally_robot_hp.hpp
[63.606s] -- Up-to-date symlink: /workspaces/auto_sentry/install/rm_behavior_tree/include/rm_behavior_tree/plugins/action/sub_armors.hpp
[63.606s] -- Up-to-date symlink: /workspaces/auto_sentry/install/rm_behavior_tree/include/rm_behavior_tree/plugins/action/sub_decision_num.hpp
[63.606s] -- Up-to-date symlink: /workspaces/auto_sentry/install/rm_behavior_tree/include/rm_behavior_tree/plugins/action/sub_game_status.hpp
[63.606s] -- Up-to-date symlink: /workspaces/auto_sentry/install/rm_behavior_tree/include/rm_behavior_tree/plugins/action/sub_robot_status.hpp
[63.607s] -- Up-to-date symlink: /workspaces/auto_sentry/install/rm_behavior_tree/include/rm_behavior_tree/plugins/condition/is_attacked.hpp
[63.607s] -- Up-to-date symlink: /workspaces/auto_sentry/install/rm_behavior_tree/include/rm_behavior_tree/plugins/condition/is_detect_enemy.hpp
[63.607s] -- Up-to-date symlink: /workspaces/auto_sentry/install/rm_behavior_tree/include/rm_behavior_tree/plugins/condition/is_friend_ok.hpp
[63.607s] -- Up-to-date symlink: /workspaces/auto_sentry/install/rm_behavior_tree/include/rm_behavior_tree/plugins/condition/is_game_time.hpp
[63.607s] -- Up-to-date symlink: /workspaces/auto_sentry/install/rm_behavior_tree/include/rm_behavior_tree/plugins/condition/is_outpost_ok.hpp
[63.607s] -- Up-to-date symlink: /workspaces/auto_sentry/install/rm_behavior_tree/include/rm_behavior_tree/plugins/condition/is_status_ok.hpp
[63.607s] -- Up-to-date symlink: /workspaces/auto_sentry/install/rm_behavior_tree/include/rm_behavior_tree/plugins/control/decision_switch.hpp
[63.607s] -- Up-to-date symlink: /workspaces/auto_sentry/install/rm_behavior_tree/include/rm_behavior_tree/plugins/decorator/rate_controller.hpp
[63.608s] -- Up-to-date symlink: /workspaces/auto_sentry/install/rm_behavior_tree/include/rm_behavior_tree/rm_behavior_tree.h
[63.608s] -- Up-to-date symlink: /workspaces/auto_sentry/install/rm_behavior_tree/share/rm_behavior_tree/environment/library_path.sh
[63.608s] -- Up-to-date symlink: /workspaces/auto_sentry/install/rm_behavior_tree/share/rm_behavior_tree/environment/library_path.dsv
[63.609s] -- Up-to-date symlink: /workspaces/auto_sentry/install/rm_behavior_tree/lib/libdecision_switch.so
[63.609s] -- Up-to-date symlink: /workspaces/auto_sentry/install/rm_behavior_tree/lib/librate_controller.so
[63.609s] -- Up-to-date symlink: /workspaces/auto_sentry/install/rm_behavior_tree/lib/libis_game_time.so
[63.610s] -- Up-to-date symlink: /workspaces/auto_sentry/install/rm_behavior_tree/lib/libis_status_ok.so
[63.610s] -- Up-to-date symlink: /workspaces/auto_sentry/install/rm_behavior_tree/lib/libis_attacked.so
[63.610s] -- Up-to-date symlink: /workspaces/auto_sentry/install/rm_behavior_tree/lib/libis_friend_ok.so
[63.610s] -- Up-to-date symlink: /workspaces/auto_sentry/install/rm_behavior_tree/lib/libis_outpost_ok.so
[63.610s] -- Up-to-date symlink: /workspaces/auto_sentry/install/rm_behavior_tree/lib/libis_detect_enemy.so
[63.610s] -- Up-to-date symlink: /workspaces/auto_sentry/install/rm_behavior_tree/lib/libsend_goal.so
[63.610s] -- Up-to-date symlink: /workspaces/auto_sentry/install/rm_behavior_tree/lib/libsub_all_robot_hp.so
[63.610s] -- Up-to-date symlink: /workspaces/auto_sentry/install/rm_behavior_tree/lib/libsub_ally_robot_hp.so
[63.611s] -- Up-to-date symlink: /workspaces/auto_sentry/install/rm_behavior_tree/lib/libsub_robot_status.so
[63.611s] -- Up-to-date symlink: /workspaces/auto_sentry/install/rm_behavior_tree/lib/libsub_game_status.so
[63.611s] -- Up-to-date symlink: /workspaces/auto_sentry/install/rm_behavior_tree/lib/libsub_armors.so
[63.611s] -- Up-to-date symlink: /workspaces/auto_sentry/install/rm_behavior_tree/lib/libsub_decision_num.so
[63.611s] -- Up-to-date symlink: /workspaces/auto_sentry/install/rm_behavior_tree/lib/libget_current_location.so
[63.612s] -- Up-to-date symlink: /workspaces/auto_sentry/install/rm_behavior_tree/lib/libmove_around.so
[63.612s] -- Up-to-date symlink: /workspaces/auto_sentry/install/rm_behavior_tree/lib/librobot_control.so
[63.612s] -- Up-to-date symlink: /workspaces/auto_sentry/install/rm_behavior_tree/lib/libprint_message.so
[63.612s] -- Up-to-date symlink: /workspaces/auto_sentry/install/rm_behavior_tree/lib/libhp_decision_patrol.so
[63.612s] -- Up-to-date symlink: /workspaces/auto_sentry/install/rm_behavior_tree/lib/rm_behavior_tree/rm_behavior_tree
[63.613s] -- Up-to-date symlink: /workspaces/auto_sentry/install/rm_behavior_tree/share/rm_behavior_tree/launch/rm_behavior_tree.launch.py
[63.613s] -- Up-to-date symlink: /workspaces/auto_sentry/install/rm_behavior_tree/share/rm_behavior_tree/config/Project.btproj
[63.613s] -- Up-to-date symlink: /workspaces/auto_sentry/install/rm_behavior_tree/share/rm_behavior_tree/config/attack_left.xml
[63.613s] -- Up-to-date symlink: /workspaces/auto_sentry/install/rm_behavior_tree/share/rm_behavior_tree/config/attack_right.xml
[63.613s] -- Up-to-date symlink: /workspaces/auto_sentry/install/rm_behavior_tree/share/rm_behavior_tree/config/decision_switch_test.xml
[63.613s] -- Up-to-date symlink: /workspaces/auto_sentry/install/rm_behavior_tree/share/rm_behavior_tree/config/hp_patrol_test.xml
[63.614s] -- Up-to-date symlink: /workspaces/auto_sentry/install/rm_behavior_tree/share/rm_behavior_tree/config/protect_supply.xml
[63.614s] -- Up-to-date symlink: /workspaces/auto_sentry/install/rm_behavior_tree/share/rm_behavior_tree/config/retreat_attack_left.xml
[63.614s] -- Up-to-date symlink: /workspaces/auto_sentry/install/rm_behavior_tree/share/rm_behavior_tree/config/rmuc_01.xml
[63.614s] -- Up-to-date symlink: /workspaces/auto_sentry/install/rm_behavior_tree/share/ament_index/resource_index/package_run_dependencies/rm_behavior_tree
[63.614s] -- Up-to-date symlink: /workspaces/auto_sentry/install/rm_behavior_tree/share/ament_index/resource_index/parent_prefix_path/rm_behavior_tree
[63.615s] -- Up-to-date symlink: /workspaces/auto_sentry/install/rm_behavior_tree/share/rm_behavior_tree/environment/ament_prefix_path.sh
[63.615s] -- Up-to-date symlink: /workspaces/auto_sentry/install/rm_behavior_tree/share/rm_behavior_tree/environment/ament_prefix_path.dsv
[63.615s] -- Up-to-date symlink: /workspaces/auto_sentry/install/rm_behavior_tree/share/rm_behavior_tree/environment/path.sh
[63.615s] -- Up-to-date symlink: /workspaces/auto_sentry/install/rm_behavior_tree/share/rm_behavior_tree/environment/path.dsv
[63.615s] -- Up-to-date symlink: /workspaces/auto_sentry/install/rm_behavior_tree/share/rm_behavior_tree/local_setup.bash
[63.615s] -- Up-to-date symlink: /workspaces/auto_sentry/install/rm_behavior_tree/share/rm_behavior_tree/local_setup.sh
[63.616s] -- Up-to-date symlink: /workspaces/auto_sentry/install/rm_behavior_tree/share/rm_behavior_tree/local_setup.zsh
[63.616s] -- Up-to-date symlink: /workspaces/auto_sentry/install/rm_behavior_tree/share/rm_behavior_tree/local_setup.dsv
[63.616s] -- Symlinking: /workspaces/auto_sentry/install/rm_behavior_tree/share/rm_behavior_tree/package.dsv
[63.623s] -- Up-to-date symlink: /workspaces/auto_sentry/install/rm_behavior_tree/share/ament_index/resource_index/packages/rm_behavior_tree
[63.623s] -- Up-to-date symlink: /workspaces/auto_sentry/install/rm_behavior_tree/share/rm_behavior_tree/cmake/ament_cmake_export_dependencies-extras.cmake
[63.624s] -- Up-to-date symlink: /workspaces/auto_sentry/install/rm_behavior_tree/share/rm_behavior_tree/cmake/ament_cmake_export_include_directories-extras.cmake
[63.624s] -- Up-to-date symlink: /workspaces/auto_sentry/install/rm_behavior_tree/share/rm_behavior_tree/cmake/ament_cmake_export_libraries-extras.cmake
[63.624s] -- Up-to-date symlink: /workspaces/auto_sentry/install/rm_behavior_tree/share/rm_behavior_tree/cmake/rm_behavior_treeConfig.cmake
[63.624s] -- Up-to-date symlink: /workspaces/auto_sentry/install/rm_behavior_tree/share/rm_behavior_tree/cmake/rm_behavior_treeConfig-version.cmake
[63.624s] -- Up-to-date symlink: /workspaces/auto_sentry/install/rm_behavior_tree/share/rm_behavior_tree/package.xml
[63.625s] Invoked command in '/workspaces/auto_sentry/build/rm_behavior_tree' returned '0': AMENT_PREFIX_PATH=/workspaces/auto_sentry/install/behaviortree_ros2:/workspaces/auto_sentry/install/rm_decision_interfaces:/workspaces/auto_sentry/install/behaviortree_cpp:/workspaces/auto_sentry/install/auto_aim_interfaces:${AMENT_PREFIX_PATH} CMAKE_PREFIX_PATH=/workspaces/auto_sentry/install/behaviortree_ros2:/workspaces/auto_sentry/install/rm_decision_interfaces:/workspaces/auto_sentry/install/behaviortree_cpp:/workspaces/auto_sentry/install/auto_aim_interfaces:/opt/ros/humble LD_LIBRARY_PATH=/workspaces/auto_sentry/install/rm_decision_interfaces/lib:/workspaces/auto_sentry/install/behaviortree_cpp/lib:/workspaces/auto_sentry/install/auto_aim_interfaces/lib:${LD_LIBRARY_PATH} PATH=/workspaces/auto_sentry/install/behaviortree_cpp/bin:${PATH} PYTHONPATH=/workspaces/auto_sentry/install/rm_decision_interfaces/local/lib/python3.10/dist-packages:/workspaces/auto_sentry/install/auto_aim_interfaces/local/lib/python3.10/dist-packages:${PYTHONPATH} /usr/bin/cmake --install /workspaces/auto_sentry/build/rm_behavior_tree
