[0.051s] Invoking command in '/workspaces/auto_sentry/build/fast_lio': CMAKE_PREFIX_PATH=/workspaces/auto_sentry/install/livox_ros_driver2:/workspaces/auto_sentry/install/udp_driver:/workspaces/auto_sentry/install/standard_robot_pp_ros2:/workspaces/auto_sentry/install/rm_vision_bringup:/workspaces/auto_sentry/install/rm_serial_driver:/workspaces/auto_sentry/install/serial_driver:/workspaces/auto_sentry/install/io_context:/workspaces/auto_sentry/install/udp_msgs:/workspaces/auto_sentry/install/teb_local_planner:/workspaces/auto_sentry/install/teb_msgs:/workspaces/auto_sentry/install/ros2_livox_simulation:/workspaces/auto_sentry/install/rm_rune_detector:/workspaces/auto_sentry/install/rm_navigation:/workspaces/auto_sentry/install/rm_nav_bringup:/workspaces/auto_sentry/install/rm_gimbal_description:/workspaces/auto_sentry/install/rm_behavior_tree:/workspaces/auto_sentry/install/rm_decision_interfaces:/workspaces/auto_sentry/install/rm_auto_aim:/workspaces/auto_sentry/install/pointcloud_to_laserscan:/workspaces/auto_sentry/install/point_lio:/workspaces/auto_sentry/install/pb_rm_simulation:/workspaces/auto_sentry/install/game_status_tester:/workspaces/auto_sentry/install/pb_rm_interfaces:/workspaces/auto_sentry/install/icp_registration:/workspaces/auto_sentry/install/fast_lio:/workspaces/auto_sentry/install/linefit_ground_segmentation_ros:/workspaces/auto_sentry/install/linefit_ground_segmentation:/workspaces/auto_sentry/install/imu_complementary_filter:/workspaces/auto_sentry/install/hik_camera:/workspaces/auto_sentry/install/fake_vel_transform:/workspaces/auto_sentry/install/costmap_converter:/workspaces/auto_sentry/install/costmap_converter_msgs:/workspaces/auto_sentry/install/btcpp_ros2_samples:/workspaces/auto_sentry/install/btcpp_ros2_interfaces:/workspaces/auto_sentry/install/behaviortree_ros2:/workspaces/auto_sentry/install/behaviortree_cpp:/workspaces/auto_sentry/install/armor_tracker:/workspaces/auto_sentry/install/armor_detector:/workspaces/auto_sentry/install/auto_aim_interfaces:/workspaces/auto_sentry/install/asio_cmake_module:/opt/ros/humble LD_LIBRARY_PATH=/workspaces/auto_sentry/install/livox_ros_driver2/lib:/workspaces/auto_sentry/install/udp_driver/lib:/workspaces/auto_sentry/install/standard_robot_pp_ros2/lib:/workspaces/auto_sentry/install/rm_serial_driver/lib:/workspaces/auto_sentry/install/serial_driver/lib:/workspaces/auto_sentry/install/io_context/lib:/workspaces/auto_sentry/install/udp_msgs/lib:/workspaces/auto_sentry/install/teb_local_planner/lib:/workspaces/auto_sentry/install/teb_msgs/lib:/workspaces/auto_sentry/install/ros2_livox_simulation/lib:/workspaces/auto_sentry/install/rm_rune_detector/lib:/workspaces/auto_sentry/install/rm_behavior_tree/lib:/workspaces/auto_sentry/install/rm_decision_interfaces/lib:/workspaces/auto_sentry/install/pointcloud_to_laserscan/lib:/workspaces/auto_sentry/install/pb_rm_interfaces/lib:/workspaces/auto_sentry/install/icp_registration/lib:/workspaces/auto_sentry/install/fast_lio/lib:/workspaces/auto_sentry/install/linefit_ground_segmentation/lib:/workspaces/auto_sentry/install/imu_complementary_filter/lib:/workspaces/auto_sentry/install/hik_camera/lib:/workspaces/auto_sentry/install/fake_vel_transform/lib:/workspaces/auto_sentry/install/costmap_converter/lib:/workspaces/auto_sentry/install/costmap_converter_msgs/lib:/workspaces/auto_sentry/install/btcpp_ros2_interfaces/lib:/workspaces/auto_sentry/install/behaviortree_cpp/lib:/workspaces/auto_sentry/install/armor_tracker/lib:/workspaces/auto_sentry/install/armor_detector/lib:/workspaces/auto_sentry/install/auto_aim_interfaces/lib:/usr/lib/x86_64-linux-gnu/gazebo-11/plugins:/opt/ros/humble/opt/rviz_ogre_vendor/lib:/opt/ros/humble/lib/x86_64-linux-gnu:/opt/ros/humble/opt/openvdb_vendor/lib:/opt/ros/humble/lib /usr/bin/cmake /workspaces/auto_sentry/src/pb_rmsimulation/src/rm_localization/FAST_LIO -DAMENT_CMAKE_SYMLINK_INSTALL=1 -DCMAKE_INSTALL_PREFIX=/workspaces/auto_sentry/install/fast_lio
[0.143s] -- The C compiler identification is GNU 11.4.0
[0.228s] -- The CXX compiler identification is GNU 11.4.0
[0.239s] -- Detecting C compiler ABI info
[0.347s] -- Detecting C compiler ABI info - done
[0.360s] -- Check for working C compiler: /usr/bin/cc - skipped
[0.360s] -- Detecting C compile features
[0.361s] -- Detecting C compile features - done
[0.366s] -- Detecting CXX compiler ABI info
[0.473s] -- Detecting CXX compiler ABI info - done
[0.484s] -- Check for working CXX compiler: /usr/bin/c++ - skipped
[0.485s] -- Detecting CXX compile features
[0.485s] -- Detecting CXX compile features - done
[1.039s] -- Found PythonLibs: /usr/lib/x86_64-linux-gnu/libpython3.10.so (found version "3.10.12") 
[1.043s] -- Found ament_cmake: 1.3.9 (/opt/ros/humble/share/ament_cmake/cmake)
[1.261s] -- Found Python3: /usr/bin/python3 (found version "3.10.12") found components: Interpreter 
[1.378s] -- Override CMake install command with custom implementation using symlinks instead of copying resources
[1.455s] -- Found rclcpp: 16.0.9 (/opt/ros/humble/share/rclcpp/cmake)
[1.553s] -- Found rosidl_generator_c: 3.1.5 (/opt/ros/humble/share/rosidl_generator_c/cmake)
[1.568s] -- Found rosidl_adapter: 3.1.5 (/opt/ros/humble/share/rosidl_adapter/cmake)
[1.583s] -- Found rosidl_generator_cpp: 3.1.5 (/opt/ros/humble/share/rosidl_generator_cpp/cmake)
[1.605s] -- Using all available rosidl_typesupport_c: rosidl_typesupport_fastrtps_c;rosidl_typesupport_introspection_c
[1.635s] -- Using all available rosidl_typesupport_cpp: rosidl_typesupport_fastrtps_cpp;rosidl_typesupport_introspection_cpp
[1.736s] -- Found rmw_implementation_cmake: 6.1.2 (/opt/ros/humble/share/rmw_implementation_cmake/cmake)
[1.743s] -- Found rmw_fastrtps_cpp: 6.2.6 (/opt/ros/humble/share/rmw_fastrtps_cpp/cmake)
[1.899s] -- Found OpenSSL: /usr/lib/x86_64-linux-gnu/libcrypto.so (found version "3.0.2")  
[1.944s] -- Found FastRTPS: /opt/ros/humble/include  
[2.030s] -- Using RMW implementation 'rmw_fastrtps_cpp' as default
[2.046s] -- Looking for pthread.h
[2.145s] -- Looking for pthread.h - found
[2.146s] -- Performing Test CMAKE_HAVE_LIBC_PTHREAD
[2.245s] -- Performing Test CMAKE_HAVE_LIBC_PTHREAD - Success
[2.246s] -- Found Threads: TRUE  
[2.449s] -- Found rclcpp_components: 16.0.9 (/opt/ros/humble/share/rclcpp_components/cmake)
[2.540s] -- Found geometry_msgs: 4.2.3 (/opt/ros/humble/share/geometry_msgs/cmake)
[2.594s] -- Found nav_msgs: 4.2.3 (/opt/ros/humble/share/nav_msgs/cmake)
[2.698s] -- Found sensor_msgs: 4.2.3 (/opt/ros/humble/share/sensor_msgs/cmake)
[2.803s] -- Found std_srvs: 4.2.3 (/opt/ros/humble/share/std_srvs/cmake)
[2.825s] -- Found visualization_msgs: 4.2.3 (/opt/ros/humble/share/visualization_msgs/cmake)
[2.974s] -- Found pcl_ros: 2.4.0 (/opt/ros/humble/share/pcl_ros/cmake)
[3.325s] -- Found eigen3_cmake_module: 0.1.1 (/opt/ros/humble/share/eigen3_cmake_module/cmake)
[3.327s] -- Found Eigen3: TRUE (found version "3.4.0") 
[3.327s] -- Ensuring Eigen3 include directory is part of orocos-kdl CMake target
[3.790s] -- Checking for module 'eigen3'
[3.816s] --   Found eigen3, version 3.4.0
[3.875s] -- Found Eigen: /usr/include/eigen3 (Required is at least version "3.1") 
[3.875s] -- Eigen found (include: /usr/include/eigen3, version: 3.4.0)
[3.963s] -- Checking for module 'flann'
[3.989s] --   Found flann, version 1.9.1
[4.052s] -- Found FLANN: /usr/lib/x86_64-linux-gnu/libflann_cpp.so  
[4.053s] -- FLANN found (include: /usr/include, lib: /usr/lib/x86_64-linux-gnu/libflann_cpp.so)
[5.497s] -- Checking for module 'libusb-1.0'
[5.525s] --   Found libusb-1.0, version 1.0.25
[5.587s] -- Found libusb: /usr/lib/x86_64-linux-gnu/libusb-1.0.so  
[5.588s] -- OpenNI found (version: 1.5.4.0, include: /usr/include/ni, lib: /usr/lib/libOpenNI.so;libusb::libusb)
[5.683s] -- OpenNI2 found (version: 2.2.0.33, include: /usr/include/openni2, lib: /usr/lib/x86_64-linux-gnu/libOpenNI2.so;libusb::libusb)
[5.927s] -- Eigen found (include: /usr/include/eigen3, version: 3.4.0)
[5.937s] -- OpenNI found (version: 1.5.4.0, include: /usr/include/ni, lib: /usr/lib/libOpenNI.so;libusb::libusb)
[5.949s] -- OpenNI2 found (version: 2.2.0.33, include: /usr/include/openni2, lib: /usr/lib/x86_64-linux-gnu/libOpenNI2.so;libusb::libusb)
[6.209s] -- Found Qhull version 8.0.2
[6.486s] -- OpenNI found (version: 1.5.4.0, include: /usr/include/ni, lib: /usr/lib/libOpenNI.so;libusb::libusb)
[6.734s] -- Found PCL_COMMON: /usr/lib/x86_64-linux-gnu/libpcl_common.so  
[6.735s] -- Found PCL_KDTREE: /usr/lib/x86_64-linux-gnu/libpcl_kdtree.so  
[6.736s] -- Found PCL_OCTREE: /usr/lib/x86_64-linux-gnu/libpcl_octree.so  
[6.736s] -- Found PCL_SEARCH: /usr/lib/x86_64-linux-gnu/libpcl_search.so  
[6.738s] -- Found PCL_SAMPLE_CONSENSUS: /usr/lib/x86_64-linux-gnu/libpcl_sample_consensus.so  
[6.739s] -- Found PCL_FILTERS: /usr/lib/x86_64-linux-gnu/libpcl_filters.so  
[6.739s] -- Found PCL_2D: /usr/include/pcl-1.12  
[6.740s] -- Found PCL_GEOMETRY: /usr/include/pcl-1.12  
[6.741s] -- Found PCL_IO: /usr/lib/x86_64-linux-gnu/libpcl_io.so  
[6.742s] -- Found PCL_FEATURES: /usr/lib/x86_64-linux-gnu/libpcl_features.so  
[6.743s] -- Found PCL_ML: /usr/lib/x86_64-linux-gnu/libpcl_ml.so  
[6.744s] -- Found PCL_SEGMENTATION: /usr/lib/x86_64-linux-gnu/libpcl_segmentation.so  
[6.745s] -- Found PCL_VISUALIZATION: /usr/lib/x86_64-linux-gnu/libpcl_visualization.so  
[6.747s] -- Found PCL_SURFACE: /usr/lib/x86_64-linux-gnu/libpcl_surface.so  
[6.748s] -- Found PCL_REGISTRATION: /usr/lib/x86_64-linux-gnu/libpcl_registration.so  
[6.749s] -- Found PCL_KEYPOINTS: /usr/lib/x86_64-linux-gnu/libpcl_keypoints.so  
[6.750s] -- Found PCL_TRACKING: /usr/lib/x86_64-linux-gnu/libpcl_tracking.so  
[6.751s] -- Found PCL_RECOGNITION: /usr/lib/x86_64-linux-gnu/libpcl_recognition.so  
[6.752s] -- Found PCL_STEREO: /usr/lib/x86_64-linux-gnu/libpcl_stereo.so  
[6.753s] -- Found PCL_APPS: /usr/lib/x86_64-linux-gnu/libpcl_apps.so  
[6.754s] -- Found PCL_IN_HAND_SCANNER: /usr/include/pcl-1.12  
[6.754s] -- Found PCL_MODELER: /usr/include/pcl-1.12  
[6.754s] -- Found PCL_POINT_CLOUD_EDITOR: /usr/include/pcl-1.12  
[6.755s] -- Found PCL_OUTOFCORE: /usr/lib/x86_64-linux-gnu/libpcl_outofcore.so  
[6.758s] -- Found PCL_PEOPLE: /usr/lib/x86_64-linux-gnu/libpcl_people.so  
[6.776s] -- Found livox_ros_driver2: 1.0.0 (/workspaces/auto_sentry/install/livox_ros_driver2/share/livox_ros_driver2/cmake)
[7.144s] -- Found rosidl_default_generators: 1.2.0 (/opt/ros/humble/share/rosidl_default_generators/cmake)
[7.589s] -- Found ament_cmake_ros: 0.10.0 (/opt/ros/humble/share/ament_cmake_ros/cmake)
[8.050s] -- Using all available rosidl_typesupport_c: rosidl_typesupport_fastrtps_c;rosidl_typesupport_introspection_c
[8.236s] -- Using all available rosidl_typesupport_cpp: rosidl_typesupport_fastrtps_cpp;rosidl_typesupport_introspection_cpp
[8.265s] -- Found PythonInterp: /usr/bin/python3 (found suitable version "3.10.12", minimum required is "3.6") 
[8.269s] -- Found python_cmake_module: 0.10.0 (/opt/ros/humble/share/python_cmake_module/cmake)
[8.305s] -- Found PythonLibs: /usr/lib/x86_64-linux-gnu/libpython3.10.so (found suitable version "3.10.12", minimum required is "3.5") 
[8.305s] -- Using PYTHON_EXECUTABLE: /usr/bin/python3
[8.305s] -- Using PYTHON_INCLUDE_DIRS: /usr/include/python3.10
[8.306s] -- Using PYTHON_LIBRARIES: /usr/lib/x86_64-linux-gnu/libpython3.10.so
[8.336s] -- Found PythonExtra: .so  
[8.519s] -- Configuring done
[8.622s] -- Generating done
[8.629s] -- Build files have been written to: /workspaces/auto_sentry/build/fast_lio
[8.661s] Invoked command in '/workspaces/auto_sentry/build/fast_lio' returned '0': CMAKE_PREFIX_PATH=/workspaces/auto_sentry/install/livox_ros_driver2:/workspaces/auto_sentry/install/udp_driver:/workspaces/auto_sentry/install/standard_robot_pp_ros2:/workspaces/auto_sentry/install/rm_vision_bringup:/workspaces/auto_sentry/install/rm_serial_driver:/workspaces/auto_sentry/install/serial_driver:/workspaces/auto_sentry/install/io_context:/workspaces/auto_sentry/install/udp_msgs:/workspaces/auto_sentry/install/teb_local_planner:/workspaces/auto_sentry/install/teb_msgs:/workspaces/auto_sentry/install/ros2_livox_simulation:/workspaces/auto_sentry/install/rm_rune_detector:/workspaces/auto_sentry/install/rm_navigation:/workspaces/auto_sentry/install/rm_nav_bringup:/workspaces/auto_sentry/install/rm_gimbal_description:/workspaces/auto_sentry/install/rm_behavior_tree:/workspaces/auto_sentry/install/rm_decision_interfaces:/workspaces/auto_sentry/install/rm_auto_aim:/workspaces/auto_sentry/install/pointcloud_to_laserscan:/workspaces/auto_sentry/install/point_lio:/workspaces/auto_sentry/install/pb_rm_simulation:/workspaces/auto_sentry/install/game_status_tester:/workspaces/auto_sentry/install/pb_rm_interfaces:/workspaces/auto_sentry/install/icp_registration:/workspaces/auto_sentry/install/fast_lio:/workspaces/auto_sentry/install/linefit_ground_segmentation_ros:/workspaces/auto_sentry/install/linefit_ground_segmentation:/workspaces/auto_sentry/install/imu_complementary_filter:/workspaces/auto_sentry/install/hik_camera:/workspaces/auto_sentry/install/fake_vel_transform:/workspaces/auto_sentry/install/costmap_converter:/workspaces/auto_sentry/install/costmap_converter_msgs:/workspaces/auto_sentry/install/btcpp_ros2_samples:/workspaces/auto_sentry/install/btcpp_ros2_interfaces:/workspaces/auto_sentry/install/behaviortree_ros2:/workspaces/auto_sentry/install/behaviortree_cpp:/workspaces/auto_sentry/install/armor_tracker:/workspaces/auto_sentry/install/armor_detector:/workspaces/auto_sentry/install/auto_aim_interfaces:/workspaces/auto_sentry/install/asio_cmake_module:/opt/ros/humble LD_LIBRARY_PATH=/workspaces/auto_sentry/install/livox_ros_driver2/lib:/workspaces/auto_sentry/install/udp_driver/lib:/workspaces/auto_sentry/install/standard_robot_pp_ros2/lib:/workspaces/auto_sentry/install/rm_serial_driver/lib:/workspaces/auto_sentry/install/serial_driver/lib:/workspaces/auto_sentry/install/io_context/lib:/workspaces/auto_sentry/install/udp_msgs/lib:/workspaces/auto_sentry/install/teb_local_planner/lib:/workspaces/auto_sentry/install/teb_msgs/lib:/workspaces/auto_sentry/install/ros2_livox_simulation/lib:/workspaces/auto_sentry/install/rm_rune_detector/lib:/workspaces/auto_sentry/install/rm_behavior_tree/lib:/workspaces/auto_sentry/install/rm_decision_interfaces/lib:/workspaces/auto_sentry/install/pointcloud_to_laserscan/lib:/workspaces/auto_sentry/install/pb_rm_interfaces/lib:/workspaces/auto_sentry/install/icp_registration/lib:/workspaces/auto_sentry/install/fast_lio/lib:/workspaces/auto_sentry/install/linefit_ground_segmentation/lib:/workspaces/auto_sentry/install/imu_complementary_filter/lib:/workspaces/auto_sentry/install/hik_camera/lib:/workspaces/auto_sentry/install/fake_vel_transform/lib:/workspaces/auto_sentry/install/costmap_converter/lib:/workspaces/auto_sentry/install/costmap_converter_msgs/lib:/workspaces/auto_sentry/install/btcpp_ros2_interfaces/lib:/workspaces/auto_sentry/install/behaviortree_cpp/lib:/workspaces/auto_sentry/install/armor_tracker/lib:/workspaces/auto_sentry/install/armor_detector/lib:/workspaces/auto_sentry/install/auto_aim_interfaces/lib:/usr/lib/x86_64-linux-gnu/gazebo-11/plugins:/opt/ros/humble/opt/rviz_ogre_vendor/lib:/opt/ros/humble/lib/x86_64-linux-gnu:/opt/ros/humble/opt/openvdb_vendor/lib:/opt/ros/humble/lib /usr/bin/cmake /workspaces/auto_sentry/src/pb_rmsimulation/src/rm_localization/FAST_LIO -DAMENT_CMAKE_SYMLINK_INSTALL=1 -DCMAKE_INSTALL_PREFIX=/workspaces/auto_sentry/install/fast_lio
[8.664s] Invoking command in '/workspaces/auto_sentry/build/fast_lio': CMAKE_PREFIX_PATH=/workspaces/auto_sentry/install/livox_ros_driver2:/workspaces/auto_sentry/install/udp_driver:/workspaces/auto_sentry/install/standard_robot_pp_ros2:/workspaces/auto_sentry/install/rm_vision_bringup:/workspaces/auto_sentry/install/rm_serial_driver:/workspaces/auto_sentry/install/serial_driver:/workspaces/auto_sentry/install/io_context:/workspaces/auto_sentry/install/udp_msgs:/workspaces/auto_sentry/install/teb_local_planner:/workspaces/auto_sentry/install/teb_msgs:/workspaces/auto_sentry/install/ros2_livox_simulation:/workspaces/auto_sentry/install/rm_rune_detector:/workspaces/auto_sentry/install/rm_navigation:/workspaces/auto_sentry/install/rm_nav_bringup:/workspaces/auto_sentry/install/rm_gimbal_description:/workspaces/auto_sentry/install/rm_behavior_tree:/workspaces/auto_sentry/install/rm_decision_interfaces:/workspaces/auto_sentry/install/rm_auto_aim:/workspaces/auto_sentry/install/pointcloud_to_laserscan:/workspaces/auto_sentry/install/point_lio:/workspaces/auto_sentry/install/pb_rm_simulation:/workspaces/auto_sentry/install/game_status_tester:/workspaces/auto_sentry/install/pb_rm_interfaces:/workspaces/auto_sentry/install/icp_registration:/workspaces/auto_sentry/install/fast_lio:/workspaces/auto_sentry/install/linefit_ground_segmentation_ros:/workspaces/auto_sentry/install/linefit_ground_segmentation:/workspaces/auto_sentry/install/imu_complementary_filter:/workspaces/auto_sentry/install/hik_camera:/workspaces/auto_sentry/install/fake_vel_transform:/workspaces/auto_sentry/install/costmap_converter:/workspaces/auto_sentry/install/costmap_converter_msgs:/workspaces/auto_sentry/install/btcpp_ros2_samples:/workspaces/auto_sentry/install/btcpp_ros2_interfaces:/workspaces/auto_sentry/install/behaviortree_ros2:/workspaces/auto_sentry/install/behaviortree_cpp:/workspaces/auto_sentry/install/armor_tracker:/workspaces/auto_sentry/install/armor_detector:/workspaces/auto_sentry/install/auto_aim_interfaces:/workspaces/auto_sentry/install/asio_cmake_module:/opt/ros/humble LD_LIBRARY_PATH=/workspaces/auto_sentry/install/livox_ros_driver2/lib:/workspaces/auto_sentry/install/udp_driver/lib:/workspaces/auto_sentry/install/standard_robot_pp_ros2/lib:/workspaces/auto_sentry/install/rm_serial_driver/lib:/workspaces/auto_sentry/install/serial_driver/lib:/workspaces/auto_sentry/install/io_context/lib:/workspaces/auto_sentry/install/udp_msgs/lib:/workspaces/auto_sentry/install/teb_local_planner/lib:/workspaces/auto_sentry/install/teb_msgs/lib:/workspaces/auto_sentry/install/ros2_livox_simulation/lib:/workspaces/auto_sentry/install/rm_rune_detector/lib:/workspaces/auto_sentry/install/rm_behavior_tree/lib:/workspaces/auto_sentry/install/rm_decision_interfaces/lib:/workspaces/auto_sentry/install/pointcloud_to_laserscan/lib:/workspaces/auto_sentry/install/pb_rm_interfaces/lib:/workspaces/auto_sentry/install/icp_registration/lib:/workspaces/auto_sentry/install/fast_lio/lib:/workspaces/auto_sentry/install/linefit_ground_segmentation/lib:/workspaces/auto_sentry/install/imu_complementary_filter/lib:/workspaces/auto_sentry/install/hik_camera/lib:/workspaces/auto_sentry/install/fake_vel_transform/lib:/workspaces/auto_sentry/install/costmap_converter/lib:/workspaces/auto_sentry/install/costmap_converter_msgs/lib:/workspaces/auto_sentry/install/btcpp_ros2_interfaces/lib:/workspaces/auto_sentry/install/behaviortree_cpp/lib:/workspaces/auto_sentry/install/armor_tracker/lib:/workspaces/auto_sentry/install/armor_detector/lib:/workspaces/auto_sentry/install/auto_aim_interfaces/lib:/usr/lib/x86_64-linux-gnu/gazebo-11/plugins:/opt/ros/humble/opt/rviz_ogre_vendor/lib:/opt/ros/humble/lib/x86_64-linux-gnu:/opt/ros/humble/opt/openvdb_vendor/lib:/opt/ros/humble/lib /usr/bin/cmake --build /workspaces/auto_sentry/build/fast_lio -- -j28 -l28
[8.753s] [  2%] [34m[1mGenerating C++ code for ROS interfaces[0m
[9.188s] [  2%] Built target fast_lio__cpp
[9.233s] [  2%] Built target ament_cmake_python_symlink_fast_lio
[9.253s] [  5%] [34m[1mGenerating C++ introspection for ROS interfaces[0m
[9.688s] [  8%] [32mBuilding CXX object CMakeFiles/fast_lio__rosidl_typesupport_introspection_cpp.dir/rosidl_typesupport_introspection_cpp/fast_lio/msg/detail/pose6_d__type_support.cpp.o[0m
[10.135s] [ 11%] [32m[1mLinking CXX shared library libfast_lio__rosidl_typesupport_introspection_cpp.so[0m
[10.189s] [ 11%] Built target fast_lio__rosidl_typesupport_introspection_cpp
[10.413s] running egg_info
[10.414s] creating fast_lio.egg-info
[10.414s] writing fast_lio.egg-info/PKG-INFO
[10.414s] writing dependency_links to fast_lio.egg-info/dependency_links.txt
[10.414s] writing top-level names to fast_lio.egg-info/top_level.txt
[10.415s] writing manifest file 'fast_lio.egg-info/SOURCES.txt'
[10.417s] reading manifest file 'fast_lio.egg-info/SOURCES.txt'
[10.417s] writing manifest file 'fast_lio.egg-info/SOURCES.txt'
[10.450s] [ 11%] Built target ament_cmake_python_build_fast_lio_egg
[10.470s] [ 14%] [34m[1mGenerating C++ type support for eProsima Fast-RTPS[0m
[10.819s] [ 17%] [32mBuilding CXX object CMakeFiles/fast_lio__rosidl_typesupport_fastrtps_cpp.dir/rosidl_typesupport_fastrtps_cpp/fast_lio/msg/detail/dds_fastrtps/pose6_d__type_support.cpp.o[0m
[11.479s] [ 20%] [32m[1mLinking CXX shared library libfast_lio__rosidl_typesupport_fastrtps_cpp.so[0m
[11.604s] [ 20%] Built target fast_lio__rosidl_typesupport_fastrtps_cpp
[11.624s] [ 22%] [34m[1mGenerating C++ type support dispatch for ROS interfaces[0m
[11.972s] [ 25%] [32mBuilding CXX object CMakeFiles/fast_lio__rosidl_typesupport_cpp.dir/rosidl_typesupport_cpp/fast_lio/msg/pose6_d__type_support.cpp.o[0m
[12.308s] [ 28%] [32m[1mLinking CXX shared library libfast_lio__rosidl_typesupport_cpp.so[0m
[12.381s] [ 28%] Built target fast_lio__rosidl_typesupport_cpp
[12.397s] [ 31%] [34m[1mGenerating C code for ROS interfaces[0m
[12.942s] [ 34%] [32mBuilding C object CMakeFiles/fast_lio__rosidl_generator_c.dir/rosidl_generator_c/fast_lio/msg/detail/pose6_d__functions.c.o[0m
[13.080s] [ 37%] [32m[1mLinking C shared library libfast_lio__rosidl_generator_c.so[0m
[13.133s] [ 37%] Built target fast_lio__rosidl_generator_c
[13.166s] [ 40%] [32mBuilding CXX object CMakeFiles/fastlio_mapping.dir/src/laserMapping.cpp.o[0m
[108.303s] [ 42%] [32mBuilding CXX object CMakeFiles/fastlio_mapping.dir/src/preprocess.cpp.o[0m
[108.303s] [ 45%] [32mBuilding CXX object CMakeFiles/fastlio_mapping.dir/include/ikd-Tree/ikd_Tree.cpp.o[0m
[116.643s] [ 48%] [32m[1mLinking CXX executable fastlio_mapping[0m
[117.910s] [ 48%] Built target fastlio_mapping
[117.930s] [ 51%] [34m[1mGenerating C type support dispatch for ROS interfaces[0m
[117.931s] [ 54%] [34m[1mGenerating C type support for eProsima Fast-RTPS[0m
[117.932s] [ 57%] [34m[1mGenerating C introspection for ROS interfaces[0m
[118.273s] [ 60%] [32mBuilding CXX object CMakeFiles/fast_lio__rosidl_typesupport_c.dir/rosidl_typesupport_c/fast_lio/msg/pose6_d__type_support.cpp.o[0m
[118.282s] [ 62%] [32mBuilding C object CMakeFiles/fast_lio__rosidl_typesupport_introspection_c.dir/rosidl_typesupport_introspection_c/fast_lio/msg/detail/pose6_d__type_support.c.o[0m
[118.283s] [ 65%] [32mBuilding CXX object CMakeFiles/fast_lio__rosidl_typesupport_fastrtps_c.dir/rosidl_typesupport_fastrtps_c/fast_lio/msg/detail/pose6_d__type_support_c.cpp.o[0m
[118.317s] [ 68%] [32m[1mLinking CXX shared library libfast_lio__rosidl_typesupport_c.so[0m
[118.370s] [ 71%] [32m[1mLinking C shared library libfast_lio__rosidl_typesupport_introspection_c.so[0m
[118.375s] [ 71%] Built target fast_lio__rosidl_typesupport_c
[118.419s] [ 71%] Built target fast_lio__rosidl_typesupport_introspection_c
[118.659s] [ 74%] [32m[1mLinking CXX shared library libfast_lio__rosidl_typesupport_fastrtps_c.so[0m
[118.756s] [ 74%] Built target fast_lio__rosidl_typesupport_fastrtps_c
[118.789s] [ 74%] Built target fast_lio
[118.820s] [ 77%] [34m[1mGenerating Python code for ROS interfaces[0m
[119.283s] [ 77%] Built target fast_lio__py
[119.319s] [ 80%] [32mBuilding C object CMakeFiles/fast_lio__rosidl_generator_py.dir/rosidl_generator_py/fast_lio/msg/_pose6_d_s.c.o[0m
[119.482s] [ 82%] [32m[1mLinking C shared library rosidl_generator_py/fast_lio/libfast_lio__rosidl_generator_py.so[0m
[119.543s] [ 82%] Built target fast_lio__rosidl_generator_py
[119.577s] [ 85%] [32mBuilding C object CMakeFiles/fast_lio__rosidl_typesupport_fastrtps_c__pyext.dir/rosidl_generator_py/fast_lio/_fast_lio_s.ep.rosidl_typesupport_fastrtps_c.c.o[0m
[119.579s] [ 88%] [32mBuilding C object CMakeFiles/fast_lio__rosidl_typesupport_c__pyext.dir/rosidl_generator_py/fast_lio/_fast_lio_s.ep.rosidl_typesupport_c.c.o[0m
[119.579s] [ 91%] [32mBuilding C object CMakeFiles/fast_lio__rosidl_typesupport_introspection_c__pyext.dir/rosidl_generator_py/fast_lio/_fast_lio_s.ep.rosidl_typesupport_introspection_c.c.o[0m
[119.703s] [ 97%] [32m[1mLinking C shared library rosidl_generator_py/fast_lio/fast_lio_s__rosidl_typesupport_fastrtps_c.cpython-310-x86_64-linux-gnu.so[0m
[119.703s] [ 97%] [32m[1mLinking C shared library rosidl_generator_py/fast_lio/fast_lio_s__rosidl_typesupport_introspection_c.cpython-310-x86_64-linux-gnu.so[0m
[119.708s] [100%] [32m[1mLinking C shared library rosidl_generator_py/fast_lio/fast_lio_s__rosidl_typesupport_c.cpython-310-x86_64-linux-gnu.so[0m
[119.750s] [100%] Built target fast_lio__rosidl_typesupport_introspection_c__pyext
[119.757s] [100%] Built target fast_lio__rosidl_typesupport_fastrtps_c__pyext
[119.760s] [100%] Built target fast_lio__rosidl_typesupport_c__pyext
[119.795s] Invoked command in '/workspaces/auto_sentry/build/fast_lio' returned '0': CMAKE_PREFIX_PATH=/workspaces/auto_sentry/install/livox_ros_driver2:/workspaces/auto_sentry/install/udp_driver:/workspaces/auto_sentry/install/standard_robot_pp_ros2:/workspaces/auto_sentry/install/rm_vision_bringup:/workspaces/auto_sentry/install/rm_serial_driver:/workspaces/auto_sentry/install/serial_driver:/workspaces/auto_sentry/install/io_context:/workspaces/auto_sentry/install/udp_msgs:/workspaces/auto_sentry/install/teb_local_planner:/workspaces/auto_sentry/install/teb_msgs:/workspaces/auto_sentry/install/ros2_livox_simulation:/workspaces/auto_sentry/install/rm_rune_detector:/workspaces/auto_sentry/install/rm_navigation:/workspaces/auto_sentry/install/rm_nav_bringup:/workspaces/auto_sentry/install/rm_gimbal_description:/workspaces/auto_sentry/install/rm_behavior_tree:/workspaces/auto_sentry/install/rm_decision_interfaces:/workspaces/auto_sentry/install/rm_auto_aim:/workspaces/auto_sentry/install/pointcloud_to_laserscan:/workspaces/auto_sentry/install/point_lio:/workspaces/auto_sentry/install/pb_rm_simulation:/workspaces/auto_sentry/install/game_status_tester:/workspaces/auto_sentry/install/pb_rm_interfaces:/workspaces/auto_sentry/install/icp_registration:/workspaces/auto_sentry/install/fast_lio:/workspaces/auto_sentry/install/linefit_ground_segmentation_ros:/workspaces/auto_sentry/install/linefit_ground_segmentation:/workspaces/auto_sentry/install/imu_complementary_filter:/workspaces/auto_sentry/install/hik_camera:/workspaces/auto_sentry/install/fake_vel_transform:/workspaces/auto_sentry/install/costmap_converter:/workspaces/auto_sentry/install/costmap_converter_msgs:/workspaces/auto_sentry/install/btcpp_ros2_samples:/workspaces/auto_sentry/install/btcpp_ros2_interfaces:/workspaces/auto_sentry/install/behaviortree_ros2:/workspaces/auto_sentry/install/behaviortree_cpp:/workspaces/auto_sentry/install/armor_tracker:/workspaces/auto_sentry/install/armor_detector:/workspaces/auto_sentry/install/auto_aim_interfaces:/workspaces/auto_sentry/install/asio_cmake_module:/opt/ros/humble LD_LIBRARY_PATH=/workspaces/auto_sentry/install/livox_ros_driver2/lib:/workspaces/auto_sentry/install/udp_driver/lib:/workspaces/auto_sentry/install/standard_robot_pp_ros2/lib:/workspaces/auto_sentry/install/rm_serial_driver/lib:/workspaces/auto_sentry/install/serial_driver/lib:/workspaces/auto_sentry/install/io_context/lib:/workspaces/auto_sentry/install/udp_msgs/lib:/workspaces/auto_sentry/install/teb_local_planner/lib:/workspaces/auto_sentry/install/teb_msgs/lib:/workspaces/auto_sentry/install/ros2_livox_simulation/lib:/workspaces/auto_sentry/install/rm_rune_detector/lib:/workspaces/auto_sentry/install/rm_behavior_tree/lib:/workspaces/auto_sentry/install/rm_decision_interfaces/lib:/workspaces/auto_sentry/install/pointcloud_to_laserscan/lib:/workspaces/auto_sentry/install/pb_rm_interfaces/lib:/workspaces/auto_sentry/install/icp_registration/lib:/workspaces/auto_sentry/install/fast_lio/lib:/workspaces/auto_sentry/install/linefit_ground_segmentation/lib:/workspaces/auto_sentry/install/imu_complementary_filter/lib:/workspaces/auto_sentry/install/hik_camera/lib:/workspaces/auto_sentry/install/fake_vel_transform/lib:/workspaces/auto_sentry/install/costmap_converter/lib:/workspaces/auto_sentry/install/costmap_converter_msgs/lib:/workspaces/auto_sentry/install/btcpp_ros2_interfaces/lib:/workspaces/auto_sentry/install/behaviortree_cpp/lib:/workspaces/auto_sentry/install/armor_tracker/lib:/workspaces/auto_sentry/install/armor_detector/lib:/workspaces/auto_sentry/install/auto_aim_interfaces/lib:/usr/lib/x86_64-linux-gnu/gazebo-11/plugins:/opt/ros/humble/opt/rviz_ogre_vendor/lib:/opt/ros/humble/lib/x86_64-linux-gnu:/opt/ros/humble/opt/openvdb_vendor/lib:/opt/ros/humble/lib /usr/bin/cmake --build /workspaces/auto_sentry/build/fast_lio -- -j28 -l28
[119.958s] Invoking command in '/workspaces/auto_sentry/build/fast_lio': CMAKE_PREFIX_PATH=/workspaces/auto_sentry/install/livox_ros_driver2:/workspaces/auto_sentry/install/udp_driver:/workspaces/auto_sentry/install/standard_robot_pp_ros2:/workspaces/auto_sentry/install/rm_vision_bringup:/workspaces/auto_sentry/install/rm_serial_driver:/workspaces/auto_sentry/install/serial_driver:/workspaces/auto_sentry/install/io_context:/workspaces/auto_sentry/install/udp_msgs:/workspaces/auto_sentry/install/teb_local_planner:/workspaces/auto_sentry/install/teb_msgs:/workspaces/auto_sentry/install/ros2_livox_simulation:/workspaces/auto_sentry/install/rm_rune_detector:/workspaces/auto_sentry/install/rm_navigation:/workspaces/auto_sentry/install/rm_nav_bringup:/workspaces/auto_sentry/install/rm_gimbal_description:/workspaces/auto_sentry/install/rm_behavior_tree:/workspaces/auto_sentry/install/rm_decision_interfaces:/workspaces/auto_sentry/install/rm_auto_aim:/workspaces/auto_sentry/install/pointcloud_to_laserscan:/workspaces/auto_sentry/install/point_lio:/workspaces/auto_sentry/install/pb_rm_simulation:/workspaces/auto_sentry/install/game_status_tester:/workspaces/auto_sentry/install/pb_rm_interfaces:/workspaces/auto_sentry/install/icp_registration:/workspaces/auto_sentry/install/fast_lio:/workspaces/auto_sentry/install/linefit_ground_segmentation_ros:/workspaces/auto_sentry/install/linefit_ground_segmentation:/workspaces/auto_sentry/install/imu_complementary_filter:/workspaces/auto_sentry/install/hik_camera:/workspaces/auto_sentry/install/fake_vel_transform:/workspaces/auto_sentry/install/costmap_converter:/workspaces/auto_sentry/install/costmap_converter_msgs:/workspaces/auto_sentry/install/btcpp_ros2_samples:/workspaces/auto_sentry/install/btcpp_ros2_interfaces:/workspaces/auto_sentry/install/behaviortree_ros2:/workspaces/auto_sentry/install/behaviortree_cpp:/workspaces/auto_sentry/install/armor_tracker:/workspaces/auto_sentry/install/armor_detector:/workspaces/auto_sentry/install/auto_aim_interfaces:/workspaces/auto_sentry/install/asio_cmake_module:/opt/ros/humble LD_LIBRARY_PATH=/workspaces/auto_sentry/install/livox_ros_driver2/lib:/workspaces/auto_sentry/install/udp_driver/lib:/workspaces/auto_sentry/install/standard_robot_pp_ros2/lib:/workspaces/auto_sentry/install/rm_serial_driver/lib:/workspaces/auto_sentry/install/serial_driver/lib:/workspaces/auto_sentry/install/io_context/lib:/workspaces/auto_sentry/install/udp_msgs/lib:/workspaces/auto_sentry/install/teb_local_planner/lib:/workspaces/auto_sentry/install/teb_msgs/lib:/workspaces/auto_sentry/install/ros2_livox_simulation/lib:/workspaces/auto_sentry/install/rm_rune_detector/lib:/workspaces/auto_sentry/install/rm_behavior_tree/lib:/workspaces/auto_sentry/install/rm_decision_interfaces/lib:/workspaces/auto_sentry/install/pointcloud_to_laserscan/lib:/workspaces/auto_sentry/install/pb_rm_interfaces/lib:/workspaces/auto_sentry/install/icp_registration/lib:/workspaces/auto_sentry/install/fast_lio/lib:/workspaces/auto_sentry/install/linefit_ground_segmentation/lib:/workspaces/auto_sentry/install/imu_complementary_filter/lib:/workspaces/auto_sentry/install/hik_camera/lib:/workspaces/auto_sentry/install/fake_vel_transform/lib:/workspaces/auto_sentry/install/costmap_converter/lib:/workspaces/auto_sentry/install/costmap_converter_msgs/lib:/workspaces/auto_sentry/install/btcpp_ros2_interfaces/lib:/workspaces/auto_sentry/install/behaviortree_cpp/lib:/workspaces/auto_sentry/install/armor_tracker/lib:/workspaces/auto_sentry/install/armor_detector/lib:/workspaces/auto_sentry/install/auto_aim_interfaces/lib:/usr/lib/x86_64-linux-gnu/gazebo-11/plugins:/opt/ros/humble/opt/rviz_ogre_vendor/lib:/opt/ros/humble/lib/x86_64-linux-gnu:/opt/ros/humble/opt/openvdb_vendor/lib:/opt/ros/humble/lib /usr/bin/cmake --install /workspaces/auto_sentry/build/fast_lio
[119.970s] -- Install configuration: "Release"
[119.971s] -- Execute custom install script
[119.971s] -- Symlinking: /workspaces/auto_sentry/install/fast_lio/share/ament_index/resource_index/rosidl_interfaces/fast_lio
[119.983s] -- Symlinking: /workspaces/auto_sentry/install/fast_lio/include/fast_lio/fast_lio/msg/detail/pose6_d__functions.h
[119.994s] -- Symlinking: /workspaces/auto_sentry/install/fast_lio/include/fast_lio/fast_lio/msg/detail/pose6_d__struct.h
[120.005s] -- Symlinking: /workspaces/auto_sentry/install/fast_lio/include/fast_lio/fast_lio/msg/detail/pose6_d__type_support.h
[120.018s] -- Symlinking: /workspaces/auto_sentry/install/fast_lio/include/fast_lio/fast_lio/msg/pose6_d.h
[120.031s] -- Symlinking: /workspaces/auto_sentry/install/fast_lio/include/fast_lio/fast_lio/msg/rosidl_generator_c__visibility_control.h
[120.042s] -- Symlinking: /workspaces/auto_sentry/install/fast_lio/share/fast_lio/environment/library_path.sh
[120.056s] -- Symlinking: /workspaces/auto_sentry/install/fast_lio/share/fast_lio/environment/library_path.dsv
[120.068s] -- Symlinking: /workspaces/auto_sentry/install/fast_lio/include/fast_lio/fast_lio/msg/detail/pose6_d__rosidl_typesupport_fastrtps_c.h
[120.080s] -- Symlinking: /workspaces/auto_sentry/install/fast_lio/include/fast_lio/fast_lio/msg/rosidl_typesupport_fastrtps_c__visibility_control.h
[120.092s] -- Symlinking: /workspaces/auto_sentry/install/fast_lio/include/fast_lio/fast_lio/msg/detail/pose6_d__builder.hpp
[120.103s] -- Symlinking: /workspaces/auto_sentry/install/fast_lio/include/fast_lio/fast_lio/msg/detail/pose6_d__struct.hpp
[120.116s] -- Symlinking: /workspaces/auto_sentry/install/fast_lio/include/fast_lio/fast_lio/msg/detail/pose6_d__traits.hpp
[120.127s] -- Symlinking: /workspaces/auto_sentry/install/fast_lio/include/fast_lio/fast_lio/msg/pose6_d.hpp
[120.141s] -- Symlinking: /workspaces/auto_sentry/install/fast_lio/include/fast_lio/fast_lio/msg/detail/pose6_d__rosidl_typesupport_fastrtps_cpp.hpp
[120.151s] -- Symlinking: /workspaces/auto_sentry/install/fast_lio/include/fast_lio/fast_lio/msg/rosidl_typesupport_fastrtps_cpp__visibility_control.h
[120.162s] -- Symlinking: /workspaces/auto_sentry/install/fast_lio/include/fast_lio/fast_lio/msg/detail/pose6_d__rosidl_typesupport_introspection_c.h
[120.173s] -- Symlinking: /workspaces/auto_sentry/install/fast_lio/include/fast_lio/fast_lio/msg/rosidl_typesupport_introspection_c__visibility_control.h
[120.187s] -- Symlinking: /workspaces/auto_sentry/install/fast_lio/include/fast_lio/fast_lio/msg/detail/pose6_d__rosidl_typesupport_introspection_cpp.hpp
[120.199s] -- Symlinking: /workspaces/auto_sentry/install/fast_lio/share/fast_lio/environment/pythonpath.sh
[120.211s] -- Symlinking: /workspaces/auto_sentry/install/fast_lio/share/fast_lio/environment/pythonpath.dsv
[120.222s] -- Symlinking: /workspaces/auto_sentry/install/fast_lio/local/lib/python3.10/dist-packages/fast_lio-0.0.0-py3.10.egg-info/PKG-INFO
[120.236s] -- Symlinking: /workspaces/auto_sentry/install/fast_lio/local/lib/python3.10/dist-packages/fast_lio-0.0.0-py3.10.egg-info/SOURCES.txt
[120.251s] -- Symlinking: /workspaces/auto_sentry/install/fast_lio/local/lib/python3.10/dist-packages/fast_lio-0.0.0-py3.10.egg-info/dependency_links.txt
[120.267s] -- Symlinking: /workspaces/auto_sentry/install/fast_lio/local/lib/python3.10/dist-packages/fast_lio-0.0.0-py3.10.egg-info/top_level.txt
[120.284s] -- Symlinking: /workspaces/auto_sentry/install/fast_lio/local/lib/python3.10/dist-packages/fast_lio/__init__.py
[120.295s] -- Symlinking: /workspaces/auto_sentry/install/fast_lio/local/lib/python3.10/dist-packages/fast_lio/_fast_lio_s.ep.rosidl_typesupport_c.c
[120.307s] -- Symlinking: /workspaces/auto_sentry/install/fast_lio/local/lib/python3.10/dist-packages/fast_lio/_fast_lio_s.ep.rosidl_typesupport_fastrtps_c.c
[120.319s] -- Symlinking: /workspaces/auto_sentry/install/fast_lio/local/lib/python3.10/dist-packages/fast_lio/_fast_lio_s.ep.rosidl_typesupport_introspection_c.c
[120.331s] -- Symlinking: /workspaces/auto_sentry/install/fast_lio/local/lib/python3.10/dist-packages/fast_lio/fast_lio_s__rosidl_typesupport_c.cpython-310-x86_64-linux-gnu.so
[120.342s] -- Symlinking: /workspaces/auto_sentry/install/fast_lio/local/lib/python3.10/dist-packages/fast_lio/fast_lio_s__rosidl_typesupport_fastrtps_c.cpython-310-x86_64-linux-gnu.so
[120.357s] -- Symlinking: /workspaces/auto_sentry/install/fast_lio/local/lib/python3.10/dist-packages/fast_lio/fast_lio_s__rosidl_typesupport_introspection_c.cpython-310-x86_64-linux-gnu.so
[120.371s] -- Symlinking: /workspaces/auto_sentry/install/fast_lio/local/lib/python3.10/dist-packages/fast_lio/libfast_lio__rosidl_generator_py.so
[120.384s] -- Symlinking: /workspaces/auto_sentry/install/fast_lio/local/lib/python3.10/dist-packages/fast_lio/msg/__init__.py
[120.396s] -- Symlinking: /workspaces/auto_sentry/install/fast_lio/local/lib/python3.10/dist-packages/fast_lio/msg/_pose6_d.py
[120.408s] -- Symlinking: /workspaces/auto_sentry/install/fast_lio/local/lib/python3.10/dist-packages/fast_lio/msg/_pose6_d_s.c
[120.421s] -- Up-to-date symlink: /workspaces/auto_sentry/install/fast_lio/local/lib/python3.10/dist-packages/fast_lio/fast_lio_s__rosidl_typesupport_fastrtps_c.cpython-310-x86_64-linux-gnu.so
[120.421s] -- Up-to-date symlink: /workspaces/auto_sentry/install/fast_lio/local/lib/python3.10/dist-packages/fast_lio/fast_lio_s__rosidl_typesupport_introspection_c.cpython-310-x86_64-linux-gnu.so
[120.421s] -- Up-to-date symlink: /workspaces/auto_sentry/install/fast_lio/local/lib/python3.10/dist-packages/fast_lio/fast_lio_s__rosidl_typesupport_c.cpython-310-x86_64-linux-gnu.so
[120.422s] -- Symlinking: /workspaces/auto_sentry/install/fast_lio/share/fast_lio/msg/Pose6D.idl
[120.433s] -- Symlinking: /workspaces/auto_sentry/install/fast_lio/share/fast_lio/msg/Pose6D.msg
[120.444s] -- Symlinking: /workspaces/auto_sentry/install/fast_lio/lib/fast_lio/fastlio_mapping
[120.456s] -- Symlinking: /workspaces/auto_sentry/install/fast_lio/share/fast_lio/config/avia.yaml
[120.470s] -- Symlinking: /workspaces/auto_sentry/install/fast_lio/share/fast_lio/config/horizon.yaml
[120.480s] -- Symlinking: /workspaces/auto_sentry/install/fast_lio/share/fast_lio/config/mid360.yaml
[120.491s] -- Symlinking: /workspaces/auto_sentry/install/fast_lio/share/fast_lio/config/ouster64.yaml
[120.503s] -- Symlinking: /workspaces/auto_sentry/install/fast_lio/share/fast_lio/config/velodyne.yaml
[120.514s] -- Symlinking: /workspaces/auto_sentry/install/fast_lio/share/fast_lio/launch/gdb_debug_example.launch
[120.530s] -- Symlinking: /workspaces/auto_sentry/install/fast_lio/share/fast_lio/launch/mapping.launch.py
[120.544s] -- Symlinking: /workspaces/auto_sentry/install/fast_lio/share/fast_lio/rviz/fastlio.rviz
[120.556s] -- Symlinking: /workspaces/auto_sentry/install/fast_lio/share/ament_index/resource_index/package_run_dependencies/fast_lio
[120.568s] -- Symlinking: /workspaces/auto_sentry/install/fast_lio/share/ament_index/resource_index/parent_prefix_path/fast_lio
[120.579s] -- Symlinking: /workspaces/auto_sentry/install/fast_lio/share/fast_lio/environment/ament_prefix_path.sh
[120.591s] -- Symlinking: /workspaces/auto_sentry/install/fast_lio/share/fast_lio/environment/ament_prefix_path.dsv
[120.602s] -- Symlinking: /workspaces/auto_sentry/install/fast_lio/share/fast_lio/environment/path.sh
[120.614s] -- Symlinking: /workspaces/auto_sentry/install/fast_lio/share/fast_lio/environment/path.dsv
[120.626s] -- Symlinking: /workspaces/auto_sentry/install/fast_lio/share/fast_lio/local_setup.bash
[120.637s] -- Symlinking: /workspaces/auto_sentry/install/fast_lio/share/fast_lio/local_setup.sh
[120.652s] -- Symlinking: /workspaces/auto_sentry/install/fast_lio/share/fast_lio/local_setup.zsh
[120.663s] -- Symlinking: /workspaces/auto_sentry/install/fast_lio/share/fast_lio/local_setup.dsv
[120.676s] -- Symlinking: /workspaces/auto_sentry/install/fast_lio/share/fast_lio/package.dsv
[120.687s] -- Symlinking: /workspaces/auto_sentry/install/fast_lio/share/ament_index/resource_index/packages/fast_lio
[120.697s] -- Symlinking: /workspaces/auto_sentry/install/fast_lio/share/fast_lio/cmake/rosidl_cmake-extras.cmake
[120.707s] -- Symlinking: /workspaces/auto_sentry/install/fast_lio/share/fast_lio/cmake/ament_cmake_export_include_directories-extras.cmake
[120.718s] -- Symlinking: /workspaces/auto_sentry/install/fast_lio/share/fast_lio/cmake/ament_cmake_export_libraries-extras.cmake
[120.731s] -- Symlinking: /workspaces/auto_sentry/install/fast_lio/share/fast_lio/cmake/ament_cmake_export_targets-extras.cmake
[120.743s] -- Symlinking: /workspaces/auto_sentry/install/fast_lio/share/fast_lio/cmake/rosidl_cmake_export_typesupport_targets-extras.cmake
[120.755s] -- Symlinking: /workspaces/auto_sentry/install/fast_lio/share/fast_lio/cmake/ament_cmake_export_dependencies-extras.cmake
[120.766s] -- Symlinking: /workspaces/auto_sentry/install/fast_lio/share/fast_lio/cmake/rosidl_cmake_export_typesupport_libraries-extras.cmake
[120.778s] -- Symlinking: /workspaces/auto_sentry/install/fast_lio/share/fast_lio/cmake/fast_lioConfig.cmake
[120.789s] -- Symlinking: /workspaces/auto_sentry/install/fast_lio/share/fast_lio/cmake/fast_lioConfig-version.cmake
[120.800s] -- Symlinking: /workspaces/auto_sentry/install/fast_lio/share/fast_lio/package.xml
[120.814s] -- Installing: /workspaces/auto_sentry/install/fast_lio/lib/libfast_lio__rosidl_generator_c.so
[120.814s] -- Set runtime path of "/workspaces/auto_sentry/install/fast_lio/lib/libfast_lio__rosidl_generator_c.so" to ""
[120.814s] -- Installing: /workspaces/auto_sentry/install/fast_lio/lib/libfast_lio__rosidl_typesupport_fastrtps_c.so
[120.814s] -- Set runtime path of "/workspaces/auto_sentry/install/fast_lio/lib/libfast_lio__rosidl_typesupport_fastrtps_c.so" to ""
[120.814s] -- Installing: /workspaces/auto_sentry/install/fast_lio/lib/libfast_lio__rosidl_typesupport_fastrtps_cpp.so
[120.816s] -- Set runtime path of "/workspaces/auto_sentry/install/fast_lio/lib/libfast_lio__rosidl_typesupport_fastrtps_cpp.so" to ""
[120.816s] -- Installing: /workspaces/auto_sentry/install/fast_lio/lib/libfast_lio__rosidl_typesupport_introspection_c.so
[120.816s] -- Set runtime path of "/workspaces/auto_sentry/install/fast_lio/lib/libfast_lio__rosidl_typesupport_introspection_c.so" to ""
[120.816s] -- Installing: /workspaces/auto_sentry/install/fast_lio/lib/libfast_lio__rosidl_typesupport_c.so
[120.816s] -- Set runtime path of "/workspaces/auto_sentry/install/fast_lio/lib/libfast_lio__rosidl_typesupport_c.so" to ""
[120.816s] -- Installing: /workspaces/auto_sentry/install/fast_lio/lib/libfast_lio__rosidl_typesupport_introspection_cpp.so
[120.817s] -- Set runtime path of "/workspaces/auto_sentry/install/fast_lio/lib/libfast_lio__rosidl_typesupport_introspection_cpp.so" to ""
[120.817s] -- Installing: /workspaces/auto_sentry/install/fast_lio/lib/libfast_lio__rosidl_typesupport_cpp.so
[120.817s] -- Set runtime path of "/workspaces/auto_sentry/install/fast_lio/lib/libfast_lio__rosidl_typesupport_cpp.so" to ""
[120.859s] Listing '/workspaces/auto_sentry/install/fast_lio/local/lib/python3.10/dist-packages/fast_lio'...
[120.859s] Compiling '/workspaces/auto_sentry/install/fast_lio/local/lib/python3.10/dist-packages/fast_lio/__init__.py'...
[120.859s] Listing '/workspaces/auto_sentry/install/fast_lio/local/lib/python3.10/dist-packages/fast_lio/msg'...
[120.860s] Compiling '/workspaces/auto_sentry/install/fast_lio/local/lib/python3.10/dist-packages/fast_lio/msg/__init__.py'...
[120.860s] Compiling '/workspaces/auto_sentry/install/fast_lio/local/lib/python3.10/dist-packages/fast_lio/msg/_pose6_d.py'...
[120.864s] -- Installing: /workspaces/auto_sentry/install/fast_lio/lib/libfast_lio__rosidl_generator_py.so
[120.865s] -- Set runtime path of "/workspaces/auto_sentry/install/fast_lio/lib/libfast_lio__rosidl_generator_py.so" to ""
[120.865s] -- Installing: /workspaces/auto_sentry/install/fast_lio/share/fast_lio/cmake/export_fast_lio__rosidl_generator_cExport.cmake
[120.865s] -- Installing: /workspaces/auto_sentry/install/fast_lio/share/fast_lio/cmake/export_fast_lio__rosidl_generator_cExport-release.cmake
[120.865s] -- Installing: /workspaces/auto_sentry/install/fast_lio/share/fast_lio/cmake/export_fast_lio__rosidl_typesupport_fastrtps_cExport.cmake
[120.866s] -- Installing: /workspaces/auto_sentry/install/fast_lio/share/fast_lio/cmake/export_fast_lio__rosidl_typesupport_fastrtps_cExport-release.cmake
[120.866s] -- Installing: /workspaces/auto_sentry/install/fast_lio/share/fast_lio/cmake/export_fast_lio__rosidl_generator_cppExport.cmake
[120.866s] -- Installing: /workspaces/auto_sentry/install/fast_lio/share/fast_lio/cmake/export_fast_lio__rosidl_typesupport_fastrtps_cppExport.cmake
[120.866s] -- Installing: /workspaces/auto_sentry/install/fast_lio/share/fast_lio/cmake/export_fast_lio__rosidl_typesupport_fastrtps_cppExport-release.cmake
[120.866s] -- Installing: /workspaces/auto_sentry/install/fast_lio/share/fast_lio/cmake/fast_lio__rosidl_typesupport_introspection_cExport.cmake
[120.867s] -- Installing: /workspaces/auto_sentry/install/fast_lio/share/fast_lio/cmake/fast_lio__rosidl_typesupport_introspection_cExport-release.cmake
[120.867s] -- Installing: /workspaces/auto_sentry/install/fast_lio/share/fast_lio/cmake/fast_lio__rosidl_typesupport_cExport.cmake
[120.867s] -- Installing: /workspaces/auto_sentry/install/fast_lio/share/fast_lio/cmake/fast_lio__rosidl_typesupport_cExport-release.cmake
[120.867s] -- Installing: /workspaces/auto_sentry/install/fast_lio/share/fast_lio/cmake/fast_lio__rosidl_typesupport_introspection_cppExport.cmake
[120.867s] -- Installing: /workspaces/auto_sentry/install/fast_lio/share/fast_lio/cmake/fast_lio__rosidl_typesupport_introspection_cppExport-release.cmake
[120.868s] -- Installing: /workspaces/auto_sentry/install/fast_lio/share/fast_lio/cmake/fast_lio__rosidl_typesupport_cppExport.cmake
[120.868s] -- Installing: /workspaces/auto_sentry/install/fast_lio/share/fast_lio/cmake/fast_lio__rosidl_typesupport_cppExport-release.cmake
[120.868s] -- Installing: /workspaces/auto_sentry/install/fast_lio/share/fast_lio/cmake/export_fast_lio__rosidl_generator_pyExport.cmake
[120.868s] -- Installing: /workspaces/auto_sentry/install/fast_lio/share/fast_lio/cmake/export_fast_lio__rosidl_generator_pyExport-release.cmake
[120.872s] Invoked command in '/workspaces/auto_sentry/build/fast_lio' returned '0': CMAKE_PREFIX_PATH=/workspaces/auto_sentry/install/livox_ros_driver2:/workspaces/auto_sentry/install/udp_driver:/workspaces/auto_sentry/install/standard_robot_pp_ros2:/workspaces/auto_sentry/install/rm_vision_bringup:/workspaces/auto_sentry/install/rm_serial_driver:/workspaces/auto_sentry/install/serial_driver:/workspaces/auto_sentry/install/io_context:/workspaces/auto_sentry/install/udp_msgs:/workspaces/auto_sentry/install/teb_local_planner:/workspaces/auto_sentry/install/teb_msgs:/workspaces/auto_sentry/install/ros2_livox_simulation:/workspaces/auto_sentry/install/rm_rune_detector:/workspaces/auto_sentry/install/rm_navigation:/workspaces/auto_sentry/install/rm_nav_bringup:/workspaces/auto_sentry/install/rm_gimbal_description:/workspaces/auto_sentry/install/rm_behavior_tree:/workspaces/auto_sentry/install/rm_decision_interfaces:/workspaces/auto_sentry/install/rm_auto_aim:/workspaces/auto_sentry/install/pointcloud_to_laserscan:/workspaces/auto_sentry/install/point_lio:/workspaces/auto_sentry/install/pb_rm_simulation:/workspaces/auto_sentry/install/game_status_tester:/workspaces/auto_sentry/install/pb_rm_interfaces:/workspaces/auto_sentry/install/icp_registration:/workspaces/auto_sentry/install/fast_lio:/workspaces/auto_sentry/install/linefit_ground_segmentation_ros:/workspaces/auto_sentry/install/linefit_ground_segmentation:/workspaces/auto_sentry/install/imu_complementary_filter:/workspaces/auto_sentry/install/hik_camera:/workspaces/auto_sentry/install/fake_vel_transform:/workspaces/auto_sentry/install/costmap_converter:/workspaces/auto_sentry/install/costmap_converter_msgs:/workspaces/auto_sentry/install/btcpp_ros2_samples:/workspaces/auto_sentry/install/btcpp_ros2_interfaces:/workspaces/auto_sentry/install/behaviortree_ros2:/workspaces/auto_sentry/install/behaviortree_cpp:/workspaces/auto_sentry/install/armor_tracker:/workspaces/auto_sentry/install/armor_detector:/workspaces/auto_sentry/install/auto_aim_interfaces:/workspaces/auto_sentry/install/asio_cmake_module:/opt/ros/humble LD_LIBRARY_PATH=/workspaces/auto_sentry/install/livox_ros_driver2/lib:/workspaces/auto_sentry/install/udp_driver/lib:/workspaces/auto_sentry/install/standard_robot_pp_ros2/lib:/workspaces/auto_sentry/install/rm_serial_driver/lib:/workspaces/auto_sentry/install/serial_driver/lib:/workspaces/auto_sentry/install/io_context/lib:/workspaces/auto_sentry/install/udp_msgs/lib:/workspaces/auto_sentry/install/teb_local_planner/lib:/workspaces/auto_sentry/install/teb_msgs/lib:/workspaces/auto_sentry/install/ros2_livox_simulation/lib:/workspaces/auto_sentry/install/rm_rune_detector/lib:/workspaces/auto_sentry/install/rm_behavior_tree/lib:/workspaces/auto_sentry/install/rm_decision_interfaces/lib:/workspaces/auto_sentry/install/pointcloud_to_laserscan/lib:/workspaces/auto_sentry/install/pb_rm_interfaces/lib:/workspaces/auto_sentry/install/icp_registration/lib:/workspaces/auto_sentry/install/fast_lio/lib:/workspaces/auto_sentry/install/linefit_ground_segmentation/lib:/workspaces/auto_sentry/install/imu_complementary_filter/lib:/workspaces/auto_sentry/install/hik_camera/lib:/workspaces/auto_sentry/install/fake_vel_transform/lib:/workspaces/auto_sentry/install/costmap_converter/lib:/workspaces/auto_sentry/install/costmap_converter_msgs/lib:/workspaces/auto_sentry/install/btcpp_ros2_interfaces/lib:/workspaces/auto_sentry/install/behaviortree_cpp/lib:/workspaces/auto_sentry/install/armor_tracker/lib:/workspaces/auto_sentry/install/armor_detector/lib:/workspaces/auto_sentry/install/auto_aim_interfaces/lib:/usr/lib/x86_64-linux-gnu/gazebo-11/plugins:/opt/ros/humble/opt/rviz_ogre_vendor/lib:/opt/ros/humble/lib/x86_64-linux-gnu:/opt/ros/humble/opt/openvdb_vendor/lib:/opt/ros/humble/lib /usr/bin/cmake --install /workspaces/auto_sentry/build/fast_lio
