[  3%] [34m[1mGenerating C code for ROS interfaces[0m
[  3%] Built target ament_cmake_python_symlink_btcpp_ros2_interfaces
[  6%] [34m[1mGenerating C++ code for ROS interfaces[0m
running egg_info
creating btcpp_ros2_interfaces.egg-info
writing btcpp_ros2_interfaces.egg-info/PKG-INFO
writing dependency_links to btcpp_ros2_interfaces.egg-info/dependency_links.txt
writing top-level names to btcpp_ros2_interfaces.egg-info/top_level.txt
writing manifest file 'btcpp_ros2_interfaces.egg-info/SOURCES.txt'
reading manifest file 'btcpp_ros2_interfaces.egg-info/SOURCES.txt'
writing manifest file 'btcpp_ros2_interfaces.egg-info/SOURCES.txt'
[  6%] Built target ament_cmake_python_build_btcpp_ros2_interfaces_egg
[  9%] [32mBuilding C object CMakeFiles/btcpp_ros2_interfaces__rosidl_generator_c.dir/rosidl_generator_c/btcpp_ros2_interfaces/action/detail/sleep__functions.c.o[0m
[  9%] Built target btcpp_ros2_interfaces__cpp
[ 12%] [34m[1mGenerating C++ type support for eProsima Fast-RTPS[0m
[ 16%] [34m[1mGenerating C++ introspection for ROS interfaces[0m
[ 19%] [34m[1mGenerating C++ type support dispatch for ROS interfaces[0m
[ 22%] [32m[1mLinking C shared library libbtcpp_ros2_interfaces__rosidl_generator_c.so[0m
[ 22%] Built target btcpp_ros2_interfaces__rosidl_generator_c
[ 25%] [34m[1mGenerating C type support dispatch for ROS interfaces[0m
[ 29%] [34m[1mGenerating C type support for eProsima Fast-RTPS[0m
[ 32%] [34m[1mGenerating C introspection for ROS interfaces[0m
[ 35%] [32mBuilding CXX object CMakeFiles/btcpp_ros2_interfaces__rosidl_typesupport_cpp.dir/rosidl_typesupport_cpp/btcpp_ros2_interfaces/action/sleep__type_support.cpp.o[0m
[ 38%] [32mBuilding CXX object CMakeFiles/btcpp_ros2_interfaces__rosidl_typesupport_introspection_cpp.dir/rosidl_typesupport_introspection_cpp/btcpp_ros2_interfaces/action/detail/sleep__type_support.cpp.o[0m
[ 41%] [32mBuilding CXX object CMakeFiles/btcpp_ros2_interfaces__rosidl_typesupport_fastrtps_cpp.dir/rosidl_typesupport_fastrtps_cpp/btcpp_ros2_interfaces/action/detail/dds_fastrtps/sleep__type_support.cpp.o[0m
[ 45%] [32mBuilding C object CMakeFiles/btcpp_ros2_interfaces__rosidl_typesupport_introspection_c.dir/rosidl_typesupport_introspection_c/btcpp_ros2_interfaces/action/detail/sleep__type_support.c.o[0m
[ 48%] [32m[1mLinking C shared library libbtcpp_ros2_interfaces__rosidl_typesupport_introspection_c.so[0m
[ 51%] [32mBuilding CXX object CMakeFiles/btcpp_ros2_interfaces__rosidl_typesupport_fastrtps_c.dir/rosidl_typesupport_fastrtps_c/btcpp_ros2_interfaces/action/detail/sleep__type_support_c.cpp.o[0m
[ 51%] Built target btcpp_ros2_interfaces__rosidl_typesupport_introspection_c
[ 54%] [32m[1mLinking CXX shared library libbtcpp_ros2_interfaces__rosidl_typesupport_cpp.so[0m
[ 54%] Built target btcpp_ros2_interfaces__rosidl_typesupport_cpp
[ 58%] [32mBuilding CXX object CMakeFiles/btcpp_ros2_interfaces__rosidl_typesupport_c.dir/rosidl_typesupport_c/btcpp_ros2_interfaces/action/sleep__type_support.cpp.o[0m
[ 61%] [32m[1mLinking CXX shared library libbtcpp_ros2_interfaces__rosidl_typesupport_c.so[0m
[ 64%] [32m[1mLinking CXX shared library libbtcpp_ros2_interfaces__rosidl_typesupport_fastrtps_cpp.so[0m
[ 64%] Built target btcpp_ros2_interfaces__rosidl_typesupport_c
[ 64%] Built target btcpp_ros2_interfaces__rosidl_typesupport_fastrtps_cpp
[ 67%] [32m[1mLinking CXX shared library libbtcpp_ros2_interfaces__rosidl_typesupport_fastrtps_c.so[0m
[ 67%] Built target btcpp_ros2_interfaces__rosidl_typesupport_fastrtps_c
[ 70%] [32m[1mLinking CXX shared library libbtcpp_ros2_interfaces__rosidl_typesupport_introspection_cpp.so[0m
[ 70%] Built target btcpp_ros2_interfaces__rosidl_typesupport_introspection_cpp
[ 70%] Built target btcpp_ros2_interfaces
[ 74%] [34m[1mGenerating Python code for ROS interfaces[0m
[ 74%] Built target btcpp_ros2_interfaces__py
[ 77%] [32mBuilding C object CMakeFiles/btcpp_ros2_interfaces__rosidl_generator_py.dir/rosidl_generator_py/btcpp_ros2_interfaces/action/_sleep_s.c.o[0m
[ 80%] [32m[1mLinking C shared library rosidl_generator_py/btcpp_ros2_interfaces/libbtcpp_ros2_interfaces__rosidl_generator_py.so[0m
[ 80%] Built target btcpp_ros2_interfaces__rosidl_generator_py
[ 83%] [32mBuilding C object CMakeFiles/btcpp_ros2_interfaces__rosidl_typesupport_fastrtps_c__pyext.dir/rosidl_generator_py/btcpp_ros2_interfaces/_btcpp_ros2_interfaces_s.ep.rosidl_typesupport_fastrtps_c.c.o[0m
[ 87%] [32m[1mLinking C shared library rosidl_generator_py/btcpp_ros2_interfaces/btcpp_ros2_interfaces_s__rosidl_typesupport_fastrtps_c.cpython-310-x86_64-linux-gnu.so[0m
[ 87%] Built target btcpp_ros2_interfaces__rosidl_typesupport_fastrtps_c__pyext
[ 90%] [32mBuilding C object CMakeFiles/btcpp_ros2_interfaces__rosidl_typesupport_c__pyext.dir/rosidl_generator_py/btcpp_ros2_interfaces/_btcpp_ros2_interfaces_s.ep.rosidl_typesupport_c.c.o[0m
[ 93%] [32m[1mLinking C shared library rosidl_generator_py/btcpp_ros2_interfaces/btcpp_ros2_interfaces_s__rosidl_typesupport_c.cpython-310-x86_64-linux-gnu.so[0m
[ 93%] Built target btcpp_ros2_interfaces__rosidl_typesupport_c__pyext
[ 96%] [32mBuilding C object CMakeFiles/btcpp_ros2_interfaces__rosidl_typesupport_introspection_c__pyext.dir/rosidl_generator_py/btcpp_ros2_interfaces/_btcpp_ros2_interfaces_s.ep.rosidl_typesupport_introspection_c.c.o[0m
[100%] [32m[1mLinking C shared library rosidl_generator_py/btcpp_ros2_interfaces/btcpp_ros2_interfaces_s__rosidl_typesupport_introspection_c.cpython-310-x86_64-linux-gnu.so[0m
[100%] Built target btcpp_ros2_interfaces__rosidl_typesupport_introspection_c__pyext
-- Install configuration: ""
-- Execute custom install script
-- Symlinking: /workspaces/auto_sentry/install/btcpp_ros2_interfaces/share/ament_index/resource_index/rosidl_interfaces/btcpp_ros2_interfaces
-- Symlinking: /workspaces/auto_sentry/install/btcpp_ros2_interfaces/include/btcpp_ros2_interfaces/btcpp_ros2_interfaces/action/detail/sleep__functions.h
-- Symlinking: /workspaces/auto_sentry/install/btcpp_ros2_interfaces/include/btcpp_ros2_interfaces/btcpp_ros2_interfaces/action/detail/sleep__struct.h
-- Symlinking: /workspaces/auto_sentry/install/btcpp_ros2_interfaces/include/btcpp_ros2_interfaces/btcpp_ros2_interfaces/action/detail/sleep__type_support.h
-- Symlinking: /workspaces/auto_sentry/install/btcpp_ros2_interfaces/include/btcpp_ros2_interfaces/btcpp_ros2_interfaces/action/sleep.h
-- Symlinking: /workspaces/auto_sentry/install/btcpp_ros2_interfaces/include/btcpp_ros2_interfaces/btcpp_ros2_interfaces/msg/rosidl_generator_c__visibility_control.h
-- Symlinking: /workspaces/auto_sentry/install/btcpp_ros2_interfaces/share/btcpp_ros2_interfaces/environment/library_path.sh
-- Symlinking: /workspaces/auto_sentry/install/btcpp_ros2_interfaces/share/btcpp_ros2_interfaces/environment/library_path.dsv
-- Symlinking: /workspaces/auto_sentry/install/btcpp_ros2_interfaces/include/btcpp_ros2_interfaces/btcpp_ros2_interfaces/action/detail/sleep__rosidl_typesupport_fastrtps_c.h
-- Symlinking: /workspaces/auto_sentry/install/btcpp_ros2_interfaces/include/btcpp_ros2_interfaces/btcpp_ros2_interfaces/msg/rosidl_typesupport_fastrtps_c__visibility_control.h
-- Symlinking: /workspaces/auto_sentry/install/btcpp_ros2_interfaces/include/btcpp_ros2_interfaces/btcpp_ros2_interfaces/action/detail/sleep__rosidl_typesupport_introspection_c.h
-- Symlinking: /workspaces/auto_sentry/install/btcpp_ros2_interfaces/include/btcpp_ros2_interfaces/btcpp_ros2_interfaces/msg/rosidl_typesupport_introspection_c__visibility_control.h
-- Symlinking: /workspaces/auto_sentry/install/btcpp_ros2_interfaces/include/btcpp_ros2_interfaces/btcpp_ros2_interfaces/action/detail/sleep__builder.hpp
-- Symlinking: /workspaces/auto_sentry/install/btcpp_ros2_interfaces/include/btcpp_ros2_interfaces/btcpp_ros2_interfaces/action/detail/sleep__struct.hpp
-- Symlinking: /workspaces/auto_sentry/install/btcpp_ros2_interfaces/include/btcpp_ros2_interfaces/btcpp_ros2_interfaces/action/detail/sleep__traits.hpp
-- Symlinking: /workspaces/auto_sentry/install/btcpp_ros2_interfaces/include/btcpp_ros2_interfaces/btcpp_ros2_interfaces/action/sleep.hpp
-- Symlinking: /workspaces/auto_sentry/install/btcpp_ros2_interfaces/include/btcpp_ros2_interfaces/btcpp_ros2_interfaces/action/detail/sleep__rosidl_typesupport_fastrtps_cpp.hpp
-- Symlinking: /workspaces/auto_sentry/install/btcpp_ros2_interfaces/include/btcpp_ros2_interfaces/btcpp_ros2_interfaces/msg/rosidl_typesupport_fastrtps_cpp__visibility_control.h
-- Symlinking: /workspaces/auto_sentry/install/btcpp_ros2_interfaces/include/btcpp_ros2_interfaces/btcpp_ros2_interfaces/action/detail/sleep__rosidl_typesupport_introspection_cpp.hpp
-- Symlinking: /workspaces/auto_sentry/install/btcpp_ros2_interfaces/share/btcpp_ros2_interfaces/environment/pythonpath.sh
-- Symlinking: /workspaces/auto_sentry/install/btcpp_ros2_interfaces/share/btcpp_ros2_interfaces/environment/pythonpath.dsv
-- Symlinking: /workspaces/auto_sentry/install/btcpp_ros2_interfaces/local/lib/python3.10/dist-packages/btcpp_ros2_interfaces-0.2.0-py3.10.egg-info/PKG-INFO
-- Symlinking: /workspaces/auto_sentry/install/btcpp_ros2_interfaces/local/lib/python3.10/dist-packages/btcpp_ros2_interfaces-0.2.0-py3.10.egg-info/SOURCES.txt
-- Symlinking: /workspaces/auto_sentry/install/btcpp_ros2_interfaces/local/lib/python3.10/dist-packages/btcpp_ros2_interfaces-0.2.0-py3.10.egg-info/dependency_links.txt
-- Symlinking: /workspaces/auto_sentry/install/btcpp_ros2_interfaces/local/lib/python3.10/dist-packages/btcpp_ros2_interfaces-0.2.0-py3.10.egg-info/top_level.txt
-- Symlinking: /workspaces/auto_sentry/install/btcpp_ros2_interfaces/local/lib/python3.10/dist-packages/btcpp_ros2_interfaces/__init__.py
-- Symlinking: /workspaces/auto_sentry/install/btcpp_ros2_interfaces/local/lib/python3.10/dist-packages/btcpp_ros2_interfaces/_btcpp_ros2_interfaces_s.ep.rosidl_typesupport_c.c
-- Symlinking: /workspaces/auto_sentry/install/btcpp_ros2_interfaces/local/lib/python3.10/dist-packages/btcpp_ros2_interfaces/_btcpp_ros2_interfaces_s.ep.rosidl_typesupport_fastrtps_c.c
-- Symlinking: /workspaces/auto_sentry/install/btcpp_ros2_interfaces/local/lib/python3.10/dist-packages/btcpp_ros2_interfaces/_btcpp_ros2_interfaces_s.ep.rosidl_typesupport_introspection_c.c
-- Symlinking: /workspaces/auto_sentry/install/btcpp_ros2_interfaces/local/lib/python3.10/dist-packages/btcpp_ros2_interfaces/action/__init__.py
-- Symlinking: /workspaces/auto_sentry/install/btcpp_ros2_interfaces/local/lib/python3.10/dist-packages/btcpp_ros2_interfaces/action/_sleep.py
-- Symlinking: /workspaces/auto_sentry/install/btcpp_ros2_interfaces/local/lib/python3.10/dist-packages/btcpp_ros2_interfaces/action/_sleep_s.c
-- Symlinking: /workspaces/auto_sentry/install/btcpp_ros2_interfaces/local/lib/python3.10/dist-packages/btcpp_ros2_interfaces/btcpp_ros2_interfaces_s__rosidl_typesupport_c.cpython-310-x86_64-linux-gnu.so
-- Symlinking: /workspaces/auto_sentry/install/btcpp_ros2_interfaces/local/lib/python3.10/dist-packages/btcpp_ros2_interfaces/btcpp_ros2_interfaces_s__rosidl_typesupport_fastrtps_c.cpython-310-x86_64-linux-gnu.so
-- Symlinking: /workspaces/auto_sentry/install/btcpp_ros2_interfaces/local/lib/python3.10/dist-packages/btcpp_ros2_interfaces/btcpp_ros2_interfaces_s__rosidl_typesupport_introspection_c.cpython-310-x86_64-linux-gnu.so
-- Symlinking: /workspaces/auto_sentry/install/btcpp_ros2_interfaces/local/lib/python3.10/dist-packages/btcpp_ros2_interfaces/libbtcpp_ros2_interfaces__rosidl_generator_py.so
-- Up-to-date symlink: /workspaces/auto_sentry/install/btcpp_ros2_interfaces/local/lib/python3.10/dist-packages/btcpp_ros2_interfaces/btcpp_ros2_interfaces_s__rosidl_typesupport_fastrtps_c.cpython-310-x86_64-linux-gnu.so
-- Up-to-date symlink: /workspaces/auto_sentry/install/btcpp_ros2_interfaces/local/lib/python3.10/dist-packages/btcpp_ros2_interfaces/btcpp_ros2_interfaces_s__rosidl_typesupport_introspection_c.cpython-310-x86_64-linux-gnu.so
-- Up-to-date symlink: /workspaces/auto_sentry/install/btcpp_ros2_interfaces/local/lib/python3.10/dist-packages/btcpp_ros2_interfaces/btcpp_ros2_interfaces_s__rosidl_typesupport_c.cpython-310-x86_64-linux-gnu.so
-- Symlinking: /workspaces/auto_sentry/install/btcpp_ros2_interfaces/share/btcpp_ros2_interfaces/action/Sleep.idl
-- Symlinking: /workspaces/auto_sentry/install/btcpp_ros2_interfaces/share/btcpp_ros2_interfaces/action/Sleep.action
-- Symlinking: /workspaces/auto_sentry/install/btcpp_ros2_interfaces/share/ament_index/resource_index/package_run_dependencies/btcpp_ros2_interfaces
-- Symlinking: /workspaces/auto_sentry/install/btcpp_ros2_interfaces/share/ament_index/resource_index/parent_prefix_path/btcpp_ros2_interfaces
-- Symlinking: /workspaces/auto_sentry/install/btcpp_ros2_interfaces/share/btcpp_ros2_interfaces/environment/ament_prefix_path.sh
-- Symlinking: /workspaces/auto_sentry/install/btcpp_ros2_interfaces/share/btcpp_ros2_interfaces/environment/ament_prefix_path.dsv
-- Symlinking: /workspaces/auto_sentry/install/btcpp_ros2_interfaces/share/btcpp_ros2_interfaces/environment/path.sh
-- Symlinking: /workspaces/auto_sentry/install/btcpp_ros2_interfaces/share/btcpp_ros2_interfaces/environment/path.dsv
-- Symlinking: /workspaces/auto_sentry/install/btcpp_ros2_interfaces/share/btcpp_ros2_interfaces/local_setup.bash
-- Symlinking: /workspaces/auto_sentry/install/btcpp_ros2_interfaces/share/btcpp_ros2_interfaces/local_setup.sh
-- Symlinking: /workspaces/auto_sentry/install/btcpp_ros2_interfaces/share/btcpp_ros2_interfaces/local_setup.zsh
-- Symlinking: /workspaces/auto_sentry/install/btcpp_ros2_interfaces/share/btcpp_ros2_interfaces/local_setup.dsv
-- Symlinking: /workspaces/auto_sentry/install/btcpp_ros2_interfaces/share/btcpp_ros2_interfaces/package.dsv
-- Symlinking: /workspaces/auto_sentry/install/btcpp_ros2_interfaces/share/ament_index/resource_index/packages/btcpp_ros2_interfaces
-- Symlinking: /workspaces/auto_sentry/install/btcpp_ros2_interfaces/share/btcpp_ros2_interfaces/cmake/rosidl_cmake-extras.cmake
-- Symlinking: /workspaces/auto_sentry/install/btcpp_ros2_interfaces/share/btcpp_ros2_interfaces/cmake/ament_cmake_export_dependencies-extras.cmake
-- Symlinking: /workspaces/auto_sentry/install/btcpp_ros2_interfaces/share/btcpp_ros2_interfaces/cmake/ament_cmake_export_include_directories-extras.cmake
-- Symlinking: /workspaces/auto_sentry/install/btcpp_ros2_interfaces/share/btcpp_ros2_interfaces/cmake/ament_cmake_export_libraries-extras.cmake
-- Symlinking: /workspaces/auto_sentry/install/btcpp_ros2_interfaces/share/btcpp_ros2_interfaces/cmake/ament_cmake_export_targets-extras.cmake
-- Symlinking: /workspaces/auto_sentry/install/btcpp_ros2_interfaces/share/btcpp_ros2_interfaces/cmake/rosidl_cmake_export_typesupport_targets-extras.cmake
-- Symlinking: /workspaces/auto_sentry/install/btcpp_ros2_interfaces/share/btcpp_ros2_interfaces/cmake/rosidl_cmake_export_typesupport_libraries-extras.cmake
-- Symlinking: /workspaces/auto_sentry/install/btcpp_ros2_interfaces/share/btcpp_ros2_interfaces/cmake/btcpp_ros2_interfacesConfig.cmake
-- Symlinking: /workspaces/auto_sentry/install/btcpp_ros2_interfaces/share/btcpp_ros2_interfaces/cmake/btcpp_ros2_interfacesConfig-version.cmake
-- Symlinking: /workspaces/auto_sentry/install/btcpp_ros2_interfaces/share/btcpp_ros2_interfaces/package.xml
-- Installing: /workspaces/auto_sentry/install/btcpp_ros2_interfaces/lib/libbtcpp_ros2_interfaces__rosidl_generator_c.so
-- Set runtime path of "/workspaces/auto_sentry/install/btcpp_ros2_interfaces/lib/libbtcpp_ros2_interfaces__rosidl_generator_c.so" to ""
-- Installing: /workspaces/auto_sentry/install/btcpp_ros2_interfaces/lib/libbtcpp_ros2_interfaces__rosidl_typesupport_fastrtps_c.so
-- Set runtime path of "/workspaces/auto_sentry/install/btcpp_ros2_interfaces/lib/libbtcpp_ros2_interfaces__rosidl_typesupport_fastrtps_c.so" to ""
-- Installing: /workspaces/auto_sentry/install/btcpp_ros2_interfaces/lib/libbtcpp_ros2_interfaces__rosidl_typesupport_introspection_c.so
-- Set runtime path of "/workspaces/auto_sentry/install/btcpp_ros2_interfaces/lib/libbtcpp_ros2_interfaces__rosidl_typesupport_introspection_c.so" to ""
-- Installing: /workspaces/auto_sentry/install/btcpp_ros2_interfaces/lib/libbtcpp_ros2_interfaces__rosidl_typesupport_c.so
-- Set runtime path of "/workspaces/auto_sentry/install/btcpp_ros2_interfaces/lib/libbtcpp_ros2_interfaces__rosidl_typesupport_c.so" to ""
-- Installing: /workspaces/auto_sentry/install/btcpp_ros2_interfaces/lib/libbtcpp_ros2_interfaces__rosidl_typesupport_fastrtps_cpp.so
-- Set runtime path of "/workspaces/auto_sentry/install/btcpp_ros2_interfaces/lib/libbtcpp_ros2_interfaces__rosidl_typesupport_fastrtps_cpp.so" to ""
-- Installing: /workspaces/auto_sentry/install/btcpp_ros2_interfaces/lib/libbtcpp_ros2_interfaces__rosidl_typesupport_introspection_cpp.so
-- Set runtime path of "/workspaces/auto_sentry/install/btcpp_ros2_interfaces/lib/libbtcpp_ros2_interfaces__rosidl_typesupport_introspection_cpp.so" to ""
-- Installing: /workspaces/auto_sentry/install/btcpp_ros2_interfaces/lib/libbtcpp_ros2_interfaces__rosidl_typesupport_cpp.so
-- Set runtime path of "/workspaces/auto_sentry/install/btcpp_ros2_interfaces/lib/libbtcpp_ros2_interfaces__rosidl_typesupport_cpp.so" to ""
Listing '/workspaces/auto_sentry/install/btcpp_ros2_interfaces/local/lib/python3.10/dist-packages/btcpp_ros2_interfaces'...
Compiling '/workspaces/auto_sentry/install/btcpp_ros2_interfaces/local/lib/python3.10/dist-packages/btcpp_ros2_interfaces/__init__.py'...
Listing '/workspaces/auto_sentry/install/btcpp_ros2_interfaces/local/lib/python3.10/dist-packages/btcpp_ros2_interfaces/action'...
Compiling '/workspaces/auto_sentry/install/btcpp_ros2_interfaces/local/lib/python3.10/dist-packages/btcpp_ros2_interfaces/action/__init__.py'...
Compiling '/workspaces/auto_sentry/install/btcpp_ros2_interfaces/local/lib/python3.10/dist-packages/btcpp_ros2_interfaces/action/_sleep.py'...
-- Installing: /workspaces/auto_sentry/install/btcpp_ros2_interfaces/lib/libbtcpp_ros2_interfaces__rosidl_generator_py.so
-- Set runtime path of "/workspaces/auto_sentry/install/btcpp_ros2_interfaces/lib/libbtcpp_ros2_interfaces__rosidl_generator_py.so" to ""
-- Installing: /workspaces/auto_sentry/install/btcpp_ros2_interfaces/share/btcpp_ros2_interfaces/cmake/export_btcpp_ros2_interfaces__rosidl_generator_cExport.cmake
-- Installing: /workspaces/auto_sentry/install/btcpp_ros2_interfaces/share/btcpp_ros2_interfaces/cmake/export_btcpp_ros2_interfaces__rosidl_generator_cExport-noconfig.cmake
-- Installing: /workspaces/auto_sentry/install/btcpp_ros2_interfaces/share/btcpp_ros2_interfaces/cmake/export_btcpp_ros2_interfaces__rosidl_typesupport_fastrtps_cExport.cmake
-- Installing: /workspaces/auto_sentry/install/btcpp_ros2_interfaces/share/btcpp_ros2_interfaces/cmake/export_btcpp_ros2_interfaces__rosidl_typesupport_fastrtps_cExport-noconfig.cmake
-- Installing: /workspaces/auto_sentry/install/btcpp_ros2_interfaces/share/btcpp_ros2_interfaces/cmake/btcpp_ros2_interfaces__rosidl_typesupport_introspection_cExport.cmake
-- Installing: /workspaces/auto_sentry/install/btcpp_ros2_interfaces/share/btcpp_ros2_interfaces/cmake/btcpp_ros2_interfaces__rosidl_typesupport_introspection_cExport-noconfig.cmake
-- Installing: /workspaces/auto_sentry/install/btcpp_ros2_interfaces/share/btcpp_ros2_interfaces/cmake/btcpp_ros2_interfaces__rosidl_typesupport_cExport.cmake
-- Installing: /workspaces/auto_sentry/install/btcpp_ros2_interfaces/share/btcpp_ros2_interfaces/cmake/btcpp_ros2_interfaces__rosidl_typesupport_cExport-noconfig.cmake
-- Installing: /workspaces/auto_sentry/install/btcpp_ros2_interfaces/share/btcpp_ros2_interfaces/cmake/export_btcpp_ros2_interfaces__rosidl_generator_cppExport.cmake
-- Installing: /workspaces/auto_sentry/install/btcpp_ros2_interfaces/share/btcpp_ros2_interfaces/cmake/export_btcpp_ros2_interfaces__rosidl_typesupport_fastrtps_cppExport.cmake
-- Installing: /workspaces/auto_sentry/install/btcpp_ros2_interfaces/share/btcpp_ros2_interfaces/cmake/export_btcpp_ros2_interfaces__rosidl_typesupport_fastrtps_cppExport-noconfig.cmake
-- Installing: /workspaces/auto_sentry/install/btcpp_ros2_interfaces/share/btcpp_ros2_interfaces/cmake/btcpp_ros2_interfaces__rosidl_typesupport_introspection_cppExport.cmake
-- Installing: /workspaces/auto_sentry/install/btcpp_ros2_interfaces/share/btcpp_ros2_interfaces/cmake/btcpp_ros2_interfaces__rosidl_typesupport_introspection_cppExport-noconfig.cmake
-- Installing: /workspaces/auto_sentry/install/btcpp_ros2_interfaces/share/btcpp_ros2_interfaces/cmake/btcpp_ros2_interfaces__rosidl_typesupport_cppExport.cmake
-- Installing: /workspaces/auto_sentry/install/btcpp_ros2_interfaces/share/btcpp_ros2_interfaces/cmake/btcpp_ros2_interfaces__rosidl_typesupport_cppExport-noconfig.cmake
-- Installing: /workspaces/auto_sentry/install/btcpp_ros2_interfaces/share/btcpp_ros2_interfaces/cmake/export_btcpp_ros2_interfaces__rosidl_generator_pyExport.cmake
-- Installing: /workspaces/auto_sentry/install/btcpp_ros2_interfaces/share/btcpp_ros2_interfaces/cmake/export_btcpp_ros2_interfaces__rosidl_generator_pyExport-noconfig.cmake
