[0.149s] Invoking command in '/workspaces/auto_sentry/build/btcpp_ros2_interfaces': CMAKE_PREFIX_PATH=${CMAKE_PREFIX_PATH}:/opt/ros/humble /usr/bin/cmake --build /workspaces/auto_sentry/build/btcpp_ros2_interfaces -- -j28 -l28
[0.300s] [  3%] [34m[1mGenerating C code for ROS interfaces[0m
[0.301s] [  3%] Built target ament_cmake_python_symlink_btcpp_ros2_interfaces
[0.301s] [  6%] [34m[1mGenerating C++ code for ROS interfaces[0m
[0.798s] running egg_info
[0.798s] creating btcpp_ros2_interfaces.egg-info
[0.798s] writing btcpp_ros2_interfaces.egg-info/PKG-INFO
[0.798s] writing dependency_links to btcpp_ros2_interfaces.egg-info/dependency_links.txt
[0.798s] writing top-level names to btcpp_ros2_interfaces.egg-info/top_level.txt
[0.798s] writing manifest file 'btcpp_ros2_interfaces.egg-info/SOURCES.txt'
[0.803s] reading manifest file 'btcpp_ros2_interfaces.egg-info/SOURCES.txt'
[0.803s] writing manifest file 'btcpp_ros2_interfaces.egg-info/SOURCES.txt'
[0.858s] [  6%] Built target ament_cmake_python_build_btcpp_ros2_interfaces_egg
[1.202s] [  9%] [32mBuilding C object CMakeFiles/btcpp_ros2_interfaces__rosidl_generator_c.dir/rosidl_generator_c/btcpp_ros2_interfaces/action/detail/sleep__functions.c.o[0m
[1.315s] [  9%] Built target btcpp_ros2_interfaces__cpp
[1.350s] [ 12%] [34m[1mGenerating C++ type support for eProsima Fast-RTPS[0m
[1.357s] [ 16%] [34m[1mGenerating C++ introspection for ROS interfaces[0m
[1.359s] [ 19%] [34m[1mGenerating C++ type support dispatch for ROS interfaces[0m
[1.720s] [ 22%] [32m[1mLinking C shared library libbtcpp_ros2_interfaces__rosidl_generator_c.so[0m
[1.908s] [ 22%] Built target btcpp_ros2_interfaces__rosidl_generator_c
[1.958s] [ 25%] [34m[1mGenerating C type support dispatch for ROS interfaces[0m
[1.964s] [ 29%] [34m[1mGenerating C type support for eProsima Fast-RTPS[0m
[1.975s] [ 32%] [34m[1mGenerating C introspection for ROS interfaces[0m
[2.384s] [ 35%] [32mBuilding CXX object CMakeFiles/btcpp_ros2_interfaces__rosidl_typesupport_cpp.dir/rosidl_typesupport_cpp/btcpp_ros2_interfaces/action/sleep__type_support.cpp.o[0m
[2.481s] [ 38%] [32mBuilding CXX object CMakeFiles/btcpp_ros2_interfaces__rosidl_typesupport_introspection_cpp.dir/rosidl_typesupport_introspection_cpp/btcpp_ros2_interfaces/action/detail/sleep__type_support.cpp.o[0m
[2.913s] [ 41%] [32mBuilding CXX object CMakeFiles/btcpp_ros2_interfaces__rosidl_typesupport_fastrtps_cpp.dir/rosidl_typesupport_fastrtps_cpp/btcpp_ros2_interfaces/action/detail/dds_fastrtps/sleep__type_support.cpp.o[0m
[3.544s] [ 45%] [32mBuilding C object CMakeFiles/btcpp_ros2_interfaces__rosidl_typesupport_introspection_c.dir/rosidl_typesupport_introspection_c/btcpp_ros2_interfaces/action/detail/sleep__type_support.c.o[0m
[3.695s] [ 48%] [32m[1mLinking C shared library libbtcpp_ros2_interfaces__rosidl_typesupport_introspection_c.so[0m
[3.819s] [ 51%] [32mBuilding CXX object CMakeFiles/btcpp_ros2_interfaces__rosidl_typesupport_fastrtps_c.dir/rosidl_typesupport_fastrtps_c/btcpp_ros2_interfaces/action/detail/sleep__type_support_c.cpp.o[0m
[3.889s] [ 51%] Built target btcpp_ros2_interfaces__rosidl_typesupport_introspection_c
[3.946s] [ 54%] [32m[1mLinking CXX shared library libbtcpp_ros2_interfaces__rosidl_typesupport_cpp.so[0m
[4.091s] [ 54%] Built target btcpp_ros2_interfaces__rosidl_typesupport_cpp
[4.807s] [ 58%] [32mBuilding CXX object CMakeFiles/btcpp_ros2_interfaces__rosidl_typesupport_c.dir/rosidl_typesupport_c/btcpp_ros2_interfaces/action/sleep__type_support.cpp.o[0m
[5.204s] [ 61%] [32m[1mLinking CXX shared library libbtcpp_ros2_interfaces__rosidl_typesupport_c.so[0m
[5.534s] [ 64%] [32m[1mLinking CXX shared library libbtcpp_ros2_interfaces__rosidl_typesupport_fastrtps_cpp.so[0m
[5.544s] [ 64%] Built target btcpp_ros2_interfaces__rosidl_typesupport_c
[5.797s] [ 64%] Built target btcpp_ros2_interfaces__rosidl_typesupport_fastrtps_cpp
[6.643s] [ 67%] [32m[1mLinking CXX shared library libbtcpp_ros2_interfaces__rosidl_typesupport_fastrtps_c.so[0m
[7.385s] [ 67%] Built target btcpp_ros2_interfaces__rosidl_typesupport_fastrtps_c
[8.355s] [ 70%] [32m[1mLinking CXX shared library libbtcpp_ros2_interfaces__rosidl_typesupport_introspection_cpp.so[0m
[9.001s] [ 70%] Built target btcpp_ros2_interfaces__rosidl_typesupport_introspection_cpp
[9.134s] [ 70%] Built target btcpp_ros2_interfaces
[9.379s] [ 74%] [34m[1mGenerating Python code for ROS interfaces[0m
[14.928s] [ 74%] Built target btcpp_ros2_interfaces__py
[15.067s] [ 77%] [32mBuilding C object CMakeFiles/btcpp_ros2_interfaces__rosidl_generator_py.dir/rosidl_generator_py/btcpp_ros2_interfaces/action/_sleep_s.c.o[0m
[15.817s] [ 80%] [32m[1mLinking C shared library rosidl_generator_py/btcpp_ros2_interfaces/libbtcpp_ros2_interfaces__rosidl_generator_py.so[0m
[16.124s] [ 80%] Built target btcpp_ros2_interfaces__rosidl_generator_py
[16.267s] [ 83%] [32mBuilding C object CMakeFiles/btcpp_ros2_interfaces__rosidl_typesupport_fastrtps_c__pyext.dir/rosidl_generator_py/btcpp_ros2_interfaces/_btcpp_ros2_interfaces_s.ep.rosidl_typesupport_fastrtps_c.c.o[0m
[17.254s] [ 87%] [32m[1mLinking C shared library rosidl_generator_py/btcpp_ros2_interfaces/btcpp_ros2_interfaces_s__rosidl_typesupport_fastrtps_c.cpython-310-x86_64-linux-gnu.so[0m
[17.445s] [ 87%] Built target btcpp_ros2_interfaces__rosidl_typesupport_fastrtps_c__pyext
[17.517s] [ 90%] [32mBuilding C object CMakeFiles/btcpp_ros2_interfaces__rosidl_typesupport_c__pyext.dir/rosidl_generator_py/btcpp_ros2_interfaces/_btcpp_ros2_interfaces_s.ep.rosidl_typesupport_c.c.o[0m
[17.897s] [ 93%] [32m[1mLinking C shared library rosidl_generator_py/btcpp_ros2_interfaces/btcpp_ros2_interfaces_s__rosidl_typesupport_c.cpython-310-x86_64-linux-gnu.so[0m
[18.092s] [ 93%] Built target btcpp_ros2_interfaces__rosidl_typesupport_c__pyext
[18.164s] [ 96%] [32mBuilding C object CMakeFiles/btcpp_ros2_interfaces__rosidl_typesupport_introspection_c__pyext.dir/rosidl_generator_py/btcpp_ros2_interfaces/_btcpp_ros2_interfaces_s.ep.rosidl_typesupport_introspection_c.c.o[0m
[18.653s] [100%] [32m[1mLinking C shared library rosidl_generator_py/btcpp_ros2_interfaces/btcpp_ros2_interfaces_s__rosidl_typesupport_introspection_c.cpython-310-x86_64-linux-gnu.so[0m
[18.843s] [100%] Built target btcpp_ros2_interfaces__rosidl_typesupport_introspection_c__pyext
[18.923s] Invoked command in '/workspaces/auto_sentry/build/btcpp_ros2_interfaces' returned '0': CMAKE_PREFIX_PATH=${CMAKE_PREFIX_PATH}:/opt/ros/humble /usr/bin/cmake --build /workspaces/auto_sentry/build/btcpp_ros2_interfaces -- -j28 -l28
[19.232s] Invoking command in '/workspaces/auto_sentry/build/btcpp_ros2_interfaces': CMAKE_PREFIX_PATH=${CMAKE_PREFIX_PATH}:/opt/ros/humble /usr/bin/cmake --install /workspaces/auto_sentry/build/btcpp_ros2_interfaces
[19.260s] -- Install configuration: ""
[19.265s] -- Execute custom install script
[19.271s] -- Symlinking: /workspaces/auto_sentry/install/btcpp_ros2_interfaces/share/ament_index/resource_index/rosidl_interfaces/btcpp_ros2_interfaces
[19.337s] -- Symlinking: /workspaces/auto_sentry/install/btcpp_ros2_interfaces/include/btcpp_ros2_interfaces/btcpp_ros2_interfaces/action/detail/sleep__functions.h
[19.388s] -- Symlinking: /workspaces/auto_sentry/install/btcpp_ros2_interfaces/include/btcpp_ros2_interfaces/btcpp_ros2_interfaces/action/detail/sleep__struct.h
[19.424s] -- Symlinking: /workspaces/auto_sentry/install/btcpp_ros2_interfaces/include/btcpp_ros2_interfaces/btcpp_ros2_interfaces/action/detail/sleep__type_support.h
[19.454s] -- Symlinking: /workspaces/auto_sentry/install/btcpp_ros2_interfaces/include/btcpp_ros2_interfaces/btcpp_ros2_interfaces/action/sleep.h
[19.498s] -- Symlinking: /workspaces/auto_sentry/install/btcpp_ros2_interfaces/include/btcpp_ros2_interfaces/btcpp_ros2_interfaces/msg/rosidl_generator_c__visibility_control.h
[19.523s] -- Symlinking: /workspaces/auto_sentry/install/btcpp_ros2_interfaces/share/btcpp_ros2_interfaces/environment/library_path.sh
[19.551s] -- Symlinking: /workspaces/auto_sentry/install/btcpp_ros2_interfaces/share/btcpp_ros2_interfaces/environment/library_path.dsv
[19.586s] -- Symlinking: /workspaces/auto_sentry/install/btcpp_ros2_interfaces/include/btcpp_ros2_interfaces/btcpp_ros2_interfaces/action/detail/sleep__rosidl_typesupport_fastrtps_c.h
[19.619s] -- Symlinking: /workspaces/auto_sentry/install/btcpp_ros2_interfaces/include/btcpp_ros2_interfaces/btcpp_ros2_interfaces/msg/rosidl_typesupport_fastrtps_c__visibility_control.h
[19.634s] -- Symlinking: /workspaces/auto_sentry/install/btcpp_ros2_interfaces/include/btcpp_ros2_interfaces/btcpp_ros2_interfaces/action/detail/sleep__rosidl_typesupport_introspection_c.h
[19.662s] -- Symlinking: /workspaces/auto_sentry/install/btcpp_ros2_interfaces/include/btcpp_ros2_interfaces/btcpp_ros2_interfaces/msg/rosidl_typesupport_introspection_c__visibility_control.h
[19.693s] -- Symlinking: /workspaces/auto_sentry/install/btcpp_ros2_interfaces/include/btcpp_ros2_interfaces/btcpp_ros2_interfaces/action/detail/sleep__builder.hpp
[19.720s] -- Symlinking: /workspaces/auto_sentry/install/btcpp_ros2_interfaces/include/btcpp_ros2_interfaces/btcpp_ros2_interfaces/action/detail/sleep__struct.hpp
[19.739s] -- Symlinking: /workspaces/auto_sentry/install/btcpp_ros2_interfaces/include/btcpp_ros2_interfaces/btcpp_ros2_interfaces/action/detail/sleep__traits.hpp
[19.773s] -- Symlinking: /workspaces/auto_sentry/install/btcpp_ros2_interfaces/include/btcpp_ros2_interfaces/btcpp_ros2_interfaces/action/sleep.hpp
[19.818s] -- Symlinking: /workspaces/auto_sentry/install/btcpp_ros2_interfaces/include/btcpp_ros2_interfaces/btcpp_ros2_interfaces/action/detail/sleep__rosidl_typesupport_fastrtps_cpp.hpp
[19.869s] -- Symlinking: /workspaces/auto_sentry/install/btcpp_ros2_interfaces/include/btcpp_ros2_interfaces/btcpp_ros2_interfaces/msg/rosidl_typesupport_fastrtps_cpp__visibility_control.h
[19.892s] -- Symlinking: /workspaces/auto_sentry/install/btcpp_ros2_interfaces/include/btcpp_ros2_interfaces/btcpp_ros2_interfaces/action/detail/sleep__rosidl_typesupport_introspection_cpp.hpp
[19.916s] -- Symlinking: /workspaces/auto_sentry/install/btcpp_ros2_interfaces/share/btcpp_ros2_interfaces/environment/pythonpath.sh
[19.936s] -- Symlinking: /workspaces/auto_sentry/install/btcpp_ros2_interfaces/share/btcpp_ros2_interfaces/environment/pythonpath.dsv
[19.955s] -- Symlinking: /workspaces/auto_sentry/install/btcpp_ros2_interfaces/local/lib/python3.10/dist-packages/btcpp_ros2_interfaces-0.2.0-py3.10.egg-info/PKG-INFO
[19.992s] -- Symlinking: /workspaces/auto_sentry/install/btcpp_ros2_interfaces/local/lib/python3.10/dist-packages/btcpp_ros2_interfaces-0.2.0-py3.10.egg-info/SOURCES.txt
[20.017s] -- Symlinking: /workspaces/auto_sentry/install/btcpp_ros2_interfaces/local/lib/python3.10/dist-packages/btcpp_ros2_interfaces-0.2.0-py3.10.egg-info/dependency_links.txt
[20.034s] -- Symlinking: /workspaces/auto_sentry/install/btcpp_ros2_interfaces/local/lib/python3.10/dist-packages/btcpp_ros2_interfaces-0.2.0-py3.10.egg-info/top_level.txt
[20.056s] -- Symlinking: /workspaces/auto_sentry/install/btcpp_ros2_interfaces/local/lib/python3.10/dist-packages/btcpp_ros2_interfaces/__init__.py
[20.077s] -- Symlinking: /workspaces/auto_sentry/install/btcpp_ros2_interfaces/local/lib/python3.10/dist-packages/btcpp_ros2_interfaces/_btcpp_ros2_interfaces_s.ep.rosidl_typesupport_c.c
[20.099s] -- Symlinking: /workspaces/auto_sentry/install/btcpp_ros2_interfaces/local/lib/python3.10/dist-packages/btcpp_ros2_interfaces/_btcpp_ros2_interfaces_s.ep.rosidl_typesupport_fastrtps_c.c
[20.122s] -- Symlinking: /workspaces/auto_sentry/install/btcpp_ros2_interfaces/local/lib/python3.10/dist-packages/btcpp_ros2_interfaces/_btcpp_ros2_interfaces_s.ep.rosidl_typesupport_introspection_c.c
[20.147s] -- Symlinking: /workspaces/auto_sentry/install/btcpp_ros2_interfaces/local/lib/python3.10/dist-packages/btcpp_ros2_interfaces/action/__init__.py
[20.170s] -- Symlinking: /workspaces/auto_sentry/install/btcpp_ros2_interfaces/local/lib/python3.10/dist-packages/btcpp_ros2_interfaces/action/_sleep.py
[20.182s] -- Symlinking: /workspaces/auto_sentry/install/btcpp_ros2_interfaces/local/lib/python3.10/dist-packages/btcpp_ros2_interfaces/action/_sleep_s.c
[20.207s] -- Symlinking: /workspaces/auto_sentry/install/btcpp_ros2_interfaces/local/lib/python3.10/dist-packages/btcpp_ros2_interfaces/btcpp_ros2_interfaces_s__rosidl_typesupport_c.cpython-310-x86_64-linux-gnu.so
[20.231s] -- Symlinking: /workspaces/auto_sentry/install/btcpp_ros2_interfaces/local/lib/python3.10/dist-packages/btcpp_ros2_interfaces/btcpp_ros2_interfaces_s__rosidl_typesupport_fastrtps_c.cpython-310-x86_64-linux-gnu.so
[20.253s] -- Symlinking: /workspaces/auto_sentry/install/btcpp_ros2_interfaces/local/lib/python3.10/dist-packages/btcpp_ros2_interfaces/btcpp_ros2_interfaces_s__rosidl_typesupport_introspection_c.cpython-310-x86_64-linux-gnu.so
[20.304s] -- Symlinking: /workspaces/auto_sentry/install/btcpp_ros2_interfaces/local/lib/python3.10/dist-packages/btcpp_ros2_interfaces/libbtcpp_ros2_interfaces__rosidl_generator_py.so
[20.304s] -- Up-to-date symlink: /workspaces/auto_sentry/install/btcpp_ros2_interfaces/local/lib/python3.10/dist-packages/btcpp_ros2_interfaces/btcpp_ros2_interfaces_s__rosidl_typesupport_fastrtps_c.cpython-310-x86_64-linux-gnu.so
[20.305s] -- Up-to-date symlink: /workspaces/auto_sentry/install/btcpp_ros2_interfaces/local/lib/python3.10/dist-packages/btcpp_ros2_interfaces/btcpp_ros2_interfaces_s__rosidl_typesupport_introspection_c.cpython-310-x86_64-linux-gnu.so
[20.305s] -- Up-to-date symlink: /workspaces/auto_sentry/install/btcpp_ros2_interfaces/local/lib/python3.10/dist-packages/btcpp_ros2_interfaces/btcpp_ros2_interfaces_s__rosidl_typesupport_c.cpython-310-x86_64-linux-gnu.so
[20.316s] -- Symlinking: /workspaces/auto_sentry/install/btcpp_ros2_interfaces/share/btcpp_ros2_interfaces/action/Sleep.idl
[20.344s] -- Symlinking: /workspaces/auto_sentry/install/btcpp_ros2_interfaces/share/btcpp_ros2_interfaces/action/Sleep.action
[20.390s] -- Symlinking: /workspaces/auto_sentry/install/btcpp_ros2_interfaces/share/ament_index/resource_index/package_run_dependencies/btcpp_ros2_interfaces
[20.424s] -- Symlinking: /workspaces/auto_sentry/install/btcpp_ros2_interfaces/share/ament_index/resource_index/parent_prefix_path/btcpp_ros2_interfaces
[20.460s] -- Symlinking: /workspaces/auto_sentry/install/btcpp_ros2_interfaces/share/btcpp_ros2_interfaces/environment/ament_prefix_path.sh
[20.479s] -- Symlinking: /workspaces/auto_sentry/install/btcpp_ros2_interfaces/share/btcpp_ros2_interfaces/environment/ament_prefix_path.dsv
[20.512s] -- Symlinking: /workspaces/auto_sentry/install/btcpp_ros2_interfaces/share/btcpp_ros2_interfaces/environment/path.sh
[20.571s] -- Symlinking: /workspaces/auto_sentry/install/btcpp_ros2_interfaces/share/btcpp_ros2_interfaces/environment/path.dsv
[20.607s] -- Symlinking: /workspaces/auto_sentry/install/btcpp_ros2_interfaces/share/btcpp_ros2_interfaces/local_setup.bash
[20.633s] -- Symlinking: /workspaces/auto_sentry/install/btcpp_ros2_interfaces/share/btcpp_ros2_interfaces/local_setup.sh
[20.654s] -- Symlinking: /workspaces/auto_sentry/install/btcpp_ros2_interfaces/share/btcpp_ros2_interfaces/local_setup.zsh
[20.683s] -- Symlinking: /workspaces/auto_sentry/install/btcpp_ros2_interfaces/share/btcpp_ros2_interfaces/local_setup.dsv
[20.715s] -- Symlinking: /workspaces/auto_sentry/install/btcpp_ros2_interfaces/share/btcpp_ros2_interfaces/package.dsv
[20.760s] -- Symlinking: /workspaces/auto_sentry/install/btcpp_ros2_interfaces/share/ament_index/resource_index/packages/btcpp_ros2_interfaces
[20.770s] -- Symlinking: /workspaces/auto_sentry/install/btcpp_ros2_interfaces/share/btcpp_ros2_interfaces/cmake/rosidl_cmake-extras.cmake
[20.800s] -- Symlinking: /workspaces/auto_sentry/install/btcpp_ros2_interfaces/share/btcpp_ros2_interfaces/cmake/ament_cmake_export_dependencies-extras.cmake
[20.835s] -- Symlinking: /workspaces/auto_sentry/install/btcpp_ros2_interfaces/share/btcpp_ros2_interfaces/cmake/ament_cmake_export_include_directories-extras.cmake
[20.877s] -- Symlinking: /workspaces/auto_sentry/install/btcpp_ros2_interfaces/share/btcpp_ros2_interfaces/cmake/ament_cmake_export_libraries-extras.cmake
[20.910s] -- Symlinking: /workspaces/auto_sentry/install/btcpp_ros2_interfaces/share/btcpp_ros2_interfaces/cmake/ament_cmake_export_targets-extras.cmake
[20.937s] -- Symlinking: /workspaces/auto_sentry/install/btcpp_ros2_interfaces/share/btcpp_ros2_interfaces/cmake/rosidl_cmake_export_typesupport_targets-extras.cmake
[20.960s] -- Symlinking: /workspaces/auto_sentry/install/btcpp_ros2_interfaces/share/btcpp_ros2_interfaces/cmake/rosidl_cmake_export_typesupport_libraries-extras.cmake
[21.000s] -- Symlinking: /workspaces/auto_sentry/install/btcpp_ros2_interfaces/share/btcpp_ros2_interfaces/cmake/btcpp_ros2_interfacesConfig.cmake
[21.024s] -- Symlinking: /workspaces/auto_sentry/install/btcpp_ros2_interfaces/share/btcpp_ros2_interfaces/cmake/btcpp_ros2_interfacesConfig-version.cmake
[21.035s] -- Symlinking: /workspaces/auto_sentry/install/btcpp_ros2_interfaces/share/btcpp_ros2_interfaces/package.xml
[21.065s] -- Installing: /workspaces/auto_sentry/install/btcpp_ros2_interfaces/lib/libbtcpp_ros2_interfaces__rosidl_generator_c.so
[21.067s] -- Set runtime path of "/workspaces/auto_sentry/install/btcpp_ros2_interfaces/lib/libbtcpp_ros2_interfaces__rosidl_generator_c.so" to ""
[21.068s] -- Installing: /workspaces/auto_sentry/install/btcpp_ros2_interfaces/lib/libbtcpp_ros2_interfaces__rosidl_typesupport_fastrtps_c.so
[21.070s] -- Set runtime path of "/workspaces/auto_sentry/install/btcpp_ros2_interfaces/lib/libbtcpp_ros2_interfaces__rosidl_typesupport_fastrtps_c.so" to ""
[21.071s] -- Installing: /workspaces/auto_sentry/install/btcpp_ros2_interfaces/lib/libbtcpp_ros2_interfaces__rosidl_typesupport_introspection_c.so
[21.077s] -- Set runtime path of "/workspaces/auto_sentry/install/btcpp_ros2_interfaces/lib/libbtcpp_ros2_interfaces__rosidl_typesupport_introspection_c.so" to ""
[21.077s] -- Installing: /workspaces/auto_sentry/install/btcpp_ros2_interfaces/lib/libbtcpp_ros2_interfaces__rosidl_typesupport_c.so
[21.080s] -- Set runtime path of "/workspaces/auto_sentry/install/btcpp_ros2_interfaces/lib/libbtcpp_ros2_interfaces__rosidl_typesupport_c.so" to ""
[21.080s] -- Installing: /workspaces/auto_sentry/install/btcpp_ros2_interfaces/lib/libbtcpp_ros2_interfaces__rosidl_typesupport_fastrtps_cpp.so
[21.093s] -- Set runtime path of "/workspaces/auto_sentry/install/btcpp_ros2_interfaces/lib/libbtcpp_ros2_interfaces__rosidl_typesupport_fastrtps_cpp.so" to ""
[21.094s] -- Installing: /workspaces/auto_sentry/install/btcpp_ros2_interfaces/lib/libbtcpp_ros2_interfaces__rosidl_typesupport_introspection_cpp.so
[21.109s] -- Set runtime path of "/workspaces/auto_sentry/install/btcpp_ros2_interfaces/lib/libbtcpp_ros2_interfaces__rosidl_typesupport_introspection_cpp.so" to ""
[21.110s] -- Installing: /workspaces/auto_sentry/install/btcpp_ros2_interfaces/lib/libbtcpp_ros2_interfaces__rosidl_typesupport_cpp.so
[21.112s] -- Set runtime path of "/workspaces/auto_sentry/install/btcpp_ros2_interfaces/lib/libbtcpp_ros2_interfaces__rosidl_typesupport_cpp.so" to ""
[21.272s] Listing '/workspaces/auto_sentry/install/btcpp_ros2_interfaces/local/lib/python3.10/dist-packages/btcpp_ros2_interfaces'...
[21.273s] Compiling '/workspaces/auto_sentry/install/btcpp_ros2_interfaces/local/lib/python3.10/dist-packages/btcpp_ros2_interfaces/__init__.py'...
[21.273s] Listing '/workspaces/auto_sentry/install/btcpp_ros2_interfaces/local/lib/python3.10/dist-packages/btcpp_ros2_interfaces/action'...
[21.273s] Compiling '/workspaces/auto_sentry/install/btcpp_ros2_interfaces/local/lib/python3.10/dist-packages/btcpp_ros2_interfaces/action/__init__.py'...
[21.273s] Compiling '/workspaces/auto_sentry/install/btcpp_ros2_interfaces/local/lib/python3.10/dist-packages/btcpp_ros2_interfaces/action/_sleep.py'...
[21.285s] -- Installing: /workspaces/auto_sentry/install/btcpp_ros2_interfaces/lib/libbtcpp_ros2_interfaces__rosidl_generator_py.so
[21.286s] -- Set runtime path of "/workspaces/auto_sentry/install/btcpp_ros2_interfaces/lib/libbtcpp_ros2_interfaces__rosidl_generator_py.so" to ""
[21.289s] -- Installing: /workspaces/auto_sentry/install/btcpp_ros2_interfaces/share/btcpp_ros2_interfaces/cmake/export_btcpp_ros2_interfaces__rosidl_generator_cExport.cmake
[21.289s] -- Installing: /workspaces/auto_sentry/install/btcpp_ros2_interfaces/share/btcpp_ros2_interfaces/cmake/export_btcpp_ros2_interfaces__rosidl_generator_cExport-noconfig.cmake
[21.290s] -- Installing: /workspaces/auto_sentry/install/btcpp_ros2_interfaces/share/btcpp_ros2_interfaces/cmake/export_btcpp_ros2_interfaces__rosidl_typesupport_fastrtps_cExport.cmake
[21.292s] -- Installing: /workspaces/auto_sentry/install/btcpp_ros2_interfaces/share/btcpp_ros2_interfaces/cmake/export_btcpp_ros2_interfaces__rosidl_typesupport_fastrtps_cExport-noconfig.cmake
[21.293s] -- Installing: /workspaces/auto_sentry/install/btcpp_ros2_interfaces/share/btcpp_ros2_interfaces/cmake/btcpp_ros2_interfaces__rosidl_typesupport_introspection_cExport.cmake
[21.294s] -- Installing: /workspaces/auto_sentry/install/btcpp_ros2_interfaces/share/btcpp_ros2_interfaces/cmake/btcpp_ros2_interfaces__rosidl_typesupport_introspection_cExport-noconfig.cmake
[21.296s] -- Installing: /workspaces/auto_sentry/install/btcpp_ros2_interfaces/share/btcpp_ros2_interfaces/cmake/btcpp_ros2_interfaces__rosidl_typesupport_cExport.cmake
[21.296s] -- Installing: /workspaces/auto_sentry/install/btcpp_ros2_interfaces/share/btcpp_ros2_interfaces/cmake/btcpp_ros2_interfaces__rosidl_typesupport_cExport-noconfig.cmake
[21.298s] -- Installing: /workspaces/auto_sentry/install/btcpp_ros2_interfaces/share/btcpp_ros2_interfaces/cmake/export_btcpp_ros2_interfaces__rosidl_generator_cppExport.cmake
[21.299s] -- Installing: /workspaces/auto_sentry/install/btcpp_ros2_interfaces/share/btcpp_ros2_interfaces/cmake/export_btcpp_ros2_interfaces__rosidl_typesupport_fastrtps_cppExport.cmake
[21.300s] -- Installing: /workspaces/auto_sentry/install/btcpp_ros2_interfaces/share/btcpp_ros2_interfaces/cmake/export_btcpp_ros2_interfaces__rosidl_typesupport_fastrtps_cppExport-noconfig.cmake
[21.302s] -- Installing: /workspaces/auto_sentry/install/btcpp_ros2_interfaces/share/btcpp_ros2_interfaces/cmake/btcpp_ros2_interfaces__rosidl_typesupport_introspection_cppExport.cmake
[21.303s] -- Installing: /workspaces/auto_sentry/install/btcpp_ros2_interfaces/share/btcpp_ros2_interfaces/cmake/btcpp_ros2_interfaces__rosidl_typesupport_introspection_cppExport-noconfig.cmake
[21.304s] -- Installing: /workspaces/auto_sentry/install/btcpp_ros2_interfaces/share/btcpp_ros2_interfaces/cmake/btcpp_ros2_interfaces__rosidl_typesupport_cppExport.cmake
[21.310s] -- Installing: /workspaces/auto_sentry/install/btcpp_ros2_interfaces/share/btcpp_ros2_interfaces/cmake/btcpp_ros2_interfaces__rosidl_typesupport_cppExport-noconfig.cmake
[21.311s] -- Installing: /workspaces/auto_sentry/install/btcpp_ros2_interfaces/share/btcpp_ros2_interfaces/cmake/export_btcpp_ros2_interfaces__rosidl_generator_pyExport.cmake
[21.312s] -- Installing: /workspaces/auto_sentry/install/btcpp_ros2_interfaces/share/btcpp_ros2_interfaces/cmake/export_btcpp_ros2_interfaces__rosidl_generator_pyExport-noconfig.cmake
[21.325s] Invoked command in '/workspaces/auto_sentry/build/btcpp_ros2_interfaces' returned '0': CMAKE_PREFIX_PATH=${CMAKE_PREFIX_PATH}:/opt/ros/humble /usr/bin/cmake --install /workspaces/auto_sentry/build/btcpp_ros2_interfaces
