[0.157s] Invoking command in '/workspaces/auto_sentry/build/rm_gimbal_description': CMAKE_PREFIX_PATH=${CMAKE_PREFIX_PATH}:/opt/ros/humble /usr/bin/cmake /workspaces/auto_sentry/src/PB_RM_Vision-master/src/rm_gimbal_description -DAMENT_CMAKE_SYMLINK_INSTALL=1 -DCMAKE_INSTALL_PREFIX=/workspaces/auto_sentry/install/rm_gimbal_description
[0.241s] -- The C compiler identification is GNU 11.4.0
[0.336s] -- The CXX compiler identification is GNU 11.4.0
[0.353s] -- Detecting C compiler ABI info
[0.459s] -- Detecting C compiler ABI info - done
[0.473s] -- Check for working C compiler: /usr/bin/cc - skipped
[0.474s] -- Detecting C compile features
[0.476s] -- Detecting C compile features - done
[0.479s] -- Detecting CXX compiler ABI info
[0.607s] -- Detecting CXX compiler ABI info - done
[0.617s] -- Check for working CXX compiler: /usr/bin/c++ - skipped
[0.618s] -- Detecting CXX compile features
[0.618s] -- Detecting CXX compile features - done
[0.622s] -- Found ament_cmake: 1.3.9 (/opt/ros/humble/share/ament_cmake/cmake)
[0.815s] -- Found Python3: /usr/bin/python3 (found version "3.10.12") found components: Interpreter 
[0.928s] -- Override CMake install command with custom implementation using symlinks instead of copying resources
[0.994s] -- Found ament_lint_auto: 0.12.11 (/opt/ros/humble/share/ament_lint_auto/cmake)
[1.135s] -- Added test 'lint_cmake' to check CMake code style
[1.138s] -- Added test 'xmllint' to check XML markup files
[1.142s] -- Configuring done
[1.151s] -- Generating done
[1.151s] -- Build files have been written to: /workspaces/auto_sentry/build/rm_gimbal_description
[1.154s] Invoked command in '/workspaces/auto_sentry/build/rm_gimbal_description' returned '0': CMAKE_PREFIX_PATH=${CMAKE_PREFIX_PATH}:/opt/ros/humble /usr/bin/cmake /workspaces/auto_sentry/src/PB_RM_Vision-master/src/rm_gimbal_description -DAMENT_CMAKE_SYMLINK_INSTALL=1 -DCMAKE_INSTALL_PREFIX=/workspaces/auto_sentry/install/rm_gimbal_description
[1.156s] Invoking command in '/workspaces/auto_sentry/build/rm_gimbal_description': CMAKE_PREFIX_PATH=${CMAKE_PREFIX_PATH}:/opt/ros/humble /usr/bin/cmake --build /workspaces/auto_sentry/build/rm_gimbal_description -- -j28 -l28
[1.205s] Invoked command in '/workspaces/auto_sentry/build/rm_gimbal_description' returned '0': CMAKE_PREFIX_PATH=${CMAKE_PREFIX_PATH}:/opt/ros/humble /usr/bin/cmake --build /workspaces/auto_sentry/build/rm_gimbal_description -- -j28 -l28
[1.242s] Invoking command in '/workspaces/auto_sentry/build/rm_gimbal_description': CMAKE_PREFIX_PATH=${CMAKE_PREFIX_PATH}:/opt/ros/humble /usr/bin/cmake --install /workspaces/auto_sentry/build/rm_gimbal_description
[1.793s] -- Install configuration: ""
[1.793s] -- Execute custom install script
[1.793s] -- Symlinking: /workspaces/auto_sentry/install/rm_gimbal_description/share/rm_gimbal_description/urdf/rm_gimbal.urdf.xacro
[1.793s] -- Symlinking: /workspaces/auto_sentry/install/rm_gimbal_description/share/ament_index/resource_index/package_run_dependencies/rm_gimbal_description
[1.793s] -- Symlinking: /workspaces/auto_sentry/install/rm_gimbal_description/share/ament_index/resource_index/parent_prefix_path/rm_gimbal_description
[1.793s] -- Symlinking: /workspaces/auto_sentry/install/rm_gimbal_description/share/rm_gimbal_description/environment/ament_prefix_path.sh
[1.793s] -- Symlinking: /workspaces/auto_sentry/install/rm_gimbal_description/share/rm_gimbal_description/environment/ament_prefix_path.dsv
[1.794s] -- Symlinking: /workspaces/auto_sentry/install/rm_gimbal_description/share/rm_gimbal_description/environment/path.sh
[1.794s] -- Symlinking: /workspaces/auto_sentry/install/rm_gimbal_description/share/rm_gimbal_description/environment/path.dsv
[1.794s] -- Symlinking: /workspaces/auto_sentry/install/rm_gimbal_description/share/rm_gimbal_description/local_setup.bash
[1.795s] -- Symlinking: /workspaces/auto_sentry/install/rm_gimbal_description/share/rm_gimbal_description/local_setup.sh
[1.795s] -- Symlinking: /workspaces/auto_sentry/install/rm_gimbal_description/share/rm_gimbal_description/local_setup.zsh
[1.795s] -- Symlinking: /workspaces/auto_sentry/install/rm_gimbal_description/share/rm_gimbal_description/local_setup.dsv
[1.796s] -- Symlinking: /workspaces/auto_sentry/install/rm_gimbal_description/share/rm_gimbal_description/package.dsv
[1.796s] -- Symlinking: /workspaces/auto_sentry/install/rm_gimbal_description/share/ament_index/resource_index/packages/rm_gimbal_description
[1.796s] -- Symlinking: /workspaces/auto_sentry/install/rm_gimbal_description/share/rm_gimbal_description/cmake/rm_gimbal_descriptionConfig.cmake
[1.796s] -- Symlinking: /workspaces/auto_sentry/install/rm_gimbal_description/share/rm_gimbal_description/cmake/rm_gimbal_descriptionConfig-version.cmake
[1.797s] -- Symlinking: /workspaces/auto_sentry/install/rm_gimbal_description/share/rm_gimbal_description/package.xml
[1.835s] Invoked command in '/workspaces/auto_sentry/build/rm_gimbal_description' returned '0': CMAKE_PREFIX_PATH=${CMAKE_PREFIX_PATH}:/opt/ros/humble /usr/bin/cmake --install /workspaces/auto_sentry/build/rm_gimbal_description
