[0.107s] Invoking command in '/workspaces/auto_sentry/build/livox_ros_driver2': CMAKE_PREFIX_PATH=${CMAKE_PREFIX_PATH}:/opt/ros/humble /usr/bin/cmake /workspaces/auto_sentry/src/pb_rmsimulation/src/rm_driver/livox_ros_driver2/src -DAMENT_CMAKE_SYMLINK_INSTALL=1 -DCMAKE_INSTALL_PREFIX=/workspaces/auto_sentry/install/livox_ros_driver2
[0.238s] -- The C compiler identification is GNU 11.4.0
[0.340s] -- The CXX compiler identification is GNU 11.4.0
[0.352s] -- Detecting C compiler ABI info
[0.470s] -- Detecting C compiler ABI info - done
[0.483s] -- Check for working C compiler: /usr/bin/cc - skipped
[0.483s] -- Detecting C compile features
[0.485s] -- Detecting C compile features - done
[0.489s] -- Detecting CXX compiler ABI info
[0.625s] -- Detecting CXX compiler ABI info - done
[0.639s] -- Check for working CXX compiler: /usr/bin/c++ - skipped
[0.639s] -- Detecting CXX compile features
[0.640s] -- Detecting CXX compile features - done
[0.644s] -- livox_ros_driver2 version: 1.0.0
[0.647s] -- Found ament_cmake_auto: 1.3.9 (/opt/ros/humble/share/ament_cmake_auto/cmake)
[0.852s] -- Found Python3: /usr/bin/python3 (found version "3.10.12") found components: Interpreter 
[0.966s] -- Override CMake install command with custom implementation using symlinks instead of copying resources
[1.150s] -- Using all available rosidl_typesupport_c: rosidl_typesupport_fastrtps_c;rosidl_typesupport_introspection_c
[1.172s] -- Found rosidl_adapter: 3.1.5 (/opt/ros/humble/share/rosidl_adapter/cmake)
[1.247s] -- Using all available rosidl_typesupport_cpp: rosidl_typesupport_fastrtps_cpp;rosidl_typesupport_introspection_cpp
[1.483s] -- Found rmw_implementation_cmake: 6.1.2 (/opt/ros/humble/share/rmw_implementation_cmake/cmake)
[1.488s] -- Found rmw_fastrtps_cpp: 6.2.6 (/opt/ros/humble/share/rmw_fastrtps_cpp/cmake)
[1.652s] -- Found OpenSSL: /usr/lib/x86_64-linux-gnu/libcrypto.so (found version "3.0.2")  
[1.690s] -- Found FastRTPS: /opt/ros/humble/include  
[1.783s] -- Using RMW implementation 'rmw_fastrtps_cpp' as default
[1.804s] -- Looking for pthread.h
[1.907s] -- Looking for pthread.h - found
[1.908s] -- Performing Test CMAKE_HAVE_LIBC_PTHREAD
[2.020s] -- Performing Test CMAKE_HAVE_LIBC_PTHREAD - Success
[2.022s] -- Found Threads: TRUE  
[2.959s] -- Checking for module 'eigen3'
[2.980s] --   Found eigen3, version 3.4.0
[3.033s] -- Found Eigen: /usr/include/eigen3 (Required is at least version "3.1") 
[3.033s] -- Eigen found (include: /usr/include/eigen3, version: 3.4.0)
[3.091s] -- Checking for module 'flann'
[3.117s] --   Found flann, version 1.9.1
[3.189s] -- Found FLANN: /usr/lib/x86_64-linux-gnu/libflann_cpp.so  
[3.189s] -- FLANN found (include: /usr/include, lib: /usr/lib/x86_64-linux-gnu/libflann_cpp.so)
[4.839s] -- Checking for module 'libusb-1.0'
[4.872s] --   Found libusb-1.0, version 1.0.25
[4.947s] -- Found libusb: /usr/lib/x86_64-linux-gnu/libusb-1.0.so  
[4.949s] -- OpenNI found (version: 1.5.4.0, include: /usr/include/ni, lib: /usr/lib/libOpenNI.so;libusb::libusb)
[5.069s] -- OpenNI2 found (version: 2.2.0.33, include: /usr/include/openni2, lib: /usr/lib/x86_64-linux-gnu/libOpenNI2.so;libusb::libusb)
[5.310s] -- Eigen found (include: /usr/include/eigen3, version: 3.4.0)
[5.320s] -- OpenNI found (version: 1.5.4.0, include: /usr/include/ni, lib: /usr/lib/libOpenNI.so;libusb::libusb)
[5.331s] -- OpenNI2 found (version: 2.2.0.33, include: /usr/include/openni2, lib: /usr/lib/x86_64-linux-gnu/libOpenNI2.so;libusb::libusb)
[5.559s] -- Found Qhull version 8.0.2
[5.785s] -- OpenNI found (version: 1.5.4.0, include: /usr/include/ni, lib: /usr/lib/libOpenNI.so;libusb::libusb)
[6.004s] -- Found PCL_COMMON: /usr/lib/x86_64-linux-gnu/libpcl_common.so  
[6.005s] -- Found PCL_KDTREE: /usr/lib/x86_64-linux-gnu/libpcl_kdtree.so  
[6.006s] -- Found PCL_OCTREE: /usr/lib/x86_64-linux-gnu/libpcl_octree.so  
[6.007s] -- Found PCL_SEARCH: /usr/lib/x86_64-linux-gnu/libpcl_search.so  
[6.008s] -- Found PCL_SAMPLE_CONSENSUS: /usr/lib/x86_64-linux-gnu/libpcl_sample_consensus.so  
[6.009s] -- Found PCL_FILTERS: /usr/lib/x86_64-linux-gnu/libpcl_filters.so  
[6.009s] -- Found PCL_2D: /usr/include/pcl-1.12  
[6.010s] -- Found PCL_GEOMETRY: /usr/include/pcl-1.12  
[6.011s] -- Found PCL_IO: /usr/lib/x86_64-linux-gnu/libpcl_io.so  
[6.012s] -- Found PCL_FEATURES: /usr/lib/x86_64-linux-gnu/libpcl_features.so  
[6.013s] -- Found PCL_ML: /usr/lib/x86_64-linux-gnu/libpcl_ml.so  
[6.013s] -- Found PCL_SEGMENTATION: /usr/lib/x86_64-linux-gnu/libpcl_segmentation.so  
[6.014s] -- Found PCL_VISUALIZATION: /usr/lib/x86_64-linux-gnu/libpcl_visualization.so  
[6.015s] -- Found PCL_SURFACE: /usr/lib/x86_64-linux-gnu/libpcl_surface.so  
[6.016s] -- Found PCL_REGISTRATION: /usr/lib/x86_64-linux-gnu/libpcl_registration.so  
[6.017s] -- Found PCL_KEYPOINTS: /usr/lib/x86_64-linux-gnu/libpcl_keypoints.so  
[6.018s] -- Found PCL_TRACKING: /usr/lib/x86_64-linux-gnu/libpcl_tracking.so  
[6.019s] -- Found PCL_RECOGNITION: /usr/lib/x86_64-linux-gnu/libpcl_recognition.so  
[6.020s] -- Found PCL_STEREO: /usr/lib/x86_64-linux-gnu/libpcl_stereo.so  
[6.021s] -- Found PCL_APPS: /usr/lib/x86_64-linux-gnu/libpcl_apps.so  
[6.022s] -- Found PCL_IN_HAND_SCANNER: /usr/include/pcl-1.12  
[6.023s] -- Found PCL_MODELER: /usr/include/pcl-1.12  
[6.025s] -- Found PCL_POINT_CLOUD_EDITOR: /usr/include/pcl-1.12  
[6.026s] -- Found PCL_OUTOFCORE: /usr/lib/x86_64-linux-gnu/libpcl_outofcore.so  
[6.027s] -- Found PCL_PEOPLE: /usr/lib/x86_64-linux-gnu/libpcl_people.so  
[6.035s] -- Found PkgConfig: /usr/bin/pkg-config (found version "0.29.2") 
[6.036s] -- Checking for module 'apr-1'
[6.062s] --   Found apr-1, version 1.7.0
[6.119s] [0m/usr/include/apr-1.0[0m
[6.119s] [0mapr-1[0m
[6.395s] -- Found ament_cmake_ros: 0.10.0 (/opt/ros/humble/share/ament_cmake_ros/cmake)
[6.639s] -- Using all available rosidl_typesupport_c: rosidl_typesupport_fastrtps_c;rosidl_typesupport_introspection_c
[6.963s] -- Using all available rosidl_typesupport_cpp: rosidl_typesupport_fastrtps_cpp;rosidl_typesupport_introspection_cpp
[6.989s] -- Found PythonInterp: /usr/bin/python3 (found suitable version "3.10.12", minimum required is "3.6") 
[6.992s] -- Found python_cmake_module: 0.10.0 (/opt/ros/humble/share/python_cmake_module/cmake)
[7.024s] -- Found PythonLibs: /usr/lib/x86_64-linux-gnu/libpython3.10.so (found suitable version "3.10.12", minimum required is "3.5") 
[7.024s] -- Using PYTHON_EXECUTABLE: /usr/bin/python3
[7.024s] -- Using PYTHON_INCLUDE_DIRS: /usr/include/python3.10
[7.024s] -- Using PYTHON_LIBRARIES: /usr/lib/x86_64-linux-gnu/libpython3.10.so
[7.051s] -- Found PythonExtra: .so  
[7.276s] -- Found ament_lint_auto: 0.12.11 (/opt/ros/humble/share/ament_lint_auto/cmake)
[7.308s] -- Added test 'copyright' to check source files copyright and LICENSE
[7.313s] -- Added test 'cppcheck' to perform static code analysis on C / C++ code
[7.314s] -- Configured cppcheck include dirs: /workspaces/auto_sentry/src/pb_rmsimulation/src/rm_driver/livox_ros_driver2/src/3rdparty;/workspaces/auto_sentry/src/pb_rmsimulation/src/rm_driver/livox_ros_driver2/src/src
[7.314s] -- Configured cppcheck exclude dirs and/or files: 
[7.318s] -- Added test 'cpplint' to check C / C++ code against the Google style
[7.318s] -- Configured cpplint exclude dirs and/or files: 
[7.319s] -- Added test 'flake8' to check Python code syntax and style conventions
[7.321s] -- Added test 'lint_cmake' to check CMake code style
[7.322s] -- Added test 'pep257' to check Python code against some of the docstring style conventions in PEP 257
[7.326s] -- Added test 'uncrustify' to check C / C++ code style
[7.326s] -- Configured uncrustify additional arguments: 
[7.327s] -- Added test 'xmllint' to check XML markup files
[7.332s] -- Configuring done
[7.403s] -- Generating done
[7.406s] -- Build files have been written to: /workspaces/auto_sentry/build/livox_ros_driver2
