-- Found ament_cmake: 1.3.9 (/opt/ros/humble/share/ament_cmake/cmake)
-- Override CMake install command with custom implementation using symlinks instead of copying resources
-- Found rclcpp: 16.0.9 (/opt/ros/humble/share/rclcpp/cmake)
-- Found rosidl_generator_c: 3.1.5 (/opt/ros/humble/share/rosidl_generator_c/cmake)
-- Found rosidl_adapter: 3.1.5 (/opt/ros/humble/share/rosidl_adapter/cmake)
-- Found rosidl_generator_cpp: 3.1.5 (/opt/ros/humble/share/rosidl_generator_cpp/cmake)
-- Using all available rosidl_typesupport_c: rosidl_typesupport_fastrtps_c;rosidl_typesupport_introspection_c
-- Using all available rosidl_typesupport_cpp: rosidl_typesupport_fastrtps_cpp;rosidl_typesupport_introspection_cpp
-- Found rmw_implementation_cmake: 6.1.2 (/opt/ros/humble/share/rmw_implementation_cmake/cmake)
-- Found rmw_fastrtps_cpp: 6.2.6 (/opt/ros/humble/share/rmw_fastrtps_cpp/cmake)
-- Using RMW implementation 'rmw_fastrtps_cpp' as default
-- Found rclcpp_components: 16.0.9 (/opt/ros/humble/share/rclcpp_components/cmake)
-- Found serial_driver: 1.2.0 (/workspaces/auto_sentry/install/serial_driver/share/serial_driver/cmake)
-- Found tf2_ros: 0.25.6 (/opt/ros/humble/share/tf2_ros/cmake)
-- Found tf2_geometry_msgs: 0.25.6 (/opt/ros/humble/share/tf2_geometry_msgs/cmake)
-- Found eigen3_cmake_module: 0.1.1 (/opt/ros/humble/share/eigen3_cmake_module/cmake)
-- Ensuring Eigen3 include directory is part of orocos-kdl CMake target
-- Found sensor_msgs: 4.2.3 (/opt/ros/humble/share/sensor_msgs/cmake)
-- Found example_interfaces: 0.9.3 (/opt/ros/humble/share/example_interfaces/cmake)
-- Found pb_rm_interfaces: 0.1.0 (/workspaces/auto_sentry/install/pb_rm_interfaces/share/pb_rm_interfaces/cmake)
-- Found rm_decision_interfaces: 0.0.0 (/workspaces/auto_sentry/install/rm_decision_interfaces/share/rm_decision_interfaces/cmake)
-- Configuring done
-- Generating done
-- Build files have been written to: /workspaces/auto_sentry/build/standard_robot_pp_ros2
[35m[1mConsolidate compiler generated dependencies of target standard_robot_pp_ros2[0m
[35m[1mConsolidate compiler generated dependencies of target standard_robot_pp_ros2_node[0m
[ 40%] Built target standard_robot_pp_ros2_node
[ 60%] [32mBuilding CXX object CMakeFiles/standard_robot_pp_ros2.dir/src/standard_robot_pp_ros2.cpp.o[0m
[01m[K/workspaces/auto_sentry/src/standard_robot_pp_ros2-master/src/standard_robot_pp_ros2/src/standard_robot_pp_ros2.cpp:[m[K In member function ‘[01m[Kvoid standard_robot_pp_ros2::StandardRobotPpRos2Node::publishRobotStatus(standard_robot_pp_ros2::ReceiveRobotStatus&)[m[K’:
[01m[K/workspaces/auto_sentry/src/standard_robot_pp_ros2-master/src/standard_robot_pp_ros2/src/standard_robot_pp_ros2.cpp:562:71:[m[K [01;35m[Kwarning: [m[Kunused parameter ‘[01m[Krobot_status[m[K’ [[01;35m[K]8;;https://gcc.gnu.org/onlinedocs/gcc/Warning-Options.html#index-Wunused-parameter-Wunused-parameter]8;;[m[K]
  562 | void StandardRobotPpRos2Node::publishRobotStatus([01;35m[KReceiveRobotStatus & robot_status[m[K)
      |                                                  [01;35m[K~~~~~~~~~~~~~~~~~~~~~^~~~~~~~~~~~[m[K
[ 80%] [32m[1mLinking CXX shared library libstandard_robot_pp_ros2.so[0m
[100%] Built target standard_robot_pp_ros2
-- Install configuration: ""
-- Execute custom install script
-- Up-to-date symlink: /workspaces/auto_sentry/install/standard_robot_pp_ros2/lib/standard_robot_pp_ros2/standard_robot_pp_ros2_node
-- Up-to-date symlink: /workspaces/auto_sentry/install/standard_robot_pp_ros2/lib/libstandard_robot_pp_ros2.so
-- Up-to-date symlink: /workspaces/auto_sentry/install/standard_robot_pp_ros2/lib/standard_robot_pp_ros2/standard_robot_pp_ros2_node
-- Up-to-date symlink: /workspaces/auto_sentry/install/standard_robot_pp_ros2/include/crc_func.h
-- Up-to-date symlink: /workspaces/auto_sentry/install/standard_robot_pp_ros2/include/debug_for_pb_rm.hpp
-- Up-to-date symlink: /workspaces/auto_sentry/install/standard_robot_pp_ros2/include/packet_typedef.hpp
-- Up-to-date symlink: /workspaces/auto_sentry/install/standard_robot_pp_ros2/include/robot_info.hpp
-- Up-to-date symlink: /workspaces/auto_sentry/install/standard_robot_pp_ros2/include/standard_robot_pp_ros2.hpp
-- Up-to-date symlink: /workspaces/auto_sentry/install/standard_robot_pp_ros2/share/standard_robot_pp_ros2/config/standard_robot_pp_ros2.yaml
-- Up-to-date symlink: /workspaces/auto_sentry/install/standard_robot_pp_ros2/share/standard_robot_pp_ros2/launch/standard_robot_pp_ros2.launch.py
-- Up-to-date symlink: /workspaces/auto_sentry/install/standard_robot_pp_ros2/share/ament_index/resource_index/package_run_dependencies/standard_robot_pp_ros2
-- Up-to-date symlink: /workspaces/auto_sentry/install/standard_robot_pp_ros2/share/ament_index/resource_index/parent_prefix_path/standard_robot_pp_ros2
-- Up-to-date symlink: /workspaces/auto_sentry/install/standard_robot_pp_ros2/share/standard_robot_pp_ros2/environment/ament_prefix_path.sh
-- Up-to-date symlink: /workspaces/auto_sentry/install/standard_robot_pp_ros2/share/standard_robot_pp_ros2/environment/ament_prefix_path.dsv
-- Up-to-date symlink: /workspaces/auto_sentry/install/standard_robot_pp_ros2/share/standard_robot_pp_ros2/environment/path.sh
-- Up-to-date symlink: /workspaces/auto_sentry/install/standard_robot_pp_ros2/share/standard_robot_pp_ros2/environment/path.dsv
-- Up-to-date symlink: /workspaces/auto_sentry/install/standard_robot_pp_ros2/share/standard_robot_pp_ros2/local_setup.bash
-- Up-to-date symlink: /workspaces/auto_sentry/install/standard_robot_pp_ros2/share/standard_robot_pp_ros2/local_setup.sh
-- Up-to-date symlink: /workspaces/auto_sentry/install/standard_robot_pp_ros2/share/standard_robot_pp_ros2/local_setup.zsh
-- Up-to-date symlink: /workspaces/auto_sentry/install/standard_robot_pp_ros2/share/standard_robot_pp_ros2/local_setup.dsv
-- Symlinking: /workspaces/auto_sentry/install/standard_robot_pp_ros2/share/standard_robot_pp_ros2/package.dsv
-- Up-to-date symlink: /workspaces/auto_sentry/install/standard_robot_pp_ros2/share/ament_index/resource_index/packages/standard_robot_pp_ros2
-- Up-to-date symlink: /workspaces/auto_sentry/install/standard_robot_pp_ros2/share/ament_index/resource_index/rclcpp_components/standard_robot_pp_ros2
-- Up-to-date symlink: /workspaces/auto_sentry/install/standard_robot_pp_ros2/share/standard_robot_pp_ros2/cmake/standard_robot_pp_ros2Config.cmake
-- Up-to-date symlink: /workspaces/auto_sentry/install/standard_robot_pp_ros2/share/standard_robot_pp_ros2/cmake/standard_robot_pp_ros2Config-version.cmake
-- Up-to-date symlink: /workspaces/auto_sentry/install/standard_robot_pp_ros2/share/standard_robot_pp_ros2/package.xml
