[ 25%] [32mBuilding CXX object CMakeFiles/hik_camera.dir/src/hik_camera_node.cpp.o[0m
[ 50%] [32mBuilding CXX object CMakeFiles/hik_camera_node.dir/rclcpp_components/node_main_hik_camera_node.cpp.o[0m
[ 75%] [32m[1mLinking CXX executable hik_camera_node[0m
[ 75%] Built target hik_camera_node
[100%] [32m[1mLinking CXX shared library libhik_camera.so[0m
[100%] Built target hik_camera
-- Install configuration: ""
-- Execute custom install script
-- Symlinking: /workspaces/auto_sentry/install/hik_camera/lib/libFormatConversion.so
-- Symlinking: /workspaces/auto_sentry/install/hik_camera/lib/libMVRender.so
-- Symlinking: /workspaces/auto_sentry/install/hik_camera/lib/libMediaProcess.so
-- Symlinking: /workspaces/auto_sentry/install/hik_camera/lib/libMvCameraControl.so
-- Symlinking: /workspaces/auto_sentry/install/hik_camera/lib/libMvUsb3vTL.so
-- Symlinking: /workspaces/auto_sentry/install/hik_camera/lib/hik_camera/hik_camera_node
-- Symlinking: /workspaces/auto_sentry/install/hik_camera/share/hik_camera/environment/library_path.sh
-- Symlinking: /workspaces/auto_sentry/install/hik_camera/share/hik_camera/environment/library_path.dsv
-- Symlinking: /workspaces/auto_sentry/install/hik_camera/lib/libhik_camera.so
-- Symlinking: /workspaces/auto_sentry/install/hik_camera/share/hik_camera/launch/hik_camera.launch.py
-- Symlinking: /workspaces/auto_sentry/install/hik_camera/share/hik_camera/config/camera_info.yaml
-- Symlinking: /workspaces/auto_sentry/install/hik_camera/share/hik_camera/config/camera_info_01.yaml
-- Symlinking: /workspaces/auto_sentry/install/hik_camera/share/hik_camera/config/camera_info_02.yaml
-- Symlinking: /workspaces/auto_sentry/install/hik_camera/share/hik_camera/config/camera_info_03.yaml
-- Symlinking: /workspaces/auto_sentry/install/hik_camera/share/hik_camera/config/camera_params.yaml
-- Symlinking: /workspaces/auto_sentry/install/hik_camera/share/ament_index/resource_index/package_run_dependencies/hik_camera
-- Symlinking: /workspaces/auto_sentry/install/hik_camera/share/ament_index/resource_index/parent_prefix_path/hik_camera
-- Symlinking: /workspaces/auto_sentry/install/hik_camera/share/hik_camera/environment/ament_prefix_path.sh
-- Symlinking: /workspaces/auto_sentry/install/hik_camera/share/hik_camera/environment/ament_prefix_path.dsv
-- Symlinking: /workspaces/auto_sentry/install/hik_camera/share/hik_camera/environment/path.sh
-- Symlinking: /workspaces/auto_sentry/install/hik_camera/share/hik_camera/environment/path.dsv
-- Symlinking: /workspaces/auto_sentry/install/hik_camera/share/hik_camera/local_setup.bash
-- Symlinking: /workspaces/auto_sentry/install/hik_camera/share/hik_camera/local_setup.sh
-- Symlinking: /workspaces/auto_sentry/install/hik_camera/share/hik_camera/local_setup.zsh
-- Symlinking: /workspaces/auto_sentry/install/hik_camera/share/hik_camera/local_setup.dsv
-- Symlinking: /workspaces/auto_sentry/install/hik_camera/share/hik_camera/package.dsv
-- Symlinking: /workspaces/auto_sentry/install/hik_camera/share/ament_index/resource_index/packages/hik_camera
-- Symlinking: /workspaces/auto_sentry/install/hik_camera/share/ament_index/resource_index/rclcpp_components/hik_camera
-- Symlinking: /workspaces/auto_sentry/install/hik_camera/share/hik_camera/cmake/ament_cmake_export_dependencies-extras.cmake
-- Symlinking: /workspaces/auto_sentry/install/hik_camera/share/hik_camera/cmake/ament_cmake_export_libraries-extras.cmake
-- Symlinking: /workspaces/auto_sentry/install/hik_camera/share/hik_camera/cmake/hik_cameraConfig.cmake
-- Symlinking: /workspaces/auto_sentry/install/hik_camera/share/hik_camera/cmake/hik_cameraConfig-version.cmake
-- Symlinking: /workspaces/auto_sentry/install/hik_camera/share/hik_camera/package.xml
