[35m[1mConsolidate compiler generated dependencies of target rm_decision_interfaces__rosidl_generator_c[0m
[  1%] Built target rm_decision_interfaces__cpp
[  1%] Built target ament_cmake_python_symlink_rm_decision_interfaces
[ 12%] Built target rm_decision_interfaces__rosidl_generator_c
[35m[1mConsolidate compiler generated dependencies of target rm_decision_interfaces__rosidl_typesupport_cpp[0m
[35m[1mConsolidate compiler generated dependencies of target rm_decision_interfaces__rosidl_typesupport_introspection_cpp[0m
[35m[1mConsolidate compiler generated dependencies of target rm_decision_interfaces__rosidl_typesupport_fastrtps_cpp[0m
[35m[1mConsolidate compiler generated dependencies of target rm_decision_interfaces__rosidl_typesupport_c[0m
[35m[1mConsolidate compiler generated dependencies of target rm_decision_interfaces__rosidl_typesupport_introspection_c[0m
[35m[1mConsolidate compiler generated dependencies of target rm_decision_interfaces__rosidl_typesupport_fastrtps_c[0m
[ 24%] Built target rm_decision_interfaces__rosidl_typesupport_cpp
[ 35%] Built target rm_decision_interfaces__rosidl_typesupport_introspection_cpp
[ 47%] Built target rm_decision_interfaces__rosidl_typesupport_c
[ 58%] Built target rm_decision_interfaces__rosidl_typesupport_introspection_c
[ 70%] Built target rm_decision_interfaces__rosidl_typesupport_fastrtps_cpp
[ 81%] Built target rm_decision_interfaces__rosidl_typesupport_fastrtps_c
[ 81%] Built target rm_decision_interfaces
[ 82%] Built target rm_decision_interfaces__py
[35m[1mConsolidate compiler generated dependencies of target rm_decision_interfaces__rosidl_generator_py[0m
[ 93%] Built target rm_decision_interfaces__rosidl_generator_py
[35m[1mConsolidate compiler generated dependencies of target rm_decision_interfaces__rosidl_typesupport_fastrtps_c__pyext[0m
[35m[1mConsolidate compiler generated dependencies of target rm_decision_interfaces__rosidl_typesupport_introspection_c__pyext[0m
[35m[1mConsolidate compiler generated dependencies of target rm_decision_interfaces__rosidl_typesupport_c__pyext[0m
[ 95%] Built target rm_decision_interfaces__rosidl_typesupport_fastrtps_c__pyext
[ 97%] Built target rm_decision_interfaces__rosidl_typesupport_c__pyext
[100%] Built target rm_decision_interfaces__rosidl_typesupport_introspection_c__pyext
running egg_info
writing rm_decision_interfaces.egg-info/PKG-INFO
writing dependency_links to rm_decision_interfaces.egg-info/dependency_links.txt
writing top-level names to rm_decision_interfaces.egg-info/top_level.txt
reading manifest file 'rm_decision_interfaces.egg-info/SOURCES.txt'
writing manifest file 'rm_decision_interfaces.egg-info/SOURCES.txt'
[100%] Built target ament_cmake_python_build_rm_decision_interfaces_egg
-- Install configuration: ""
-- Execute custom install script
-- Up-to-date symlink: /workspaces/auto_sentry/install/rm_decision_interfaces/share/ament_index/resource_index/rosidl_interfaces/rm_decision_interfaces
-- Up-to-date symlink: /workspaces/auto_sentry/install/rm_decision_interfaces/include/rm_decision_interfaces/rm_decision_interfaces/msg/all_robot_hp.h
-- Up-to-date symlink: /workspaces/auto_sentry/install/rm_decision_interfaces/include/rm_decision_interfaces/rm_decision_interfaces/msg/ally_robot_hp.h
-- Up-to-date symlink: /workspaces/auto_sentry/install/rm_decision_interfaces/include/rm_decision_interfaces/rm_decision_interfaces/msg/decision_num.h
-- Up-to-date symlink: /workspaces/auto_sentry/install/rm_decision_interfaces/include/rm_decision_interfaces/rm_decision_interfaces/msg/detail/all_robot_hp__functions.h
-- Up-to-date symlink: /workspaces/auto_sentry/install/rm_decision_interfaces/include/rm_decision_interfaces/rm_decision_interfaces/msg/detail/all_robot_hp__struct.h
-- Up-to-date symlink: /workspaces/auto_sentry/install/rm_decision_interfaces/include/rm_decision_interfaces/rm_decision_interfaces/msg/detail/all_robot_hp__type_support.h
-- Up-to-date symlink: /workspaces/auto_sentry/install/rm_decision_interfaces/include/rm_decision_interfaces/rm_decision_interfaces/msg/detail/ally_robot_hp__functions.h
-- Up-to-date symlink: /workspaces/auto_sentry/install/rm_decision_interfaces/include/rm_decision_interfaces/rm_decision_interfaces/msg/detail/ally_robot_hp__struct.h
-- Up-to-date symlink: /workspaces/auto_sentry/install/rm_decision_interfaces/include/rm_decision_interfaces/rm_decision_interfaces/msg/detail/ally_robot_hp__type_support.h
-- Up-to-date symlink: /workspaces/auto_sentry/install/rm_decision_interfaces/include/rm_decision_interfaces/rm_decision_interfaces/msg/detail/decision_num__functions.h
-- Up-to-date symlink: /workspaces/auto_sentry/install/rm_decision_interfaces/include/rm_decision_interfaces/rm_decision_interfaces/msg/detail/decision_num__struct.h
-- Up-to-date symlink: /workspaces/auto_sentry/install/rm_decision_interfaces/include/rm_decision_interfaces/rm_decision_interfaces/msg/detail/decision_num__type_support.h
-- Up-to-date symlink: /workspaces/auto_sentry/install/rm_decision_interfaces/include/rm_decision_interfaces/rm_decision_interfaces/msg/detail/friend_location__functions.h
-- Up-to-date symlink: /workspaces/auto_sentry/install/rm_decision_interfaces/include/rm_decision_interfaces/rm_decision_interfaces/msg/detail/friend_location__struct.h
-- Up-to-date symlink: /workspaces/auto_sentry/install/rm_decision_interfaces/include/rm_decision_interfaces/rm_decision_interfaces/msg/detail/friend_location__type_support.h
-- Up-to-date symlink: /workspaces/auto_sentry/install/rm_decision_interfaces/include/rm_decision_interfaces/rm_decision_interfaces/msg/detail/game_status__functions.h
-- Up-to-date symlink: /workspaces/auto_sentry/install/rm_decision_interfaces/include/rm_decision_interfaces/rm_decision_interfaces/msg/detail/game_status__struct.h
-- Up-to-date symlink: /workspaces/auto_sentry/install/rm_decision_interfaces/include/rm_decision_interfaces/rm_decision_interfaces/msg/detail/game_status__type_support.h
-- Up-to-date symlink: /workspaces/auto_sentry/install/rm_decision_interfaces/include/rm_decision_interfaces/rm_decision_interfaces/msg/detail/rfid__functions.h
-- Up-to-date symlink: /workspaces/auto_sentry/install/rm_decision_interfaces/include/rm_decision_interfaces/rm_decision_interfaces/msg/detail/rfid__struct.h
-- Up-to-date symlink: /workspaces/auto_sentry/install/rm_decision_interfaces/include/rm_decision_interfaces/rm_decision_interfaces/msg/detail/rfid__type_support.h
-- Up-to-date symlink: /workspaces/auto_sentry/install/rm_decision_interfaces/include/rm_decision_interfaces/rm_decision_interfaces/msg/detail/robot_control__functions.h
-- Up-to-date symlink: /workspaces/auto_sentry/install/rm_decision_interfaces/include/rm_decision_interfaces/rm_decision_interfaces/msg/detail/robot_control__struct.h
-- Up-to-date symlink: /workspaces/auto_sentry/install/rm_decision_interfaces/include/rm_decision_interfaces/rm_decision_interfaces/msg/detail/robot_control__type_support.h
-- Up-to-date symlink: /workspaces/auto_sentry/install/rm_decision_interfaces/include/rm_decision_interfaces/rm_decision_interfaces/msg/detail/robot_status__functions.h
-- Up-to-date symlink: /workspaces/auto_sentry/install/rm_decision_interfaces/include/rm_decision_interfaces/rm_decision_interfaces/msg/detail/robot_status__struct.h
-- Up-to-date symlink: /workspaces/auto_sentry/install/rm_decision_interfaces/include/rm_decision_interfaces/rm_decision_interfaces/msg/detail/robot_status__type_support.h
-- Up-to-date symlink: /workspaces/auto_sentry/install/rm_decision_interfaces/include/rm_decision_interfaces/rm_decision_interfaces/msg/friend_location.h
-- Up-to-date symlink: /workspaces/auto_sentry/install/rm_decision_interfaces/include/rm_decision_interfaces/rm_decision_interfaces/msg/game_status.h
-- Up-to-date symlink: /workspaces/auto_sentry/install/rm_decision_interfaces/include/rm_decision_interfaces/rm_decision_interfaces/msg/rfid.h
-- Up-to-date symlink: /workspaces/auto_sentry/install/rm_decision_interfaces/include/rm_decision_interfaces/rm_decision_interfaces/msg/robot_control.h
-- Up-to-date symlink: /workspaces/auto_sentry/install/rm_decision_interfaces/include/rm_decision_interfaces/rm_decision_interfaces/msg/robot_status.h
-- Up-to-date symlink: /workspaces/auto_sentry/install/rm_decision_interfaces/include/rm_decision_interfaces/rm_decision_interfaces/msg/rosidl_generator_c__visibility_control.h
-- Up-to-date symlink: /workspaces/auto_sentry/install/rm_decision_interfaces/share/rm_decision_interfaces/environment/library_path.sh
-- Up-to-date symlink: /workspaces/auto_sentry/install/rm_decision_interfaces/share/rm_decision_interfaces/environment/library_path.dsv
-- Up-to-date symlink: /workspaces/auto_sentry/install/rm_decision_interfaces/include/rm_decision_interfaces/rm_decision_interfaces/msg/detail/all_robot_hp__rosidl_typesupport_fastrtps_c.h
-- Up-to-date symlink: /workspaces/auto_sentry/install/rm_decision_interfaces/include/rm_decision_interfaces/rm_decision_interfaces/msg/detail/ally_robot_hp__rosidl_typesupport_fastrtps_c.h
-- Up-to-date symlink: /workspaces/auto_sentry/install/rm_decision_interfaces/include/rm_decision_interfaces/rm_decision_interfaces/msg/detail/decision_num__rosidl_typesupport_fastrtps_c.h
-- Up-to-date symlink: /workspaces/auto_sentry/install/rm_decision_interfaces/include/rm_decision_interfaces/rm_decision_interfaces/msg/detail/friend_location__rosidl_typesupport_fastrtps_c.h
-- Up-to-date symlink: /workspaces/auto_sentry/install/rm_decision_interfaces/include/rm_decision_interfaces/rm_decision_interfaces/msg/detail/game_status__rosidl_typesupport_fastrtps_c.h
-- Up-to-date symlink: /workspaces/auto_sentry/install/rm_decision_interfaces/include/rm_decision_interfaces/rm_decision_interfaces/msg/detail/rfid__rosidl_typesupport_fastrtps_c.h
-- Up-to-date symlink: /workspaces/auto_sentry/install/rm_decision_interfaces/include/rm_decision_interfaces/rm_decision_interfaces/msg/detail/robot_control__rosidl_typesupport_fastrtps_c.h
-- Up-to-date symlink: /workspaces/auto_sentry/install/rm_decision_interfaces/include/rm_decision_interfaces/rm_decision_interfaces/msg/detail/robot_status__rosidl_typesupport_fastrtps_c.h
-- Up-to-date symlink: /workspaces/auto_sentry/install/rm_decision_interfaces/include/rm_decision_interfaces/rm_decision_interfaces/msg/rosidl_typesupport_fastrtps_c__visibility_control.h
-- Up-to-date symlink: /workspaces/auto_sentry/install/rm_decision_interfaces/include/rm_decision_interfaces/rm_decision_interfaces/msg/detail/all_robot_hp__rosidl_typesupport_introspection_c.h
-- Up-to-date symlink: /workspaces/auto_sentry/install/rm_decision_interfaces/include/rm_decision_interfaces/rm_decision_interfaces/msg/detail/ally_robot_hp__rosidl_typesupport_introspection_c.h
-- Up-to-date symlink: /workspaces/auto_sentry/install/rm_decision_interfaces/include/rm_decision_interfaces/rm_decision_interfaces/msg/detail/decision_num__rosidl_typesupport_introspection_c.h
-- Up-to-date symlink: /workspaces/auto_sentry/install/rm_decision_interfaces/include/rm_decision_interfaces/rm_decision_interfaces/msg/detail/friend_location__rosidl_typesupport_introspection_c.h
-- Up-to-date symlink: /workspaces/auto_sentry/install/rm_decision_interfaces/include/rm_decision_interfaces/rm_decision_interfaces/msg/detail/game_status__rosidl_typesupport_introspection_c.h
-- Up-to-date symlink: /workspaces/auto_sentry/install/rm_decision_interfaces/include/rm_decision_interfaces/rm_decision_interfaces/msg/detail/rfid__rosidl_typesupport_introspection_c.h
-- Up-to-date symlink: /workspaces/auto_sentry/install/rm_decision_interfaces/include/rm_decision_interfaces/rm_decision_interfaces/msg/detail/robot_control__rosidl_typesupport_introspection_c.h
-- Up-to-date symlink: /workspaces/auto_sentry/install/rm_decision_interfaces/include/rm_decision_interfaces/rm_decision_interfaces/msg/detail/robot_status__rosidl_typesupport_introspection_c.h
-- Up-to-date symlink: /workspaces/auto_sentry/install/rm_decision_interfaces/include/rm_decision_interfaces/rm_decision_interfaces/msg/rosidl_typesupport_introspection_c__visibility_control.h
-- Up-to-date symlink: /workspaces/auto_sentry/install/rm_decision_interfaces/include/rm_decision_interfaces/rm_decision_interfaces/msg/all_robot_hp.hpp
-- Up-to-date symlink: /workspaces/auto_sentry/install/rm_decision_interfaces/include/rm_decision_interfaces/rm_decision_interfaces/msg/ally_robot_hp.hpp
-- Up-to-date symlink: /workspaces/auto_sentry/install/rm_decision_interfaces/include/rm_decision_interfaces/rm_decision_interfaces/msg/decision_num.hpp
-- Up-to-date symlink: /workspaces/auto_sentry/install/rm_decision_interfaces/include/rm_decision_interfaces/rm_decision_interfaces/msg/detail/all_robot_hp__builder.hpp
-- Up-to-date symlink: /workspaces/auto_sentry/install/rm_decision_interfaces/include/rm_decision_interfaces/rm_decision_interfaces/msg/detail/all_robot_hp__struct.hpp
-- Up-to-date symlink: /workspaces/auto_sentry/install/rm_decision_interfaces/include/rm_decision_interfaces/rm_decision_interfaces/msg/detail/all_robot_hp__traits.hpp
-- Up-to-date symlink: /workspaces/auto_sentry/install/rm_decision_interfaces/include/rm_decision_interfaces/rm_decision_interfaces/msg/detail/ally_robot_hp__builder.hpp
-- Up-to-date symlink: /workspaces/auto_sentry/install/rm_decision_interfaces/include/rm_decision_interfaces/rm_decision_interfaces/msg/detail/ally_robot_hp__struct.hpp
-- Up-to-date symlink: /workspaces/auto_sentry/install/rm_decision_interfaces/include/rm_decision_interfaces/rm_decision_interfaces/msg/detail/ally_robot_hp__traits.hpp
-- Up-to-date symlink: /workspaces/auto_sentry/install/rm_decision_interfaces/include/rm_decision_interfaces/rm_decision_interfaces/msg/detail/decision_num__builder.hpp
-- Up-to-date symlink: /workspaces/auto_sentry/install/rm_decision_interfaces/include/rm_decision_interfaces/rm_decision_interfaces/msg/detail/decision_num__struct.hpp
-- Up-to-date symlink: /workspaces/auto_sentry/install/rm_decision_interfaces/include/rm_decision_interfaces/rm_decision_interfaces/msg/detail/decision_num__traits.hpp
-- Up-to-date symlink: /workspaces/auto_sentry/install/rm_decision_interfaces/include/rm_decision_interfaces/rm_decision_interfaces/msg/detail/friend_location__builder.hpp
-- Up-to-date symlink: /workspaces/auto_sentry/install/rm_decision_interfaces/include/rm_decision_interfaces/rm_decision_interfaces/msg/detail/friend_location__struct.hpp
-- Up-to-date symlink: /workspaces/auto_sentry/install/rm_decision_interfaces/include/rm_decision_interfaces/rm_decision_interfaces/msg/detail/friend_location__traits.hpp
-- Up-to-date symlink: /workspaces/auto_sentry/install/rm_decision_interfaces/include/rm_decision_interfaces/rm_decision_interfaces/msg/detail/game_status__builder.hpp
-- Up-to-date symlink: /workspaces/auto_sentry/install/rm_decision_interfaces/include/rm_decision_interfaces/rm_decision_interfaces/msg/detail/game_status__struct.hpp
-- Up-to-date symlink: /workspaces/auto_sentry/install/rm_decision_interfaces/include/rm_decision_interfaces/rm_decision_interfaces/msg/detail/game_status__traits.hpp
-- Up-to-date symlink: /workspaces/auto_sentry/install/rm_decision_interfaces/include/rm_decision_interfaces/rm_decision_interfaces/msg/detail/rfid__builder.hpp
-- Up-to-date symlink: /workspaces/auto_sentry/install/rm_decision_interfaces/include/rm_decision_interfaces/rm_decision_interfaces/msg/detail/rfid__struct.hpp
-- Up-to-date symlink: /workspaces/auto_sentry/install/rm_decision_interfaces/include/rm_decision_interfaces/rm_decision_interfaces/msg/detail/rfid__traits.hpp
-- Up-to-date symlink: /workspaces/auto_sentry/install/rm_decision_interfaces/include/rm_decision_interfaces/rm_decision_interfaces/msg/detail/robot_control__builder.hpp
-- Up-to-date symlink: /workspaces/auto_sentry/install/rm_decision_interfaces/include/rm_decision_interfaces/rm_decision_interfaces/msg/detail/robot_control__struct.hpp
-- Up-to-date symlink: /workspaces/auto_sentry/install/rm_decision_interfaces/include/rm_decision_interfaces/rm_decision_interfaces/msg/detail/robot_control__traits.hpp
-- Up-to-date symlink: /workspaces/auto_sentry/install/rm_decision_interfaces/include/rm_decision_interfaces/rm_decision_interfaces/msg/detail/robot_status__builder.hpp
-- Up-to-date symlink: /workspaces/auto_sentry/install/rm_decision_interfaces/include/rm_decision_interfaces/rm_decision_interfaces/msg/detail/robot_status__struct.hpp
-- Up-to-date symlink: /workspaces/auto_sentry/install/rm_decision_interfaces/include/rm_decision_interfaces/rm_decision_interfaces/msg/detail/robot_status__traits.hpp
-- Up-to-date symlink: /workspaces/auto_sentry/install/rm_decision_interfaces/include/rm_decision_interfaces/rm_decision_interfaces/msg/friend_location.hpp
-- Up-to-date symlink: /workspaces/auto_sentry/install/rm_decision_interfaces/include/rm_decision_interfaces/rm_decision_interfaces/msg/game_status.hpp
-- Up-to-date symlink: /workspaces/auto_sentry/install/rm_decision_interfaces/include/rm_decision_interfaces/rm_decision_interfaces/msg/rfid.hpp
-- Up-to-date symlink: /workspaces/auto_sentry/install/rm_decision_interfaces/include/rm_decision_interfaces/rm_decision_interfaces/msg/robot_control.hpp
-- Up-to-date symlink: /workspaces/auto_sentry/install/rm_decision_interfaces/include/rm_decision_interfaces/rm_decision_interfaces/msg/robot_status.hpp
-- Up-to-date symlink: /workspaces/auto_sentry/install/rm_decision_interfaces/include/rm_decision_interfaces/rm_decision_interfaces/msg/detail/all_robot_hp__rosidl_typesupport_fastrtps_cpp.hpp
-- Up-to-date symlink: /workspaces/auto_sentry/install/rm_decision_interfaces/include/rm_decision_interfaces/rm_decision_interfaces/msg/detail/ally_robot_hp__rosidl_typesupport_fastrtps_cpp.hpp
-- Up-to-date symlink: /workspaces/auto_sentry/install/rm_decision_interfaces/include/rm_decision_interfaces/rm_decision_interfaces/msg/detail/decision_num__rosidl_typesupport_fastrtps_cpp.hpp
-- Up-to-date symlink: /workspaces/auto_sentry/install/rm_decision_interfaces/include/rm_decision_interfaces/rm_decision_interfaces/msg/detail/friend_location__rosidl_typesupport_fastrtps_cpp.hpp
-- Up-to-date symlink: /workspaces/auto_sentry/install/rm_decision_interfaces/include/rm_decision_interfaces/rm_decision_interfaces/msg/detail/game_status__rosidl_typesupport_fastrtps_cpp.hpp
-- Up-to-date symlink: /workspaces/auto_sentry/install/rm_decision_interfaces/include/rm_decision_interfaces/rm_decision_interfaces/msg/detail/rfid__rosidl_typesupport_fastrtps_cpp.hpp
-- Up-to-date symlink: /workspaces/auto_sentry/install/rm_decision_interfaces/include/rm_decision_interfaces/rm_decision_interfaces/msg/detail/robot_control__rosidl_typesupport_fastrtps_cpp.hpp
-- Up-to-date symlink: /workspaces/auto_sentry/install/rm_decision_interfaces/include/rm_decision_interfaces/rm_decision_interfaces/msg/detail/robot_status__rosidl_typesupport_fastrtps_cpp.hpp
-- Up-to-date symlink: /workspaces/auto_sentry/install/rm_decision_interfaces/include/rm_decision_interfaces/rm_decision_interfaces/msg/rosidl_typesupport_fastrtps_cpp__visibility_control.h
-- Up-to-date symlink: /workspaces/auto_sentry/install/rm_decision_interfaces/include/rm_decision_interfaces/rm_decision_interfaces/msg/detail/all_robot_hp__rosidl_typesupport_introspection_cpp.hpp
-- Up-to-date symlink: /workspaces/auto_sentry/install/rm_decision_interfaces/include/rm_decision_interfaces/rm_decision_interfaces/msg/detail/ally_robot_hp__rosidl_typesupport_introspection_cpp.hpp
-- Up-to-date symlink: /workspaces/auto_sentry/install/rm_decision_interfaces/include/rm_decision_interfaces/rm_decision_interfaces/msg/detail/decision_num__rosidl_typesupport_introspection_cpp.hpp
-- Up-to-date symlink: /workspaces/auto_sentry/install/rm_decision_interfaces/include/rm_decision_interfaces/rm_decision_interfaces/msg/detail/friend_location__rosidl_typesupport_introspection_cpp.hpp
-- Up-to-date symlink: /workspaces/auto_sentry/install/rm_decision_interfaces/include/rm_decision_interfaces/rm_decision_interfaces/msg/detail/game_status__rosidl_typesupport_introspection_cpp.hpp
-- Up-to-date symlink: /workspaces/auto_sentry/install/rm_decision_interfaces/include/rm_decision_interfaces/rm_decision_interfaces/msg/detail/rfid__rosidl_typesupport_introspection_cpp.hpp
-- Up-to-date symlink: /workspaces/auto_sentry/install/rm_decision_interfaces/include/rm_decision_interfaces/rm_decision_interfaces/msg/detail/robot_control__rosidl_typesupport_introspection_cpp.hpp
-- Up-to-date symlink: /workspaces/auto_sentry/install/rm_decision_interfaces/include/rm_decision_interfaces/rm_decision_interfaces/msg/detail/robot_status__rosidl_typesupport_introspection_cpp.hpp
-- Up-to-date symlink: /workspaces/auto_sentry/install/rm_decision_interfaces/share/rm_decision_interfaces/environment/pythonpath.sh
-- Up-to-date symlink: /workspaces/auto_sentry/install/rm_decision_interfaces/share/rm_decision_interfaces/environment/pythonpath.dsv
-- Up-to-date symlink: /workspaces/auto_sentry/install/rm_decision_interfaces/local/lib/python3.10/dist-packages/rm_decision_interfaces-0.0.0-py3.10.egg-info/PKG-INFO
-- Up-to-date symlink: /workspaces/auto_sentry/install/rm_decision_interfaces/local/lib/python3.10/dist-packages/rm_decision_interfaces-0.0.0-py3.10.egg-info/SOURCES.txt
-- Up-to-date symlink: /workspaces/auto_sentry/install/rm_decision_interfaces/local/lib/python3.10/dist-packages/rm_decision_interfaces-0.0.0-py3.10.egg-info/dependency_links.txt
-- Up-to-date symlink: /workspaces/auto_sentry/install/rm_decision_interfaces/local/lib/python3.10/dist-packages/rm_decision_interfaces-0.0.0-py3.10.egg-info/top_level.txt
-- Up-to-date symlink: /workspaces/auto_sentry/install/rm_decision_interfaces/local/lib/python3.10/dist-packages/rm_decision_interfaces/__init__.py
-- Up-to-date symlink: /workspaces/auto_sentry/install/rm_decision_interfaces/local/lib/python3.10/dist-packages/rm_decision_interfaces/_rm_decision_interfaces_s.ep.rosidl_typesupport_c.c
-- Up-to-date symlink: /workspaces/auto_sentry/install/rm_decision_interfaces/local/lib/python3.10/dist-packages/rm_decision_interfaces/_rm_decision_interfaces_s.ep.rosidl_typesupport_fastrtps_c.c
-- Up-to-date symlink: /workspaces/auto_sentry/install/rm_decision_interfaces/local/lib/python3.10/dist-packages/rm_decision_interfaces/_rm_decision_interfaces_s.ep.rosidl_typesupport_introspection_c.c
-- Up-to-date symlink: /workspaces/auto_sentry/install/rm_decision_interfaces/local/lib/python3.10/dist-packages/rm_decision_interfaces/librm_decision_interfaces__rosidl_generator_py.so
-- Up-to-date symlink: /workspaces/auto_sentry/install/rm_decision_interfaces/local/lib/python3.10/dist-packages/rm_decision_interfaces/msg/__init__.py
-- Up-to-date symlink: /workspaces/auto_sentry/install/rm_decision_interfaces/local/lib/python3.10/dist-packages/rm_decision_interfaces/msg/_all_robot_hp.py
-- Up-to-date symlink: /workspaces/auto_sentry/install/rm_decision_interfaces/local/lib/python3.10/dist-packages/rm_decision_interfaces/msg/_all_robot_hp_s.c
-- Up-to-date symlink: /workspaces/auto_sentry/install/rm_decision_interfaces/local/lib/python3.10/dist-packages/rm_decision_interfaces/msg/_ally_robot_hp.py
-- Up-to-date symlink: /workspaces/auto_sentry/install/rm_decision_interfaces/local/lib/python3.10/dist-packages/rm_decision_interfaces/msg/_ally_robot_hp_s.c
-- Up-to-date symlink: /workspaces/auto_sentry/install/rm_decision_interfaces/local/lib/python3.10/dist-packages/rm_decision_interfaces/msg/_decision_num.py
-- Up-to-date symlink: /workspaces/auto_sentry/install/rm_decision_interfaces/local/lib/python3.10/dist-packages/rm_decision_interfaces/msg/_decision_num_s.c
-- Up-to-date symlink: /workspaces/auto_sentry/install/rm_decision_interfaces/local/lib/python3.10/dist-packages/rm_decision_interfaces/msg/_friend_location.py
-- Up-to-date symlink: /workspaces/auto_sentry/install/rm_decision_interfaces/local/lib/python3.10/dist-packages/rm_decision_interfaces/msg/_friend_location_s.c
-- Up-to-date symlink: /workspaces/auto_sentry/install/rm_decision_interfaces/local/lib/python3.10/dist-packages/rm_decision_interfaces/msg/_game_status.py
-- Up-to-date symlink: /workspaces/auto_sentry/install/rm_decision_interfaces/local/lib/python3.10/dist-packages/rm_decision_interfaces/msg/_game_status_s.c
-- Up-to-date symlink: /workspaces/auto_sentry/install/rm_decision_interfaces/local/lib/python3.10/dist-packages/rm_decision_interfaces/msg/_rfid.py
-- Up-to-date symlink: /workspaces/auto_sentry/install/rm_decision_interfaces/local/lib/python3.10/dist-packages/rm_decision_interfaces/msg/_rfid_s.c
-- Up-to-date symlink: /workspaces/auto_sentry/install/rm_decision_interfaces/local/lib/python3.10/dist-packages/rm_decision_interfaces/msg/_robot_control.py
-- Up-to-date symlink: /workspaces/auto_sentry/install/rm_decision_interfaces/local/lib/python3.10/dist-packages/rm_decision_interfaces/msg/_robot_control_s.c
-- Up-to-date symlink: /workspaces/auto_sentry/install/rm_decision_interfaces/local/lib/python3.10/dist-packages/rm_decision_interfaces/msg/_robot_status.py
-- Up-to-date symlink: /workspaces/auto_sentry/install/rm_decision_interfaces/local/lib/python3.10/dist-packages/rm_decision_interfaces/msg/_robot_status_s.c
-- Up-to-date symlink: /workspaces/auto_sentry/install/rm_decision_interfaces/local/lib/python3.10/dist-packages/rm_decision_interfaces/rm_decision_interfaces_s__rosidl_typesupport_c.cpython-310-x86_64-linux-gnu.so
-- Up-to-date symlink: /workspaces/auto_sentry/install/rm_decision_interfaces/local/lib/python3.10/dist-packages/rm_decision_interfaces/rm_decision_interfaces_s__rosidl_typesupport_fastrtps_c.cpython-310-x86_64-linux-gnu.so
-- Up-to-date symlink: /workspaces/auto_sentry/install/rm_decision_interfaces/local/lib/python3.10/dist-packages/rm_decision_interfaces/rm_decision_interfaces_s__rosidl_typesupport_introspection_c.cpython-310-x86_64-linux-gnu.so
-- Up-to-date symlink: /workspaces/auto_sentry/install/rm_decision_interfaces/local/lib/python3.10/dist-packages/rm_decision_interfaces/rm_decision_interfaces_s__rosidl_typesupport_fastrtps_c.cpython-310-x86_64-linux-gnu.so
-- Up-to-date symlink: /workspaces/auto_sentry/install/rm_decision_interfaces/local/lib/python3.10/dist-packages/rm_decision_interfaces/rm_decision_interfaces_s__rosidl_typesupport_introspection_c.cpython-310-x86_64-linux-gnu.so
-- Up-to-date symlink: /workspaces/auto_sentry/install/rm_decision_interfaces/local/lib/python3.10/dist-packages/rm_decision_interfaces/rm_decision_interfaces_s__rosidl_typesupport_c.cpython-310-x86_64-linux-gnu.so
-- Up-to-date symlink: /workspaces/auto_sentry/install/rm_decision_interfaces/share/rm_decision_interfaces/msg/AllRobotHP.idl
-- Up-to-date symlink: /workspaces/auto_sentry/install/rm_decision_interfaces/share/rm_decision_interfaces/msg/AllyRobotHP.idl
-- Up-to-date symlink: /workspaces/auto_sentry/install/rm_decision_interfaces/share/rm_decision_interfaces/msg/RobotStatus.idl
-- Up-to-date symlink: /workspaces/auto_sentry/install/rm_decision_interfaces/share/rm_decision_interfaces/msg/FriendLocation.idl
-- Up-to-date symlink: /workspaces/auto_sentry/install/rm_decision_interfaces/share/rm_decision_interfaces/msg/GameStatus.idl
-- Up-to-date symlink: /workspaces/auto_sentry/install/rm_decision_interfaces/share/rm_decision_interfaces/msg/RFID.idl
-- Up-to-date symlink: /workspaces/auto_sentry/install/rm_decision_interfaces/share/rm_decision_interfaces/msg/RobotControl.idl
-- Up-to-date symlink: /workspaces/auto_sentry/install/rm_decision_interfaces/share/rm_decision_interfaces/msg/DecisionNum.idl
-- Up-to-date symlink: /workspaces/auto_sentry/install/rm_decision_interfaces/share/rm_decision_interfaces/msg/AllRobotHP.msg
-- Up-to-date symlink: /workspaces/auto_sentry/install/rm_decision_interfaces/share/rm_decision_interfaces/msg/AllyRobotHP.msg
-- Up-to-date symlink: /workspaces/auto_sentry/install/rm_decision_interfaces/share/rm_decision_interfaces/msg/RobotStatus.msg
-- Up-to-date symlink: /workspaces/auto_sentry/install/rm_decision_interfaces/share/rm_decision_interfaces/msg/FriendLocation.msg
-- Up-to-date symlink: /workspaces/auto_sentry/install/rm_decision_interfaces/share/rm_decision_interfaces/msg/GameStatus.msg
-- Up-to-date symlink: /workspaces/auto_sentry/install/rm_decision_interfaces/share/rm_decision_interfaces/msg/RFID.msg
-- Up-to-date symlink: /workspaces/auto_sentry/install/rm_decision_interfaces/share/rm_decision_interfaces/msg/RobotControl.msg
-- Up-to-date symlink: /workspaces/auto_sentry/install/rm_decision_interfaces/share/rm_decision_interfaces/msg/DecisionNum.msg
-- Up-to-date symlink: /workspaces/auto_sentry/install/rm_decision_interfaces/share/ament_index/resource_index/package_run_dependencies/rm_decision_interfaces
-- Up-to-date symlink: /workspaces/auto_sentry/install/rm_decision_interfaces/share/ament_index/resource_index/parent_prefix_path/rm_decision_interfaces
-- Up-to-date symlink: /workspaces/auto_sentry/install/rm_decision_interfaces/share/rm_decision_interfaces/environment/ament_prefix_path.sh
-- Up-to-date symlink: /workspaces/auto_sentry/install/rm_decision_interfaces/share/rm_decision_interfaces/environment/ament_prefix_path.dsv
-- Up-to-date symlink: /workspaces/auto_sentry/install/rm_decision_interfaces/share/rm_decision_interfaces/environment/path.sh
-- Up-to-date symlink: /workspaces/auto_sentry/install/rm_decision_interfaces/share/rm_decision_interfaces/environment/path.dsv
-- Up-to-date symlink: /workspaces/auto_sentry/install/rm_decision_interfaces/share/rm_decision_interfaces/local_setup.bash
-- Up-to-date symlink: /workspaces/auto_sentry/install/rm_decision_interfaces/share/rm_decision_interfaces/local_setup.sh
-- Up-to-date symlink: /workspaces/auto_sentry/install/rm_decision_interfaces/share/rm_decision_interfaces/local_setup.zsh
-- Up-to-date symlink: /workspaces/auto_sentry/install/rm_decision_interfaces/share/rm_decision_interfaces/local_setup.dsv
-- Symlinking: /workspaces/auto_sentry/install/rm_decision_interfaces/share/rm_decision_interfaces/package.dsv
-- Up-to-date symlink: /workspaces/auto_sentry/install/rm_decision_interfaces/share/ament_index/resource_index/packages/rm_decision_interfaces
-- Up-to-date symlink: /workspaces/auto_sentry/install/rm_decision_interfaces/share/rm_decision_interfaces/cmake/rosidl_cmake-extras.cmake
-- Up-to-date symlink: /workspaces/auto_sentry/install/rm_decision_interfaces/share/rm_decision_interfaces/cmake/ament_cmake_export_dependencies-extras.cmake
-- Up-to-date symlink: /workspaces/auto_sentry/install/rm_decision_interfaces/share/rm_decision_interfaces/cmake/ament_cmake_export_include_directories-extras.cmake
-- Up-to-date symlink: /workspaces/auto_sentry/install/rm_decision_interfaces/share/rm_decision_interfaces/cmake/ament_cmake_export_libraries-extras.cmake
-- Up-to-date symlink: /workspaces/auto_sentry/install/rm_decision_interfaces/share/rm_decision_interfaces/cmake/ament_cmake_export_targets-extras.cmake
-- Up-to-date symlink: /workspaces/auto_sentry/install/rm_decision_interfaces/share/rm_decision_interfaces/cmake/rosidl_cmake_export_typesupport_targets-extras.cmake
-- Up-to-date symlink: /workspaces/auto_sentry/install/rm_decision_interfaces/share/rm_decision_interfaces/cmake/rosidl_cmake_export_typesupport_libraries-extras.cmake
-- Up-to-date symlink: /workspaces/auto_sentry/install/rm_decision_interfaces/share/rm_decision_interfaces/cmake/rm_decision_interfacesConfig.cmake
-- Up-to-date symlink: /workspaces/auto_sentry/install/rm_decision_interfaces/share/rm_decision_interfaces/cmake/rm_decision_interfacesConfig-version.cmake
-- Up-to-date symlink: /workspaces/auto_sentry/install/rm_decision_interfaces/share/rm_decision_interfaces/package.xml
-- Up-to-date: /workspaces/auto_sentry/install/rm_decision_interfaces/lib/librm_decision_interfaces__rosidl_generator_c.so
-- Up-to-date: /workspaces/auto_sentry/install/rm_decision_interfaces/lib/librm_decision_interfaces__rosidl_typesupport_fastrtps_c.so
-- Up-to-date: /workspaces/auto_sentry/install/rm_decision_interfaces/lib/librm_decision_interfaces__rosidl_typesupport_introspection_c.so
-- Up-to-date: /workspaces/auto_sentry/install/rm_decision_interfaces/lib/librm_decision_interfaces__rosidl_typesupport_c.so
-- Up-to-date: /workspaces/auto_sentry/install/rm_decision_interfaces/lib/librm_decision_interfaces__rosidl_typesupport_fastrtps_cpp.so
-- Up-to-date: /workspaces/auto_sentry/install/rm_decision_interfaces/lib/librm_decision_interfaces__rosidl_typesupport_introspection_cpp.so
-- Up-to-date: /workspaces/auto_sentry/install/rm_decision_interfaces/lib/librm_decision_interfaces__rosidl_typesupport_cpp.so
Listing '/workspaces/auto_sentry/install/rm_decision_interfaces/local/lib/python3.10/dist-packages/rm_decision_interfaces'...
Listing '/workspaces/auto_sentry/install/rm_decision_interfaces/local/lib/python3.10/dist-packages/rm_decision_interfaces/msg'...
-- Up-to-date: /workspaces/auto_sentry/install/rm_decision_interfaces/lib/librm_decision_interfaces__rosidl_generator_py.so
-- Up-to-date: /workspaces/auto_sentry/install/rm_decision_interfaces/share/rm_decision_interfaces/cmake/export_rm_decision_interfaces__rosidl_generator_cExport.cmake
-- Up-to-date: /workspaces/auto_sentry/install/rm_decision_interfaces/share/rm_decision_interfaces/cmake/export_rm_decision_interfaces__rosidl_generator_cExport-noconfig.cmake
-- Up-to-date: /workspaces/auto_sentry/install/rm_decision_interfaces/share/rm_decision_interfaces/cmake/export_rm_decision_interfaces__rosidl_typesupport_fastrtps_cExport.cmake
-- Up-to-date: /workspaces/auto_sentry/install/rm_decision_interfaces/share/rm_decision_interfaces/cmake/export_rm_decision_interfaces__rosidl_typesupport_fastrtps_cExport-noconfig.cmake
-- Up-to-date: /workspaces/auto_sentry/install/rm_decision_interfaces/share/rm_decision_interfaces/cmake/rm_decision_interfaces__rosidl_typesupport_introspection_cExport.cmake
-- Up-to-date: /workspaces/auto_sentry/install/rm_decision_interfaces/share/rm_decision_interfaces/cmake/rm_decision_interfaces__rosidl_typesupport_introspection_cExport-noconfig.cmake
-- Up-to-date: /workspaces/auto_sentry/install/rm_decision_interfaces/share/rm_decision_interfaces/cmake/rm_decision_interfaces__rosidl_typesupport_cExport.cmake
-- Up-to-date: /workspaces/auto_sentry/install/rm_decision_interfaces/share/rm_decision_interfaces/cmake/rm_decision_interfaces__rosidl_typesupport_cExport-noconfig.cmake
-- Up-to-date: /workspaces/auto_sentry/install/rm_decision_interfaces/share/rm_decision_interfaces/cmake/export_rm_decision_interfaces__rosidl_generator_cppExport.cmake
-- Up-to-date: /workspaces/auto_sentry/install/rm_decision_interfaces/share/rm_decision_interfaces/cmake/export_rm_decision_interfaces__rosidl_typesupport_fastrtps_cppExport.cmake
-- Up-to-date: /workspaces/auto_sentry/install/rm_decision_interfaces/share/rm_decision_interfaces/cmake/export_rm_decision_interfaces__rosidl_typesupport_fastrtps_cppExport-noconfig.cmake
-- Up-to-date: /workspaces/auto_sentry/install/rm_decision_interfaces/share/rm_decision_interfaces/cmake/rm_decision_interfaces__rosidl_typesupport_introspection_cppExport.cmake
-- Up-to-date: /workspaces/auto_sentry/install/rm_decision_interfaces/share/rm_decision_interfaces/cmake/rm_decision_interfaces__rosidl_typesupport_introspection_cppExport-noconfig.cmake
-- Up-to-date: /workspaces/auto_sentry/install/rm_decision_interfaces/share/rm_decision_interfaces/cmake/rm_decision_interfaces__rosidl_typesupport_cppExport.cmake
-- Up-to-date: /workspaces/auto_sentry/install/rm_decision_interfaces/share/rm_decision_interfaces/cmake/rm_decision_interfaces__rosidl_typesupport_cppExport-noconfig.cmake
-- Up-to-date: /workspaces/auto_sentry/install/rm_decision_interfaces/share/rm_decision_interfaces/cmake/export_rm_decision_interfaces__rosidl_generator_pyExport.cmake
-- Up-to-date: /workspaces/auto_sentry/install/rm_decision_interfaces/share/rm_decision_interfaces/cmake/export_rm_decision_interfaces__rosidl_generator_pyExport-noconfig.cmake
