-- The C compiler identification is GNU 11.4.0
-- The CXX compiler identification is GNU 11.4.0
-- Detecting C compiler ABI info
-- Detecting C compiler ABI info - done
-- Check for working C compiler: /usr/bin/cc - skipped
-- Detecting C compile features
-- Detecting C compile features - done
-- Detecting CXX compiler ABI info
-- Detecting CXX compiler ABI info - done
-- Check for working CXX compiler: /usr/bin/c++ - skipped
-- Detecting CXX compile features
-- Detecting CXX compile features - done
-- Found ament_cmake_auto: 1.3.9 (/opt/ros/humble/share/ament_cmake_auto/cmake)
-- Found Python3: /usr/bin/python3 (found version "3.10.12") found components: Interpreter 
-- Override CMake install command with custom implementation using symlinks instead of copying resources
-- Found rosidl_generator_c: 3.1.5 (/opt/ros/humble/share/rosidl_generator_c/cmake)
-- Found rosidl_adapter: 3.1.5 (/opt/ros/humble/share/rosidl_adapter/cmake)
-- Found rosidl_generator_cpp: 3.1.5 (/opt/ros/humble/share/rosidl_generator_cpp/cmake)
-- Using all available rosidl_typesupport_c: rosidl_typesupport_fastrtps_c;rosidl_typesupport_introspection_c
-- Using all available rosidl_typesupport_cpp: rosidl_typesupport_fastrtps_cpp;rosidl_typesupport_introspection_cpp
-- Found rmw_implementation_cmake: 6.1.2 (/opt/ros/humble/share/rmw_implementation_cmake/cmake)
-- Found rmw_fastrtps_cpp: 6.2.6 (/opt/ros/humble/share/rmw_fastrtps_cpp/cmake)
-- Found OpenSSL: /usr/lib/x86_64-linux-gnu/libcrypto.so (found version "3.0.2")  
-- Found FastRTPS: /opt/ros/humble/include  
-- Using RMW implementation 'rmw_fastrtps_cpp' as default
-- Looking for pthread.h
-- Looking for pthread.h - found
-- Performing Test CMAKE_HAVE_LIBC_PTHREAD
-- Performing Test CMAKE_HAVE_LIBC_PTHREAD - Success
-- Found Threads: TRUE  
-- Found ASIO: /usr/include  
-- Found ament_lint_auto: 0.12.11 (/opt/ros/humble/share/ament_lint_auto/cmake)
-- Found gtest sources under '/opt/ros/humble/src/gtest_vendor': C++ tests using 'Google Test' will be built
-- Added test 'copyright' to check source files copyright and LICENSE
-- Added test 'cppcheck' to perform static code analysis on C / C++ code
-- Configured cppcheck include dirs: /workspaces/auto_sentry/src/transport_drivers/serial_driver/include
-- Configured cppcheck exclude dirs and/or files: 
-- Added test 'cpplint' to check C / C++ code against the Google style
-- Configured cpplint exclude dirs and/or files: 
-- Added test 'flake8' to check Python code syntax and style conventions
-- Added test 'lint_cmake' to check CMake code style
-- Added test 'pep257' to check Python code against some of the docstring style conventions in PEP 257
-- Added test 'uncrustify' to check C / C++ code style
-- Configured uncrustify additional arguments: 
-- Added test 'xmllint' to check XML markup files
-- Configuring done
-- Generating done
-- Build files have been written to: /workspaces/auto_sentry/build/serial_driver
[  6%] [32mBuilding CXX object CMakeFiles/serial_driver.dir/src/serial_port.cpp.o[0m
[ 13%] [32mBuilding CXX object CMakeFiles/serial_driver.dir/src/serial_driver.cpp.o[0m
[ 20%] [32m[1mLinking CXX shared library libserial_driver.so[0m
[ 20%] Built target serial_driver
[ 26%] [32mBuilding CXX object gtest/CMakeFiles/gtest.dir/src/gtest-all.cc.o[0m
[ 33%] [32m[1mLinking CXX static library libgtest.a[0m
[ 33%] Built target gtest
[ 40%] [32mBuilding CXX object CMakeFiles/serial_driver_nodes.dir/src/serial_bridge_node.cpp.o[0m
[ 46%] [32m[1mLinking CXX shared library libserial_driver_nodes.so[0m
[ 46%] Built target serial_driver_nodes
[ 53%] [32mBuilding CXX object gtest/CMakeFiles/gtest_main.dir/src/gtest_main.cc.o[0m
[ 60%] [32mBuilding CXX object CMakeFiles/serial_bridge.dir/rclcpp_components/node_main_serial_bridge.cpp.o[0m
[ 66%] [32m[1mLinking CXX static library libgtest_main.a[0m
[ 66%] Built target gtest_main
[ 73%] [32mBuilding CXX object CMakeFiles/test_serial_driver.dir/test/test_serial_driver.cpp.o[0m
[ 80%] [32mBuilding CXX object CMakeFiles/test_serial_port.dir/test/test_serial_port.cpp.o[0m
[ 86%] [32m[1mLinking CXX executable test_serial_driver[0m
[ 93%] [32m[1mLinking CXX executable test_serial_port[0m
[ 93%] Built target test_serial_port
[ 93%] Built target test_serial_driver
[100%] [32m[1mLinking CXX executable serial_bridge[0m
[100%] Built target serial_bridge
-- Install configuration: ""
-- Execute custom install script
-- Symlinking: /workspaces/auto_sentry/install/serial_driver/lib/serial_driver/serial_bridge
-- Symlinking: /workspaces/auto_sentry/install/serial_driver/include/serial_driver/serial_bridge_node.hpp
-- Symlinking: /workspaces/auto_sentry/install/serial_driver/include/serial_driver/serial_driver.hpp
-- Symlinking: /workspaces/auto_sentry/install/serial_driver/include/serial_driver/serial_port.hpp
-- Symlinking: /workspaces/auto_sentry/install/serial_driver/include/serial_driver/visibility_control.hpp
-- Symlinking: /workspaces/auto_sentry/install/serial_driver/share/serial_driver/environment/library_path.sh
-- Symlinking: /workspaces/auto_sentry/install/serial_driver/share/serial_driver/environment/library_path.dsv
-- Symlinking: /workspaces/auto_sentry/install/serial_driver/lib/libserial_driver.so
-- Symlinking: /workspaces/auto_sentry/install/serial_driver/lib/libserial_driver_nodes.so
-- Symlinking: /workspaces/auto_sentry/install/serial_driver/share/serial_driver/launch/serial_driver_bridge_node.launch.py
-- Symlinking: /workspaces/auto_sentry/install/serial_driver/share/serial_driver/params/example.params.yaml
-- Symlinking: /workspaces/auto_sentry/install/serial_driver/share/ament_index/resource_index/package_run_dependencies/serial_driver
-- Symlinking: /workspaces/auto_sentry/install/serial_driver/share/ament_index/resource_index/parent_prefix_path/serial_driver
-- Symlinking: /workspaces/auto_sentry/install/serial_driver/share/serial_driver/environment/ament_prefix_path.sh
-- Symlinking: /workspaces/auto_sentry/install/serial_driver/share/serial_driver/environment/ament_prefix_path.dsv
-- Symlinking: /workspaces/auto_sentry/install/serial_driver/share/serial_driver/environment/path.sh
-- Symlinking: /workspaces/auto_sentry/install/serial_driver/share/serial_driver/environment/path.dsv
-- Symlinking: /workspaces/auto_sentry/install/serial_driver/share/serial_driver/local_setup.bash
-- Symlinking: /workspaces/auto_sentry/install/serial_driver/share/serial_driver/local_setup.sh
-- Symlinking: /workspaces/auto_sentry/install/serial_driver/share/serial_driver/local_setup.zsh
-- Symlinking: /workspaces/auto_sentry/install/serial_driver/share/serial_driver/local_setup.dsv
-- Symlinking: /workspaces/auto_sentry/install/serial_driver/share/serial_driver/package.dsv
-- Symlinking: /workspaces/auto_sentry/install/serial_driver/share/ament_index/resource_index/packages/serial_driver
-- Symlinking: /workspaces/auto_sentry/install/serial_driver/share/ament_index/resource_index/rclcpp_components/serial_driver
-- Symlinking: /workspaces/auto_sentry/install/serial_driver/share/serial_driver/cmake/ament_cmake_export_dependencies-extras.cmake
-- Symlinking: /workspaces/auto_sentry/install/serial_driver/share/serial_driver/cmake/ament_cmake_export_include_directories-extras.cmake
-- Symlinking: /workspaces/auto_sentry/install/serial_driver/share/serial_driver/cmake/ament_cmake_export_libraries-extras.cmake
-- Symlinking: /workspaces/auto_sentry/install/serial_driver/share/serial_driver/cmake/serial_driverConfig.cmake
-- Symlinking: /workspaces/auto_sentry/install/serial_driver/share/serial_driver/cmake/serial_driverConfig-version.cmake
-- Symlinking: /workspaces/auto_sentry/install/serial_driver/share/serial_driver/package.xml
