[0.024s] Invoking command in '/workspaces/auto_sentry/build/serial_driver': CMAKE_PREFIX_PATH=/workspaces/auto_sentry/install/io_context:/workspaces/auto_sentry/install/udp_msgs:/workspaces/auto_sentry/install/asio_cmake_module:/workspaces/auto_sentry/install/udp_driver:/workspaces/auto_sentry/install/standard_robot_pp_ros2:/workspaces/auto_sentry/install/rm_vision_bringup:/workspaces/auto_sentry/install/rm_serial_driver:/workspaces/auto_sentry/install/serial_driver:/workspaces/auto_sentry/install/teb_local_planner:/workspaces/auto_sentry/install/teb_msgs:/workspaces/auto_sentry/install/ros2_livox_simulation:/workspaces/auto_sentry/install/rm_rune_detector:/workspaces/auto_sentry/install/rm_navigation:/workspaces/auto_sentry/install/rm_nav_bringup:/workspaces/auto_sentry/install/rm_gimbal_description:/workspaces/auto_sentry/install/rm_behavior_tree:/workspaces/auto_sentry/install/rm_decision_interfaces:/workspaces/auto_sentry/install/rm_auto_aim:/workspaces/auto_sentry/install/pointcloud_to_laserscan:/workspaces/auto_sentry/install/point_lio:/workspaces/auto_sentry/install/pb_rm_simulation:/workspaces/auto_sentry/install/game_status_tester:/workspaces/auto_sentry/install/pb_rm_interfaces:/workspaces/auto_sentry/install/icp_registration:/workspaces/auto_sentry/install/fast_lio:/workspaces/auto_sentry/install/livox_ros_driver2:/workspaces/auto_sentry/install/linefit_ground_segmentation_ros:/workspaces/auto_sentry/install/linefit_ground_segmentation:/workspaces/auto_sentry/install/imu_complementary_filter:/workspaces/auto_sentry/install/hik_camera:/workspaces/auto_sentry/install/fake_vel_transform:/workspaces/auto_sentry/install/costmap_converter:/workspaces/auto_sentry/install/costmap_converter_msgs:/workspaces/auto_sentry/install/btcpp_ros2_samples:/workspaces/auto_sentry/install/btcpp_ros2_interfaces:/workspaces/auto_sentry/install/behaviortree_ros2:/workspaces/auto_sentry/install/behaviortree_cpp:/workspaces/auto_sentry/install/armor_tracker:/workspaces/auto_sentry/install/armor_detector:/workspaces/auto_sentry/install/auto_aim_interfaces:/opt/ros/humble LD_LIBRARY_PATH=/workspaces/auto_sentry/install/io_context/lib:/workspaces/auto_sentry/install/udp_msgs/lib:/workspaces/auto_sentry/install/udp_driver/lib:/workspaces/auto_sentry/install/standard_robot_pp_ros2/lib:/workspaces/auto_sentry/install/rm_serial_driver/lib:/workspaces/auto_sentry/install/serial_driver/lib:/workspaces/auto_sentry/install/teb_local_planner/lib:/workspaces/auto_sentry/install/teb_msgs/lib:/workspaces/auto_sentry/install/ros2_livox_simulation/lib:/workspaces/auto_sentry/install/rm_rune_detector/lib:/workspaces/auto_sentry/install/rm_behavior_tree/lib:/workspaces/auto_sentry/install/rm_decision_interfaces/lib:/workspaces/auto_sentry/install/pointcloud_to_laserscan/lib:/workspaces/auto_sentry/install/pb_rm_interfaces/lib:/workspaces/auto_sentry/install/icp_registration/lib:/workspaces/auto_sentry/install/fast_lio/lib:/workspaces/auto_sentry/install/livox_ros_driver2/lib:/workspaces/auto_sentry/install/linefit_ground_segmentation/lib:/workspaces/auto_sentry/install/imu_complementary_filter/lib:/workspaces/auto_sentry/install/hik_camera/lib:/workspaces/auto_sentry/install/fake_vel_transform/lib:/workspaces/auto_sentry/install/costmap_converter/lib:/workspaces/auto_sentry/install/costmap_converter_msgs/lib:/workspaces/auto_sentry/install/btcpp_ros2_interfaces/lib:/workspaces/auto_sentry/install/behaviortree_cpp/lib:/workspaces/auto_sentry/install/armor_tracker/lib:/workspaces/auto_sentry/install/armor_detector/lib:/workspaces/auto_sentry/install/auto_aim_interfaces/lib:/usr/lib/x86_64-linux-gnu/gazebo-11/plugins:/opt/ros/humble/opt/rviz_ogre_vendor/lib:/opt/ros/humble/lib/x86_64-linux-gnu:/opt/ros/humble/opt/openvdb_vendor/lib:/opt/ros/humble/lib /usr/bin/cmake /workspaces/auto_sentry/src/transport_drivers/serial_driver -DAMENT_CMAKE_SYMLINK_INSTALL=1 -DCMAKE_INSTALL_PREFIX=/workspaces/auto_sentry/install/serial_driver
[0.102s] -- The C compiler identification is GNU 11.4.0
[0.200s] -- The CXX compiler identification is GNU 11.4.0
[0.213s] -- Detecting C compiler ABI info
[0.321s] -- Detecting C compiler ABI info - done
[0.331s] -- Check for working C compiler: /usr/bin/cc - skipped
[0.331s] -- Detecting C compile features
[0.331s] -- Detecting C compile features - done
[0.335s] -- Detecting CXX compiler ABI info
[0.444s] -- Detecting CXX compiler ABI info - done
[0.457s] -- Check for working CXX compiler: /usr/bin/c++ - skipped
[0.458s] -- Detecting CXX compile features
[0.458s] -- Detecting CXX compile features - done
[0.466s] -- Found ament_cmake_auto: 1.3.9 (/opt/ros/humble/share/ament_cmake_auto/cmake)
[0.690s] -- Found Python3: /usr/bin/python3 (found version "3.10.12") found components: Interpreter 
[0.772s] -- Override CMake install command with custom implementation using symlinks instead of copying resources
[1.034s] -- Found rosidl_generator_c: 3.1.5 (/opt/ros/humble/share/rosidl_generator_c/cmake)
[1.043s] -- Found rosidl_adapter: 3.1.5 (/opt/ros/humble/share/rosidl_adapter/cmake)
[1.056s] -- Found rosidl_generator_cpp: 3.1.5 (/opt/ros/humble/share/rosidl_generator_cpp/cmake)
[1.077s] -- Using all available rosidl_typesupport_c: rosidl_typesupport_fastrtps_c;rosidl_typesupport_introspection_c
[1.106s] -- Using all available rosidl_typesupport_cpp: rosidl_typesupport_fastrtps_cpp;rosidl_typesupport_introspection_cpp
[1.207s] -- Found rmw_implementation_cmake: 6.1.2 (/opt/ros/humble/share/rmw_implementation_cmake/cmake)
[1.213s] -- Found rmw_fastrtps_cpp: 6.2.6 (/opt/ros/humble/share/rmw_fastrtps_cpp/cmake)
[1.377s] -- Found OpenSSL: /usr/lib/x86_64-linux-gnu/libcrypto.so (found version "3.0.2")  
[1.436s] -- Found FastRTPS: /opt/ros/humble/include  
[1.545s] -- Using RMW implementation 'rmw_fastrtps_cpp' as default
[1.572s] -- Looking for pthread.h
[1.673s] -- Looking for pthread.h - found
[1.674s] -- Performing Test CMAKE_HAVE_LIBC_PTHREAD
[1.786s] -- Performing Test CMAKE_HAVE_LIBC_PTHREAD - Success
[1.791s] -- Found Threads: TRUE  
[2.456s] -- Found ASIO: /usr/include  
[2.588s] -- Found ament_lint_auto: 0.12.11 (/opt/ros/humble/share/ament_lint_auto/cmake)
[2.660s] -- Found gtest sources under '/opt/ros/humble/src/gtest_vendor': C++ tests using 'Google Test' will be built
[2.696s] -- Added test 'copyright' to check source files copyright and LICENSE
[2.699s] -- Added test 'cppcheck' to perform static code analysis on C / C++ code
[2.700s] -- Configured cppcheck include dirs: /workspaces/auto_sentry/src/transport_drivers/serial_driver/include
[2.700s] -- Configured cppcheck exclude dirs and/or files: 
[2.703s] -- Added test 'cpplint' to check C / C++ code against the Google style
[2.703s] -- Configured cpplint exclude dirs and/or files: 
[2.705s] -- Added test 'flake8' to check Python code syntax and style conventions
[2.707s] -- Added test 'lint_cmake' to check CMake code style
[2.708s] -- Added test 'pep257' to check Python code against some of the docstring style conventions in PEP 257
[2.711s] -- Added test 'uncrustify' to check C / C++ code style
[2.711s] -- Configured uncrustify additional arguments: 
[2.713s] -- Added test 'xmllint' to check XML markup files
[2.721s] -- Configuring done
[2.830s] -- Generating done
[2.834s] -- Build files have been written to: /workspaces/auto_sentry/build/serial_driver
[2.856s] Invoked command in '/workspaces/auto_sentry/build/serial_driver' returned '0': CMAKE_PREFIX_PATH=/workspaces/auto_sentry/install/io_context:/workspaces/auto_sentry/install/udp_msgs:/workspaces/auto_sentry/install/asio_cmake_module:/workspaces/auto_sentry/install/udp_driver:/workspaces/auto_sentry/install/standard_robot_pp_ros2:/workspaces/auto_sentry/install/rm_vision_bringup:/workspaces/auto_sentry/install/rm_serial_driver:/workspaces/auto_sentry/install/serial_driver:/workspaces/auto_sentry/install/teb_local_planner:/workspaces/auto_sentry/install/teb_msgs:/workspaces/auto_sentry/install/ros2_livox_simulation:/workspaces/auto_sentry/install/rm_rune_detector:/workspaces/auto_sentry/install/rm_navigation:/workspaces/auto_sentry/install/rm_nav_bringup:/workspaces/auto_sentry/install/rm_gimbal_description:/workspaces/auto_sentry/install/rm_behavior_tree:/workspaces/auto_sentry/install/rm_decision_interfaces:/workspaces/auto_sentry/install/rm_auto_aim:/workspaces/auto_sentry/install/pointcloud_to_laserscan:/workspaces/auto_sentry/install/point_lio:/workspaces/auto_sentry/install/pb_rm_simulation:/workspaces/auto_sentry/install/game_status_tester:/workspaces/auto_sentry/install/pb_rm_interfaces:/workspaces/auto_sentry/install/icp_registration:/workspaces/auto_sentry/install/fast_lio:/workspaces/auto_sentry/install/livox_ros_driver2:/workspaces/auto_sentry/install/linefit_ground_segmentation_ros:/workspaces/auto_sentry/install/linefit_ground_segmentation:/workspaces/auto_sentry/install/imu_complementary_filter:/workspaces/auto_sentry/install/hik_camera:/workspaces/auto_sentry/install/fake_vel_transform:/workspaces/auto_sentry/install/costmap_converter:/workspaces/auto_sentry/install/costmap_converter_msgs:/workspaces/auto_sentry/install/btcpp_ros2_samples:/workspaces/auto_sentry/install/btcpp_ros2_interfaces:/workspaces/auto_sentry/install/behaviortree_ros2:/workspaces/auto_sentry/install/behaviortree_cpp:/workspaces/auto_sentry/install/armor_tracker:/workspaces/auto_sentry/install/armor_detector:/workspaces/auto_sentry/install/auto_aim_interfaces:/opt/ros/humble LD_LIBRARY_PATH=/workspaces/auto_sentry/install/io_context/lib:/workspaces/auto_sentry/install/udp_msgs/lib:/workspaces/auto_sentry/install/udp_driver/lib:/workspaces/auto_sentry/install/standard_robot_pp_ros2/lib:/workspaces/auto_sentry/install/rm_serial_driver/lib:/workspaces/auto_sentry/install/serial_driver/lib:/workspaces/auto_sentry/install/teb_local_planner/lib:/workspaces/auto_sentry/install/teb_msgs/lib:/workspaces/auto_sentry/install/ros2_livox_simulation/lib:/workspaces/auto_sentry/install/rm_rune_detector/lib:/workspaces/auto_sentry/install/rm_behavior_tree/lib:/workspaces/auto_sentry/install/rm_decision_interfaces/lib:/workspaces/auto_sentry/install/pointcloud_to_laserscan/lib:/workspaces/auto_sentry/install/pb_rm_interfaces/lib:/workspaces/auto_sentry/install/icp_registration/lib:/workspaces/auto_sentry/install/fast_lio/lib:/workspaces/auto_sentry/install/livox_ros_driver2/lib:/workspaces/auto_sentry/install/linefit_ground_segmentation/lib:/workspaces/auto_sentry/install/imu_complementary_filter/lib:/workspaces/auto_sentry/install/hik_camera/lib:/workspaces/auto_sentry/install/fake_vel_transform/lib:/workspaces/auto_sentry/install/costmap_converter/lib:/workspaces/auto_sentry/install/costmap_converter_msgs/lib:/workspaces/auto_sentry/install/btcpp_ros2_interfaces/lib:/workspaces/auto_sentry/install/behaviortree_cpp/lib:/workspaces/auto_sentry/install/armor_tracker/lib:/workspaces/auto_sentry/install/armor_detector/lib:/workspaces/auto_sentry/install/auto_aim_interfaces/lib:/usr/lib/x86_64-linux-gnu/gazebo-11/plugins:/opt/ros/humble/opt/rviz_ogre_vendor/lib:/opt/ros/humble/lib/x86_64-linux-gnu:/opt/ros/humble/opt/openvdb_vendor/lib:/opt/ros/humble/lib /usr/bin/cmake /workspaces/auto_sentry/src/transport_drivers/serial_driver -DAMENT_CMAKE_SYMLINK_INSTALL=1 -DCMAKE_INSTALL_PREFIX=/workspaces/auto_sentry/install/serial_driver
[2.859s] Invoking command in '/workspaces/auto_sentry/build/serial_driver': CMAKE_PREFIX_PATH=/workspaces/auto_sentry/install/io_context:/workspaces/auto_sentry/install/udp_msgs:/workspaces/auto_sentry/install/asio_cmake_module:/workspaces/auto_sentry/install/udp_driver:/workspaces/auto_sentry/install/standard_robot_pp_ros2:/workspaces/auto_sentry/install/rm_vision_bringup:/workspaces/auto_sentry/install/rm_serial_driver:/workspaces/auto_sentry/install/serial_driver:/workspaces/auto_sentry/install/teb_local_planner:/workspaces/auto_sentry/install/teb_msgs:/workspaces/auto_sentry/install/ros2_livox_simulation:/workspaces/auto_sentry/install/rm_rune_detector:/workspaces/auto_sentry/install/rm_navigation:/workspaces/auto_sentry/install/rm_nav_bringup:/workspaces/auto_sentry/install/rm_gimbal_description:/workspaces/auto_sentry/install/rm_behavior_tree:/workspaces/auto_sentry/install/rm_decision_interfaces:/workspaces/auto_sentry/install/rm_auto_aim:/workspaces/auto_sentry/install/pointcloud_to_laserscan:/workspaces/auto_sentry/install/point_lio:/workspaces/auto_sentry/install/pb_rm_simulation:/workspaces/auto_sentry/install/game_status_tester:/workspaces/auto_sentry/install/pb_rm_interfaces:/workspaces/auto_sentry/install/icp_registration:/workspaces/auto_sentry/install/fast_lio:/workspaces/auto_sentry/install/livox_ros_driver2:/workspaces/auto_sentry/install/linefit_ground_segmentation_ros:/workspaces/auto_sentry/install/linefit_ground_segmentation:/workspaces/auto_sentry/install/imu_complementary_filter:/workspaces/auto_sentry/install/hik_camera:/workspaces/auto_sentry/install/fake_vel_transform:/workspaces/auto_sentry/install/costmap_converter:/workspaces/auto_sentry/install/costmap_converter_msgs:/workspaces/auto_sentry/install/btcpp_ros2_samples:/workspaces/auto_sentry/install/btcpp_ros2_interfaces:/workspaces/auto_sentry/install/behaviortree_ros2:/workspaces/auto_sentry/install/behaviortree_cpp:/workspaces/auto_sentry/install/armor_tracker:/workspaces/auto_sentry/install/armor_detector:/workspaces/auto_sentry/install/auto_aim_interfaces:/opt/ros/humble LD_LIBRARY_PATH=/workspaces/auto_sentry/install/io_context/lib:/workspaces/auto_sentry/install/udp_msgs/lib:/workspaces/auto_sentry/install/udp_driver/lib:/workspaces/auto_sentry/install/standard_robot_pp_ros2/lib:/workspaces/auto_sentry/install/rm_serial_driver/lib:/workspaces/auto_sentry/install/serial_driver/lib:/workspaces/auto_sentry/install/teb_local_planner/lib:/workspaces/auto_sentry/install/teb_msgs/lib:/workspaces/auto_sentry/install/ros2_livox_simulation/lib:/workspaces/auto_sentry/install/rm_rune_detector/lib:/workspaces/auto_sentry/install/rm_behavior_tree/lib:/workspaces/auto_sentry/install/rm_decision_interfaces/lib:/workspaces/auto_sentry/install/pointcloud_to_laserscan/lib:/workspaces/auto_sentry/install/pb_rm_interfaces/lib:/workspaces/auto_sentry/install/icp_registration/lib:/workspaces/auto_sentry/install/fast_lio/lib:/workspaces/auto_sentry/install/livox_ros_driver2/lib:/workspaces/auto_sentry/install/linefit_ground_segmentation/lib:/workspaces/auto_sentry/install/imu_complementary_filter/lib:/workspaces/auto_sentry/install/hik_camera/lib:/workspaces/auto_sentry/install/fake_vel_transform/lib:/workspaces/auto_sentry/install/costmap_converter/lib:/workspaces/auto_sentry/install/costmap_converter_msgs/lib:/workspaces/auto_sentry/install/btcpp_ros2_interfaces/lib:/workspaces/auto_sentry/install/behaviortree_cpp/lib:/workspaces/auto_sentry/install/armor_tracker/lib:/workspaces/auto_sentry/install/armor_detector/lib:/workspaces/auto_sentry/install/auto_aim_interfaces/lib:/usr/lib/x86_64-linux-gnu/gazebo-11/plugins:/opt/ros/humble/opt/rviz_ogre_vendor/lib:/opt/ros/humble/lib/x86_64-linux-gnu:/opt/ros/humble/opt/openvdb_vendor/lib:/opt/ros/humble/lib /usr/bin/cmake --build /workspaces/auto_sentry/build/serial_driver -- -j28 -l28
[2.937s] [  6%] [32mBuilding CXX object CMakeFiles/serial_driver.dir/src/serial_port.cpp.o[0m
[6.348s] [ 13%] [32mBuilding CXX object CMakeFiles/serial_driver.dir/src/serial_driver.cpp.o[0m
[8.671s] [ 20%] [32m[1mLinking CXX shared library libserial_driver.so[0m
[8.865s] [ 20%] Built target serial_driver
[8.900s] [ 26%] [32mBuilding CXX object gtest/CMakeFiles/gtest.dir/src/gtest-all.cc.o[0m
[12.213s] [ 33%] [32m[1mLinking CXX static library libgtest.a[0m
[12.336s] [ 33%] Built target gtest
[12.375s] [ 40%] [32mBuilding CXX object CMakeFiles/serial_driver_nodes.dir/src/serial_bridge_node.cpp.o[0m
[23.596s] [ 46%] [32m[1mLinking CXX shared library libserial_driver_nodes.so[0m
[24.403s] [ 46%] Built target serial_driver_nodes
[24.438s] [ 53%] [32mBuilding CXX object gtest/CMakeFiles/gtest_main.dir/src/gtest_main.cc.o[0m
[24.443s] [ 60%] [32mBuilding CXX object CMakeFiles/serial_bridge.dir/rclcpp_components/node_main_serial_bridge.cpp.o[0m
[25.482s] [ 66%] [32m[1mLinking CXX static library libgtest_main.a[0m
[25.573s] [ 66%] Built target gtest_main
[25.608s] [ 73%] [32mBuilding CXX object CMakeFiles/test_serial_driver.dir/test/test_serial_driver.cpp.o[0m
[25.611s] [ 80%] [32mBuilding CXX object CMakeFiles/test_serial_port.dir/test/test_serial_port.cpp.o[0m
[28.403s] [ 86%] [32m[1mLinking CXX executable test_serial_driver[0m
[28.430s] [ 93%] [32m[1mLinking CXX executable test_serial_port[0m
[28.722s] [ 93%] Built target test_serial_port
[28.807s] [ 93%] Built target test_serial_driver
[29.277s] [100%] [32m[1mLinking CXX executable serial_bridge[0m
[29.432s] [100%] Built target serial_bridge
[29.451s] Invoked command in '/workspaces/auto_sentry/build/serial_driver' returned '0': CMAKE_PREFIX_PATH=/workspaces/auto_sentry/install/io_context:/workspaces/auto_sentry/install/udp_msgs:/workspaces/auto_sentry/install/asio_cmake_module:/workspaces/auto_sentry/install/udp_driver:/workspaces/auto_sentry/install/standard_robot_pp_ros2:/workspaces/auto_sentry/install/rm_vision_bringup:/workspaces/auto_sentry/install/rm_serial_driver:/workspaces/auto_sentry/install/serial_driver:/workspaces/auto_sentry/install/teb_local_planner:/workspaces/auto_sentry/install/teb_msgs:/workspaces/auto_sentry/install/ros2_livox_simulation:/workspaces/auto_sentry/install/rm_rune_detector:/workspaces/auto_sentry/install/rm_navigation:/workspaces/auto_sentry/install/rm_nav_bringup:/workspaces/auto_sentry/install/rm_gimbal_description:/workspaces/auto_sentry/install/rm_behavior_tree:/workspaces/auto_sentry/install/rm_decision_interfaces:/workspaces/auto_sentry/install/rm_auto_aim:/workspaces/auto_sentry/install/pointcloud_to_laserscan:/workspaces/auto_sentry/install/point_lio:/workspaces/auto_sentry/install/pb_rm_simulation:/workspaces/auto_sentry/install/game_status_tester:/workspaces/auto_sentry/install/pb_rm_interfaces:/workspaces/auto_sentry/install/icp_registration:/workspaces/auto_sentry/install/fast_lio:/workspaces/auto_sentry/install/livox_ros_driver2:/workspaces/auto_sentry/install/linefit_ground_segmentation_ros:/workspaces/auto_sentry/install/linefit_ground_segmentation:/workspaces/auto_sentry/install/imu_complementary_filter:/workspaces/auto_sentry/install/hik_camera:/workspaces/auto_sentry/install/fake_vel_transform:/workspaces/auto_sentry/install/costmap_converter:/workspaces/auto_sentry/install/costmap_converter_msgs:/workspaces/auto_sentry/install/btcpp_ros2_samples:/workspaces/auto_sentry/install/btcpp_ros2_interfaces:/workspaces/auto_sentry/install/behaviortree_ros2:/workspaces/auto_sentry/install/behaviortree_cpp:/workspaces/auto_sentry/install/armor_tracker:/workspaces/auto_sentry/install/armor_detector:/workspaces/auto_sentry/install/auto_aim_interfaces:/opt/ros/humble LD_LIBRARY_PATH=/workspaces/auto_sentry/install/io_context/lib:/workspaces/auto_sentry/install/udp_msgs/lib:/workspaces/auto_sentry/install/udp_driver/lib:/workspaces/auto_sentry/install/standard_robot_pp_ros2/lib:/workspaces/auto_sentry/install/rm_serial_driver/lib:/workspaces/auto_sentry/install/serial_driver/lib:/workspaces/auto_sentry/install/teb_local_planner/lib:/workspaces/auto_sentry/install/teb_msgs/lib:/workspaces/auto_sentry/install/ros2_livox_simulation/lib:/workspaces/auto_sentry/install/rm_rune_detector/lib:/workspaces/auto_sentry/install/rm_behavior_tree/lib:/workspaces/auto_sentry/install/rm_decision_interfaces/lib:/workspaces/auto_sentry/install/pointcloud_to_laserscan/lib:/workspaces/auto_sentry/install/pb_rm_interfaces/lib:/workspaces/auto_sentry/install/icp_registration/lib:/workspaces/auto_sentry/install/fast_lio/lib:/workspaces/auto_sentry/install/livox_ros_driver2/lib:/workspaces/auto_sentry/install/linefit_ground_segmentation/lib:/workspaces/auto_sentry/install/imu_complementary_filter/lib:/workspaces/auto_sentry/install/hik_camera/lib:/workspaces/auto_sentry/install/fake_vel_transform/lib:/workspaces/auto_sentry/install/costmap_converter/lib:/workspaces/auto_sentry/install/costmap_converter_msgs/lib:/workspaces/auto_sentry/install/btcpp_ros2_interfaces/lib:/workspaces/auto_sentry/install/behaviortree_cpp/lib:/workspaces/auto_sentry/install/armor_tracker/lib:/workspaces/auto_sentry/install/armor_detector/lib:/workspaces/auto_sentry/install/auto_aim_interfaces/lib:/usr/lib/x86_64-linux-gnu/gazebo-11/plugins:/opt/ros/humble/opt/rviz_ogre_vendor/lib:/opt/ros/humble/lib/x86_64-linux-gnu:/opt/ros/humble/opt/openvdb_vendor/lib:/opt/ros/humble/lib /usr/bin/cmake --build /workspaces/auto_sentry/build/serial_driver -- -j28 -l28
[29.542s] Invoking command in '/workspaces/auto_sentry/build/serial_driver': CMAKE_PREFIX_PATH=/workspaces/auto_sentry/install/io_context:/workspaces/auto_sentry/install/udp_msgs:/workspaces/auto_sentry/install/asio_cmake_module:/workspaces/auto_sentry/install/udp_driver:/workspaces/auto_sentry/install/standard_robot_pp_ros2:/workspaces/auto_sentry/install/rm_vision_bringup:/workspaces/auto_sentry/install/rm_serial_driver:/workspaces/auto_sentry/install/serial_driver:/workspaces/auto_sentry/install/teb_local_planner:/workspaces/auto_sentry/install/teb_msgs:/workspaces/auto_sentry/install/ros2_livox_simulation:/workspaces/auto_sentry/install/rm_rune_detector:/workspaces/auto_sentry/install/rm_navigation:/workspaces/auto_sentry/install/rm_nav_bringup:/workspaces/auto_sentry/install/rm_gimbal_description:/workspaces/auto_sentry/install/rm_behavior_tree:/workspaces/auto_sentry/install/rm_decision_interfaces:/workspaces/auto_sentry/install/rm_auto_aim:/workspaces/auto_sentry/install/pointcloud_to_laserscan:/workspaces/auto_sentry/install/point_lio:/workspaces/auto_sentry/install/pb_rm_simulation:/workspaces/auto_sentry/install/game_status_tester:/workspaces/auto_sentry/install/pb_rm_interfaces:/workspaces/auto_sentry/install/icp_registration:/workspaces/auto_sentry/install/fast_lio:/workspaces/auto_sentry/install/livox_ros_driver2:/workspaces/auto_sentry/install/linefit_ground_segmentation_ros:/workspaces/auto_sentry/install/linefit_ground_segmentation:/workspaces/auto_sentry/install/imu_complementary_filter:/workspaces/auto_sentry/install/hik_camera:/workspaces/auto_sentry/install/fake_vel_transform:/workspaces/auto_sentry/install/costmap_converter:/workspaces/auto_sentry/install/costmap_converter_msgs:/workspaces/auto_sentry/install/btcpp_ros2_samples:/workspaces/auto_sentry/install/btcpp_ros2_interfaces:/workspaces/auto_sentry/install/behaviortree_ros2:/workspaces/auto_sentry/install/behaviortree_cpp:/workspaces/auto_sentry/install/armor_tracker:/workspaces/auto_sentry/install/armor_detector:/workspaces/auto_sentry/install/auto_aim_interfaces:/opt/ros/humble LD_LIBRARY_PATH=/workspaces/auto_sentry/install/io_context/lib:/workspaces/auto_sentry/install/udp_msgs/lib:/workspaces/auto_sentry/install/udp_driver/lib:/workspaces/auto_sentry/install/standard_robot_pp_ros2/lib:/workspaces/auto_sentry/install/rm_serial_driver/lib:/workspaces/auto_sentry/install/serial_driver/lib:/workspaces/auto_sentry/install/teb_local_planner/lib:/workspaces/auto_sentry/install/teb_msgs/lib:/workspaces/auto_sentry/install/ros2_livox_simulation/lib:/workspaces/auto_sentry/install/rm_rune_detector/lib:/workspaces/auto_sentry/install/rm_behavior_tree/lib:/workspaces/auto_sentry/install/rm_decision_interfaces/lib:/workspaces/auto_sentry/install/pointcloud_to_laserscan/lib:/workspaces/auto_sentry/install/pb_rm_interfaces/lib:/workspaces/auto_sentry/install/icp_registration/lib:/workspaces/auto_sentry/install/fast_lio/lib:/workspaces/auto_sentry/install/livox_ros_driver2/lib:/workspaces/auto_sentry/install/linefit_ground_segmentation/lib:/workspaces/auto_sentry/install/imu_complementary_filter/lib:/workspaces/auto_sentry/install/hik_camera/lib:/workspaces/auto_sentry/install/fake_vel_transform/lib:/workspaces/auto_sentry/install/costmap_converter/lib:/workspaces/auto_sentry/install/costmap_converter_msgs/lib:/workspaces/auto_sentry/install/btcpp_ros2_interfaces/lib:/workspaces/auto_sentry/install/behaviortree_cpp/lib:/workspaces/auto_sentry/install/armor_tracker/lib:/workspaces/auto_sentry/install/armor_detector/lib:/workspaces/auto_sentry/install/auto_aim_interfaces/lib:/usr/lib/x86_64-linux-gnu/gazebo-11/plugins:/opt/ros/humble/opt/rviz_ogre_vendor/lib:/opt/ros/humble/lib/x86_64-linux-gnu:/opt/ros/humble/opt/openvdb_vendor/lib:/opt/ros/humble/lib /usr/bin/cmake --install /workspaces/auto_sentry/build/serial_driver
[29.557s] -- Install configuration: ""
[29.557s] -- Execute custom install script
[29.557s] -- Symlinking: /workspaces/auto_sentry/install/serial_driver/lib/serial_driver/serial_bridge
[29.569s] -- Symlinking: /workspaces/auto_sentry/install/serial_driver/include/serial_driver/serial_bridge_node.hpp
[29.580s] -- Symlinking: /workspaces/auto_sentry/install/serial_driver/include/serial_driver/serial_driver.hpp
[29.592s] -- Symlinking: /workspaces/auto_sentry/install/serial_driver/include/serial_driver/serial_port.hpp
[29.603s] -- Symlinking: /workspaces/auto_sentry/install/serial_driver/include/serial_driver/visibility_control.hpp
[29.616s] -- Symlinking: /workspaces/auto_sentry/install/serial_driver/share/serial_driver/environment/library_path.sh
[29.628s] -- Symlinking: /workspaces/auto_sentry/install/serial_driver/share/serial_driver/environment/library_path.dsv
[29.640s] -- Symlinking: /workspaces/auto_sentry/install/serial_driver/lib/libserial_driver.so
[29.651s] -- Symlinking: /workspaces/auto_sentry/install/serial_driver/lib/libserial_driver_nodes.so
[29.662s] -- Symlinking: /workspaces/auto_sentry/install/serial_driver/share/serial_driver/launch/serial_driver_bridge_node.launch.py
[29.673s] -- Symlinking: /workspaces/auto_sentry/install/serial_driver/share/serial_driver/params/example.params.yaml
[29.684s] -- Symlinking: /workspaces/auto_sentry/install/serial_driver/share/ament_index/resource_index/package_run_dependencies/serial_driver
[29.697s] -- Symlinking: /workspaces/auto_sentry/install/serial_driver/share/ament_index/resource_index/parent_prefix_path/serial_driver
[29.716s] -- Symlinking: /workspaces/auto_sentry/install/serial_driver/share/serial_driver/environment/ament_prefix_path.sh
[29.734s] -- Symlinking: /workspaces/auto_sentry/install/serial_driver/share/serial_driver/environment/ament_prefix_path.dsv
[29.750s] -- Symlinking: /workspaces/auto_sentry/install/serial_driver/share/serial_driver/environment/path.sh
[29.763s] -- Symlinking: /workspaces/auto_sentry/install/serial_driver/share/serial_driver/environment/path.dsv
[29.780s] -- Symlinking: /workspaces/auto_sentry/install/serial_driver/share/serial_driver/local_setup.bash
[29.798s] -- Symlinking: /workspaces/auto_sentry/install/serial_driver/share/serial_driver/local_setup.sh
[29.814s] -- Symlinking: /workspaces/auto_sentry/install/serial_driver/share/serial_driver/local_setup.zsh
[29.831s] -- Symlinking: /workspaces/auto_sentry/install/serial_driver/share/serial_driver/local_setup.dsv
[29.842s] -- Symlinking: /workspaces/auto_sentry/install/serial_driver/share/serial_driver/package.dsv
[29.853s] -- Symlinking: /workspaces/auto_sentry/install/serial_driver/share/ament_index/resource_index/packages/serial_driver
[29.864s] -- Symlinking: /workspaces/auto_sentry/install/serial_driver/share/ament_index/resource_index/rclcpp_components/serial_driver
[29.880s] -- Symlinking: /workspaces/auto_sentry/install/serial_driver/share/serial_driver/cmake/ament_cmake_export_dependencies-extras.cmake
[29.896s] -- Symlinking: /workspaces/auto_sentry/install/serial_driver/share/serial_driver/cmake/ament_cmake_export_include_directories-extras.cmake
[29.908s] -- Symlinking: /workspaces/auto_sentry/install/serial_driver/share/serial_driver/cmake/ament_cmake_export_libraries-extras.cmake
[29.920s] -- Symlinking: /workspaces/auto_sentry/install/serial_driver/share/serial_driver/cmake/serial_driverConfig.cmake
[29.935s] -- Symlinking: /workspaces/auto_sentry/install/serial_driver/share/serial_driver/cmake/serial_driverConfig-version.cmake
[29.950s] -- Symlinking: /workspaces/auto_sentry/install/serial_driver/share/serial_driver/package.xml
[29.969s] Invoked command in '/workspaces/auto_sentry/build/serial_driver' returned '0': CMAKE_PREFIX_PATH=/workspaces/auto_sentry/install/io_context:/workspaces/auto_sentry/install/udp_msgs:/workspaces/auto_sentry/install/asio_cmake_module:/workspaces/auto_sentry/install/udp_driver:/workspaces/auto_sentry/install/standard_robot_pp_ros2:/workspaces/auto_sentry/install/rm_vision_bringup:/workspaces/auto_sentry/install/rm_serial_driver:/workspaces/auto_sentry/install/serial_driver:/workspaces/auto_sentry/install/teb_local_planner:/workspaces/auto_sentry/install/teb_msgs:/workspaces/auto_sentry/install/ros2_livox_simulation:/workspaces/auto_sentry/install/rm_rune_detector:/workspaces/auto_sentry/install/rm_navigation:/workspaces/auto_sentry/install/rm_nav_bringup:/workspaces/auto_sentry/install/rm_gimbal_description:/workspaces/auto_sentry/install/rm_behavior_tree:/workspaces/auto_sentry/install/rm_decision_interfaces:/workspaces/auto_sentry/install/rm_auto_aim:/workspaces/auto_sentry/install/pointcloud_to_laserscan:/workspaces/auto_sentry/install/point_lio:/workspaces/auto_sentry/install/pb_rm_simulation:/workspaces/auto_sentry/install/game_status_tester:/workspaces/auto_sentry/install/pb_rm_interfaces:/workspaces/auto_sentry/install/icp_registration:/workspaces/auto_sentry/install/fast_lio:/workspaces/auto_sentry/install/livox_ros_driver2:/workspaces/auto_sentry/install/linefit_ground_segmentation_ros:/workspaces/auto_sentry/install/linefit_ground_segmentation:/workspaces/auto_sentry/install/imu_complementary_filter:/workspaces/auto_sentry/install/hik_camera:/workspaces/auto_sentry/install/fake_vel_transform:/workspaces/auto_sentry/install/costmap_converter:/workspaces/auto_sentry/install/costmap_converter_msgs:/workspaces/auto_sentry/install/btcpp_ros2_samples:/workspaces/auto_sentry/install/btcpp_ros2_interfaces:/workspaces/auto_sentry/install/behaviortree_ros2:/workspaces/auto_sentry/install/behaviortree_cpp:/workspaces/auto_sentry/install/armor_tracker:/workspaces/auto_sentry/install/armor_detector:/workspaces/auto_sentry/install/auto_aim_interfaces:/opt/ros/humble LD_LIBRARY_PATH=/workspaces/auto_sentry/install/io_context/lib:/workspaces/auto_sentry/install/udp_msgs/lib:/workspaces/auto_sentry/install/udp_driver/lib:/workspaces/auto_sentry/install/standard_robot_pp_ros2/lib:/workspaces/auto_sentry/install/rm_serial_driver/lib:/workspaces/auto_sentry/install/serial_driver/lib:/workspaces/auto_sentry/install/teb_local_planner/lib:/workspaces/auto_sentry/install/teb_msgs/lib:/workspaces/auto_sentry/install/ros2_livox_simulation/lib:/workspaces/auto_sentry/install/rm_rune_detector/lib:/workspaces/auto_sentry/install/rm_behavior_tree/lib:/workspaces/auto_sentry/install/rm_decision_interfaces/lib:/workspaces/auto_sentry/install/pointcloud_to_laserscan/lib:/workspaces/auto_sentry/install/pb_rm_interfaces/lib:/workspaces/auto_sentry/install/icp_registration/lib:/workspaces/auto_sentry/install/fast_lio/lib:/workspaces/auto_sentry/install/livox_ros_driver2/lib:/workspaces/auto_sentry/install/linefit_ground_segmentation/lib:/workspaces/auto_sentry/install/imu_complementary_filter/lib:/workspaces/auto_sentry/install/hik_camera/lib:/workspaces/auto_sentry/install/fake_vel_transform/lib:/workspaces/auto_sentry/install/costmap_converter/lib:/workspaces/auto_sentry/install/costmap_converter_msgs/lib:/workspaces/auto_sentry/install/btcpp_ros2_interfaces/lib:/workspaces/auto_sentry/install/behaviortree_cpp/lib:/workspaces/auto_sentry/install/armor_tracker/lib:/workspaces/auto_sentry/install/armor_detector/lib:/workspaces/auto_sentry/install/auto_aim_interfaces/lib:/usr/lib/x86_64-linux-gnu/gazebo-11/plugins:/opt/ros/humble/opt/rviz_ogre_vendor/lib:/opt/ros/humble/lib/x86_64-linux-gnu:/opt/ros/humble/opt/openvdb_vendor/lib:/opt/ros/humble/lib /usr/bin/cmake --install /workspaces/auto_sentry/build/serial_driver
